#
# There is insufficient memory for the Java Runtime Environment to continue.
# Native memory allocation (mmap) failed to map 67108864 bytes. Error detail: G1 virtual space
# Possible reasons:
#   The system is out of physical RAM or swap space
#   This process is running with CompressedOops enabled, and the Java Heap may be blocking the growth of the native heap
# Possible solutions:
#   Reduce memory load on the system
#   Increase physical memory or swap space
#   Check if swap backing store is full
#   Decrease Java heap size (-Xmx/-Xms)
#   Decrease number of Java threads
#   Decrease Java thread stack sizes (-Xss)
#   Set larger code cache with -XX:ReservedCodeCacheSize=
#   JVM is running with Zero Based Compressed Oops mode in which the Java heap is
#     placed in the first 32GB address space. The Java Heap base address is the
#     maximum limit for the native heap growth. Please use -XX:HeapBaseMinAddress
#     to set the Java Heap base and to place the Java Heap above 32GB virtual address.
# This output file may be truncated or incomplete.
#
#  Out of Memory Error (os_windows.cpp:3554), pid=5268, tid=8232
#
# JRE version: OpenJDK Runtime Environment Temurin-25.0.2+10 (25.0.2+10) (build 25.0.2+10-LTS)
# Java VM: OpenJDK 64-Bit Server VM Temurin-25.0.2+10 (25.0.2+10-LTS, mixed mode, sharing, tiered, compressed oops, compressed class ptrs, g1 gc, windows-amd64)
# No core dump will be written. Minidumps are not enabled by default on client versions of Windows
#

---------------  S U M M A R Y ------------

Command Line: C:\Users\kille\Documents\KiCad\9.0\3rdparty\plugins\app_freerouting_kicad-plugin\jar/freerouting-2.1.0.jar -de G:\Mi unidad\Universidad\TFG\PCB\Proyecto\PCB_BatteryCharger\freerouting.dsn -do G:\Mi unidad\Universidad\TFG\PCB\Proyecto\PCB_BatteryCharger\freerouting.ses -host KiCad

Host: Intel(R) Core(TM) i5-7400 CPU @ 3.00GHz, 4 cores, 15G,  Windows 10 , 64 bit Build 19041 (10.0.19041.5915)
Time: Fri Mar 20 05:46:32 2026 Hora estándar romance elapsed time: 8.740347 seconds (0d 0h 0m 8s)

---------------  T H R E A D  ---------------

Current thread (0x00000228218f4a30):  VMThread "VM Thread"          [id=8232, stack(0x000000a85fa00000,0x000000a85fb00000) (1024K)]

Stack: [0x000000a85fa00000,0x000000a85fb00000]
Native frames: (J=compiled Java code, j=interpreted, Vv=VM code, C=native code)
V  [jvm.dll+0x7a8bc9]  (no source info available)
V  [jvm.dll+0x77310d]  (no source info available)
V  [jvm.dll+0x9f55f3]  (no source info available)
V  [jvm.dll+0x9f7be1]  (no source info available)
V  [jvm.dll+0x9f82f3]  (no source info available)
V  [jvm.dll+0x2fce26]  (no source info available)
V  [jvm.dll+0x7a4df5]  (no source info available)
V  [jvm.dll+0x798257]  (no source info available)
V  [jvm.dll+0x3f5248]  (no source info available)
V  [jvm.dll+0x3fd1b6]  (no source info available)
V  [jvm.dll+0x3e991e]  (no source info available)
V  [jvm.dll+0x3e9bd8]  (no source info available)
V  [jvm.dll+0x3c0c05]  (no source info available)
V  [jvm.dll+0x3c0c9a]  (no source info available)
V  [jvm.dll+0x40df96]  (no source info available)
V  [jvm.dll+0x40c8a8]  (no source info available)
V  [jvm.dll+0x3c0337]  (no source info available)
V  [jvm.dll+0x40bc8f]  (no source info available)
V  [jvm.dll+0x9fe542]  (no source info available)
V  [jvm.dll+0x9ff861]  (no source info available)
V  [jvm.dll+0x9ffdd8]  (no source info available)
V  [jvm.dll+0xa00073]  (no source info available)
V  [jvm.dll+0x996b0d]  (no source info available)
V  [jvm.dll+0x7a71a5]  (no source info available)
C  [ucrtbase.dll+0x21bb2]  (no source info available)
C  [KERNEL32.DLL+0x17374]  (no source info available)
C  [ntdll.dll+0x4cc91]  (no source info available)

VM_Operation (0x000000a8611fd130): G1CollectForAllocation, mode: safepoint, requested by thread 0x0000022826db5a60


---------------  P R O C E S S  ---------------

Threads class SMR info:
_java_thread_list=0x0000022821b07990, length=20, elements={
0x00000228007b2360, 0x0000022821907400, 0x000002282190a740, 0x000002282190e530,
0x0000022821910100, 0x0000022821910cc0, 0x0000022821911880, 0x000002282191dc40,
0x000002282193e860, 0x00000228219e2b50, 0x00000228219e3d00, 0x00000228265fe550,
0x00000228265ff6e0, 0x0000022826db23b0, 0x0000022826db5290, 0x0000022826db0c40,
0x0000022826db5a60, 0x0000022826db6230, 0x0000022826db2b80, 0x00000228275208e0
}

Java Threads: ( => current thread )
  0x00000228007b2360 JavaThread "main"                              [_thread_blocked, id=17068, stack(0x000000a85f300000,0x000000a85f400000) (1024K)]
  0x0000022821907400 JavaThread "Reference Handler"          daemon [_thread_blocked, id=7916, stack(0x000000a85fb00000,0x000000a85fc00000) (1024K)]
  0x000002282190a740 JavaThread "Finalizer"                  daemon [_thread_blocked, id=16600, stack(0x000000a85fc00000,0x000000a85fd00000) (1024K)]
  0x000002282190e530 JavaThread "Signal Dispatcher"          daemon [_thread_blocked, id=6812, stack(0x000000a85fd00000,0x000000a85fe00000) (1024K)]
  0x0000022821910100 JavaThread "Attach Listener"            daemon [_thread_blocked, id=3564, stack(0x000000a85fe00000,0x000000a85ff00000) (1024K)]
  0x0000022821910cc0 JavaThread "Service Thread"             daemon [_thread_blocked, id=2036, stack(0x000000a85ff00000,0x000000a860000000) (1024K)]
  0x0000022821911880 JavaThread "Monitor Deflation Thread"   daemon [_thread_blocked, id=2944, stack(0x000000a860000000,0x000000a860100000) (1024K)]
  0x000002282191dc40 JavaThread "C2 CompilerThread0"         daemon [_thread_blocked, id=17332, stack(0x000000a860100000,0x000000a860200000) (1024K)]
  0x000002282193e860 JavaThread "C1 CompilerThread0"         daemon [_thread_blocked, id=1476, stack(0x000000a860200000,0x000000a860300000) (1024K)]
  0x00000228219e2b50 JavaThread "Notification Thread"        daemon [_thread_blocked, id=13844, stack(0x000000a860300000,0x000000a860400000) (1024K)]
  0x00000228219e3d00 JavaThread "Common-Cleaner"             daemon [_thread_blocked, id=18064, stack(0x000000a860400000,0x000000a860500000) (1024K)]
  0x00000228265fe550 JavaThread "Java2D Disposer"            daemon [_thread_blocked, id=3520, stack(0x000000a860600000,0x000000a860700000) (1024K)]
  0x00000228265ff6e0 JavaThread "AWT-Windows"                daemon [_thread_in_native, id=1608, stack(0x000000a860800000,0x000000a860900000) (1024K)]
  0x0000022826db23b0 JavaThread "ForkJoinPool.commonPool-worker-1" daemon [_thread_blocked, id=11820, stack(0x000000a860d00000,0x000000a860e00000) (1024K)]
  0x0000022826db5290 JavaThread "Thread-4"                          [_thread_blocked, id=17940, stack(0x000000a860e00000,0x000000a860f00000) (1024K)]
  0x0000022826db0c40 JavaThread "AWT-Shutdown"                      [_thread_blocked, id=7756, stack(0x000000a861000000,0x000000a861100000) (1024K)]
  0x0000022826db5a60 JavaThread "AWT-EventQueue-0"                  [_thread_blocked, id=14480, stack(0x000000a861100000,0x000000a861200000) (1024K)]
  0x0000022826db6230 JavaThread "D3D Screen Updater"         daemon [_thread_blocked, id=12640, stack(0x000000a861200000,0x000000a861300000) (1024K)]
  0x0000022826db2b80 JavaThread "TimerQueue"                 daemon [_thread_blocked, id=13100, stack(0x000000a860f00000,0x000000a861000000) (1024K)]
  0x00000228275208e0 JavaThread "Thread-7"                          [_thread_blocked, id=4308, stack(0x000000a861600000,0x000000a861700000) (1024K)]
Total: 20

Other Threads:
=>0x00000228218f4a30 VMThread "VM Thread"                           [id=8232, stack(0x000000a85fa00000,0x000000a85fb00000) (1024K)]
  0x00000228218e7870 WatcherThread "VM Periodic Task Thread"        [id=14864, stack(0x000000a85f900000,0x000000a85fa00000) (1024K)]
  0x0000022802a9d8f0 WorkerThread "GC Thread#0"                     [id=2392, stack(0x000000a85f400000,0x000000a85f500000) (1024K)]
  0x00000228266792b0 WorkerThread "GC Thread#1"                     [id=16880, stack(0x000000a860900000,0x000000a860a00000) (1024K)]
  0x00000228266796e0 WorkerThread "GC Thread#2"                     [id=14740, stack(0x000000a860a00000,0x000000a860b00000) (1024K)]
  0x00000228266e28f0 WorkerThread "GC Thread#3"                     [id=17404, stack(0x000000a860b00000,0x000000a860c00000) (1024K)]
  0x0000022802ab6840 ConcurrentGCThread "G1 Main Marker"            [id=7872, stack(0x000000a85f500000,0x000000a85f600000) (1024K)]
  0x0000022802ab7b80 WorkerThread "G1 Conc#0"                       [id=13476, stack(0x000000a85f600000,0x000000a85f700000) (1024K)]
  0x0000022802aee620 ConcurrentGCThread "G1 Refine#0"               [id=16860, stack(0x000000a85f700000,0x000000a85f800000) (1024K)]
  0x0000022802aef230 ConcurrentGCThread "G1 Service"                [id=6908, stack(0x000000a85f800000,0x000000a85f900000) (1024K)]
Total: 10

Threads with active compile tasks:
Total: 0

VM state: at safepoint (normal execution)

VM Mutex/Monitor currently owned by a thread:  ([mutex/lock_event])
[0x00007ffac17c63c8] Threads_lock - owner thread: 0x00000228218f4a30
[0x00007ffac17c6548] Heap_lock - owner thread: 0x0000022826db5a60

Heap address: 0x0000000702000000, size: 4064 MB, Compressed Oops mode: Zero based, Oop shift amount: 3

CDS archive(s) mapped at: [0x0000000085000000-0x0000000085dd0000-0x0000000085dd0000), size 14483456, SharedBaseAddress: 0x0000000085000000, ArchiveRelocationMode: 1.
Compressed class space mapped at: 0x0000000086000000-0x00000000c6000000, reserved size: 1073741824
UseCompressedClassPointers 1, UseCompactObjectHeaders 0
Narrow klass pointer bits 32, Max shift 3
Narrow klass base: 0x0000000085000000, Narrow klass shift: 0
Encoding Range: [0x0000000085000000 - 0x0000000185000000), (4294967296 bytes)
Klass Range:    [0x0000000085010000 - 0x00000000c6000000), (1090453504 bytes)
Klass ID Range:  [65536 - 1090519033) (1090453497)
Protection zone: [0x0000000085000000 - 0x0000000085010000), (65536 bytes)

GC Precious Log:
 CardTable entry size: 512
 Card Set container configuration: InlinePtr #cards 4 size 8 Array Of Cards #cards 16 size 48 Howl #buckets 8 coarsen threshold 3686 Howl Bitmap #cards 512 size 80 coarsen threshold 460 Card regions per heap region 1 cards per card region 4096
 CPUs: 4 total, 4 available
 Memory: 16252M
 Large Page Support: Disabled
 NUMA Support: Disabled
 Compressed Oops: Enabled (Zero based)
 Heap Region Size: 2M
 Heap Min Capacity: 8M
 Heap Initial Capacity: 254M
 Heap Max Capacity: 4064M
 Pre-touch: Disabled
 Parallel Workers: 4
 Concurrent Workers: 1
 Concurrent Refinement Workers: 4
 Periodic GC: Disabled

Heap:
 garbage-first heap   total reserved 4161536K, committed 350208K, used 28016K [0x0000000702000000, 0x0000000800000000)
  region size 2048K, 5 young (10240K), 5 survivors (10240K)

Heap Regions: E=young(eden), S=young(survivor), O=old, HS=humongous(starts), HC=humongous(continues), CS=collection set, F=free, TAMS=top-at-mark-start, PB=parsable bottom
|   0|0x0000000702000000, 0x0000000702200000, 0x0000000702200000|100%|HS|  |TAMS 0x0000000702000000| PB 0x0000000702000000| Complete |  0
|   1|0x0000000702200000, 0x0000000702400000, 0x0000000702400000|100%|HC|  |TAMS 0x0000000702200000| PB 0x0000000702200000| Complete |  0
|   2|0x0000000702400000, 0x0000000702600000, 0x0000000702600000|100%| O|  |TAMS 0x0000000702400000| PB 0x0000000702400000| Untracked |  0
|   3|0x0000000702600000, 0x0000000702800000, 0x0000000702800000|100%| O|  |TAMS 0x0000000702600000| PB 0x0000000702600000| Untracked |  0
|   4|0x0000000702800000, 0x0000000702a00000, 0x0000000702a00000|100%| O|  |TAMS 0x0000000702800000| PB 0x0000000702800000| Untracked |  0
|   5|0x0000000702a00000, 0x0000000702c00000, 0x0000000702c00000|100%| O|  |TAMS 0x0000000702a00000| PB 0x0000000702a00000| Untracked |  0
|   6|0x0000000702c00000, 0x0000000702e00000, 0x0000000702e00000|100%| O|  |TAMS 0x0000000702c00000| PB 0x0000000702c00000| Untracked |  0
|   7|0x0000000702e00000, 0x0000000702fb5c38, 0x0000000703000000| 85%| O|  |TAMS 0x0000000702e00000| PB 0x0000000702e00000| Untracked |  0
|   8|0x0000000703000000, 0x0000000703159958, 0x0000000703200000| 67%| O|  |TAMS 0x0000000703000000| PB 0x0000000703000000| Untracked |  0
|   9|0x0000000703200000, 0x0000000703200000, 0x0000000703400000|  0%| F|  |TAMS 0x0000000703200000| PB 0x0000000703200000| Untracked |  0
|  10|0x0000000703400000, 0x0000000703400000, 0x0000000703600000|  0%| F|  |TAMS 0x0000000703400000| PB 0x0000000703400000| Untracked |  0
|  11|0x0000000703600000, 0x0000000703600000, 0x0000000703800000|  0%| F|  |TAMS 0x0000000703600000| PB 0x0000000703600000| Untracked |  0
|  12|0x0000000703800000, 0x0000000703800000, 0x0000000703a00000|  0%| F|  |TAMS 0x0000000703800000| PB 0x0000000703800000| Untracked |  0
|  13|0x0000000703a00000, 0x0000000703a00000, 0x0000000703c00000|  0%| F|  |TAMS 0x0000000703a00000| PB 0x0000000703a00000| Untracked |  0
|  14|0x0000000703c00000, 0x0000000703c00000, 0x0000000703e00000|  0%| F|  |TAMS 0x0000000703c00000| PB 0x0000000703c00000| Untracked |  0
|  15|0x0000000703e00000, 0x0000000703e00000, 0x0000000704000000|  0%| F|  |TAMS 0x0000000703e00000| PB 0x0000000703e00000| Untracked |  0
|  16|0x0000000704000000, 0x0000000704000000, 0x0000000704200000|  0%| F|  |TAMS 0x0000000704000000| PB 0x0000000704000000| Untracked |  0
|  17|0x0000000704200000, 0x0000000704200000, 0x0000000704400000|  0%| F|  |TAMS 0x0000000704200000| PB 0x0000000704200000| Untracked |  0
|  18|0x0000000704400000, 0x0000000704400000, 0x0000000704600000|  0%| F|  |TAMS 0x0000000704400000| PB 0x0000000704400000| Untracked |  0
|  19|0x0000000704600000, 0x0000000704600000, 0x0000000704800000|  0%| F|  |TAMS 0x0000000704600000| PB 0x0000000704600000| Untracked |  0
|  20|0x0000000704800000, 0x0000000704800000, 0x0000000704a00000|  0%| F|  |TAMS 0x0000000704800000| PB 0x0000000704800000| Untracked |  0
|  21|0x0000000704a00000, 0x0000000704a00000, 0x0000000704c00000|  0%| F|  |TAMS 0x0000000704a00000| PB 0x0000000704a00000| Untracked |  0
|  22|0x0000000704c00000, 0x0000000704c00000, 0x0000000704e00000|  0%| F|  |TAMS 0x0000000704c00000| PB 0x0000000704c00000| Untracked |  0
|  23|0x0000000704e00000, 0x0000000704e00000, 0x0000000705000000|  0%| F|  |TAMS 0x0000000704e00000| PB 0x0000000704e00000| Untracked |  0
|  24|0x0000000705000000, 0x0000000705000000, 0x0000000705200000|  0%| F|  |TAMS 0x0000000705000000| PB 0x0000000705000000| Untracked |  0
|  25|0x0000000705200000, 0x0000000705200000, 0x0000000705400000|  0%| F|  |TAMS 0x0000000705200000| PB 0x0000000705200000| Untracked |  0
|  26|0x0000000705400000, 0x0000000705400000, 0x0000000705600000|  0%| F|  |TAMS 0x0000000705400000| PB 0x0000000705400000| Untracked |  0
|  27|0x0000000705600000, 0x0000000705600000, 0x0000000705800000|  0%| F|  |TAMS 0x0000000705600000| PB 0x0000000705600000| Untracked |  0
|  28|0x0000000705800000, 0x0000000705800000, 0x0000000705a00000|  0%| F|  |TAMS 0x0000000705800000| PB 0x0000000705800000| Untracked |  0
|  29|0x0000000705a00000, 0x0000000705a00000, 0x0000000705c00000|  0%| F|  |TAMS 0x0000000705a00000| PB 0x0000000705a00000| Untracked |  0
|  30|0x0000000705c00000, 0x0000000705c00000, 0x0000000705e00000|  0%| F|  |TAMS 0x0000000705c00000| PB 0x0000000705c00000| Untracked |  0
|  31|0x0000000705e00000, 0x0000000705e00000, 0x0000000706000000|  0%| F|  |TAMS 0x0000000705e00000| PB 0x0000000705e00000| Untracked |  0
|  32|0x0000000706000000, 0x0000000706000000, 0x0000000706200000|  0%| F|  |TAMS 0x0000000706000000| PB 0x0000000706000000| Untracked |  0
|  33|0x0000000706200000, 0x0000000706200000, 0x0000000706400000|  0%| F|  |TAMS 0x0000000706200000| PB 0x0000000706200000| Untracked |  0
|  34|0x0000000706400000, 0x0000000706400000, 0x0000000706600000|  0%| F|  |TAMS 0x0000000706400000| PB 0x0000000706400000| Untracked |  0
|  35|0x0000000706600000, 0x0000000706600000, 0x0000000706800000|  0%| F|  |TAMS 0x0000000706600000| PB 0x0000000706600000| Untracked |  0
|  36|0x0000000706800000, 0x0000000706800000, 0x0000000706a00000|  0%| F|  |TAMS 0x0000000706800000| PB 0x0000000706800000| Untracked |  0
|  37|0x0000000706a00000, 0x0000000706a00000, 0x0000000706c00000|  0%| F|  |TAMS 0x0000000706a00000| PB 0x0000000706a00000| Untracked |  0
|  38|0x0000000706c00000, 0x0000000706c00000, 0x0000000706e00000|  0%| F|  |TAMS 0x0000000706c00000| PB 0x0000000706c00000| Untracked |  0
|  39|0x0000000706e00000, 0x0000000706e00000, 0x0000000707000000|  0%| F|  |TAMS 0x0000000706e00000| PB 0x0000000706e00000| Untracked |  0
|  40|0x0000000707000000, 0x0000000707000000, 0x0000000707200000|  0%| F|  |TAMS 0x0000000707000000| PB 0x0000000707000000| Untracked |  0
|  41|0x0000000707200000, 0x0000000707200000, 0x0000000707400000|  0%| F|  |TAMS 0x0000000707200000| PB 0x0000000707200000| Untracked |  0
|  42|0x0000000707400000, 0x0000000707400000, 0x0000000707600000|  0%| F|  |TAMS 0x0000000707400000| PB 0x0000000707400000| Untracked |  0
|  43|0x0000000707600000, 0x0000000707600000, 0x0000000707800000|  0%| F|  |TAMS 0x0000000707600000| PB 0x0000000707600000| Untracked |  0
|  44|0x0000000707800000, 0x0000000707800000, 0x0000000707a00000|  0%| F|  |TAMS 0x0000000707800000| PB 0x0000000707800000| Untracked |  0
|  45|0x0000000707a00000, 0x0000000707a00000, 0x0000000707c00000|  0%| F|  |TAMS 0x0000000707a00000| PB 0x0000000707a00000| Untracked |  0
|  46|0x0000000707c00000, 0x0000000707c00000, 0x0000000707e00000|  0%| F|  |TAMS 0x0000000707c00000| PB 0x0000000707c00000| Untracked |  0
|  47|0x0000000707e00000, 0x0000000707e00000, 0x0000000708000000|  0%| F|  |TAMS 0x0000000707e00000| PB 0x0000000707e00000| Untracked |  0
|  48|0x0000000708000000, 0x0000000708000000, 0x0000000708200000|  0%| F|  |TAMS 0x0000000708000000| PB 0x0000000708000000| Untracked |  0
|  49|0x0000000708200000, 0x0000000708200000, 0x0000000708400000|  0%| F|  |TAMS 0x0000000708200000| PB 0x0000000708200000| Untracked |  0
|  50|0x0000000708400000, 0x0000000708400000, 0x0000000708600000|  0%| F|  |TAMS 0x0000000708400000| PB 0x0000000708400000| Untracked |  0
|  51|0x0000000708600000, 0x0000000708600000, 0x0000000708800000|  0%| F|  |TAMS 0x0000000708600000| PB 0x0000000708600000| Untracked |  0
|  52|0x0000000708800000, 0x0000000708800000, 0x0000000708a00000|  0%| F|  |TAMS 0x0000000708800000| PB 0x0000000708800000| Untracked |  0
|  53|0x0000000708a00000, 0x0000000708a00000, 0x0000000708c00000|  0%| F|  |TAMS 0x0000000708a00000| PB 0x0000000708a00000| Untracked |  0
|  54|0x0000000708c00000, 0x0000000708c00000, 0x0000000708e00000|  0%| F|  |TAMS 0x0000000708c00000| PB 0x0000000708c00000| Untracked |  0
|  55|0x0000000708e00000, 0x0000000708e00000, 0x0000000709000000|  0%| F|  |TAMS 0x0000000708e00000| PB 0x0000000708e00000| Untracked |  0
|  56|0x0000000709000000, 0x0000000709000000, 0x0000000709200000|  0%| F|  |TAMS 0x0000000709000000| PB 0x0000000709000000| Untracked |  0
|  57|0x0000000709200000, 0x0000000709200000, 0x0000000709400000|  0%| F|  |TAMS 0x0000000709200000| PB 0x0000000709200000| Untracked |  0
|  58|0x0000000709400000, 0x0000000709400000, 0x0000000709600000|  0%| F|  |TAMS 0x0000000709400000| PB 0x0000000709400000| Untracked |  0
|  59|0x0000000709600000, 0x0000000709600000, 0x0000000709800000|  0%| F|  |TAMS 0x0000000709600000| PB 0x0000000709600000| Untracked |  0
|  60|0x0000000709800000, 0x0000000709800000, 0x0000000709a00000|  0%| F|  |TAMS 0x0000000709800000| PB 0x0000000709800000| Untracked |  0
|  61|0x0000000709a00000, 0x0000000709a4cb88, 0x0000000709c00000| 14%| S|CS|TAMS 0x0000000709a00000| PB 0x0000000709a00000| Complete |  0
|  62|0x0000000709c00000, 0x0000000709e00000, 0x0000000709e00000|100%| S|CS|TAMS 0x0000000709c00000| PB 0x0000000709c00000| Complete |  0
|  63|0x0000000709e00000, 0x000000070a000000, 0x000000070a000000|100%| S|CS|TAMS 0x0000000709e00000| PB 0x0000000709e00000| Complete |  0
|  64|0x000000070a000000, 0x000000070a200000, 0x000000070a200000|100%| S|CS|TAMS 0x000000070a000000| PB 0x000000070a000000| Complete |  0
|  65|0x000000070a200000, 0x000000070a400000, 0x000000070a400000|100%| S|CS|TAMS 0x000000070a200000| PB 0x000000070a200000| Complete |  0
|  66|0x000000070a400000, 0x000000070a400000, 0x000000070a600000|  0%| F|  |TAMS 0x000000070a400000| PB 0x000000070a400000| Untracked |  0
|  67|0x000000070a600000, 0x000000070a600000, 0x000000070a800000|  0%| F|  |TAMS 0x000000070a600000| PB 0x000000070a600000| Untracked |  0
|  68|0x000000070a800000, 0x000000070a800000, 0x000000070aa00000|  0%| F|  |TAMS 0x000000070a800000| PB 0x000000070a800000| Untracked |  0
|  69|0x000000070aa00000, 0x000000070aa00000, 0x000000070ac00000|  0%| F|  |TAMS 0x000000070aa00000| PB 0x000000070aa00000| Untracked |  0
|  70|0x000000070ac00000, 0x000000070ac00000, 0x000000070ae00000|  0%| F|  |TAMS 0x000000070ac00000| PB 0x000000070ac00000| Untracked |  0
|  71|0x000000070ae00000, 0x000000070ae00000, 0x000000070b000000|  0%| F|  |TAMS 0x000000070ae00000| PB 0x000000070ae00000| Untracked |  0
|  72|0x000000070b000000, 0x000000070b000000, 0x000000070b200000|  0%| F|  |TAMS 0x000000070b000000| PB 0x000000070b000000| Untracked |  0
|  73|0x000000070b200000, 0x000000070b200000, 0x000000070b400000|  0%| F|  |TAMS 0x000000070b200000| PB 0x000000070b200000| Untracked |  0
|  74|0x000000070b400000, 0x000000070b400000, 0x000000070b600000|  0%| F|  |TAMS 0x000000070b400000| PB 0x000000070b400000| Untracked |  0
|  75|0x000000070b600000, 0x000000070b600000, 0x000000070b800000|  0%| F|  |TAMS 0x000000070b600000| PB 0x000000070b600000| Untracked |  0
|  76|0x000000070b800000, 0x000000070b800000, 0x000000070ba00000|  0%| F|  |TAMS 0x000000070b800000| PB 0x000000070b800000| Untracked |  0
|  77|0x000000070ba00000, 0x000000070ba00000, 0x000000070bc00000|  0%| F|  |TAMS 0x000000070ba00000| PB 0x000000070ba00000| Untracked |  0
|  78|0x000000070bc00000, 0x000000070bc00000, 0x000000070be00000|  0%| F|  |TAMS 0x000000070bc00000| PB 0x000000070bc00000| Untracked |  0
|  79|0x000000070be00000, 0x000000070be00000, 0x000000070c000000|  0%| F|  |TAMS 0x000000070be00000| PB 0x000000070be00000| Untracked |  0
|  80|0x000000070c000000, 0x000000070c000000, 0x000000070c200000|  0%| F|  |TAMS 0x000000070c000000| PB 0x000000070c000000| Untracked |  0
|  81|0x000000070c200000, 0x000000070c200000, 0x000000070c400000|  0%| F|  |TAMS 0x000000070c200000| PB 0x000000070c200000| Untracked |  0
|  82|0x000000070c400000, 0x000000070c400000, 0x000000070c600000|  0%| F|  |TAMS 0x000000070c400000| PB 0x000000070c400000| Untracked |  0
|  83|0x000000070c600000, 0x000000070c600000, 0x000000070c800000|  0%| F|  |TAMS 0x000000070c600000| PB 0x000000070c600000| Untracked |  0
|  84|0x000000070c800000, 0x000000070c800000, 0x000000070ca00000|  0%| F|  |TAMS 0x000000070c800000| PB 0x000000070c800000| Untracked |  0
|  85|0x000000070ca00000, 0x000000070ca00000, 0x000000070cc00000|  0%| F|  |TAMS 0x000000070ca00000| PB 0x000000070ca00000| Untracked |  0
|  86|0x000000070cc00000, 0x000000070cc00000, 0x000000070ce00000|  0%| F|  |TAMS 0x000000070cc00000| PB 0x000000070cc00000| Untracked |  0
|  87|0x000000070ce00000, 0x000000070ce00000, 0x000000070d000000|  0%| F|  |TAMS 0x000000070ce00000| PB 0x000000070ce00000| Untracked |  0
|  88|0x000000070d000000, 0x000000070d000000, 0x000000070d200000|  0%| F|  |TAMS 0x000000070d000000| PB 0x000000070d000000| Untracked |  0
|  89|0x000000070d200000, 0x000000070d200000, 0x000000070d400000|  0%| F|  |TAMS 0x000000070d200000| PB 0x000000070d200000| Untracked |  0
|  90|0x000000070d400000, 0x000000070d400000, 0x000000070d600000|  0%| F|  |TAMS 0x000000070d400000| PB 0x000000070d400000| Untracked |  0
|  91|0x000000070d600000, 0x000000070d600000, 0x000000070d800000|  0%| F|  |TAMS 0x000000070d600000| PB 0x000000070d600000| Untracked |  0
|  92|0x000000070d800000, 0x000000070d800000, 0x000000070da00000|  0%| F|  |TAMS 0x000000070d800000| PB 0x000000070d800000| Untracked |  0
|  93|0x000000070da00000, 0x000000070da00000, 0x000000070dc00000|  0%| F|  |TAMS 0x000000070da00000| PB 0x000000070da00000| Untracked |  0
|  94|0x000000070dc00000, 0x000000070dc00000, 0x000000070de00000|  0%| F|  |TAMS 0x000000070dc00000| PB 0x000000070dc00000| Untracked |  0
|  95|0x000000070de00000, 0x000000070de00000, 0x000000070e000000|  0%| F|  |TAMS 0x000000070de00000| PB 0x000000070de00000| Untracked |  0
|  96|0x000000070e000000, 0x000000070e000000, 0x000000070e200000|  0%| F|  |TAMS 0x000000070e000000| PB 0x000000070e000000| Untracked |  0
|  97|0x000000070e200000, 0x000000070e200000, 0x000000070e400000|  0%| F|  |TAMS 0x000000070e200000| PB 0x000000070e200000| Untracked |  0
|  98|0x000000070e400000, 0x000000070e400000, 0x000000070e600000|  0%| F|  |TAMS 0x000000070e400000| PB 0x000000070e400000| Untracked |  0
|  99|0x000000070e600000, 0x000000070e600000, 0x000000070e800000|  0%| F|  |TAMS 0x000000070e600000| PB 0x000000070e600000| Untracked |  0
| 100|0x000000070e800000, 0x000000070e800000, 0x000000070ea00000|  0%| F|  |TAMS 0x000000070e800000| PB 0x000000070e800000| Untracked |  0
| 101|0x000000070ea00000, 0x000000070ea00000, 0x000000070ec00000|  0%| F|  |TAMS 0x000000070ea00000| PB 0x000000070ea00000| Untracked |  0
| 102|0x000000070ec00000, 0x000000070ec00000, 0x000000070ee00000|  0%| F|  |TAMS 0x000000070ec00000| PB 0x000000070ec00000| Untracked |  0
| 103|0x000000070ee00000, 0x000000070ee00000, 0x000000070f000000|  0%| F|  |TAMS 0x000000070ee00000| PB 0x000000070ee00000| Untracked |  0
| 104|0x000000070f000000, 0x000000070f000000, 0x000000070f200000|  0%| F|  |TAMS 0x000000070f000000| PB 0x000000070f000000| Untracked |  0
| 105|0x000000070f200000, 0x000000070f200000, 0x000000070f400000|  0%| F|  |TAMS 0x000000070f200000| PB 0x000000070f200000| Untracked |  0
| 106|0x000000070f400000, 0x000000070f400000, 0x000000070f600000|  0%| F|  |TAMS 0x000000070f400000| PB 0x000000070f400000| Untracked |  0
| 107|0x000000070f600000, 0x000000070f600000, 0x000000070f800000|  0%| F|  |TAMS 0x000000070f600000| PB 0x000000070f600000| Untracked |  0
| 108|0x000000070f800000, 0x000000070f800000, 0x000000070fa00000|  0%| F|  |TAMS 0x000000070f800000| PB 0x000000070f800000| Untracked |  0
| 109|0x000000070fa00000, 0x000000070fa00000, 0x000000070fc00000|  0%| F|  |TAMS 0x000000070fa00000| PB 0x000000070fa00000| Untracked |  0
| 110|0x000000070fc00000, 0x000000070fc00000, 0x000000070fe00000|  0%| F|  |TAMS 0x000000070fc00000| PB 0x000000070fc00000| Untracked |  0
| 111|0x000000070fe00000, 0x000000070fe00000, 0x0000000710000000|  0%| F|  |TAMS 0x000000070fe00000| PB 0x000000070fe00000| Untracked |  0
| 112|0x0000000710000000, 0x0000000710000000, 0x0000000710200000|  0%| F|  |TAMS 0x0000000710000000| PB 0x0000000710000000| Untracked |  0
| 113|0x0000000710200000, 0x0000000710200000, 0x0000000710400000|  0%| F|  |TAMS 0x0000000710200000| PB 0x0000000710200000| Untracked |  0
| 114|0x0000000710400000, 0x0000000710400000, 0x0000000710600000|  0%| F|  |TAMS 0x0000000710400000| PB 0x0000000710400000| Untracked |  0
| 115|0x0000000710600000, 0x0000000710600000, 0x0000000710800000|  0%| F|  |TAMS 0x0000000710600000| PB 0x0000000710600000| Untracked |  0
| 116|0x0000000710800000, 0x0000000710800000, 0x0000000710a00000|  0%| F|  |TAMS 0x0000000710800000| PB 0x0000000710800000| Untracked |  0
| 117|0x0000000710a00000, 0x0000000710a00000, 0x0000000710c00000|  0%| F|  |TAMS 0x0000000710a00000| PB 0x0000000710a00000| Untracked |  0
| 118|0x0000000710c00000, 0x0000000710c00000, 0x0000000710e00000|  0%| F|  |TAMS 0x0000000710c00000| PB 0x0000000710c00000| Untracked |  0
| 119|0x0000000710e00000, 0x0000000710e00000, 0x0000000711000000|  0%| F|  |TAMS 0x0000000710e00000| PB 0x0000000710e00000| Untracked |  0
| 120|0x0000000711000000, 0x0000000711000000, 0x0000000711200000|  0%| F|  |TAMS 0x0000000711000000| PB 0x0000000711000000| Untracked |  0
| 121|0x0000000711200000, 0x0000000711200000, 0x0000000711400000|  0%| F|  |TAMS 0x0000000711200000| PB 0x0000000711200000| Untracked |  0
| 122|0x0000000711400000, 0x0000000711400000, 0x0000000711600000|  0%| F|  |TAMS 0x0000000711400000| PB 0x0000000711400000| Untracked |  0
| 123|0x0000000711600000, 0x0000000711600000, 0x0000000711800000|  0%| F|  |TAMS 0x0000000711600000| PB 0x0000000711600000| Untracked |  0
| 124|0x0000000711800000, 0x0000000711800000, 0x0000000711a00000|  0%| F|  |TAMS 0x0000000711800000| PB 0x0000000711800000| Untracked |  0
| 125|0x0000000711a00000, 0x0000000711a00000, 0x0000000711c00000|  0%| F|  |TAMS 0x0000000711a00000| PB 0x0000000711a00000| Untracked |  0
| 126|0x0000000711c00000, 0x0000000711c00000, 0x0000000711e00000|  0%| F|  |TAMS 0x0000000711c00000| PB 0x0000000711c00000| Untracked |  0
| 127|0x0000000711e00000, 0x0000000711e00000, 0x0000000712000000|  0%| F|  |TAMS 0x0000000711e00000| PB 0x0000000711e00000| Untracked |  0
| 128|0x0000000712000000, 0x0000000712000000, 0x0000000712200000|  0%| F|  |TAMS 0x0000000712000000| PB 0x0000000712000000| Untracked |  0
| 129|0x0000000712200000, 0x0000000712200000, 0x0000000712400000|  0%| F|  |TAMS 0x0000000712200000| PB 0x0000000712200000| Untracked |  0
| 130|0x0000000712400000, 0x0000000712400000, 0x0000000712600000|  0%| F|  |TAMS 0x0000000712400000| PB 0x0000000712400000| Untracked |  0
| 131|0x0000000712600000, 0x0000000712600000, 0x0000000712800000|  0%| F|  |TAMS 0x0000000712600000| PB 0x0000000712600000| Untracked |  0
| 132|0x0000000712800000, 0x0000000712800000, 0x0000000712a00000|  0%| F|  |TAMS 0x0000000712800000| PB 0x0000000712800000| Untracked |  0
| 133|0x0000000712a00000, 0x0000000712a00000, 0x0000000712c00000|  0%| F|  |TAMS 0x0000000712a00000| PB 0x0000000712a00000| Untracked |  0
| 134|0x0000000712c00000, 0x0000000712c00000, 0x0000000712e00000|  0%| F|  |TAMS 0x0000000712c00000| PB 0x0000000712c00000| Untracked |  0
| 135|0x0000000712e00000, 0x0000000712e00000, 0x0000000713000000|  0%| F|  |TAMS 0x0000000712e00000| PB 0x0000000712e00000| Untracked |  0
| 136|0x0000000713000000, 0x0000000713000000, 0x0000000713200000|  0%| F|  |TAMS 0x0000000713000000| PB 0x0000000713000000| Untracked |  0
| 137|0x0000000713200000, 0x0000000713200000, 0x0000000713400000|  0%| F|  |TAMS 0x0000000713200000| PB 0x0000000713200000| Untracked |  0
| 138|0x0000000713400000, 0x0000000713400000, 0x0000000713600000|  0%| F|  |TAMS 0x0000000713400000| PB 0x0000000713400000| Untracked |  0
| 139|0x0000000713600000, 0x0000000713600000, 0x0000000713800000|  0%| F|  |TAMS 0x0000000713600000| PB 0x0000000713600000| Untracked |  0
| 140|0x0000000713800000, 0x0000000713800000, 0x0000000713a00000|  0%| F|  |TAMS 0x0000000713800000| PB 0x0000000713800000| Untracked |  0
| 141|0x0000000713a00000, 0x0000000713a00000, 0x0000000713c00000|  0%| F|  |TAMS 0x0000000713a00000| PB 0x0000000713a00000| Untracked |  0
| 142|0x0000000713c00000, 0x0000000713c00000, 0x0000000713e00000|  0%| F|  |TAMS 0x0000000713c00000| PB 0x0000000713c00000| Untracked |  0
| 143|0x0000000713e00000, 0x0000000713e00000, 0x0000000714000000|  0%| F|  |TAMS 0x0000000713e00000| PB 0x0000000713e00000| Untracked |  0
| 144|0x0000000714000000, 0x0000000714000000, 0x0000000714200000|  0%| F|  |TAMS 0x0000000714000000| PB 0x0000000714000000| Untracked |  0
| 145|0x0000000714200000, 0x0000000714200000, 0x0000000714400000|  0%| F|  |TAMS 0x0000000714200000| PB 0x0000000714200000| Untracked |  0
| 146|0x0000000714400000, 0x0000000714400000, 0x0000000714600000|  0%| F|  |TAMS 0x0000000714400000| PB 0x0000000714400000| Untracked |  0
| 147|0x0000000714600000, 0x0000000714600000, 0x0000000714800000|  0%| F|  |TAMS 0x0000000714600000| PB 0x0000000714600000| Untracked |  0
| 148|0x0000000714800000, 0x0000000714800000, 0x0000000714a00000|  0%| F|  |TAMS 0x0000000714800000| PB 0x0000000714800000| Untracked |  0
| 149|0x0000000714a00000, 0x0000000714a00000, 0x0000000714c00000|  0%| F|  |TAMS 0x0000000714a00000| PB 0x0000000714a00000| Untracked |  0
| 150|0x0000000714c00000, 0x0000000714c00000, 0x0000000714e00000|  0%| F|  |TAMS 0x0000000714c00000| PB 0x0000000714c00000| Untracked |  0
| 151|0x0000000714e00000, 0x0000000714e00000, 0x0000000715000000|  0%| F|  |TAMS 0x0000000714e00000| PB 0x0000000714e00000| Untracked |  0
| 152|0x0000000715000000, 0x0000000715000000, 0x0000000715200000|  0%| F|  |TAMS 0x0000000715000000| PB 0x0000000715000000| Untracked |  0
| 153|0x0000000715200000, 0x0000000715200000, 0x0000000715400000|  0%| F|  |TAMS 0x0000000715200000| PB 0x0000000715200000| Untracked |  0
| 154|0x0000000715400000, 0x0000000715400000, 0x0000000715600000|  0%| F|  |TAMS 0x0000000715400000| PB 0x0000000715400000| Untracked |  0
| 155|0x0000000715600000, 0x0000000715600000, 0x0000000715800000|  0%| F|  |TAMS 0x0000000715600000| PB 0x0000000715600000| Untracked |  0
| 156|0x0000000715800000, 0x0000000715800000, 0x0000000715a00000|  0%| F|  |TAMS 0x0000000715800000| PB 0x0000000715800000| Untracked |  0
| 157|0x0000000715a00000, 0x0000000715a00000, 0x0000000715c00000|  0%| F|  |TAMS 0x0000000715a00000| PB 0x0000000715a00000| Untracked |  0
| 158|0x0000000715c00000, 0x0000000715c00000, 0x0000000715e00000|  0%| F|  |TAMS 0x0000000715c00000| PB 0x0000000715c00000| Untracked |  0
| 159|0x0000000715e00000, 0x0000000715e00000, 0x0000000716000000|  0%| F|  |TAMS 0x0000000715e00000| PB 0x0000000715e00000| Untracked |  0
| 160|0x0000000716000000, 0x0000000716000000, 0x0000000716200000|  0%| F|  |TAMS 0x0000000716000000| PB 0x0000000716000000| Untracked |  0
| 161|0x0000000716200000, 0x0000000716200000, 0x0000000716400000|  0%| F|  |TAMS 0x0000000716200000| PB 0x0000000716200000| Untracked |  0
| 162|0x0000000716400000, 0x0000000716400000, 0x0000000716600000|  0%| F|  |TAMS 0x0000000716400000| PB 0x0000000716400000| Untracked |  0
| 163|0x0000000716600000, 0x0000000716600000, 0x0000000716800000|  0%| F|  |TAMS 0x0000000716600000| PB 0x0000000716600000| Untracked |  0
| 164|0x0000000716800000, 0x0000000716800000, 0x0000000716a00000|  0%| F|  |TAMS 0x0000000716800000| PB 0x0000000716800000| Untracked |  0
| 165|0x0000000716a00000, 0x0000000716a00000, 0x0000000716c00000|  0%| F|  |TAMS 0x0000000716a00000| PB 0x0000000716a00000| Untracked |  0
| 166|0x0000000716c00000, 0x0000000716c00000, 0x0000000716e00000|  0%| F|  |TAMS 0x0000000716c00000| PB 0x0000000716c00000| Untracked |  0
| 167|0x0000000716e00000, 0x0000000716e00000, 0x0000000717000000|  0%| F|  |TAMS 0x0000000716e00000| PB 0x0000000716e00000| Untracked |  0
| 168|0x0000000717000000, 0x0000000717000000, 0x0000000717200000|  0%| F|  |TAMS 0x0000000717000000| PB 0x0000000717000000| Untracked |  0
|2030|0x00000007ffc00000, 0x00000007ffe00000, 0x00000007ffe00000|100%| O|  |TAMS 0x00000007ffc00000| PB 0x00000007ffc00000| Untracked |  0
|2031|0x00000007ffe00000, 0x00000007ffe00000, 0x0000000800000000|  0%| F|  |TAMS 0x00000007ffe00000| PB 0x00000007ffe00000| Untracked |  0

Card table byte_map: [0x000002281ad20000,0x000002281b510000] _byte_map_base: 0x0000022817510000

Marking Bits: (CMBitMap*) 0x0000022802a9e080
 Bits: [0x000002281b510000, 0x000002281f490000)

Polling page: 0x00000228008a0000

Metaspace:
Metaspace        used 37297K, committed 37888K, reserved 1114112K
 class space     used 4786K, committed 5056K, reserved 1048576K

Usage:
  Non-class:     31.75 MB used.
      Class:      4.67 MB used.
       Both:     36.42 MB used.

Virtual space:
  Non-class space:       64.00 MB reserved,      32.06 MB ( 50%) committed,  1 nodes.
      Class space:        1.00 GB reserved,       4.94 MB ( <1%) committed,  1 nodes.
             Both:        1.06 GB reserved,      37.00 MB (  3%) committed. 

Chunk freelists:
   Non-Class:  15.83 MB
       Class:  10.92 MB
        Both:  26.75 MB

MaxMetaspaceSize: unlimited
CompressedClassSpaceSize: 1.00 GB
Initial GC threshold: 21.00 MB
Current GC threshold: 58.69 MB
CDS: on
 - commit_granule_bytes: 65536.
 - commit_granule_words: 8192.
 - virtual_space_node_default_size: 8388608.
 - enlarge_chunks_in_place: 1.
UseCompressedClassPointers 1, UseCompactObjectHeaders 0
Narrow klass pointer bits 32, Max shift 3
Narrow klass base: 0x0000000085000000, Narrow klass shift: 0
Encoding Range: [0x0000000085000000 - 0x0000000185000000), (4294967296 bytes)
Klass Range:    [0x0000000085010000 - 0x00000000c6000000), (1090453504 bytes)
Klass ID Range:  [65536 - 1090519033) (1090453497)
Protection zone: [0x0000000085000000 - 0x0000000085010000), (65536 bytes)


Internal statistics:

num_allocs_failed_limit: 8.
num_arena_births: 680.
num_arena_deaths: 0.
num_vsnodes_births: 2.
num_vsnodes_deaths: 0.
num_space_committed: 592.
num_space_uncommitted: 0.
num_chunks_returned_to_freelist: 8.
num_chunks_taken_from_freelist: 1281.
num_chunk_merges: 0.
num_chunk_splits: 853.
num_chunks_enlarged: 606.
num_inconsistent_stats: 0.

CodeHeap 'non-profiled nmethods': size=120064Kb used=1883Kb max_used=1883Kb free=118180Kb
 bounds [0x0000022812ff0000, 0x0000022813260000, 0x000002281a530000]
CodeHeap 'profiled nmethods': size=120000Kb used=8030Kb max_used=8030Kb free=111969Kb
 bounds [0x000002280b530000, 0x000002280bd10000, 0x0000022812a60000]
CodeHeap 'non-nmethods': size=5696Kb used=1828Kb max_used=1847Kb free=3867Kb
 bounds [0x0000022812a60000, 0x0000022812cd0000, 0x0000022812ff0000]
CodeCache: size=245760Kb, used=11741Kb, max_used=11760Kb, free=234016Kb
 total_blobs=6068, nmethods=5122, adapters=836, full_count=0
Compilation: enabled, stopped_count=0, restarted_count=0

Compilation events (20 events):
Event: 8.709 Thread 0x000002282193e860 nmethod 5442 0x000002280bd04e08 code [0x000002280bd04f00, 0x000002280bd057f0]
Event: 8.710 Thread 0x000002282193e860 5445       3       sun.util.PropertyResourceBundleCharset$PropertiesFileDecoder::decodeLoop (127 bytes)
Event: 8.710 Thread 0x000002282193e860 nmethod 5445 0x000002280bd05808 code [0x000002280bd05900, 0x000002280bd066a0]
Event: 8.710 Thread 0x000002282193e860 5447       3       java.lang.invoke.MethodHandle::bindArgumentL (10 bytes)
Event: 8.710 Thread 0x000002282193e860 nmethod 5447 0x000002280bd06708 code [0x000002280bd06800, 0x000002280bd06e80]
Event: 8.710 Thread 0x000002282193e860 5446       3       java.nio.CharBuffer::mark (7 bytes)
Event: 8.711 Thread 0x000002282193e860 nmethod 5446 0x000002280bd06e88 code [0x000002280bd06f80, 0x000002280bd070e8]
Event: 8.711 Thread 0x000002282193e860 5448       3       javax.swing.JComponent::getX (5 bytes)
Event: 8.711 Thread 0x000002282191dc40 nmethod 5441 0x00000228131c5f08 code [0x00000228131c6000, 0x00000228131c6370]
Event: 8.711 Thread 0x000002282193e860 nmethod 5448 0x000002280bd07188 code [0x000002280bd07280, 0x000002280bd073a0]
Event: 8.711 Thread 0x000002282191dc40 5444       4       java.lang.invoke.MethodHandleStatics::dumper (4 bytes)
Event: 8.711 Thread 0x000002282191dc40 nmethod 5444 0x00000228131c6388 code [0x00000228131c6480, 0x00000228131c64f0]
Event: 8.711 Thread 0x000002282193e860 5449       1       java.lang.Thread::getContextClassLoader (5 bytes)
Event: 8.711 Thread 0x000002282193e860 nmethod 5449 0x00000228131c6688 code [0x00000228131c6780, 0x00000228131c6848]
Event: 8.711 Thread 0x000002282193e860 5450       3       com.google.gson.stream.JsonWriter::replaceTop (13 bytes)
Event: 8.712 Thread 0x000002282193e860 nmethod 5450 0x000002280bd07488 code [0x000002280bd07580, 0x000002280bd076c0]
Event: 8.712 Thread 0x000002282193e860 5451       1       java.util.IdentityHashMap::size (5 bytes)
Event: 8.712 Thread 0x000002282193e860 nmethod 5451 0x00000228131c6988 code [0x00000228131c6a80, 0x00000228131c6b48]
Event: 8.714 Thread 0x000002282193e860 5452       3       javax.swing.JComponent::getHeight (5 bytes)
Event: 8.714 Thread 0x000002282193e860 nmethod 5452 0x000002280bd07788 code [0x000002280bd07880, 0x000002280bd079a0]

GC Heap Usage History (20 events):
Event: 7.992 {heap After GC invocations=33 (full 0):
 garbage-first heap   total reserved 4161536K, committed 135168K, used 20214K [0x0000000702000000, 0x0000000800000000)
  region size 2048K, 2 young (4096K), 2 survivors (4096K)
}
Event: 8.022 {heap Before GC invocations=33 (full 0):
 garbage-first heap   total reserved 4161536K, committed 135168K, used 95990K [0x0000000702000000, 0x0000000800000000)
  region size 2048K, 39 young (79872K), 2 survivors (4096K)
}
Event: 8.024 {heap After GC invocations=34 (full 0):
 garbage-first heap   total reserved 4161536K, committed 135168K, used 20809K [0x0000000702000000, 0x0000000800000000)
  region size 2048K, 2 young (4096K), 2 survivors (4096K)
}
Event: 8.053 {heap Before GC invocations=34 (full 0):
 garbage-first heap   total reserved 4161536K, committed 135168K, used 96585K [0x0000000702000000, 0x0000000800000000)
  region size 2048K, 39 young (79872K), 2 survivors (4096K)
}
Event: 8.055 {heap After GC invocations=35 (full 0):
 garbage-first heap   total reserved 4161536K, committed 262144K, used 22967K [0x0000000702000000, 0x0000000800000000)
  region size 2048K, 2 young (4096K), 2 survivors (4096K)
}
Event: 8.155 {heap Before GC invocations=35 (full 0):
 garbage-first heap   total reserved 4161536K, committed 262144K, used 174519K [0x0000000702000000, 0x0000000800000000)
  region size 2048K, 76 young (155648K), 2 survivors (4096K)
}
Event: 8.158 {heap After GC invocations=36 (full 0):
 garbage-first heap   total reserved 4161536K, committed 262144K, used 22257K [0x0000000702000000, 0x0000000800000000)
  region size 2048K, 3 young (6144K), 3 survivors (6144K)
}
Event: 8.221 {heap Before GC invocations=36 (full 0):
 garbage-first heap   total reserved 4161536K, committed 262144K, used 171761K [0x0000000702000000, 0x0000000800000000)
  region size 2048K, 76 young (155648K), 3 survivors (6144K)
}
Event: 8.223 {heap After GC invocations=37 (full 0):
 garbage-first heap   total reserved 4161536K, committed 262144K, used 22369K [0x0000000702000000, 0x0000000800000000)
  region size 2048K, 2 young (4096K), 2 survivors (4096K)
}
Event: 8.289 {heap Before GC invocations=37 (full 0):
 garbage-first heap   total reserved 4161536K, committed 262144K, used 173921K [0x0000000702000000, 0x0000000800000000)
  region size 2048K, 76 young (155648K), 2 survivors (4096K)
}
Event: 8.291 {heap After GC invocations=38 (full 0):
 garbage-first heap   total reserved 4161536K, committed 262144K, used 23641K [0x0000000702000000, 0x0000000800000000)
  region size 2048K, 3 young (6144K), 3 survivors (6144K)
}
Event: 8.349 {heap Before GC invocations=38 (full 0):
 garbage-first heap   total reserved 4161536K, committed 262144K, used 173145K [0x0000000702000000, 0x0000000800000000)
  region size 2048K, 76 young (155648K), 3 survivors (6144K)
}
Event: 8.351 {heap After GC invocations=39 (full 0):
 garbage-first heap   total reserved 4161536K, committed 346112K, used 27088K [0x0000000702000000, 0x0000000800000000)
  region size 2048K, 4 young (8192K), 4 survivors (8192K)
}
Event: 8.459 {heap Before GC invocations=39 (full 0):
 garbage-first heap   total reserved 4161536K, committed 346112K, used 225744K [0x0000000702000000, 0x0000000800000000)
  region size 2048K, 101 young (206848K), 4 survivors (8192K)
}
Event: 8.461 {heap After GC invocations=40 (full 0):
 garbage-first heap   total reserved 4161536K, committed 346112K, used 27577K [0x0000000702000000, 0x0000000800000000)
  region size 2048K, 4 young (8192K), 4 survivors (8192K)
}
Event: 8.546 {heap Before GC invocations=40 (full 0):
 garbage-first heap   total reserved 4161536K, committed 346112K, used 226233K [0x0000000702000000, 0x0000000800000000)
  region size 2048K, 101 young (206848K), 4 survivors (8192K)
}
Event: 8.548 {heap After GC invocations=41 (full 0):
 garbage-first heap   total reserved 4161536K, committed 346112K, used 28888K [0x0000000702000000, 0x0000000800000000)
  region size 2048K, 4 young (8192K), 4 survivors (8192K)
}
Event: 8.628 {heap Before GC invocations=41 (full 0):
 garbage-first heap   total reserved 4161536K, committed 346112K, used 227544K [0x0000000702000000, 0x0000000800000000)
  region size 2048K, 101 young (206848K), 4 survivors (8192K)
}
Event: 8.630 {heap After GC invocations=42 (full 0):
 garbage-first heap   total reserved 4161536K, committed 346112K, used 29476K [0x0000000702000000, 0x0000000800000000)
  region size 2048K, 4 young (8192K), 4 survivors (8192K)
}
Event: 8.718 {heap Before GC invocations=42 (full 0):
 garbage-first heap   total reserved 4161536K, committed 346112K, used 228132K [0x0000000702000000, 0x0000000800000000)
  region size 2048K, 101 young (206848K), 4 survivors (8192K)
}

Metaspace Usage History (20 events):
Event: 7.992 {metaspace After GC invocations=33 (full 0):
 Metaspace       used 35621K, committed 36160K, reserved 1114112K
  class space    used 4378K, committed 4608K, reserved 1048576K
}
Event: 8.022 {metaspace Before GC invocations=33 (full 0):
 Metaspace       used 35682K, committed 36224K, reserved 1114112K
  class space    used 4393K, committed 4608K, reserved 1048576K
}
Event: 8.024 {metaspace After GC invocations=34 (full 0):
 Metaspace       used 35682K, committed 36224K, reserved 1114112K
  class space    used 4393K, committed 4608K, reserved 1048576K
}
Event: 8.053 {metaspace Before GC invocations=34 (full 0):
 Metaspace       used 35793K, committed 36352K, reserved 1114112K
  class space    used 4410K, committed 4608K, reserved 1048576K
}
Event: 8.055 {metaspace After GC invocations=35 (full 0):
 Metaspace       used 35793K, committed 36352K, reserved 1114112K
  class space    used 4410K, committed 4608K, reserved 1048576K
}
Event: 8.155 {metaspace Before GC invocations=35 (full 0):
 Metaspace       used 36317K, committed 36864K, reserved 1114112K
  class space    used 4532K, committed 4800K, reserved 1048576K
}
Event: 8.158 {metaspace After GC invocations=36 (full 0):
 Metaspace       used 36317K, committed 36864K, reserved 1114112K
  class space    used 4532K, committed 4800K, reserved 1048576K
}
Event: 8.221 {metaspace Before GC invocations=36 (full 0):
 Metaspace       used 36625K, committed 37184K, reserved 1114112K
  class space    used 4598K, committed 4864K, reserved 1048576K
}
Event: 8.223 {metaspace After GC invocations=37 (full 0):
 Metaspace       used 36625K, committed 37184K, reserved 1114112K
  class space    used 4598K, committed 4864K, reserved 1048576K
}
Event: 8.289 {metaspace Before GC invocations=37 (full 0):
 Metaspace       used 36728K, committed 37312K, reserved 1114112K
  class space    used 4630K, committed 4864K, reserved 1048576K
}
Event: 8.291 {metaspace After GC invocations=38 (full 0):
 Metaspace       used 36728K, committed 37312K, reserved 1114112K
  class space    used 4630K, committed 4864K, reserved 1048576K
}
Event: 8.349 {metaspace Before GC invocations=38 (full 0):
 Metaspace       used 36796K, committed 37376K, reserved 1114112K
  class space    used 4650K, committed 4928K, reserved 1048576K
}
Event: 8.351 {metaspace After GC invocations=39 (full 0):
 Metaspace       used 36796K, committed 37376K, reserved 1114112K
  class space    used 4650K, committed 4928K, reserved 1048576K
}
Event: 8.459 {metaspace Before GC invocations=39 (full 0):
 Metaspace       used 36962K, committed 37568K, reserved 1114112K
  class space    used 4690K, committed 4928K, reserved 1048576K
}
Event: 8.461 {metaspace After GC invocations=40 (full 0):
 Metaspace       used 36962K, committed 37568K, reserved 1114112K
  class space    used 4690K, committed 4928K, reserved 1048576K
}
Event: 8.546 {metaspace Before GC invocations=40 (full 0):
 Metaspace       used 37076K, committed 37696K, reserved 1114112K
  class space    used 4732K, committed 4992K, reserved 1048576K
}
Event: 8.548 {metaspace After GC invocations=41 (full 0):
 Metaspace       used 37076K, committed 37696K, reserved 1114112K
  class space    used 4732K, committed 4992K, reserved 1048576K
}
Event: 8.628 {metaspace Before GC invocations=41 (full 0):
 Metaspace       used 37152K, committed 37696K, reserved 1114112K
  class space    used 4757K, committed 4992K, reserved 1048576K
}
Event: 8.630 {metaspace After GC invocations=42 (full 0):
 Metaspace       used 37152K, committed 37696K, reserved 1114112K
  class space    used 4757K, committed 4992K, reserved 1048576K
}
Event: 8.718 {metaspace Before GC invocations=42 (full 0):
 Metaspace       used 37297K, committed 37888K, reserved 1114112K
  class space    used 4786K, committed 5056K, reserved 1048576K
}

Dll operation events (14 events):
Event: 0.007 Loaded shared library C:\Program Files\Eclipse Adoptium\jdk-25.0.2.10-hotspot\bin\java.dll
Event: 0.035 Loaded shared library C:\Program Files\Eclipse Adoptium\jdk-25.0.2.10-hotspot\bin\net.dll
Event: 0.036 Loaded shared library C:\Program Files\Eclipse Adoptium\jdk-25.0.2.10-hotspot\bin\nio.dll
Event: 0.063 Loaded shared library C:\Program Files\Eclipse Adoptium\jdk-25.0.2.10-hotspot\bin\zip.dll
Event: 0.086 Loaded shared library C:\Program Files\Eclipse Adoptium\jdk-25.0.2.10-hotspot\bin\jimage.dll
Event: 0.270 Loaded shared library C:\Program Files\Eclipse Adoptium\jdk-25.0.2.10-hotspot\bin\management.dll
Event: 0.271 Loaded shared library C:\Program Files\Eclipse Adoptium\jdk-25.0.2.10-hotspot\bin\management_ext.dll
Event: 0.588 Loaded shared library C:\Program Files\Eclipse Adoptium\jdk-25.0.2.10-hotspot\bin\awt.dll
Event: 1.140 Loaded shared library C:\Program Files\Eclipse Adoptium\jdk-25.0.2.10-hotspot\bin\sunmscapi.dll
Event: 1.284 Loaded shared library C:\Program Files\Eclipse Adoptium\jdk-25.0.2.10-hotspot\bin\extnet.dll
Event: 2.064 Loaded shared library C:\Program Files\Eclipse Adoptium\jdk-25.0.2.10-hotspot\bin\freetype.dll
Event: 2.065 Loaded shared library C:\Program Files\Eclipse Adoptium\jdk-25.0.2.10-hotspot\bin\fontmanager.dll
Event: 7.043 Loaded shared library C:\Windows\System32\ucrtbase.dll
Event: 7.044 Loaded shared library C:\Program Files\Eclipse Adoptium\jdk-25.0.2.10-hotspot\bin\syslookup.dll

Deoptimization events (20 events):
Event: 8.708 Thread 0x0000022826db5a60 Uncommon trap: trap_request=0xffffff45 fr.pc=0x0000022813192c00 relative=0x0000000000000080
Event: 8.708 Thread 0x00000228007b2360 Uncommon trap: trap_request=0xffffffd6 fr.pc=0x00000228131c4c14 relative=0x0000000000000794
Event: 8.708 Thread 0x0000022826db5a60 Uncommon trap: reason=unstable_if action=reinterpret pc=0x0000022813192c00 method=sun.awt.SunToolkit.getAppContext(Ljava/lang/Object;)Lsun/awt/AppContext; @ 4 c2
Event: 8.708 Thread 0x00000228007b2360 Uncommon trap: reason=array_check action=maybe_recompile pc=0x00000228131c4c14 method=jdk.internal.classfile.impl.AttributeHolder.withAttribute(Ljava/lang/classfile/Attribute;)V @ 115 c2
Event: 8.708 Thread 0x00000228007b2360 DEOPT PACKING pc=0x00000228131c4c14 sp=0x000000a85f3fdd00
Event: 8.708 Thread 0x0000022826db5a60 DEOPT PACKING pc=0x0000022813192c00 sp=0x000000a8611fe6a0
Event: 8.708 Thread 0x00000228007b2360 DEOPT UNPACKING pc=0x0000022812b7fc02 sp=0x000000a85f3fdcc0 mode 2
Event: 8.708 Thread 0x0000022826db5a60 DEOPT UNPACKING pc=0x0000022812b7fc02 sp=0x000000a8611fe638 mode 2
Event: 8.708 Thread 0x00000228007b2360 Uncommon trap: trap_request=0xffffffd6 fr.pc=0x00000228131c4c14 relative=0x0000000000000794
Event: 8.708 Thread 0x00000228007b2360 Uncommon trap: reason=array_check action=maybe_recompile pc=0x00000228131c4c14 method=jdk.internal.classfile.impl.AttributeHolder.withAttribute(Ljava/lang/classfile/Attribute;)V @ 115 c2
Event: 8.708 Thread 0x00000228007b2360 DEOPT PACKING pc=0x00000228131c4c14 sp=0x000000a85f3fdd90
Event: 8.708 Thread 0x00000228007b2360 DEOPT UNPACKING pc=0x0000022812b7fc02 sp=0x000000a85f3fdd50 mode 2
Event: 8.711 Thread 0x0000022826db5a60 Uncommon trap: trap_request=0xffffff45 fr.pc=0x000002281305ef78 relative=0x00000000000001f8
Event: 8.711 Thread 0x0000022826db5a60 Uncommon trap: reason=unstable_if action=reinterpret pc=0x000002281305ef78 method=javax.swing.RepaintManager.addDirtyRegion0(Ljava/awt/Container;IIII)V @ 78 c2
Event: 8.711 Thread 0x0000022826db5a60 DEOPT PACKING pc=0x000002281305ef78 sp=0x000000a8611fedc0
Event: 8.711 Thread 0x0000022826db5a60 DEOPT UNPACKING pc=0x0000022812b7fc02 sp=0x000000a8611fed68 mode 2
Event: 8.717 Thread 0x0000022826db5a60 Uncommon trap: trap_request=0xffffff45 fr.pc=0x000002281308d574 relative=0x00000000000001f4
Event: 8.717 Thread 0x0000022826db5a60 Uncommon trap: reason=unstable_if action=reinterpret pc=0x000002281308d574 method=javax.swing.JComponent.getClientProperty(Ljava/lang/Object;)Ljava/lang/Object; @ 16 c2
Event: 8.717 Thread 0x0000022826db5a60 DEOPT PACKING pc=0x000002281308d574 sp=0x000000a8611fd750
Event: 8.717 Thread 0x0000022826db5a60 DEOPT UNPACKING pc=0x0000022812b7fc02 sp=0x000000a8611fd718 mode 2

Classes loaded (20 events):
Event: 8.128 Loading class com/sun/java/swing/plaf/windows/WindowsBorders$DashedBorder
Event: 8.128 Loading class com/sun/java/swing/plaf/windows/WindowsBorders$DashedBorder done
Event: 8.160 Loading class com/sun/java/swing/plaf/windows/WindowsGraphicsUtils
Event: 8.160 Loading class com/sun/java/swing/plaf/windows/WindowsGraphicsUtils done
Event: 8.162 Loading class javax/swing/event/AncestorEvent
Event: 8.162 Loading class javax/swing/event/AncestorEvent done
Event: 8.424 Loading class javax/swing/DefaultCellEditor$3
Event: 8.424 Loading class javax/swing/DefaultCellEditor$3 done
Event: 8.711 Loading class javax/swing/JToggleButton$1
Event: 8.711 Loading class javax/swing/JToggleButton$1 done
Event: 8.714 Loading class com/sun/java/swing/plaf/windows/AnimationController
Event: 8.714 Loading class com/sun/java/swing/plaf/windows/AnimationController done
Event: 8.714 Loading class com/sun/java/swing/plaf/windows/AnimationController$PartUIClientPropertyKey
Event: 8.714 Loading class com/sun/java/swing/plaf/windows/AnimationController$PartUIClientPropertyKey done
Event: 8.715 Loading class sun/swing/ImageCache$Entry
Event: 8.715 Loading class sun/swing/ImageCache$Entry done
Event: 8.715 Loading class sun/awt/image/MultiResolutionToolkitImage
Event: 8.715 Loading class sun/awt/image/MultiResolutionToolkitImage done
Event: 8.717 Loading class com/sun/java/swing/plaf/windows/WindowsButtonUI$1
Event: 8.717 Loading class com/sun/java/swing/plaf/windows/WindowsButtonUI$1 done

Classes unloaded (0 events):
No events

Classes redefined (0 events):
No events

Internal exceptions (20 events):
Event: 7.128 Thread 0x00000228007b2360 Exception <a 'java/lang/NoSuchMethodError'{0x000000070e408df8}: 'int java.lang.invoke.DirectMethodHandle$Holder.invokeSpecial(java.lang.Object, java.lang.Object, java.lang.Object, int, java.lang.Object)'> (0x000000070e408df8) 
thrown [s\src\hotspot\share\interpreter\linkResolver.cpp, line 804]
Event: 7.128 Thread 0x00000228007b2360 Exception <a 'java/lang/NoSuchMethodError'{0x000000070e40d210}: 'int java.lang.invoke.DelegatingMethodHandle$Holder.reinvoke_L(java.lang.Object, java.lang.Object, int, java.lang.Object)'> (0x000000070e40d210) 
thrown [s\src\hotspot\share\interpreter\linkResolver.cpp, line 804]
Event: 7.130 Thread 0x00000228007b2360 Exception <a 'java/lang/NoSuchMethodError'{0x000000070e32e7e0}: 'int java.lang.invoke.DelegatingMethodHandle$Holder.reinvoke_L(java.lang.Object, java.lang.Object, int, long)'> (0x000000070e32e7e0) 
thrown [s\src\hotspot\share\interpreter\linkResolver.cpp, line 804]
Event: 7.130 Thread 0x00000228007b2360 Exception <a 'java/lang/NoSuchMethodError'{0x000000070e009c38}: 'int java.lang.invoke.DirectMethodHandle$Holder.invokeSpecial(java.lang.Object, java.lang.Object, int, long)'> (0x000000070e009c38) 
thrown [s\src\hotspot\share\interpreter\linkResolver.cpp, line 804]
Event: 7.131 Thread 0x00000228007b2360 Exception <a 'java/lang/NoSuchMethodError'{0x000000070e0122f8}: 'int java.lang.invoke.Invokers$Holder.exactInvoker(java.lang.Object, java.lang.Object, int, long)'> (0x000000070e0122f8) 
thrown [s\src\hotspot\share\interpreter\linkResolver.cpp, line 804]
Event: 7.131 Thread 0x00000228007b2360 Exception <a 'java/lang/NoSuchMethodError'{0x000000070e01ad18}: 'int java.lang.invoke.DelegatingMethodHandle$Holder.delegate(java.lang.Object, java.lang.Object, int, long)'> (0x000000070e01ad18) 
thrown [s\src\hotspot\share\interpreter\linkResolver.cpp, line 804]
Event: 7.132 Thread 0x00000228007b2360 Exception <a 'java/lang/NoSuchMethodError'{0x000000070e12cb58}: 'long java.lang.invoke.DirectMethodHandle$Holder.invokeSpecial(java.lang.Object, java.lang.Object, long, long)'> (0x000000070e12cb58) 
thrown [s\src\hotspot\share\interpreter\linkResolver.cpp, line 804]
Event: 7.136 Thread 0x00000228007b2360 Exception <a 'java/lang/NoSuchMethodError'{0x000000070df268f8}: 'void java.lang.invoke.DirectMethodHandle$Holder.invokeSpecial(java.lang.Object, java.lang.Object, float, java.lang.Object, java.lang.Object, java.lang.Object, int, int, int, int, int, float, float, int, int, java.lang.Object, java.lang.Object)'> (0x000000070df268f8) 
thrown [s\src\hotspot\share\interpreter\linkResolver.cpp, line 804]
Event: 7.138 Thread 0x00000228007b2360 Exception <a 'java/lang/NoSuchMethodError'{0x000000070d80e458}: 'int java.lang.invoke.DirectMethodHandle$Holder.invokeSpecial(java.lang.Object, java.lang.Object, int, java.lang.Object)'> (0x000000070d80e458) 
thrown [s\src\hotspot\share\interpreter\linkResolver.cpp, line 804]
Event: 7.138 Thread 0x00000228007b2360 Exception <a 'java/lang/NoSuchMethodError'{0x000000070d91e7b8}: 'java.lang.Object java.lang.invoke.Invokers$Holder.invokeExact_MT(java.lang.Object, long, java.lang.Object)'> (0x000000070d91e7b8) 
thrown [s\src\hotspot\share\interpreter\linkResolver.cpp, line 804]
Event: 7.139 Thread 0x00000228007b2360 Exception <a 'java/lang/NoSuchMethodError'{0x000000070d711b60}: 'void java.lang.invoke.DelegatingMethodHandle$Holder.reinvoke_L(java.lang.Object, java.lang.Object, java.lang.Object, long, long)'> (0x000000070d711b60) 
thrown [s\src\hotspot\share\interpreter\linkResolver.cpp, line 804]
Event: 7.141 Thread 0x00000228007b2360 Exception <a 'java/lang/NoSuchMethodError'{0x000000070d40b158}: 'int java.lang.invoke.Invokers$Holder.invokeExact_MT(java.lang.Object, java.lang.Object, java.lang.Object, int, java.lang.Object, java.lang.Object)'> (0x000000070d40b158) 
thrown [s\src\hotspot\share\interpreter\linkResolver.cpp, line 804]
Event: 7.143 Thread 0x00000228007b2360 Exception <a 'java/lang/NoSuchMethodError'{0x000000070d305820}: 'int java.lang.invoke.DelegatingMethodHandle$Holder.reinvoke_L(java.lang.Object, java.lang.Object, java.lang.Object, long)'> (0x000000070d305820) 
thrown [s\src\hotspot\share\interpreter\linkResolver.cpp, line 804]
Event: 7.144 Thread 0x00000228007b2360 Exception <a 'java/lang/NoSuchMethodError'{0x000000070d114cd0}: 'java.lang.Object java.lang.invoke.DirectMethodHandle$Holder.invokeStatic(java.lang.Object, java.lang.Object, java.lang.Object, java.lang.Object, java.lang.Object, long)'> (0x000000070d114cd0) 
thrown [s\src\hotspot\share\interpreter\linkResolver.cpp, line 804]
Event: 7.326 Thread 0x00000228007b2360 Exception <a 'java/lang/NoSuchMethodError'{0x00000007fff000c0}: 'double java.lang.invoke.DirectMethodHandle$Holder.invokeStatic(java.lang.Object, java.lang.Object)'> (0x00000007fff000c0) 
thrown [s\src\hotspot\share\interpreter\linkResolver.cpp, line 804]
Event: 7.327 Thread 0x00000228007b2360 Exception <a 'java/lang/NoSuchMethodError'{0x00000007fff169a0}: 'void java.lang.invoke.DirectMethodHandle$Holder.invokeStatic(java.lang.Object, java.lang.Object, double)'> (0x00000007fff169a0) 
thrown [s\src\hotspot\share\interpreter\linkResolver.cpp, line 804]
Event: 7.329 Thread 0x00000228007b2360 Exception <a 'java/lang/NoSuchMethodError'{0x0000000710003dc8}: 'int java.lang.invoke.DirectMethodHandle$Holder.invokeInterface(java.lang.Object, java.lang.Object)'> (0x0000000710003dc8) 
thrown [s\src\hotspot\share\interpreter\linkResolver.cpp, line 804]
Event: 8.709 Thread 0x0000022826db5a60 Exception <a 'java/lang/NoSuchMethodError'{0x000000070b800628}: 'java.lang.Object java.lang.invoke.DirectMethodHandle$Holder.invokeSpecial(java.lang.Object, java.lang.Object, java.lang.Object, java.lang.Object, java.lang.Object, long)'> (0x000000070b800628) 
thrown [s\src\hotspot\share\interpreter\linkResolver.cpp, line 804]
Event: 8.709 Thread 0x0000022826db5a60 Exception <a 'java/lang/NoSuchMethodError'{0x000000070b8094b0}: 'java.lang.Object java.lang.invoke.DelegatingMethodHandle$Holder.reinvoke_L(java.lang.Object, java.lang.Object, java.lang.Object, java.lang.Object, long)'> (0x000000070b8094b0) 
thrown [s\src\hotspot\share\interpreter\linkResolver.cpp, line 804]
Event: 8.710 Thread 0x0000022826db5a60 Exception <a 'java/lang/NoSuchMethodError'{0x000000070b92e330}: 'java.lang.Object java.lang.invoke.Invokers$Holder.linkToTargetMethod(java.lang.Object, java.lang.Object, long, java.lang.Object)'> (0x000000070b92e330) 
thrown [s\src\hotspot\share\interpreter\linkResolver.cpp, line 804]

VM Operations (20 events):
Event: 7.992 Executing safepoint VM operation: G1CollectForAllocation (G1 Evacuation Pause) done
Event: 8.022 Executing safepoint VM operation: G1CollectForAllocation (G1 Evacuation Pause)
Event: 8.024 Executing safepoint VM operation: G1CollectForAllocation (G1 Evacuation Pause) done
Event: 8.053 Executing safepoint VM operation: G1CollectForAllocation (G1 Evacuation Pause)
Event: 8.055 Executing safepoint VM operation: G1CollectForAllocation (G1 Evacuation Pause) done
Event: 8.155 Executing safepoint VM operation: G1CollectForAllocation (G1 Evacuation Pause)
Event: 8.158 Executing safepoint VM operation: G1CollectForAllocation (G1 Evacuation Pause) done
Event: 8.221 Executing safepoint VM operation: G1CollectForAllocation (G1 Evacuation Pause)
Event: 8.223 Executing safepoint VM operation: G1CollectForAllocation (G1 Evacuation Pause) done
Event: 8.289 Executing safepoint VM operation: G1CollectForAllocation (G1 Evacuation Pause)
Event: 8.291 Executing safepoint VM operation: G1CollectForAllocation (G1 Evacuation Pause) done
Event: 8.348 Executing safepoint VM operation: G1CollectForAllocation (G1 Evacuation Pause)
Event: 8.351 Executing safepoint VM operation: G1CollectForAllocation (G1 Evacuation Pause) done
Event: 8.459 Executing safepoint VM operation: G1CollectForAllocation (G1 Evacuation Pause)
Event: 8.461 Executing safepoint VM operation: G1CollectForAllocation (G1 Evacuation Pause) done
Event: 8.546 Executing safepoint VM operation: G1CollectForAllocation (G1 Evacuation Pause)
Event: 8.548 Executing safepoint VM operation: G1CollectForAllocation (G1 Evacuation Pause) done
Event: 8.628 Executing safepoint VM operation: G1CollectForAllocation (G1 Evacuation Pause)
Event: 8.630 Executing safepoint VM operation: G1CollectForAllocation (G1 Evacuation Pause) done
Event: 8.718 Executing safepoint VM operation: G1CollectForAllocation (G1 Evacuation Pause)

Memory protections (0 events):
No events

Nmethod flushes (20 events):
Event: 7.865 Thread 0x00000228218f4a30 flushing  nmethod 0x000002280b62d188
Event: 7.865 Thread 0x00000228218f4a30 flushing  nmethod 0x000002280b62d708
Event: 7.865 Thread 0x00000228218f4a30 flushing  nmethod 0x000002280b649688
Event: 7.865 Thread 0x00000228218f4a30 flushing  nmethod 0x000002280b680388
Event: 7.865 Thread 0x00000228218f4a30 flushing  nmethod 0x000002280b685208
Event: 7.865 Thread 0x00000228218f4a30 flushing  nmethod 0x000002280b6a1488
Event: 7.865 Thread 0x00000228218f4a30 flushing  nmethod 0x000002280b6a2d88
Event: 7.865 Thread 0x00000228218f4a30 flushing  nmethod 0x000002280b6ef008
Event: 7.865 Thread 0x00000228218f4a30 flushing  nmethod 0x000002280b707408
Event: 7.865 Thread 0x00000228218f4a30 flushing  nmethod 0x000002280b767f08
Event: 7.865 Thread 0x00000228218f4a30 flushing  nmethod 0x000002280b78b208
Event: 7.865 Thread 0x00000228218f4a30 flushing  nmethod 0x000002280b78c188
Event: 7.865 Thread 0x00000228218f4a30 flushing  nmethod 0x000002280b7fc488
Event: 7.865 Thread 0x00000228218f4a30 flushing  nmethod 0x000002280b7fc788
Event: 7.865 Thread 0x00000228218f4a30 flushing  nmethod 0x000002280b801708
Event: 7.865 Thread 0x00000228218f4a30 flushing  nmethod 0x000002280b856a88
Event: 7.865 Thread 0x00000228218f4a30 flushing  nmethod 0x000002280b857208
Event: 7.865 Thread 0x00000228218f4a30 flushing  nmethod 0x000002280b857508
Event: 7.865 Thread 0x00000228218f4a30 flushing  nmethod 0x000002280b869388
Event: 7.865 Thread 0x00000228218f4a30 flushing  nmethod 0x000002280b872488

Events (20 events):
Event: 2.507 Thread 0x0000022826cd8820 Thread exited: 0x0000022826cd8820
Event: 2.507 Thread 0x0000022826db0c40 Thread exited: 0x0000022826db0c40
Event: 2.507 Thread 0x0000022826db5290 Thread exited: 0x0000022826db5290
Event: 2.865 Thread 0x000002282686f590 Thread exited: 0x000002282686f590
Event: 6.505 Thread 0x00000228007b2360 Thread added: 0x0000022826db5290
Event: 6.515 Thread 0x000002282191dc40 Thread added: 0x0000022826872e00
Event: 6.556 Thread 0x00000228265ff6e0 Thread added: 0x0000022826db0c40
Event: 6.568 Thread 0x00000228265ff6e0 Thread added: 0x0000022826db5a60
Event: 6.667 Thread 0x0000022826db5a60 Thread added: 0x0000022826db6230
Event: 7.347 Thread 0x00000228007b2360 Thread added: 0x0000022826db0470
Event: 7.379 Thread 0x00000228007b2360 Thread added: 0x0000022821916310
Event: 7.425 Thread 0x0000022826db0470 Thread added: 0x0000022826e954e0
Event: 7.428 Thread 0x0000022821916310 Thread added: 0x0000022826e97bf0
Event: 7.453 Thread 0x0000022826e954e0 Thread exited: 0x0000022826e954e0
Event: 7.453 Thread 0x0000022826e97bf0 Thread exited: 0x0000022826e97bf0
Event: 7.547 Thread 0x0000022826872e00 Thread exited: 0x0000022826872e00
Event: 7.639 Thread 0x0000022826db0470 Thread exited: 0x0000022826db0470
Event: 7.640 Thread 0x0000022821916310 Thread exited: 0x0000022821916310
Event: 7.648 Thread 0x00000228007b2360 Thread added: 0x0000022826db2b80
Event: 8.711 Thread 0x0000022826db5a60 Thread added: 0x00000228275208e0


Dynamic libraries:
0x00007ff610c90000 - 0x00007ff610c9e000 	C:\Program Files\Eclipse Adoptium\jdk-25.0.2.10-hotspot\bin\java.exe
0x00007ffb22810000 - 0x00007ffb22a08000 	C:\WINDOWS\SYSTEM32\ntdll.dll
0x00007ffb21170000 - 0x00007ffb21232000 	C:\WINDOWS\System32\KERNEL32.DLL
0x00007ffb20080000 - 0x00007ffb20376000 	C:\WINDOWS\System32\KERNELBASE.dll
0x00007ffb1ff80000 - 0x00007ffb20080000 	C:\WINDOWS\System32\ucrtbase.dll
0x00007ffb1b620000 - 0x00007ffb1b63e000 	C:\Program Files\Eclipse Adoptium\jdk-25.0.2.10-hotspot\bin\VCRUNTIME140.dll
0x00007ffb18e80000 - 0x00007ffb18e96000 	C:\Program Files\Eclipse Adoptium\jdk-25.0.2.10-hotspot\bin\jli.dll
0x00007ffb21770000 - 0x00007ffb21911000 	C:\WINDOWS\System32\USER32.dll
0x00007ffb205d0000 - 0x00007ffb205f2000 	C:\WINDOWS\System32\win32u.dll
0x00007ffb20fd0000 - 0x00007ffb20ffb000 	C:\WINDOWS\System32\GDI32.dll
0x00007ffb20600000 - 0x00007ffb20719000 	C:\WINDOWS\System32\gdi32full.dll
0x00007ffb203d0000 - 0x00007ffb2046d000 	C:\WINDOWS\System32\msvcp_win.dll
0x00007ffb064a0000 - 0x00007ffb0673b000 	C:\WINDOWS\WinSxS\amd64_microsoft.windows.common-controls_6595b64144ccf1df_6.0.19041.6456_none_60b8a6cb71f64256\COMCTL32.dll
0x00007ffb222b0000 - 0x00007ffb2234e000 	C:\WINDOWS\System32\msvcrt.dll
0x00007ffb21060000 - 0x00007ffb2108f000 	C:\WINDOWS\System32\IMM32.DLL
0x00007ffb1cfe0000 - 0x00007ffb1cfec000 	C:\Program Files\Eclipse Adoptium\jdk-25.0.2.10-hotspot\bin\vcruntime140_1.dll
0x00007ffaf2590000 - 0x00007ffaf261d000 	C:\Program Files\Eclipse Adoptium\jdk-25.0.2.10-hotspot\bin\msvcp140.dll
0x00007ffac0990000 - 0x00007ffac18b6000 	C:\Program Files\Eclipse Adoptium\jdk-25.0.2.10-hotspot\bin\server\jvm.dll
0x00007ffb221f0000 - 0x00007ffb222a1000 	C:\WINDOWS\System32\ADVAPI32.dll
0x00007ffb216d0000 - 0x00007ffb2176f000 	C:\WINDOWS\System32\sechost.dll
0x00007ffb20eb0000 - 0x00007ffb20fd0000 	C:\WINDOWS\System32\RPCRT4.dll
0x00007ffb1ff50000 - 0x00007ffb1ff77000 	C:\WINDOWS\System32\bcrypt.dll
0x00007ffb21590000 - 0x00007ffb215fb000 	C:\WINDOWS\System32\WS2_32.dll
0x00007ffb1f4f0000 - 0x00007ffb1f53b000 	C:\WINDOWS\SYSTEM32\POWRPROF.dll
0x00007ffb10030000 - 0x00007ffb10057000 	C:\WINDOWS\SYSTEM32\WINMM.dll
0x00007ffb17fa0000 - 0x00007ffb17faa000 	C:\WINDOWS\SYSTEM32\VERSION.dll
0x00007ffb1f4d0000 - 0x00007ffb1f4e2000 	C:\WINDOWS\SYSTEM32\UMPDC.dll
0x00007ffb1dcf0000 - 0x00007ffb1dd02000 	C:\WINDOWS\SYSTEM32\kernel.appcore.dll
0x00007ffb1bac0000 - 0x00007ffb1baca000 	C:\Program Files\Eclipse Adoptium\jdk-25.0.2.10-hotspot\bin\jimage.dll
0x00007ffb0e8a0000 - 0x00007ffb0eaa1000 	C:\WINDOWS\SYSTEM32\DBGHELP.DLL
0x00007ffaedca0000 - 0x00007ffaedcd4000 	C:\WINDOWS\SYSTEM32\dbgcore.DLL
0x00007ffb20720000 - 0x00007ffb207a2000 	C:\WINDOWS\System32\bcryptPrimitives.dll
0x00007ffb18e60000 - 0x00007ffb18e7e000 	C:\Program Files\Eclipse Adoptium\jdk-25.0.2.10-hotspot\bin\java.dll
0x00007ffb21250000 - 0x00007ffb2137b000 	C:\WINDOWS\System32\ole32.dll
0x00007ffb223c0000 - 0x00007ffb22714000 	C:\WINDOWS\System32\combase.dll
0x00007ffb21a80000 - 0x00007ffb221f0000 	C:\WINDOWS\System32\SHELL32.dll
0x00007ffb1def0000 - 0x00007ffb1e695000 	C:\WINDOWS\SYSTEM32\windows.storage.dll
0x00007ffb1f850000 - 0x00007ffb1f87b000 	C:\WINDOWS\SYSTEM32\Wldp.dll
0x00007ffb21600000 - 0x00007ffb216cd000 	C:\WINDOWS\System32\OLEAUT32.dll
0x00007ffb22720000 - 0x00007ffb227cd000 	C:\WINDOWS\System32\SHCORE.dll
0x00007ffb21000000 - 0x00007ffb2105b000 	C:\WINDOWS\System32\shlwapi.dll
0x00007ffb1fdd0000 - 0x00007ffb1fdf4000 	C:\WINDOWS\SYSTEM32\profapi.dll
0x00007ffb18e40000 - 0x00007ffb18e51000 	C:\Program Files\Eclipse Adoptium\jdk-25.0.2.10-hotspot\bin\net.dll
0x00007ffb1f5d0000 - 0x00007ffb1f63a000 	C:\WINDOWS\system32\mswsock.dll
0x00007ffb18c10000 - 0x00007ffb18c26000 	C:\Program Files\Eclipse Adoptium\jdk-25.0.2.10-hotspot\bin\nio.dll
0x00007ffb18bf0000 - 0x00007ffb18c07000 	C:\Program Files\Eclipse Adoptium\jdk-25.0.2.10-hotspot\bin\zip.dll
0x00007ffb1afe0000 - 0x00007ffb1afea000 	C:\Program Files\Eclipse Adoptium\jdk-25.0.2.10-hotspot\bin\management.dll
0x00007ffb18be0000 - 0x00007ffb18bec000 	C:\Program Files\Eclipse Adoptium\jdk-25.0.2.10-hotspot\bin\management_ext.dll
0x00007ffb22350000 - 0x00007ffb22358000 	C:\WINDOWS\System32\PSAPI.DLL
0x00007ffab89b0000 - 0x00007ffab89c7000 	C:\WINDOWS\system32\napinsp.dll
0x00007ffab89d0000 - 0x00007ffab89eb000 	C:\WINDOWS\system32\pnrpnsp.dll
0x00007ffaebee0000 - 0x00007ffaebefd000 	C:\WINDOWS\system32\wshbth.dll
0x00007ffb1cd70000 - 0x00007ffb1cd8d000 	C:\WINDOWS\system32\NLAapi.dll
0x00007ffb1f260000 - 0x00007ffb1f29b000 	C:\WINDOWS\SYSTEM32\IPHLPAPI.DLL
0x00007ffb1f2a0000 - 0x00007ffb1f36a000 	C:\WINDOWS\SYSTEM32\DNSAPI.dll
0x00007ffb21240000 - 0x00007ffb21248000 	C:\WINDOWS\System32\NSI.dll
0x00007ffab89f0000 - 0x00007ffab8a02000 	C:\WINDOWS\System32\winrnr.dll
0x00007ffb05e20000 - 0x00007ffb05e2a000 	C:\Windows\System32\rasadhlp.dll
0x00007ffb06b60000 - 0x00007ffb06be0000 	C:\WINDOWS\System32\fwpuclnt.dll
0x00007ffaf2410000 - 0x00007ffaf2590000 	C:\Program Files\Eclipse Adoptium\jdk-25.0.2.10-hotspot\bin\awt.dll
0x00007ffb1d170000 - 0x00007ffb1d204000 	C:\WINDOWS\SYSTEM32\apphelp.dll
0x00007ffb1d800000 - 0x00007ffb1d89e000 	C:\WINDOWS\system32\uxtheme.dll
0x00007ffb21380000 - 0x00007ffb21495000 	C:\WINDOWS\System32\MSCTF.dll
0x00007ffb1db10000 - 0x00007ffb1db3e000 	C:\WINDOWS\system32\DWMAPI.DLL
0x00007ffb1f800000 - 0x00007ffb1f818000 	C:\WINDOWS\SYSTEM32\CRYPTSP.dll
0x00007ffb1eea0000 - 0x00007ffb1eed8000 	C:\WINDOWS\system32\rsaenh.dll
0x00007ffb1fd50000 - 0x00007ffb1fd7e000 	C:\WINDOWS\SYSTEM32\USERENV.dll
0x00007ffb1f760000 - 0x00007ffb1f76c000 	C:\WINDOWS\SYSTEM32\CRYPTBASE.dll
0x00007ffaecd10000 - 0x00007ffaece38000 	C:\WINDOWS\system32\opengl32.dll
0x00007ffaed3b0000 - 0x00007ffaed3dc000 	C:\WINDOWS\SYSTEM32\GLU32.dll
0x00007ffad5780000 - 0x00007ffad5951000 	C:\WINDOWS\system32\d3d9.dll
0x00007ffb15c00000 - 0x00007ffb15cc4000 	C:\WINDOWS\System32\DriverStore\FileRepository\nv_dispi.inf_amd64_d471cab2f241c3c2\nvldumdx.dll
0x00007ffb1fa60000 - 0x00007ffb1fa72000 	C:\WINDOWS\SYSTEM32\msasn1.dll
0x00007ffb17f60000 - 0x00007ffb17f91000 	C:\WINDOWS\SYSTEM32\cryptnet.dll
0x00007ffb20470000 - 0x00007ffb205cd000 	C:\WINDOWS\System32\CRYPT32.dll
0x00007ffb17d20000 - 0x00007ffb17e67000 	C:\WINDOWS\SYSTEM32\drvstore.dll
0x00007ffb1fc30000 - 0x00007ffb1fc63000 	C:\WINDOWS\SYSTEM32\devobj.dll
0x00007ffb20380000 - 0x00007ffb203ce000 	C:\WINDOWS\System32\cfgmgr32.dll
0x00007ffb207b0000 - 0x00007ffb20823000 	C:\WINDOWS\System32\wintrust.dll
0x00007ffb21920000 - 0x00007ffb2193d000 	C:\WINDOWS\System32\imagehlp.dll
0x00007ffb11de0000 - 0x00007ffb15b74000 	C:\WINDOWS\System32\DriverStore\FileRepository\nv_dispi.inf_amd64_d471cab2f241c3c2\nvgpucomp64.dll
0x00007ffb10060000 - 0x00007ffb1013e000 	C:\WINDOWS\System32\DriverStore\FileRepository\nv_dispi.inf_amd64_d471cab2f241c3c2\NvMemMapStoragex.dll
0x00007ffa75100000 - 0x00007ffa77c05000 	C:\WINDOWS\System32\DriverStore\FileRepository\nv_dispi.inf_amd64_d471cab2f241c3c2\nvd3dumx.dll
0x00007ffaf1750000 - 0x00007ffaf18ff000 	C:\WINDOWS\System32\DriverStore\FileRepository\igdlh64.inf_amd64_e6797382daf01d86\igdumdim64.dll
0x00007ffa532d0000 - 0x00007ffa56373000 	C:\WINDOWS\System32\DriverStore\FileRepository\igdlh64.inf_amd64_e6797382daf01d86\igd9dxva64.dll
0x00007ffb20830000 - 0x00007ffb20ca0000 	C:\WINDOWS\System32\SETUPAPI.dll
0x00007ffb05980000 - 0x00007ffb05d89000 	C:\WINDOWS\System32\DriverStore\FileRepository\igdlh64.inf_amd64_e6797382daf01d86\igdgmm64.dll
0x00007ffade6f0000 - 0x00007ffade837000 	C:\WINDOWS\system32\nvspcap64.dll
0x00007ffb1f0f0000 - 0x00007ffb1f123000 	C:\WINDOWS\SYSTEM32\ntmarta.dll
0x00007ffb1e6b0000 - 0x00007ffb1e6d3000 	C:\WINDOWS\SYSTEM32\gpapi.dll
0x00007ffad7300000 - 0x00007ffad74b7000 	C:\WINDOWS\System32\DriverStore\FileRepository\nv_dispi.inf_amd64_d471cab2f241c3c2\nvppex.dll
0x00007ffb16430000 - 0x00007ffb1646b000 	C:\WINDOWS\SYSTEM32\dxcore.dll
0x00007ffb18bd0000 - 0x00007ffb18bde000 	C:\Program Files\Eclipse Adoptium\jdk-25.0.2.10-hotspot\bin\sunmscapi.dll
0x00007ffb1f920000 - 0x00007ffb1f947000 	C:\WINDOWS\SYSTEM32\ncrypt.dll
0x00007ffb1f8a0000 - 0x00007ffb1f8db000 	C:\WINDOWS\SYSTEM32\NTASN1.dll
0x00007ffb18b40000 - 0x00007ffb18b49000 	C:\Program Files\Eclipse Adoptium\jdk-25.0.2.10-hotspot\bin\extnet.dll
0x00007ffaf2380000 - 0x00007ffaf2407000 	C:\Program Files\Eclipse Adoptium\jdk-25.0.2.10-hotspot\bin\freetype.dll
0x00007ffaef700000 - 0x00007ffaef7ef000 	C:\Program Files\Eclipse Adoptium\jdk-25.0.2.10-hotspot\bin\fontmanager.dll
0x00007ffafcac0000 - 0x00007ffafcac7000 	C:\WINDOWS\system32\wshunix.dll
0x00007ffb160a0000 - 0x00007ffb16199000 	C:\WINDOWS\SYSTEM32\textinputframework.dll
0x00007ffb1c8d0000 - 0x00007ffb1cc2b000 	C:\WINDOWS\System32\CoreUIComponents.dll
0x00007ffb1cc30000 - 0x00007ffb1cd22000 	C:\WINDOWS\System32\CoreMessaging.dll
0x00007ffb1b6f0000 - 0x00007ffb1b847000 	C:\WINDOWS\SYSTEM32\wintypes.dll
0x00007ffb05db0000 - 0x00007ffb05e16000 	C:\WINDOWS\system32\Oleacc.dll
0x00007ffb18b30000 - 0x00007ffb18b39000 	C:\Program Files\Eclipse Adoptium\jdk-25.0.2.10-hotspot\bin\syslookup.dll
0x00007ffb219d0000 - 0x00007ffb21a79000 	C:\WINDOWS\System32\clbcatq.dll
0x00007ffb1d5f0000 - 0x00007ffb1d7a6000 	C:\WINDOWS\SYSTEM32\WindowsCodecs.dll
0x00007ffaeb140000 - 0x00007ffaeb17e000 	C:\WINDOWS\system32\dataexchange.dll
0x00007ffb1c1f0000 - 0x00007ffb1c3d4000 	C:\WINDOWS\system32\dcomp.dll
0x00007ffb1b850000 - 0x00007ffb1bab4000 	C:\WINDOWS\system32\d3d11.dll
0x00007ffb1e6e0000 - 0x00007ffb1e7d6000 	C:\WINDOWS\system32\dxgi.dll
0x00007ffb1a160000 - 0x00007ffb1a363000 	C:\WINDOWS\system32\twinapi.appcore.dll

JVMTI agents: none

dbghelp: loaded successfully - version: 4.0.5 - missing functions: none
symbol engine: initialized successfully - sym options: 0x614 - pdb path: .;C:\Program Files\Eclipse Adoptium\jdk-25.0.2.10-hotspot\bin;C:\WINDOWS\SYSTEM32;C:\WINDOWS\WinSxS\amd64_microsoft.windows.common-controls_6595b64144ccf1df_6.0.19041.6456_none_60b8a6cb71f64256;C:\Program Files\Eclipse Adoptium\jdk-25.0.2.10-hotspot\bin\server;C:\WINDOWS\System32\DriverStore\FileRepository\nv_dispi.inf_amd64_d471cab2f241c3c2;C:\WINDOWS\System32\DriverStore\FileRepository\igdlh64.inf_amd64_e6797382daf01d86

VM Arguments:
java_command: C:\Users\kille\Documents\KiCad\9.0\3rdparty\plugins\app_freerouting_kicad-plugin\jar/freerouting-2.1.0.jar -de G:\Mi unidad\Universidad\TFG\PCB\Proyecto\PCB_BatteryCharger\freerouting.dsn -do G:\Mi unidad\Universidad\TFG\PCB\Proyecto\PCB_BatteryCharger\freerouting.ses -host KiCad
java_class_path (initial): C:\Users\kille\Documents\KiCad\9.0\3rdparty\plugins\app_freerouting_kicad-plugin\jar/freerouting-2.1.0.jar
Launcher Type: SUN_STANDARD

[Global flags]
     intx CICompilerCount                          = 3                                         {product} {ergonomic}
     uint ConcGCThreads                            = 1                                         {product} {ergonomic}
     uint G1ConcRefinementThreads                  = 4                                         {product} {ergonomic}
   size_t G1HeapRegionSize                         = 2097152                                   {product} {ergonomic}
   size_t InitialHeapSize                          = 266338304                                 {product} {ergonomic}
   size_t MarkStackSize                            = 4194304                                   {product} {ergonomic}
   size_t MarkStackSizeMax                         = 536870912                                 {product} {ergonomic}
   size_t MaxHeapSize                              = 4261412864                                {product} {ergonomic}
   size_t MaxNewSize                               = 2556428288                                {product} {ergonomic}
   size_t MinHeapDeltaBytes                        = 2097152                                   {product} {ergonomic}
   size_t MinHeapSize                              = 8388608                                   {product} {ergonomic}
    uintx NonNMethodCodeHeapSize                   = 5832704                                {pd product} {ergonomic}
    uintx NonProfiledCodeHeapSize                  = 122945536                              {pd product} {ergonomic}
    uintx ProfiledCodeHeapSize                     = 122880000                              {pd product} {ergonomic}
    uintx ReservedCodeCacheSize                    = 251658240                              {pd product} {ergonomic}
     bool SegmentedCodeCache                       = true                                      {product} {ergonomic}
   size_t SoftMaxHeapSize                          = 4261412864                             {manageable} {ergonomic}
     bool UseCompressedOops                        = true                           {product lp64_product} {ergonomic}
     bool UseG1GC                                  = true                                      {product} {ergonomic}
     bool UseLargePagesIndividualAllocation        = false                                  {pd product} {ergonomic}

Logging:
Log output configuration:
 #0: stdout all=warning uptime,level,tags foldmultilines=false
 #1: stderr all=off uptime,level,tags foldmultilines=false

Release file:
IMPLEMENTOR="Eclipse Adoptium" 
IMPLEMENTOR_VERSION="Temurin-25.0.2+10" 
JAVA_RUNTIME_VERSION="25.0.2+10-LTS" 
JAVA_VERSION="25.0.2" 
JAVA_VERSION_DATE="2026-01-20" 
LIBC="default" 
MODULES="java.base java.compiler java.datatransfer java.xml java.prefs java.desktop java.instrument java.logging java.management java.security.sasl java.naming java.rmi java.management.rmi java.net.http java.scripting java.security.jgss java.transaction.xa java.sql java.sql.rowset java.xml.crypto java.se java.smartcardio jdk.accessibility jdk.internal.jvmstat jdk.attach jdk.charsets jdk.internal.opt jdk.zipfs jdk.compiler jdk.crypto.cryptoki jdk.crypto.ec jdk.crypto.mscapi jdk.dynalink jdk.internal.ed jdk.editpad jdk.internal.vm.ci jdk.graal.compiler jdk.graal.compiler.management jdk.hotspot.agent jdk.httpserver jdk.incubator.vector jdk.internal.le jdk.internal.md jdk.jartool jdk.javadoc jdk.jcmd jdk.management jdk.management.agent jdk.jconsole jdk.jdeps jdk.jdwp.agent jdk.jdi jdk.jfr jdk.jlink jdk.jpackage jdk.jshell jdk.jsobject jdk.jstatd jdk.localedata jdk.management.jfr jdk.naming.dns jdk.naming.rmi jdk.net jdk.nio.mapmode jdk.sctp jdk.security.auth jdk.security.jgss jdk.unsupported jdk.unsupported.desktop jdk.xml.dom" 
OS_ARCH="x86_64" 
OS_NAME="Windows" 
SOURCE=".:git:9e3c947043a4" 
BUILD_SOURCE="git:458965074606f027bd5afce2cfd5c1055dea0438"
BUILD_SOURCE_REPO="https://github.com/adoptium/temurin-build.git"
SOURCE_REPO="https://github.com/adoptium/jdk25u.git"
FULL_VERSION="25.0.2+10-LTS"
SEMANTIC_VERSION="25.0.2+10"
BUILD_INFO="OS: Windows Server 2022 Version: 10.0"
JVM_VARIANT="Hotspot"
JVM_VERSION="25.0.2+10-LTS"
IMAGE_TYPE="JDK"

Environment Variables:
PATH=C:\Users\kille\Documents\KiCad\9.0\3rdparty\Python311\Scripts\;C:\Program Files\Eclipse Adoptium\jdk-25.0.2.10-hotspot\bin;D:\Program Files\Eclipse Adoptium\jre-21.0.6.7-hotspot\bin;C:\Program Files\Common Files\Oracle\Java\javapath;c:\windows\system32;c:\windows;c:\windows\system32\wbem;c:\windows\system32\windowspowershell\v1.0\;c:\windows\system32\openssh\;d:\program files (x86)\touch portal\plugins\adb\platform-tools;c:\windows\system32;c:\windows;c:\windows\system32\wbem;c:\windows\system32\windowspowershell\v1.0\;c:\windows\system32\openssh\;C:\Program Files (x86)\NVIDIA Corporation\PhysX\Common;D:\Program Files\MATLAB\R2021b\bin;D:\Program Files\AutoFirma\AutoFirma;C:\Program Files\NVIDIA Corporation\NVIDIA app\NvDLISR;C:\Program Files (x86)\STMicroelectronics\STM32 ST-LINK Utility\ST-LINK Utility;D:\Program Files\PuTTY\;D:\Program Files\Git\cmd;C:\Users\kille\AppData\Local\Microsoft\WindowsApps;C:\Users\kille\AppData\Roaming\Dashlane\6.2044.0.40862\bin\Firefox_Extension\{442718d9-475e-452a-b3e1-fb1ee16b8e9f}\components;C:\Users\kille\AppData\Roaming\Dashlane\6.2044.0.40862\ucrt;C:\Users\kille\AppData\Roaming\Dashlane\6.2044.0.40862\bin\Qt;C:\Users\kille\AppData\Roaming\Dashlane\6.2044.0.40862\bin\Ssl;C:\Program Files\Java\jdk1.8.0_281\bin;D:\Universidad_programas\Quartus\modelsim_ase\win32aloem;C:\Users\kille\spicetify-cli;C:\Users\kille\AppData\Local\GitHubDesktop\bin;D:\Program Files\Microsoft VS Code\bin;C:\Program Files (x86)\Digilent\AdeptUtilities
USERNAME=kille
OS=Windows_NT
PROCESSOR_IDENTIFIER=Intel64 Family 6 Model 158 Stepping 9, GenuineIntel
TMP=C:\Users\kille\AppData\Local\Temp
TEMP=C:\Users\kille\AppData\Local\Temp




Compilation memory statistics disabled.

Periodic native trim disabled

---------------  S Y S T E M  ---------------

OS:
 Windows 10 , 64 bit Build 19041 (10.0.19041.5915)
OS uptime: 6 days 1:04 hours
Hyper-V role detected

CPU: total 4 (initial active 4) (4 cores per cpu, 1 threads per core) family 6 model 158 stepping 9 microcode 0xb4, cx8, cmov, fxsr, mmx, 3dnowpref, sse, sse2, sse3, ssse3, sse4.1, sse4.2, popcnt, lzcnt, tsc, tscinvbit, avx, avx2, aes, erms, clmul, bmi1, bmi2, adx, fma, vzeroupper, clflush, clflushopt, hv, rdtscp, f16c
Processor Information for the first 4 processors :
  Max Mhz: 3001, Current Mhz: 3001, Mhz Limit: 3001

Memory: 4k page, system-wide physical 16252M (5416M free)
TotalPageFile size 20348M (AvailPageFile size 34M)
current process WorkingSet (physical memory assigned to process): 486M, peak: 494M
current process commit charge ("private bytes"): 549M, peak: 613M

vm_info: OpenJDK 64-Bit Server VM (25.0.2+10-LTS) for windows-amd64 JRE (25.0.2+10-LTS), built on 2026-01-20T00:00:00Z with MS VC++ 17.12 (VS2022)

END.
