#
# There is insufficient memory for the Java Runtime Environment to continue.
# Native memory allocation (mmap) failed to map 75497472 bytes. Error detail: G1 virtual space
# Possible reasons:
#   The system is out of physical RAM or swap space
#   This process is running with CompressedOops enabled, and the Java Heap may be blocking the growth of the native heap
# Possible solutions:
#   Reduce memory load on the system
#   Increase physical memory or swap space
#   Check if swap backing store is full
#   Decrease Java heap size (-Xmx/-Xms)
#   Decrease number of Java threads
#   Decrease Java thread stack sizes (-Xss)
#   Set larger code cache with -XX:ReservedCodeCacheSize=
#   JVM is running with Zero Based Compressed Oops mode in which the Java heap is
#     placed in the first 32GB address space. The Java Heap base address is the
#     maximum limit for the native heap growth. Please use -XX:HeapBaseMinAddress
#     to set the Java Heap base and to place the Java Heap above 32GB virtual address.
# This output file may be truncated or incomplete.
#
#  Out of Memory Error (os_windows.cpp:3714), pid=392, tid=956
#
# JRE version: OpenJDK Runtime Environment Temurin-21.0.10+7 (21.0.10+7) (build 21.0.10+7-LTS)
# Java VM: OpenJDK 64-Bit Server VM Temurin-21.0.10+7 (21.0.10+7-LTS, mixed mode, sharing, tiered, compressed oops, compressed class ptrs, g1 gc, windows-amd64)
# No core dump will be written. Minidumps are not enabled by default on client versions of Windows
#

---------------  S U M M A R Y ------------

Command Line: C:\Users\kille\Documents\KiCad\9.0\3rdparty\plugins\app_freerouting_kicad-plugin\jar/freerouting-2.1.0.jar -de G:\Mi unidad\Universidad\TFG\PCB\Proyecto\PCB_BatteryCharger\freerouting.dsn -do G:\Mi unidad\Universidad\TFG\PCB\Proyecto\PCB_BatteryCharger\freerouting.ses -host KiCad

Host: Intel(R) Core(TM) i5-7400 CPU @ 3.00GHz, 4 cores, 15G,  Windows 10 , 64 bit Build 19041 (10.0.19041.5915)
Time: Fri Mar 20 05:58:04 2026 Hora estándar romance elapsed time: 8.920577 seconds (0d 0h 0m 8s)

---------------  T H R E A D  ---------------

Current thread (0x0000014db6fb0cd0):  VMThread "VM Thread"          [id=956, stack(0x0000000693e00000,0x0000000693f00000) (1024K)]

Stack: [0x0000000693e00000,0x0000000693f00000]
Native frames: (J=compiled Java code, j=interpreted, Vv=VM code, C=native code)
V  [jvm.dll+0x6d7a39]
V  [jvm.dll+0x8b4b26]
V  [jvm.dll+0x8b70de]
V  [jvm.dll+0x8b77c3]
V  [jvm.dll+0x284346]
V  [jvm.dll+0x6d4355]
V  [jvm.dll+0x6c808a]
V  [jvm.dll+0x35edb8]
V  [jvm.dll+0x3669f6]
V  [jvm.dll+0x3b7afe]
V  [jvm.dll+0x3b7da8]
V  [jvm.dll+0x332fbc]
V  [jvm.dll+0x333047]
V  [jvm.dll+0x376e1c]
V  [jvm.dll+0x3755be]
V  [jvm.dll+0x332701]
V  [jvm.dll+0x374c2a]
V  [jvm.dll+0x8bd4b0]
V  [jvm.dll+0x8be824]
V  [jvm.dll+0x8bed50]
V  [jvm.dll+0x8beff3]
V  [jvm.dll+0x85f59d]
V  [jvm.dll+0x6d626d]
C  [ucrtbase.dll+0x21bb2]
C  [KERNEL32.DLL+0x17374]
C  [ntdll.dll+0x4cc91]

VM_Operation (0x0000000694eff130): G1CollectForAllocation, mode: safepoint, requested by thread 0x0000014dfdaf5f00


---------------  P R O C E S S  ---------------

Threads class SMR info:
_java_thread_list=0x0000014dfc1b6b90, length=20, elements={
0x0000014d9ab9ef00, 0x0000014db6fca4a0, 0x0000014db6fcc2c0, 0x0000014db6fcee70,
0x0000014db6fd1a90, 0x0000014db6fd24f0, 0x0000014db6fd5560, 0x0000014db6fe1d30,
0x0000014db6fe9100, 0x0000014dfc107680, 0x0000014dfc10a1c0, 0x0000014dfc9b88c0,
0x0000014dfc9b95a0, 0x0000014dfdaf6590, 0x0000014dfdaf5f00, 0x0000014dff487010,
0x0000014dfdaf3e30, 0x0000014dfdaf51e0, 0x0000014dfdaf6c20, 0x0000014dfdaf4b50
}

Java Threads: ( => current thread )
  0x0000014d9ab9ef00 JavaThread "main"                              [_thread_in_native, id=17940, stack(0x0000000693700000,0x0000000693800000) (1024K)]
  0x0000014db6fca4a0 JavaThread "Reference Handler"          daemon [_thread_blocked, id=11220, stack(0x0000000693f00000,0x0000000694000000) (1024K)]
  0x0000014db6fcc2c0 JavaThread "Finalizer"                  daemon [_thread_blocked, id=15600, stack(0x0000000694000000,0x0000000694100000) (1024K)]
  0x0000014db6fcee70 JavaThread "Signal Dispatcher"          daemon [_thread_blocked, id=784, stack(0x0000000694100000,0x0000000694200000) (1024K)]
  0x0000014db6fd1a90 JavaThread "Attach Listener"            daemon [_thread_blocked, id=9904, stack(0x0000000694200000,0x0000000694300000) (1024K)]
  0x0000014db6fd24f0 JavaThread "Service Thread"             daemon [_thread_blocked, id=7776, stack(0x0000000694300000,0x0000000694400000) (1024K)]
  0x0000014db6fd5560 JavaThread "Monitor Deflation Thread"   daemon [_thread_blocked, id=3356, stack(0x0000000694400000,0x0000000694500000) (1024K)]
  0x0000014db6fe1d30 JavaThread "C2 CompilerThread0"         daemon [_thread_blocked, id=4128, stack(0x0000000694500000,0x0000000694600000) (1024K)]
  0x0000014db6fe9100 JavaThread "C1 CompilerThread0"         daemon [_thread_blocked, id=13508, stack(0x0000000694600000,0x0000000694700000) (1024K)]
  0x0000014dfc107680 JavaThread "Notification Thread"        daemon [_thread_blocked, id=8348, stack(0x0000000694700000,0x0000000694800000) (1024K)]
  0x0000014dfc10a1c0 JavaThread "Common-Cleaner"             daemon [_thread_blocked, id=728, stack(0x0000000694800000,0x0000000694900000) (1024K)]
  0x0000014dfc9b88c0 JavaThread "Java2D Disposer"            daemon [_thread_blocked, id=15256, stack(0x0000000694d00000,0x0000000694e00000) (1024K)]
  0x0000014dfc9b95a0 JavaThread "AWT-Windows"                daemon [_thread_blocked, id=11760, stack(0x0000000694f00000,0x0000000695000000) (1024K)]
  0x0000014dfdaf6590 JavaThread "ForkJoinPool.commonPool-worker-1" daemon [_thread_blocked, id=5476, stack(0x0000000694900000,0x0000000694a00000) (1024K)]
  0x0000014dfdaf5f00 JavaThread "Thread-4"                          [_thread_blocked, id=10404, stack(0x0000000694e00000,0x0000000694f00000) (1024K)]
  0x0000014dff487010 JavaThread "C2 CompilerThread1"         daemon [_thread_blocked, id=8232, stack(0x0000000695200000,0x0000000695300000) (1024K)]
  0x0000014dfdaf3e30 JavaThread "AWT-Shutdown"                      [_thread_blocked, id=3380, stack(0x0000000695300000,0x0000000695400000) (1024K)]
  0x0000014dfdaf51e0 JavaThread "AWT-EventQueue-0"                  [_thread_blocked, id=11488, stack(0x0000000695400000,0x0000000695500000) (1024K)]
  0x0000014dfdaf6c20 JavaThread "D3D Screen Updater"         daemon [_thread_blocked, id=17008, stack(0x0000000695500000,0x0000000695600000) (1024K)]
  0x0000014dfdaf4b50 JavaThread "TimerQueue"                 daemon [_thread_blocked, id=15108, stack(0x0000000695900000,0x0000000695a00000) (1024K)]
Total: 20

Other Threads:
=>0x0000014db6fb0cd0 VMThread "VM Thread"                           [id=956, stack(0x0000000693e00000,0x0000000693f00000) (1024K)]
  0x0000014db6f9f3f0 WatcherThread "VM Periodic Task Thread"        [id=7040, stack(0x0000000693d00000,0x0000000693e00000) (1024K)]
  0x0000014d9ac06960 WorkerThread "GC Thread#0"                     [id=8772, stack(0x0000000693800000,0x0000000693900000) (1024K)]
  0x0000014dfc4bc120 WorkerThread "GC Thread#1"                     [id=14396, stack(0x0000000694a00000,0x0000000694b00000) (1024K)]
  0x0000014dfc4be5e0 WorkerThread "GC Thread#2"                     [id=18072, stack(0x0000000694b00000,0x0000000694c00000) (1024K)]
  0x0000014dfc4be990 WorkerThread "GC Thread#3"                     [id=11780, stack(0x0000000694c00000,0x0000000694d00000) (1024K)]
  0x0000014d9ac18020 ConcurrentGCThread "G1 Main Marker"            [id=16184, stack(0x0000000693900000,0x0000000693a00000) (1024K)]
  0x0000014d9ac191e0 WorkerThread "G1 Conc#0"                       [id=8992, stack(0x0000000693a00000,0x0000000693b00000) (1024K)]
  0x0000014db6e6d8b0 ConcurrentGCThread "G1 Refine#0"               [id=3412, stack(0x0000000693b00000,0x0000000693c00000) (1024K)]
  0x0000014db6e6e0e0 ConcurrentGCThread "G1 Service"                [id=924, stack(0x0000000693c00000,0x0000000693d00000) (1024K)]
Total: 10

Threads with active compile tasks:
Total: 0

VM state: at safepoint (normal execution)

VM Mutex/Monitor currently owned by a thread:  ([mutex/lock_event])
[0x00007ffac17ce560] Threads_lock - owner thread: 0x0000014db6fb0cd0
[0x00007ffac17ce660] Heap_lock - owner thread: 0x0000014dfdaf5f00

Heap address: 0x0000000702000000, size: 4064 MB, Compressed Oops mode: Zero based, Oop shift amount: 3

CDS archive(s) mapped at: [0x0000014db7000000-0x0000014db7ba0000-0x0000014db7ba0000), size 12189696, SharedBaseAddress: 0x0000014db7000000, ArchiveRelocationMode: 1.
Compressed class space mapped at: 0x0000014db8000000-0x0000014df8000000, reserved size: 1073741824
Narrow klass base: 0x0000014db7000000, Narrow klass shift: 0, Narrow klass range: 0x100000000

GC Precious Log:
 CardTable entry size: 512
 Card Set container configuration: InlinePtr #cards 4 size 8 Array Of Cards #cards 16 size 48 Howl #buckets 8 coarsen threshold 3686 Howl Bitmap #cards 512 size 80 coarsen threshold 460 Card regions per heap region 1 cards per card region 4096
 CPUs: 4 total, 4 available
 Memory: 16252M
 Large Page Support: Disabled
 NUMA Support: Disabled
 Compressed Oops: Enabled (Zero based)
 Heap Region Size: 2M
 Heap Min Capacity: 8M
 Heap Initial Capacity: 254M
 Heap Max Capacity: 4064M
 Pre-touch: Disabled
 Parallel Workers: 4
 Concurrent Workers: 1
 Concurrent Refinement Workers: 4
 Periodic GC: Disabled

Heap:
 garbage-first heap   total 362496K, used 21909K [0x0000000702000000, 0x0000000800000000)
  region size 2048K, 3 young (6144K), 3 survivors (6144K)
 Metaspace       used 34202K, committed 34688K, reserved 1114112K
  class space    used 4321K, committed 4544K, reserved 1048576K

Heap Regions: E=young(eden), S=young(survivor), O=old, HS=humongous(starts), HC=humongous(continues), CS=collection set, F=free, TAMS=top-at-mark-start, PB=parsable bottom
|   0|0x0000000702000000, 0x0000000702200000, 0x0000000702200000|100%| O|  |TAMS 0x0000000702000000| PB 0x0000000702000000| Untracked 
|   1|0x0000000702200000, 0x0000000702200000, 0x0000000702400000|  0%| F|  |TAMS 0x0000000702200000| PB 0x0000000702200000| Untracked 
|   2|0x0000000702400000, 0x0000000702600000, 0x0000000702600000|100%|HS|  |TAMS 0x0000000702400000| PB 0x0000000702400000| Complete 
|   3|0x0000000702600000, 0x0000000702800000, 0x0000000702800000|100%|HC|  |TAMS 0x0000000702600000| PB 0x0000000702600000| Complete 
|   4|0x0000000702800000, 0x0000000702a00000, 0x0000000702a00000|100%| O|  |TAMS 0x0000000702800000| PB 0x0000000702800000| Untracked 
|   5|0x0000000702a00000, 0x0000000702c00000, 0x0000000702c00000|100%| O|  |TAMS 0x0000000702a00000| PB 0x0000000702a00000| Untracked 
|   6|0x0000000702c00000, 0x0000000702da1240, 0x0000000702e00000| 81%| O|  |TAMS 0x0000000702c00000| PB 0x0000000702c00000| Untracked 
|   7|0x0000000702e00000, 0x0000000702e00000, 0x0000000703000000|  0%| F|  |TAMS 0x0000000702e00000| PB 0x0000000702e00000| Untracked 
|   8|0x0000000703000000, 0x0000000703000000, 0x0000000703200000|  0%| F|  |TAMS 0x0000000703000000| PB 0x0000000703000000| Untracked 
|   9|0x0000000703200000, 0x0000000703200000, 0x0000000703400000|  0%| F|  |TAMS 0x0000000703200000| PB 0x0000000703200000| Untracked 
|  10|0x0000000703400000, 0x0000000703400000, 0x0000000703600000|  0%| F|  |TAMS 0x0000000703400000| PB 0x0000000703400000| Untracked 
|  11|0x0000000703600000, 0x0000000703600000, 0x0000000703800000|  0%| F|  |TAMS 0x0000000703600000| PB 0x0000000703600000| Untracked 
|  12|0x0000000703800000, 0x0000000703800000, 0x0000000703a00000|  0%| F|  |TAMS 0x0000000703800000| PB 0x0000000703800000| Untracked 
|  13|0x0000000703a00000, 0x0000000703a00000, 0x0000000703c00000|  0%| F|  |TAMS 0x0000000703a00000| PB 0x0000000703a00000| Untracked 
|  14|0x0000000703c00000, 0x0000000703c00000, 0x0000000703e00000|  0%| F|  |TAMS 0x0000000703c00000| PB 0x0000000703c00000| Untracked 
|  15|0x0000000703e00000, 0x0000000703e00000, 0x0000000704000000|  0%| F|  |TAMS 0x0000000703e00000| PB 0x0000000703e00000| Untracked 
|  16|0x0000000704000000, 0x0000000704000000, 0x0000000704200000|  0%| F|  |TAMS 0x0000000704000000| PB 0x0000000704000000| Untracked 
|  17|0x0000000704200000, 0x0000000704200000, 0x0000000704400000|  0%| F|  |TAMS 0x0000000704200000| PB 0x0000000704200000| Untracked 
|  18|0x0000000704400000, 0x0000000704400000, 0x0000000704600000|  0%| F|  |TAMS 0x0000000704400000| PB 0x0000000704400000| Untracked 
|  19|0x0000000704600000, 0x0000000704600000, 0x0000000704800000|  0%| F|  |TAMS 0x0000000704600000| PB 0x0000000704600000| Untracked 
|  20|0x0000000704800000, 0x0000000704800000, 0x0000000704a00000|  0%| F|  |TAMS 0x0000000704800000| PB 0x0000000704800000| Untracked 
|  21|0x0000000704a00000, 0x0000000704a00000, 0x0000000704c00000|  0%| F|  |TAMS 0x0000000704a00000| PB 0x0000000704a00000| Untracked 
|  22|0x0000000704c00000, 0x0000000704c00000, 0x0000000704e00000|  0%| F|  |TAMS 0x0000000704c00000| PB 0x0000000704c00000| Untracked 
|  23|0x0000000704e00000, 0x0000000704e00000, 0x0000000705000000|  0%| F|  |TAMS 0x0000000704e00000| PB 0x0000000704e00000| Untracked 
|  24|0x0000000705000000, 0x0000000705000000, 0x0000000705200000|  0%| F|  |TAMS 0x0000000705000000| PB 0x0000000705000000| Untracked 
|  25|0x0000000705200000, 0x0000000705200000, 0x0000000705400000|  0%| F|  |TAMS 0x0000000705200000| PB 0x0000000705200000| Untracked 
|  26|0x0000000705400000, 0x0000000705400000, 0x0000000705600000|  0%| F|  |TAMS 0x0000000705400000| PB 0x0000000705400000| Untracked 
|  27|0x0000000705600000, 0x0000000705600000, 0x0000000705800000|  0%| F|  |TAMS 0x0000000705600000| PB 0x0000000705600000| Untracked 
|  28|0x0000000705800000, 0x0000000705800000, 0x0000000705a00000|  0%| F|  |TAMS 0x0000000705800000| PB 0x0000000705800000| Untracked 
|  29|0x0000000705a00000, 0x0000000705a00000, 0x0000000705c00000|  0%| F|  |TAMS 0x0000000705a00000| PB 0x0000000705a00000| Untracked 
|  30|0x0000000705c00000, 0x0000000705c00000, 0x0000000705e00000|  0%| F|  |TAMS 0x0000000705c00000| PB 0x0000000705c00000| Untracked 
|  31|0x0000000705e00000, 0x0000000705e00000, 0x0000000706000000|  0%| F|  |TAMS 0x0000000705e00000| PB 0x0000000705e00000| Untracked 
|  32|0x0000000706000000, 0x0000000706000000, 0x0000000706200000|  0%| F|  |TAMS 0x0000000706000000| PB 0x0000000706000000| Untracked 
|  33|0x0000000706200000, 0x0000000706200000, 0x0000000706400000|  0%| F|  |TAMS 0x0000000706200000| PB 0x0000000706200000| Untracked 
|  34|0x0000000706400000, 0x0000000706400000, 0x0000000706600000|  0%| F|  |TAMS 0x0000000706400000| PB 0x0000000706400000| Untracked 
|  35|0x0000000706600000, 0x0000000706600000, 0x0000000706800000|  0%| F|  |TAMS 0x0000000706600000| PB 0x0000000706600000| Untracked 
|  36|0x0000000706800000, 0x0000000706800000, 0x0000000706a00000|  0%| F|  |TAMS 0x0000000706800000| PB 0x0000000706800000| Untracked 
|  37|0x0000000706a00000, 0x0000000706a00000, 0x0000000706c00000|  0%| F|  |TAMS 0x0000000706a00000| PB 0x0000000706a00000| Untracked 
|  38|0x0000000706c00000, 0x0000000706c00000, 0x0000000706e00000|  0%| F|  |TAMS 0x0000000706c00000| PB 0x0000000706c00000| Untracked 
|  39|0x0000000706e00000, 0x0000000706e00000, 0x0000000707000000|  0%| F|  |TAMS 0x0000000706e00000| PB 0x0000000706e00000| Untracked 
|  40|0x0000000707000000, 0x0000000707000000, 0x0000000707200000|  0%| F|  |TAMS 0x0000000707000000| PB 0x0000000707000000| Untracked 
|  41|0x0000000707200000, 0x0000000707200000, 0x0000000707400000|  0%| F|  |TAMS 0x0000000707200000| PB 0x0000000707200000| Untracked 
|  42|0x0000000707400000, 0x0000000707400000, 0x0000000707600000|  0%| F|  |TAMS 0x0000000707400000| PB 0x0000000707400000| Untracked 
|  43|0x0000000707600000, 0x0000000707600000, 0x0000000707800000|  0%| F|  |TAMS 0x0000000707600000| PB 0x0000000707600000| Untracked 
|  44|0x0000000707800000, 0x0000000707800000, 0x0000000707a00000|  0%| F|  |TAMS 0x0000000707800000| PB 0x0000000707800000| Untracked 
|  45|0x0000000707a00000, 0x0000000707a00000, 0x0000000707c00000|  0%| F|  |TAMS 0x0000000707a00000| PB 0x0000000707a00000| Untracked 
|  46|0x0000000707c00000, 0x0000000707c00000, 0x0000000707e00000|  0%| F|  |TAMS 0x0000000707c00000| PB 0x0000000707c00000| Untracked 
|  47|0x0000000707e00000, 0x0000000707e00000, 0x0000000708000000|  0%| F|  |TAMS 0x0000000707e00000| PB 0x0000000707e00000| Untracked 
|  48|0x0000000708000000, 0x0000000708000000, 0x0000000708200000|  0%| F|  |TAMS 0x0000000708000000| PB 0x0000000708000000| Untracked 
|  49|0x0000000708200000, 0x0000000708200000, 0x0000000708400000|  0%| F|  |TAMS 0x0000000708200000| PB 0x0000000708200000| Untracked 
|  50|0x0000000708400000, 0x0000000708400000, 0x0000000708600000|  0%| F|  |TAMS 0x0000000708400000| PB 0x0000000708400000| Untracked 
|  51|0x0000000708600000, 0x0000000708600000, 0x0000000708800000|  0%| F|  |TAMS 0x0000000708600000| PB 0x0000000708600000| Untracked 
|  52|0x0000000708800000, 0x0000000708800000, 0x0000000708a00000|  0%| F|  |TAMS 0x0000000708800000| PB 0x0000000708800000| Untracked 
|  53|0x0000000708a00000, 0x0000000708a00000, 0x0000000708c00000|  0%| F|  |TAMS 0x0000000708a00000| PB 0x0000000708a00000| Untracked 
|  54|0x0000000708c00000, 0x0000000708c00000, 0x0000000708e00000|  0%| F|  |TAMS 0x0000000708c00000| PB 0x0000000708c00000| Untracked 
|  55|0x0000000708e00000, 0x0000000708e00000, 0x0000000709000000|  0%| F|  |TAMS 0x0000000708e00000| PB 0x0000000708e00000| Untracked 
|  56|0x0000000709000000, 0x0000000709000000, 0x0000000709200000|  0%| F|  |TAMS 0x0000000709000000| PB 0x0000000709000000| Untracked 
|  57|0x0000000709200000, 0x0000000709200000, 0x0000000709400000|  0%| F|  |TAMS 0x0000000709200000| PB 0x0000000709200000| Untracked 
|  58|0x0000000709400000, 0x0000000709400000, 0x0000000709600000|  0%| F|  |TAMS 0x0000000709400000| PB 0x0000000709400000| Untracked 
|  59|0x0000000709600000, 0x0000000709600000, 0x0000000709800000|  0%| F|  |TAMS 0x0000000709600000| PB 0x0000000709600000| Untracked 
|  60|0x0000000709800000, 0x0000000709800000, 0x0000000709a00000|  0%| F|  |TAMS 0x0000000709800000| PB 0x0000000709800000| Untracked 
|  61|0x0000000709a00000, 0x0000000709a00000, 0x0000000709c00000|  0%| F|  |TAMS 0x0000000709a00000| PB 0x0000000709a00000| Untracked 
|  62|0x0000000709c00000, 0x0000000709c00000, 0x0000000709e00000|  0%| F|  |TAMS 0x0000000709c00000| PB 0x0000000709c00000| Untracked 
|  63|0x0000000709e00000, 0x0000000709e00000, 0x000000070a000000|  0%| F|  |TAMS 0x0000000709e00000| PB 0x0000000709e00000| Untracked 
|  64|0x000000070a000000, 0x000000070a000000, 0x000000070a200000|  0%| F|  |TAMS 0x000000070a000000| PB 0x000000070a000000| Untracked 
|  65|0x000000070a200000, 0x000000070a200000, 0x000000070a400000|  0%| F|  |TAMS 0x000000070a200000| PB 0x000000070a200000| Untracked 
|  66|0x000000070a400000, 0x000000070a5c41e8, 0x000000070a600000| 88%| S|CS|TAMS 0x000000070a400000| PB 0x000000070a400000| Complete 
|  67|0x000000070a600000, 0x000000070a800000, 0x000000070a800000|100%| S|CS|TAMS 0x000000070a600000| PB 0x000000070a600000| Complete 
|  68|0x000000070a800000, 0x000000070aa00000, 0x000000070aa00000|100%| S|CS|TAMS 0x000000070a800000| PB 0x000000070a800000| Complete 
|  69|0x000000070aa00000, 0x000000070aa00000, 0x000000070ac00000|  0%| F|  |TAMS 0x000000070aa00000| PB 0x000000070aa00000| Untracked 
|  70|0x000000070ac00000, 0x000000070ac00000, 0x000000070ae00000|  0%| F|  |TAMS 0x000000070ac00000| PB 0x000000070ac00000| Untracked 
|  71|0x000000070ae00000, 0x000000070ae00000, 0x000000070b000000|  0%| F|  |TAMS 0x000000070ae00000| PB 0x000000070ae00000| Untracked 
|  72|0x000000070b000000, 0x000000070b000000, 0x000000070b200000|  0%| F|  |TAMS 0x000000070b000000| PB 0x000000070b000000| Untracked 
|  73|0x000000070b200000, 0x000000070b200000, 0x000000070b400000|  0%| F|  |TAMS 0x000000070b200000| PB 0x000000070b200000| Untracked 
|  74|0x000000070b400000, 0x000000070b400000, 0x000000070b600000|  0%| F|  |TAMS 0x000000070b400000| PB 0x000000070b400000| Untracked 
|  75|0x000000070b600000, 0x000000070b600000, 0x000000070b800000|  0%| F|  |TAMS 0x000000070b600000| PB 0x000000070b600000| Untracked 
|  76|0x000000070b800000, 0x000000070b800000, 0x000000070ba00000|  0%| F|  |TAMS 0x000000070b800000| PB 0x000000070b800000| Untracked 
|  77|0x000000070ba00000, 0x000000070ba00000, 0x000000070bc00000|  0%| F|  |TAMS 0x000000070ba00000| PB 0x000000070ba00000| Untracked 
|  78|0x000000070bc00000, 0x000000070bc00000, 0x000000070be00000|  0%| F|  |TAMS 0x000000070bc00000| PB 0x000000070bc00000| Untracked 
|  79|0x000000070be00000, 0x000000070be00000, 0x000000070c000000|  0%| F|  |TAMS 0x000000070be00000| PB 0x000000070be00000| Untracked 
|  80|0x000000070c000000, 0x000000070c000000, 0x000000070c200000|  0%| F|  |TAMS 0x000000070c000000| PB 0x000000070c000000| Untracked 
|  81|0x000000070c200000, 0x000000070c200000, 0x000000070c400000|  0%| F|  |TAMS 0x000000070c200000| PB 0x000000070c200000| Untracked 
|  82|0x000000070c400000, 0x000000070c400000, 0x000000070c600000|  0%| F|  |TAMS 0x000000070c400000| PB 0x000000070c400000| Untracked 
|  83|0x000000070c600000, 0x000000070c600000, 0x000000070c800000|  0%| F|  |TAMS 0x000000070c600000| PB 0x000000070c600000| Untracked 
|  84|0x000000070c800000, 0x000000070c800000, 0x000000070ca00000|  0%| F|  |TAMS 0x000000070c800000| PB 0x000000070c800000| Untracked 
|  85|0x000000070ca00000, 0x000000070ca00000, 0x000000070cc00000|  0%| F|  |TAMS 0x000000070ca00000| PB 0x000000070ca00000| Untracked 
|  86|0x000000070cc00000, 0x000000070cc00000, 0x000000070ce00000|  0%| F|  |TAMS 0x000000070cc00000| PB 0x000000070cc00000| Untracked 
|  87|0x000000070ce00000, 0x000000070ce00000, 0x000000070d000000|  0%| F|  |TAMS 0x000000070ce00000| PB 0x000000070ce00000| Untracked 
|  88|0x000000070d000000, 0x000000070d000000, 0x000000070d200000|  0%| F|  |TAMS 0x000000070d000000| PB 0x000000070d000000| Untracked 
|  89|0x000000070d200000, 0x000000070d200000, 0x000000070d400000|  0%| F|  |TAMS 0x000000070d200000| PB 0x000000070d200000| Untracked 
|  90|0x000000070d400000, 0x000000070d400000, 0x000000070d600000|  0%| F|  |TAMS 0x000000070d400000| PB 0x000000070d400000| Untracked 
|  91|0x000000070d600000, 0x000000070d600000, 0x000000070d800000|  0%| F|  |TAMS 0x000000070d600000| PB 0x000000070d600000| Untracked 
|  92|0x000000070d800000, 0x000000070d800000, 0x000000070da00000|  0%| F|  |TAMS 0x000000070d800000| PB 0x000000070d800000| Untracked 
|  93|0x000000070da00000, 0x000000070da00000, 0x000000070dc00000|  0%| F|  |TAMS 0x000000070da00000| PB 0x000000070da00000| Untracked 
|  94|0x000000070dc00000, 0x000000070dc00000, 0x000000070de00000|  0%| F|  |TAMS 0x000000070dc00000| PB 0x000000070dc00000| Untracked 
|  95|0x000000070de00000, 0x000000070de00000, 0x000000070e000000|  0%| F|  |TAMS 0x000000070de00000| PB 0x000000070de00000| Untracked 
|  96|0x000000070e000000, 0x000000070e000000, 0x000000070e200000|  0%| F|  |TAMS 0x000000070e000000| PB 0x000000070e000000| Untracked 
|  97|0x000000070e200000, 0x000000070e200000, 0x000000070e400000|  0%| F|  |TAMS 0x000000070e200000| PB 0x000000070e200000| Untracked 
|  98|0x000000070e400000, 0x000000070e400000, 0x000000070e600000|  0%| F|  |TAMS 0x000000070e400000| PB 0x000000070e400000| Untracked 
|  99|0x000000070e600000, 0x000000070e600000, 0x000000070e800000|  0%| F|  |TAMS 0x000000070e600000| PB 0x000000070e600000| Untracked 
| 100|0x000000070e800000, 0x000000070e800000, 0x000000070ea00000|  0%| F|  |TAMS 0x000000070e800000| PB 0x000000070e800000| Untracked 
| 101|0x000000070ea00000, 0x000000070ea00000, 0x000000070ec00000|  0%| F|  |TAMS 0x000000070ea00000| PB 0x000000070ea00000| Untracked 
| 102|0x000000070ec00000, 0x000000070ec00000, 0x000000070ee00000|  0%| F|  |TAMS 0x000000070ec00000| PB 0x000000070ec00000| Untracked 
| 103|0x000000070ee00000, 0x000000070ee00000, 0x000000070f000000|  0%| F|  |TAMS 0x000000070ee00000| PB 0x000000070ee00000| Untracked 
| 104|0x000000070f000000, 0x000000070f000000, 0x000000070f200000|  0%| F|  |TAMS 0x000000070f000000| PB 0x000000070f000000| Untracked 
| 105|0x000000070f200000, 0x000000070f200000, 0x000000070f400000|  0%| F|  |TAMS 0x000000070f200000| PB 0x000000070f200000| Untracked 
| 106|0x000000070f400000, 0x000000070f400000, 0x000000070f600000|  0%| F|  |TAMS 0x000000070f400000| PB 0x000000070f400000| Untracked 
| 107|0x000000070f600000, 0x000000070f600000, 0x000000070f800000|  0%| F|  |TAMS 0x000000070f600000| PB 0x000000070f600000| Untracked 
| 108|0x000000070f800000, 0x000000070f800000, 0x000000070fa00000|  0%| F|  |TAMS 0x000000070f800000| PB 0x000000070f800000| Untracked 
| 109|0x000000070fa00000, 0x000000070fa00000, 0x000000070fc00000|  0%| F|  |TAMS 0x000000070fa00000| PB 0x000000070fa00000| Untracked 
| 110|0x000000070fc00000, 0x000000070fc00000, 0x000000070fe00000|  0%| F|  |TAMS 0x000000070fc00000| PB 0x000000070fc00000| Untracked 
| 111|0x000000070fe00000, 0x000000070fe00000, 0x0000000710000000|  0%| F|  |TAMS 0x000000070fe00000| PB 0x000000070fe00000| Untracked 
| 112|0x0000000710000000, 0x0000000710000000, 0x0000000710200000|  0%| F|  |TAMS 0x0000000710000000| PB 0x0000000710000000| Untracked 
| 113|0x0000000710200000, 0x0000000710200000, 0x0000000710400000|  0%| F|  |TAMS 0x0000000710200000| PB 0x0000000710200000| Untracked 
| 114|0x0000000710400000, 0x0000000710400000, 0x0000000710600000|  0%| F|  |TAMS 0x0000000710400000| PB 0x0000000710400000| Untracked 
| 115|0x0000000710600000, 0x0000000710600000, 0x0000000710800000|  0%| F|  |TAMS 0x0000000710600000| PB 0x0000000710600000| Untracked 
| 116|0x0000000710800000, 0x0000000710800000, 0x0000000710a00000|  0%| F|  |TAMS 0x0000000710800000| PB 0x0000000710800000| Untracked 
| 117|0x0000000710a00000, 0x0000000710a00000, 0x0000000710c00000|  0%| F|  |TAMS 0x0000000710a00000| PB 0x0000000710a00000| Untracked 
| 118|0x0000000710c00000, 0x0000000710c00000, 0x0000000710e00000|  0%| F|  |TAMS 0x0000000710c00000| PB 0x0000000710c00000| Untracked 
| 119|0x0000000710e00000, 0x0000000710e00000, 0x0000000711000000|  0%| F|  |TAMS 0x0000000710e00000| PB 0x0000000710e00000| Untracked 
| 120|0x0000000711000000, 0x0000000711000000, 0x0000000711200000|  0%| F|  |TAMS 0x0000000711000000| PB 0x0000000711000000| Untracked 
| 121|0x0000000711200000, 0x0000000711200000, 0x0000000711400000|  0%| F|  |TAMS 0x0000000711200000| PB 0x0000000711200000| Untracked 
| 122|0x0000000711400000, 0x0000000711400000, 0x0000000711600000|  0%| F|  |TAMS 0x0000000711400000| PB 0x0000000711400000| Untracked 
| 123|0x0000000711600000, 0x0000000711600000, 0x0000000711800000|  0%| F|  |TAMS 0x0000000711600000| PB 0x0000000711600000| Untracked 
| 124|0x0000000711800000, 0x0000000711800000, 0x0000000711a00000|  0%| F|  |TAMS 0x0000000711800000| PB 0x0000000711800000| Untracked 
| 125|0x0000000711a00000, 0x0000000711a00000, 0x0000000711c00000|  0%| F|  |TAMS 0x0000000711a00000| PB 0x0000000711a00000| Untracked 
| 126|0x0000000711c00000, 0x0000000711c00000, 0x0000000711e00000|  0%| F|  |TAMS 0x0000000711c00000| PB 0x0000000711c00000| Untracked 
| 127|0x0000000711e00000, 0x0000000711e00000, 0x0000000712000000|  0%| F|  |TAMS 0x0000000711e00000| PB 0x0000000711e00000| Untracked 
| 128|0x0000000712000000, 0x0000000712000000, 0x0000000712200000|  0%| F|  |TAMS 0x0000000712000000| PB 0x0000000712000000| Untracked 
| 129|0x0000000712200000, 0x0000000712200000, 0x0000000712400000|  0%| F|  |TAMS 0x0000000712200000| PB 0x0000000712200000| Untracked 
| 130|0x0000000712400000, 0x0000000712400000, 0x0000000712600000|  0%| F|  |TAMS 0x0000000712400000| PB 0x0000000712400000| Untracked 
| 131|0x0000000712600000, 0x0000000712600000, 0x0000000712800000|  0%| F|  |TAMS 0x0000000712600000| PB 0x0000000712600000| Untracked 
| 132|0x0000000712800000, 0x0000000712800000, 0x0000000712a00000|  0%| F|  |TAMS 0x0000000712800000| PB 0x0000000712800000| Untracked 
| 133|0x0000000712a00000, 0x0000000712a00000, 0x0000000712c00000|  0%| F|  |TAMS 0x0000000712a00000| PB 0x0000000712a00000| Untracked 
| 134|0x0000000712c00000, 0x0000000712c00000, 0x0000000712e00000|  0%| F|  |TAMS 0x0000000712c00000| PB 0x0000000712c00000| Untracked 
| 135|0x0000000712e00000, 0x0000000712e00000, 0x0000000713000000|  0%| F|  |TAMS 0x0000000712e00000| PB 0x0000000712e00000| Untracked 
| 136|0x0000000713000000, 0x0000000713000000, 0x0000000713200000|  0%| F|  |TAMS 0x0000000713000000| PB 0x0000000713000000| Untracked 
| 137|0x0000000713200000, 0x0000000713200000, 0x0000000713400000|  0%| F|  |TAMS 0x0000000713200000| PB 0x0000000713200000| Untracked 
| 138|0x0000000713400000, 0x0000000713400000, 0x0000000713600000|  0%| F|  |TAMS 0x0000000713400000| PB 0x0000000713400000| Untracked 
| 139|0x0000000713600000, 0x0000000713600000, 0x0000000713800000|  0%| F|  |TAMS 0x0000000713600000| PB 0x0000000713600000| Untracked 
| 140|0x0000000713800000, 0x0000000713800000, 0x0000000713a00000|  0%| F|  |TAMS 0x0000000713800000| PB 0x0000000713800000| Untracked 
| 141|0x0000000713a00000, 0x0000000713a00000, 0x0000000713c00000|  0%| F|  |TAMS 0x0000000713a00000| PB 0x0000000713a00000| Untracked 
| 142|0x0000000713c00000, 0x0000000713c00000, 0x0000000713e00000|  0%| F|  |TAMS 0x0000000713c00000| PB 0x0000000713c00000| Untracked 
| 143|0x0000000713e00000, 0x0000000713e00000, 0x0000000714000000|  0%| F|  |TAMS 0x0000000713e00000| PB 0x0000000713e00000| Untracked 
| 144|0x0000000714000000, 0x0000000714000000, 0x0000000714200000|  0%| F|  |TAMS 0x0000000714000000| PB 0x0000000714000000| Untracked 
| 145|0x0000000714200000, 0x0000000714200000, 0x0000000714400000|  0%| F|  |TAMS 0x0000000714200000| PB 0x0000000714200000| Untracked 
| 146|0x0000000714400000, 0x0000000714400000, 0x0000000714600000|  0%| F|  |TAMS 0x0000000714400000| PB 0x0000000714400000| Untracked 
| 147|0x0000000714600000, 0x0000000714600000, 0x0000000714800000|  0%| F|  |TAMS 0x0000000714600000| PB 0x0000000714600000| Untracked 
| 148|0x0000000714800000, 0x0000000714800000, 0x0000000714a00000|  0%| F|  |TAMS 0x0000000714800000| PB 0x0000000714800000| Untracked 
| 149|0x0000000714a00000, 0x0000000714a00000, 0x0000000714c00000|  0%| F|  |TAMS 0x0000000714a00000| PB 0x0000000714a00000| Untracked 
| 150|0x0000000714c00000, 0x0000000714c00000, 0x0000000714e00000|  0%| F|  |TAMS 0x0000000714c00000| PB 0x0000000714c00000| Untracked 
| 151|0x0000000714e00000, 0x0000000714e00000, 0x0000000715000000|  0%| F|  |TAMS 0x0000000714e00000| PB 0x0000000714e00000| Untracked 
| 152|0x0000000715000000, 0x0000000715000000, 0x0000000715200000|  0%| F|  |TAMS 0x0000000715000000| PB 0x0000000715000000| Untracked 
| 153|0x0000000715200000, 0x0000000715200000, 0x0000000715400000|  0%| F|  |TAMS 0x0000000715200000| PB 0x0000000715200000| Untracked 
| 154|0x0000000715400000, 0x0000000715400000, 0x0000000715600000|  0%| F|  |TAMS 0x0000000715400000| PB 0x0000000715400000| Untracked 
| 155|0x0000000715600000, 0x0000000715600000, 0x0000000715800000|  0%| F|  |TAMS 0x0000000715600000| PB 0x0000000715600000| Untracked 
| 156|0x0000000715800000, 0x0000000715800000, 0x0000000715a00000|  0%| F|  |TAMS 0x0000000715800000| PB 0x0000000715800000| Untracked 
| 157|0x0000000715a00000, 0x0000000715a00000, 0x0000000715c00000|  0%| F|  |TAMS 0x0000000715a00000| PB 0x0000000715a00000| Untracked 
| 158|0x0000000715c00000, 0x0000000715c00000, 0x0000000715e00000|  0%| F|  |TAMS 0x0000000715c00000| PB 0x0000000715c00000| Untracked 
| 159|0x0000000715e00000, 0x0000000715e00000, 0x0000000716000000|  0%| F|  |TAMS 0x0000000715e00000| PB 0x0000000715e00000| Untracked 
| 160|0x0000000716000000, 0x0000000716000000, 0x0000000716200000|  0%| F|  |TAMS 0x0000000716000000| PB 0x0000000716000000| Untracked 
| 161|0x0000000716200000, 0x0000000716200000, 0x0000000716400000|  0%| F|  |TAMS 0x0000000716200000| PB 0x0000000716200000| Untracked 
| 162|0x0000000716400000, 0x0000000716400000, 0x0000000716600000|  0%| F|  |TAMS 0x0000000716400000| PB 0x0000000716400000| Untracked 
| 163|0x0000000716600000, 0x0000000716600000, 0x0000000716800000|  0%| F|  |TAMS 0x0000000716600000| PB 0x0000000716600000| Untracked 
| 164|0x0000000716800000, 0x0000000716800000, 0x0000000716a00000|  0%| F|  |TAMS 0x0000000716800000| PB 0x0000000716800000| Untracked 
| 165|0x0000000716a00000, 0x0000000716a00000, 0x0000000716c00000|  0%| F|  |TAMS 0x0000000716a00000| PB 0x0000000716a00000| Untracked 
| 166|0x0000000716c00000, 0x0000000716c00000, 0x0000000716e00000|  0%| F|  |TAMS 0x0000000716c00000| PB 0x0000000716c00000| Untracked 
| 167|0x0000000716e00000, 0x0000000716e00000, 0x0000000717000000|  0%| F|  |TAMS 0x0000000716e00000| PB 0x0000000716e00000| Untracked 
| 168|0x0000000717000000, 0x0000000717000000, 0x0000000717200000|  0%| F|  |TAMS 0x0000000717000000| PB 0x0000000717000000| Untracked 
| 169|0x0000000717200000, 0x0000000717200000, 0x0000000717400000|  0%| F|  |TAMS 0x0000000717200000| PB 0x0000000717200000| Untracked 
| 170|0x0000000717400000, 0x0000000717400000, 0x0000000717600000|  0%| F|  |TAMS 0x0000000717400000| PB 0x0000000717400000| Untracked 
| 171|0x0000000717600000, 0x0000000717600000, 0x0000000717800000|  0%| F|  |TAMS 0x0000000717600000| PB 0x0000000717600000| Untracked 
| 172|0x0000000717800000, 0x0000000717800000, 0x0000000717a00000|  0%| F|  |TAMS 0x0000000717800000| PB 0x0000000717800000| Untracked 
| 173|0x0000000717a00000, 0x0000000717a00000, 0x0000000717c00000|  0%| F|  |TAMS 0x0000000717a00000| PB 0x0000000717a00000| Untracked 
| 174|0x0000000717c00000, 0x0000000717c00000, 0x0000000717e00000|  0%| F|  |TAMS 0x0000000717c00000| PB 0x0000000717c00000| Untracked 
|2030|0x00000007ffc00000, 0x00000007ffe00000, 0x00000007ffe00000|100%| O|  |TAMS 0x00000007ffc00000| PB 0x00000007ffc00000| Untracked 
|2031|0x00000007ffe00000, 0x0000000800000000, 0x0000000800000000|100%| O|  |TAMS 0x00000007ffe00000| PB 0x00000007ffe00000| Untracked 

Card table byte_map: [0x0000014db0360000,0x0000014db0b50000] _byte_map_base: 0x0000014dacb50000

Marking Bits: (CMBitMap*) 0x0000014d9ac06f80
 Bits: [0x0000014db0b50000, 0x0000014db4ad0000)

Polling page: 0x0000014d98900000

Metaspace:

Usage:
  Non-class:     29.18 MB used.
      Class:      4.22 MB used.
       Both:     33.40 MB used.

Virtual space:
  Non-class space:       64.00 MB reserved,      29.44 MB ( 46%) committed,  1 nodes.
      Class space:        1.00 GB reserved,       4.44 MB ( <1%) committed,  1 nodes.
             Both:        1.06 GB reserved,      33.88 MB (  3%) committed. 

Chunk freelists:
   Non-Class:  2.16 MB
       Class:  11.59 MB
        Both:  13.75 MB

MaxMetaspaceSize: unlimited
CompressedClassSpaceSize: 1.00 GB
Initial GC threshold: 21.00 MB
Current GC threshold: 35.25 MB
CDS: on
 - commit_granule_bytes: 65536.
 - commit_granule_words: 8192.
 - virtual_space_node_default_size: 8388608.
 - enlarge_chunks_in_place: 1.
 - use_allocation_guard: 0.


Internal statistics:

num_allocs_failed_limit: 3.
num_arena_births: 500.
num_arena_deaths: 0.
num_vsnodes_births: 2.
num_vsnodes_deaths: 0.
num_space_committed: 542.
num_space_uncommitted: 0.
num_chunks_returned_to_freelist: 3.
num_chunks_taken_from_freelist: 1129.
num_chunk_merges: 0.
num_chunk_splits: 695.
num_chunks_enlarged: 445.
num_inconsistent_stats: 0.

CodeHeap 'non-profiled nmethods': size=120000Kb used=2020Kb max_used=2020Kb free=117979Kb
 bounds [0x0000014da8640000, 0x0000014da88b0000, 0x0000014dafb70000]
CodeHeap 'profiled nmethods': size=120000Kb used=9181Kb max_used=9181Kb free=110818Kb
 bounds [0x0000014da0b70000, 0x0000014da1470000, 0x0000014da80a0000]
CodeHeap 'non-nmethods': size=5760Kb used=1698Kb max_used=1733Kb free=4061Kb
 bounds [0x0000014da80a0000, 0x0000014da8310000, 0x0000014da8640000]
CodeCache: size=245760Kb, used=12899Kb, max_used=12934Kb, free=232858Kb
 total_blobs=5543, nmethods=4707, adapters=739, full_count=0
Compilation: enabled, stopped_count=0, restarted_count=0

Compilation events (20 events):
Event: 8.887 Thread 0x0000014db6fe9100 4699       3       javax.swing.JToggleButton$ToggleButtonModel::isSelected (15 bytes)
Event: 8.887 Thread 0x0000014db6fe9100 nmethod 4699 0x0000014da1464810 code [0x0000014da14649a0, 0x0000014da1464b08]
Event: 8.887 Thread 0x0000014db6fe9100 4698       1       javax.swing.DefaultButtonModel::getGroup (5 bytes)
Event: 8.887 Thread 0x0000014db6fe9100 nmethod 4698 0x0000014da8838290 code [0x0000014da8838420, 0x0000014da88384f0]
Event: 8.888 Thread 0x0000014db6fe1d30 4700       4       java.util.LinkedHashMap::get (29 bytes)
Event: 8.892 Thread 0x0000014db6fe1d30 nmethod 4700 0x0000014da8838590 code [0x0000014da8838740, 0x0000014da8838ac0]
Event: 8.894 Thread 0x0000014db6fe9100 4701       3       java.awt.EventQueue::isDispatchThread (9 bytes)
Event: 8.894 Thread 0x0000014db6fe9100 nmethod 4701 0x0000014da1464b90 code [0x0000014da1464da0, 0x0000014da1465258]
Event: 8.894 Thread 0x0000014db6fe9100 4702   !   3       java.util.concurrent.locks.AbstractQueuedSynchronizer$ConditionObject::newConditionNode (78 bytes)
Event: 8.895 Thread 0x0000014db6fe9100 nmethod 4702 0x0000014da1465490 code [0x0000014da1465700, 0x0000014da1465ef8]
Event: 8.895 Thread 0x0000014db6fe9100 4703       3       java.util.concurrent.locks.AbstractQueuedSynchronizer$ConditionNode::<init> (5 bytes)
Event: 8.895 Thread 0x0000014db6fe9100 nmethod 4703 0x0000014da1466190 code [0x0000014da1466340, 0x0000014da1466508]
Event: 8.895 Thread 0x0000014db6fe9100 4704       3       java.util.concurrent.locks.AbstractQueuedSynchronizer$ConditionObject::enableWait (84 bytes)
Event: 8.895 Thread 0x0000014db6fe9100 nmethod 4704 0x0000014da1466610 code [0x0000014da1466840, 0x0000014da1466fb8]
Event: 8.895 Thread 0x0000014db6fe9100 4705       3       java.util.concurrent.locks.AbstractQueuedSynchronizer$Node::setStatusRelaxed (12 bytes)
Event: 8.895 Thread 0x0000014db6fe9100 nmethod 4705 0x0000014da1467210 code [0x0000014da14673a0, 0x0000014da14674b8]
Event: 8.895 Thread 0x0000014db6fe9100 4706       1       javax.swing.text.InternationalFormatter::getSupportsIncrement (2 bytes)
Event: 8.895 Thread 0x0000014db6fe9100 nmethod 4706 0x0000014da8838d90 code [0x0000014da8838f20, 0x0000014da8838fe8]
Event: 8.895 Thread 0x0000014db6fe9100 4707       1       javax.swing.text.DefaultFormatter::getAllowsInvalid (5 bytes)
Event: 8.896 Thread 0x0000014db6fe9100 nmethod 4707 0x0000014da8839090 code [0x0000014da8839220, 0x0000014da88392f0]

GC Heap History (20 events):
Event: 8.083 GC heap after
{Heap after GC invocations=18 (full 0):
 garbage-first heap   total 249856K, used 18143K [0x0000000702000000, 0x0000000800000000)
  region size 2048K, 2 young (4096K), 2 survivors (4096K)
 Metaspace       used 30492K, committed 30976K, reserved 1114112K
  class space    used 3723K, committed 3904K, reserved 1048576K
}
Event: 8.137 GC heap before
{Heap before GC invocations=18 (full 0):
 garbage-first heap   total 249856K, used 163551K [0x0000000702000000, 0x0000000800000000)
  region size 2048K, 73 young (149504K), 2 survivors (4096K)
 Metaspace       used 30576K, committed 31040K, reserved 1114112K
  class space    used 3729K, committed 3904K, reserved 1048576K
}
Event: 8.138 GC heap after
{Heap after GC invocations=19 (full 0):
 garbage-first heap   total 249856K, used 18081K [0x0000000702000000, 0x0000000800000000)
  region size 2048K, 2 young (4096K), 2 survivors (4096K)
 Metaspace       used 30576K, committed 31040K, reserved 1114112K
  class space    used 3729K, committed 3904K, reserved 1048576K
}
Event: 8.186 GC heap before
{Heap before GC invocations=19 (full 0):
 garbage-first heap   total 249856K, used 163489K [0x0000000702000000, 0x0000000800000000)
  region size 2048K, 73 young (149504K), 2 survivors (4096K)
 Metaspace       used 30580K, committed 31040K, reserved 1114112K
  class space    used 3730K, committed 3904K, reserved 1048576K
}
Event: 8.188 GC heap after
{Heap after GC invocations=20 (full 0):
 garbage-first heap   total 301056K, used 18402K [0x0000000702000000, 0x0000000800000000)
  region size 2048K, 2 young (4096K), 2 survivors (4096K)
 Metaspace       used 30580K, committed 31040K, reserved 1114112K
  class space    used 3730K, committed 3904K, reserved 1048576K
}
Event: 8.286 GC heap before
{Heap before GC invocations=20 (full 0):
 garbage-first heap   total 301056K, used 194530K [0x0000000702000000, 0x0000000800000000)
  region size 2048K, 88 young (180224K), 2 survivors (4096K)
 Metaspace       used 32403K, committed 32768K, reserved 1114112K
  class space    used 4012K, committed 4160K, reserved 1048576K
}
Event: 8.287 GC heap after
{Heap after GC invocations=21 (full 0):
 garbage-first heap   total 301056K, used 18288K [0x0000000702000000, 0x0000000800000000)
  region size 2048K, 2 young (4096K), 2 survivors (4096K)
 Metaspace       used 32403K, committed 32768K, reserved 1114112K
  class space    used 4012K, committed 4160K, reserved 1048576K
}
Event: 8.363 GC heap before
{Heap before GC invocations=21 (full 0):
 garbage-first heap   total 301056K, used 194416K [0x0000000702000000, 0x0000000800000000)
  region size 2048K, 88 young (180224K), 2 survivors (4096K)
 Metaspace       used 32797K, committed 33152K, reserved 1114112K
  class space    used 4061K, committed 4224K, reserved 1048576K
}
Event: 8.365 GC heap after
{Heap after GC invocations=22 (full 0):
 garbage-first heap   total 301056K, used 18588K [0x0000000702000000, 0x0000000800000000)
  region size 2048K, 2 young (4096K), 2 survivors (4096K)
 Metaspace       used 32797K, committed 33152K, reserved 1114112K
  class space    used 4061K, committed 4224K, reserved 1048576K
}
Event: 8.427 GC heap before
{Heap before GC invocations=22 (full 0):
 garbage-first heap   total 301056K, used 194716K [0x0000000702000000, 0x0000000800000000)
  region size 2048K, 88 young (180224K), 2 survivors (4096K)
 Metaspace       used 32896K, committed 33280K, reserved 1114112K
  class space    used 4081K, committed 4224K, reserved 1048576K
}
Event: 8.429 GC heap after
{Heap after GC invocations=23 (full 0):
 garbage-first heap   total 301056K, used 18658K [0x0000000702000000, 0x0000000800000000)
  region size 2048K, 2 young (4096K), 2 survivors (4096K)
 Metaspace       used 32896K, committed 33280K, reserved 1114112K
  class space    used 4081K, committed 4224K, reserved 1048576K
}
Event: 8.494 GC heap before
{Heap before GC invocations=23 (full 0):
 garbage-first heap   total 301056K, used 194786K [0x0000000702000000, 0x0000000800000000)
  region size 2048K, 88 young (180224K), 2 survivors (4096K)
 Metaspace       used 32963K, committed 33408K, reserved 1114112K
  class space    used 4087K, committed 4288K, reserved 1048576K
}
Event: 8.496 GC heap after
{Heap after GC invocations=24 (full 0):
 garbage-first heap   total 362496K, used 19313K [0x0000000702000000, 0x0000000800000000)
  region size 2048K, 2 young (4096K), 2 survivors (4096K)
 Metaspace       used 32963K, committed 33408K, reserved 1114112K
  class space    used 4087K, committed 4288K, reserved 1048576K
}
Event: 8.616 GC heap before
{Heap before GC invocations=24 (full 0):
 garbage-first heap   total 362496K, used 232305K [0x0000000702000000, 0x0000000800000000)
  region size 2048K, 106 young (217088K), 2 survivors (4096K)
 Metaspace       used 33157K, committed 33600K, reserved 1114112K
  class space    used 4088K, committed 4288K, reserved 1048576K
}
Event: 8.618 GC heap after
{Heap after GC invocations=25 (full 0):
 garbage-first heap   total 362496K, used 19654K [0x0000000702000000, 0x0000000800000000)
  region size 2048K, 2 young (4096K), 2 survivors (4096K)
 Metaspace       used 33157K, committed 33600K, reserved 1114112K
  class space    used 4088K, committed 4288K, reserved 1048576K
}
Event: 8.736 GC heap before
{Heap before GC invocations=25 (full 0):
 garbage-first heap   total 362496K, used 232646K [0x0000000702000000, 0x0000000800000000)
  region size 2048K, 106 young (217088K), 2 survivors (4096K)
 Metaspace       used 33339K, committed 33728K, reserved 1114112K
  class space    used 4128K, committed 4288K, reserved 1048576K
}
Event: 8.738 GC heap after
{Heap after GC invocations=26 (full 0):
 garbage-first heap   total 362496K, used 20114K [0x0000000702000000, 0x0000000800000000)
  region size 2048K, 3 young (6144K), 3 survivors (6144K)
 Metaspace       used 33339K, committed 33728K, reserved 1114112K
  class space    used 4128K, committed 4288K, reserved 1048576K
}
Event: 8.824 GC heap before
{Heap before GC invocations=26 (full 0):
 garbage-first heap   total 362496K, used 231058K [0x0000000702000000, 0x0000000800000000)
  region size 2048K, 106 young (217088K), 3 survivors (6144K)
 Metaspace       used 33704K, committed 34112K, reserved 1114112K
  class space    used 4206K, committed 4416K, reserved 1048576K
}
Event: 8.826 GC heap after
{Heap after GC invocations=27 (full 0):
 garbage-first heap   total 362496K, used 21812K [0x0000000702000000, 0x0000000800000000)
  region size 2048K, 3 young (6144K), 3 survivors (6144K)
 Metaspace       used 33704K, committed 34112K, reserved 1114112K
  class space    used 4206K, committed 4416K, reserved 1048576K
}
Event: 8.897 GC heap before
{Heap before GC invocations=27 (full 0):
 garbage-first heap   total 362496K, used 232756K [0x0000000702000000, 0x0000000800000000)
  region size 2048K, 106 young (217088K), 3 survivors (6144K)
 Metaspace       used 34202K, committed 34688K, reserved 1114112K
  class space    used 4321K, committed 4544K, reserved 1048576K
}

Dll operation events (13 events):
Event: 0.006 Loaded shared library C:\Users\kille\AppData\Local\Temp\freerouting\jre\jdk-21.0.10+7-jre\bin\java.dll
Event: 0.031 Loaded shared library C:\Users\kille\AppData\Local\Temp\freerouting\jre\jdk-21.0.10+7-jre\bin\jsvml.dll
Event: 0.048 Loaded shared library C:\Users\kille\AppData\Local\Temp\freerouting\jre\jdk-21.0.10+7-jre\bin\net.dll
Event: 0.050 Loaded shared library C:\Users\kille\AppData\Local\Temp\freerouting\jre\jdk-21.0.10+7-jre\bin\nio.dll
Event: 0.070 Loaded shared library C:\Users\kille\AppData\Local\Temp\freerouting\jre\jdk-21.0.10+7-jre\bin\zip.dll
Event: 0.104 Loaded shared library C:\Users\kille\AppData\Local\Temp\freerouting\jre\jdk-21.0.10+7-jre\bin\jimage.dll
Event: 0.278 Loaded shared library C:\Users\kille\AppData\Local\Temp\freerouting\jre\jdk-21.0.10+7-jre\bin\management.dll
Event: 0.283 Loaded shared library C:\Users\kille\AppData\Local\Temp\freerouting\jre\jdk-21.0.10+7-jre\bin\management_ext.dll
Event: 0.577 Loaded shared library C:\Users\kille\AppData\Local\Temp\freerouting\jre\jdk-21.0.10+7-jre\bin\awt.dll
Event: 1.000 Loaded shared library C:\Users\kille\AppData\Local\Temp\freerouting\jre\jdk-21.0.10+7-jre\bin\sunmscapi.dll
Event: 1.145 Loaded shared library C:\Users\kille\AppData\Local\Temp\freerouting\jre\jdk-21.0.10+7-jre\bin\extnet.dll
Event: 2.022 Loaded shared library C:\Users\kille\AppData\Local\Temp\freerouting\jre\jdk-21.0.10+7-jre\bin\freetype.dll
Event: 2.023 Loaded shared library C:\Users\kille\AppData\Local\Temp\freerouting\jre\jdk-21.0.10+7-jre\bin\fontmanager.dll

Deoptimization events (20 events):
Event: 8.830 Thread 0x0000014d9ab9ef00 DEOPT PACKING pc=0x0000014da882ef9c sp=0x00000006937fee70
Event: 8.830 Thread 0x0000014d9ab9ef00 DEOPT UNPACKING pc=0x0000014da80f4422 sp=0x00000006937fedc8 mode 2
Event: 8.830 Thread 0x0000014d9ab9ef00 Uncommon trap: trap_request=0xffffffd6 fr.pc=0x0000014da882ef9c relative=0x0000000000000a7c
Event: 8.830 Thread 0x0000014d9ab9ef00 Uncommon trap: reason=array_check action=maybe_recompile pc=0x0000014da882ef9c method=java.util.concurrent.ConcurrentHashMap$CollectionView.toArray([Ljava/lang/Object;)[Ljava/lang/Object; @ 158 c2
Event: 8.830 Thread 0x0000014d9ab9ef00 DEOPT PACKING pc=0x0000014da882ef9c sp=0x00000006937fee70
Event: 8.830 Thread 0x0000014d9ab9ef00 DEOPT UNPACKING pc=0x0000014da80f4422 sp=0x00000006937fedc8 mode 2
Event: 8.830 Thread 0x0000014d9ab9ef00 Uncommon trap: trap_request=0xffffffd6 fr.pc=0x0000014da8826ee8 relative=0x0000000000000688
Event: 8.830 Thread 0x0000014d9ab9ef00 Uncommon trap: reason=array_check action=maybe_recompile pc=0x0000014da8826ee8 method=java.util.concurrent.ConcurrentHashMap$CollectionView.toArray([Ljava/lang/Object;)[Ljava/lang/Object; @ 158 c2
Event: 8.830 Thread 0x0000014d9ab9ef00 DEOPT PACKING pc=0x0000014da8826ee8 sp=0x00000006937fee20
Event: 8.830 Thread 0x0000014d9ab9ef00 DEOPT UNPACKING pc=0x0000014da80f4422 sp=0x00000006937fedc0 mode 2
Event: 8.830 Thread 0x0000014d9ab9ef00 Uncommon trap: trap_request=0xffffffd6 fr.pc=0x0000014da882ef9c relative=0x0000000000000a7c
Event: 8.830 Thread 0x0000014d9ab9ef00 Uncommon trap: reason=array_check action=maybe_recompile pc=0x0000014da882ef9c method=java.util.concurrent.ConcurrentHashMap$CollectionView.toArray([Ljava/lang/Object;)[Ljava/lang/Object; @ 158 c2
Event: 8.830 Thread 0x0000014d9ab9ef00 DEOPT PACKING pc=0x0000014da882ef9c sp=0x00000006937fee70
Event: 8.830 Thread 0x0000014d9ab9ef00 DEOPT UNPACKING pc=0x0000014da80f4422 sp=0x00000006937fedc8 mode 2
Event: 8.830 Thread 0x0000014d9ab9ef00 Uncommon trap: trap_request=0xffffffd6 fr.pc=0x0000014da882cc98 relative=0x0000000000000998
Event: 8.830 Thread 0x0000014d9ab9ef00 Uncommon trap: reason=array_check action=maybe_recompile pc=0x0000014da882cc98 method=java.util.concurrent.ConcurrentHashMap$CollectionView.toArray([Ljava/lang/Object;)[Ljava/lang/Object; @ 158 c2
Event: 8.830 Thread 0x0000014d9ab9ef00 DEOPT PACKING pc=0x0000014da882cc98 sp=0x00000006937fee20
Event: 8.830 Thread 0x0000014d9ab9ef00 DEOPT UNPACKING pc=0x0000014da80f4422 sp=0x00000006937fedc0 mode 2
Event: 8.890 Thread 0x0000014d9ab9ef00 DEOPT PACKING pc=0x0000014da10fcec5 sp=0x00000006937fa550
Event: 8.890 Thread 0x0000014d9ab9ef00 DEOPT UNPACKING pc=0x0000014da80f4bc2 sp=0x00000006937f9a58 mode 0

Classes loaded (20 events):
Event: 8.837 Loading class com/sun/java/swing/plaf/windows/WindowsComboBoxUI$XPComboBoxButton
Event: 8.837 Loading class com/sun/java/swing/plaf/windows/WindowsComboBoxUI$XPComboBoxButton done
Event: 8.837 Loading class com/sun/java/swing/plaf/windows/WindowsComboBoxUI$3
Event: 8.837 Loading class javax/swing/plaf/basic/BasicComboBoxUI$ComboBoxLayoutManager
Event: 8.837 Loading class javax/swing/plaf/basic/BasicComboBoxUI$ComboBoxLayoutManager done
Event: 8.837 Loading class com/sun/java/swing/plaf/windows/WindowsComboBoxUI$3 done
Event: 8.838 Loading class javax/swing/plaf/basic/BasicComboBoxUI$DefaultKeySelectionManager
Event: 8.838 Loading class javax/swing/JComboBox$KeySelectionManager
Event: 8.838 Loading class javax/swing/JComboBox$KeySelectionManager done
Event: 8.838 Loading class javax/swing/plaf/basic/BasicComboBoxUI$DefaultKeySelectionManager done
Event: 8.840 Loading class javax/swing/event/ListDataEvent
Event: 8.840 Loading class javax/swing/event/ListDataEvent done
Event: 8.840 Loading class com/sun/java/swing/plaf/windows/WindowsBorders$DashedBorder
Event: 8.840 Loading class com/sun/java/swing/plaf/windows/WindowsBorders$DashedBorder done
Event: 8.842 Loading class jdk/internal/math/FDBigInteger
Event: 8.842 Loading class jdk/internal/math/FDBigInteger done
Event: 8.865 Loading class com/sun/java/swing/plaf/windows/WindowsGraphicsUtils
Event: 8.865 Loading class com/sun/java/swing/plaf/windows/WindowsGraphicsUtils done
Event: 8.867 Loading class javax/swing/event/AncestorEvent
Event: 8.867 Loading class javax/swing/event/AncestorEvent done

Classes unloaded (0 events):
No events

Classes redefined (0 events):
No events

Internal exceptions (20 events):
Event: 2.029 Thread 0x0000014dfdaf4b50 Exception <a 'java/lang/NoSuchMethodError'{0x00000007105323f0}: 'int java.lang.invoke.DirectMethodHandle$Holder.invokeStaticInit(java.lang.Object, double, double)'> (0x00000007105323f0) 
thrown [s\src\hotspot\share\interpreter\linkResolver.cpp, line 773]
Event: 2.030 Thread 0x0000014dfdaf4b50 Exception <a 'java/lang/NoSuchMethodError'{0x0000000710536990}: 'int java.lang.invoke.DirectMethodHandle$Holder.invokeStatic(java.lang.Object, long)'> (0x0000000710536990) 
thrown [s\src\hotspot\share\interpreter\linkResolver.cpp, line 773]
Event: 2.033 Thread 0x0000014dfdaf4b50 Exception <a 'java/lang/NoSuchMethodError'{0x0000000710591d10}: 'int java.lang.invoke.DirectMethodHandle$Holder.invokeSpecial(java.lang.Object, java.lang.Object, java.lang.Object, java.lang.Object)'> (0x0000000710591d10) 
thrown [s\src\hotspot\share\interpreter\linkResolver.cpp, line 773]
Event: 2.034 Thread 0x0000014dfdaf4b50 Exception <a 'java/lang/NoSuchMethodError'{0x00000007105a63a8}: 'java.lang.Object java.lang.invoke.DirectMethodHandle$Holder.invokeSpecial(java.lang.Object, java.lang.Object, int, java.lang.Object, java.lang.Object)'> (0x00000007105a63a8) 
thrown [s\src\hotspot\share\interpreter\linkResolver.cpp, line 773]
Event: 2.035 Thread 0x0000014dfdaf4b50 Exception <a 'java/lang/NoSuchMethodError'{0x00000007105a9d38}: 'java.lang.Object java.lang.invoke.DelegatingMethodHandle$Holder.delegate(java.lang.Object, int, java.lang.Object, java.lang.Object)'> (0x00000007105a9d38) 
thrown [s\src\hotspot\share\interpreter\linkResolver.cpp, line 773]
Event: 2.037 Thread 0x0000014dfdaf4b50 Exception <a 'java/lang/NoSuchMethodError'{0x00000007105b9760}: 'int java.lang.invoke.Invokers$Holder.linkToTargetMethod(java.lang.Object, java.lang.Object, java.lang.Object)'> (0x00000007105b9760) 
thrown [s\src\hotspot\share\interpreter\linkResolver.cpp, line 773]
Event: 2.040 Thread 0x0000014dfdaf4b50 Exception <a 'java/lang/NoSuchMethodError'{0x00000007105c8458}: 'long java.lang.invoke.DirectMethodHandle$Holder.invokeSpecial(java.lang.Object, java.lang.Object)'> (0x00000007105c8458) 
thrown [s\src\hotspot\share\interpreter\linkResolver.cpp, line 773]
Event: 2.164 Thread 0x0000014dfdaf5f00 Exception <a 'java/lang/NoSuchMethodError'{0x0000000704987d38}: 'java.lang.Object java.lang.invoke.DirectMethodHandle$Holder.invokeSpecial(java.lang.Object, java.lang.Object, java.lang.Object, java.lang.Object, int)'> (0x0000000704987d38) 
thrown [s\src\hotspot\share\interpreter\linkResolver.cpp, line 773]
Event: 2.164 Thread 0x0000014dfdaf5f00 Exception <a 'java/lang/NoSuchMethodError'{0x000000070498b6a0}: 'java.lang.Object java.lang.invoke.Invokers$Holder.linkToTargetMethod(java.lang.Object, java.lang.Object, int, java.lang.Object)'> (0x000000070498b6a0) 
thrown [s\src\hotspot\share\interpreter\linkResolver.cpp, line 773]
Event: 2.179 Thread 0x0000014dfdaf5f00 Exception <a 'java/lang/NoSuchMethodError'{0x000000070461f2a8}: 'void java.lang.invoke.DirectMethodHandle$Holder.invokeSpecial(java.lang.Object, java.lang.Object, java.lang.Object, java.lang.Object, java.lang.Object)'> (0x000000070461f2a8) 
thrown [s\src\hotspot\share\interpreter\linkResolver.cpp, line 773]
Event: 2.211 Thread 0x0000014dfdaf5870 Exception <a 'java/lang/NoSuchMethodError'{0x0000000711d6ec68}: 'void java.lang.invoke.DirectMethodHandle$Holder.invokeStatic(java.lang.Object, java.lang.Object, int)'> (0x0000000711d6ec68) 
thrown [s\src\hotspot\share\interpreter\linkResolver.cpp, line 773]
Event: 2.213 Thread 0x0000014dfdaf5f00 Exception <a 'java/lang/NoSuchMethodError'{0x0000000704638ab0}: 'void java.lang.invoke.DirectMethodHandle$Holder.invokeInterface(java.lang.Object, java.lang.Object, java.lang.Object)'> (0x0000000704638ab0) 
thrown [s\src\hotspot\share\interpreter\linkResolver.cpp, line 773]
Event: 2.265 Thread 0x0000014dfdaf44c0 Exception <a 'java/lang/NoSuchMethodError'{0x00000007044628f8}: 'void java.lang.invoke.DirectMethodHandle$Holder.invokeInterface(java.lang.Object, java.lang.Object)'> (0x00000007044628f8) 
thrown [s\src\hotspot\share\interpreter\linkResolver.cpp, line 773]
Event: 7.393 Thread 0x0000014d9ab9ef00 Exception <a 'sun/nio/fs/WindowsException'{0x000000070390bf10}> (0x000000070390bf10) 
thrown [s\src\hotspot\share\prims\jni.cpp, line 520]
Event: 7.406 Thread 0x0000014d9ab9ef00 Exception <a 'java/lang/NoSuchMethodError'{0x000000070363f180}: 'int java.lang.invoke.Invokers$Holder.invokeExact_MT(java.lang.Object, java.lang.Object)'> (0x000000070363f180) 
thrown [s\src\hotspot\share\interpreter\linkResolver.cpp, line 773]
Event: 7.465 Thread 0x0000014d9ab9ef00 Implicit null exception at 0x0000014da876ac89 to 0x0000014da876adec
Event: 7.999 Thread 0x0000014d9ab9ef00 Exception <a 'java/lang/NoSuchMethodError'{0x0000000709baff88}: 'double java.lang.invoke.DirectMethodHandle$Holder.invokeStatic(java.lang.Object, java.lang.Object)'> (0x0000000709baff88) 
thrown [s\src\hotspot\share\interpreter\linkResolver.cpp, line 773]
Event: 8.000 Thread 0x0000014d9ab9ef00 Exception <a 'java/lang/NoSuchMethodError'{0x0000000709bb7c40}: 'void java.lang.invoke.DirectMethodHandle$Holder.invokeStatic(java.lang.Object, java.lang.Object, double)'> (0x0000000709bb7c40) 
thrown [s\src\hotspot\share\interpreter\linkResolver.cpp, line 773]
Event: 8.002 Thread 0x0000014d9ab9ef00 Exception <a 'java/lang/NoSuchMethodError'{0x0000000709bc73d8}: 'int java.lang.invoke.DirectMethodHandle$Holder.invokeInterface(java.lang.Object, java.lang.Object)'> (0x0000000709bc73d8) 
thrown [s\src\hotspot\share\interpreter\linkResolver.cpp, line 773]
Event: 8.452 Thread 0x0000014d9ab9ef00 Exception <a 'java/lang/NoSuchMethodError'{0x00000007111045b8}: 'void java.lang.invoke.DirectMethodHandle$Holder.invokeStatic(java.lang.Object, java.lang.Object, java.lang.Object, java.lang.Object, java.lang.Object, java.lang.Object)'> (0x00000007111045b8) 
thrown [s\src\hotspot\share\interpreter\linkResolver.cpp, line 773]

ZGC Phase Switch (0 events):
No events

VM Operations (20 events):
Event: 8.288 Executing safepoint VM operation: G1CollectForAllocation (G1 Evacuation Pause) done
Event: 8.363 Executing safepoint VM operation: G1CollectForAllocation (G1 Evacuation Pause)
Event: 8.363 Executing safepoint VM operation: G1CollectForAllocation (G1 Evacuation Pause) done
Event: 8.363 Executing safepoint VM operation: G1CollectForAllocation (GCLocker Initiated GC)
Event: 8.365 Executing safepoint VM operation: G1CollectForAllocation (GCLocker Initiated GC) done
Event: 8.427 Executing safepoint VM operation: G1CollectForAllocation (G1 Evacuation Pause)
Event: 8.429 Executing safepoint VM operation: G1CollectForAllocation (G1 Evacuation Pause) done
Event: 8.494 Executing safepoint VM operation: G1CollectForAllocation (G1 Evacuation Pause)
Event: 8.494 Executing safepoint VM operation: G1CollectForAllocation (G1 Evacuation Pause) done
Event: 8.494 Executing safepoint VM operation: G1CollectForAllocation (GCLocker Initiated GC)
Event: 8.496 Executing safepoint VM operation: G1CollectForAllocation (GCLocker Initiated GC) done
Event: 8.616 Executing safepoint VM operation: G1CollectForAllocation (G1 Evacuation Pause)
Event: 8.618 Executing safepoint VM operation: G1CollectForAllocation (G1 Evacuation Pause) done
Event: 8.736 Executing safepoint VM operation: G1CollectForAllocation (G1 Evacuation Pause)
Event: 8.738 Executing safepoint VM operation: G1CollectForAllocation (G1 Evacuation Pause) done
Event: 8.824 Executing safepoint VM operation: G1CollectForAllocation (G1 Evacuation Pause)
Event: 8.824 Executing safepoint VM operation: G1CollectForAllocation (G1 Evacuation Pause) done
Event: 8.824 Executing safepoint VM operation: G1CollectForAllocation (GCLocker Initiated GC)
Event: 8.826 Executing safepoint VM operation: G1CollectForAllocation (GCLocker Initiated GC) done
Event: 8.897 Executing safepoint VM operation: G1CollectForAllocation (G1 Evacuation Pause)

Memory protections (0 events):
No events

Nmethod flushes (0 events):
No events

Events (20 events):
Event: 2.541 Thread 0x0000014dfdaf44c0 Thread added: 0x0000014dfdaf6590
Event: 2.546 Thread 0x0000014dfdaf5870 Thread exited: 0x0000014dfdaf5870
Event: 2.546 Thread 0x0000014dfdaf5f00 Thread exited: 0x0000014dfdaf5f00
Event: 2.546 Thread 0x0000014dfdaf44c0 Thread exited: 0x0000014dfdaf44c0
Event: 2.546 Thread 0x0000014dfdaf4b50 Thread exited: 0x0000014dfdaf4b50
Event: 2.986 Thread 0x0000014dfef6d630 Thread exited: 0x0000014dfef6d630
Event: 7.396 Thread 0x0000014d9ab9ef00 Thread added: 0x0000014dfdaf5f00
Event: 7.407 Thread 0x0000014db6fe1d30 Thread added: 0x0000014dff487010
Event: 7.445 Thread 0x0000014dfc9b95a0 Thread added: 0x0000014dfdaf3e30
Event: 7.450 Thread 0x0000014dfc9b95a0 Thread added: 0x0000014dfdaf51e0
Event: 7.517 Thread 0x0000014dfdaf51e0 Thread added: 0x0000014dfdaf6c20
Event: 8.020 Thread 0x0000014d9ab9ef00 Thread added: 0x0000014dfdaf72b0
Event: 8.040 Thread 0x0000014dfdaf72b0 Thread added: 0x0000014dfdaf44c0
Event: 8.044 Thread 0x0000014dfdaf44c0 Thread exited: 0x0000014dfdaf44c0
Event: 8.055 Thread 0x0000014d9ab9ef00 Thread added: 0x0000014dfdaf44c0
Event: 8.078 Thread 0x0000014dfdaf44c0 Thread added: 0x0000014dfdaf4b50
Event: 8.084 Thread 0x0000014dfdaf4b50 Thread exited: 0x0000014dfdaf4b50
Event: 8.351 Thread 0x0000014d9ab9ef00 Thread added: 0x0000014dfdaf4b50
Event: 8.643 Thread 0x0000014dfdaf72b0 Thread exited: 0x0000014dfdaf72b0
Event: 8.644 Thread 0x0000014dfdaf44c0 Thread exited: 0x0000014dfdaf44c0


Dynamic libraries:
0x00007ff6c5530000 - 0x00007ff6c553e000 	C:\Users\kille\AppData\Local\Temp\freerouting\jre\jdk-21.0.10+7-jre\bin\java.exe
0x00007ffb22810000 - 0x00007ffb22a08000 	C:\WINDOWS\SYSTEM32\ntdll.dll
0x00007ffb21170000 - 0x00007ffb21232000 	C:\WINDOWS\System32\KERNEL32.DLL
0x00007ffb20080000 - 0x00007ffb20376000 	C:\WINDOWS\System32\KERNELBASE.dll
0x00007ffb1ff80000 - 0x00007ffb20080000 	C:\WINDOWS\System32\ucrtbase.dll
0x00007ffb1b620000 - 0x00007ffb1b638000 	C:\Users\kille\AppData\Local\Temp\freerouting\jre\jdk-21.0.10+7-jre\bin\jli.dll
0x00007ffb21770000 - 0x00007ffb21911000 	C:\WINDOWS\System32\USER32.dll
0x00007ffb205d0000 - 0x00007ffb205f2000 	C:\WINDOWS\System32\win32u.dll
0x00007ffb20fd0000 - 0x00007ffb20ffb000 	C:\WINDOWS\System32\GDI32.dll
0x00007ffb20600000 - 0x00007ffb20719000 	C:\WINDOWS\System32\gdi32full.dll
0x00007ffb203d0000 - 0x00007ffb2046d000 	C:\WINDOWS\System32\msvcp_win.dll
0x00007ffb18e40000 - 0x00007ffb18e5e000 	C:\Users\kille\AppData\Local\Temp\freerouting\jre\jdk-21.0.10+7-jre\bin\VCRUNTIME140.dll
0x00007ffb064a0000 - 0x00007ffb0673b000 	C:\WINDOWS\WinSxS\amd64_microsoft.windows.common-controls_6595b64144ccf1df_6.0.19041.6456_none_60b8a6cb71f64256\COMCTL32.dll
0x00007ffb222b0000 - 0x00007ffb2234e000 	C:\WINDOWS\System32\msvcrt.dll
0x00007ffb21060000 - 0x00007ffb2108f000 	C:\WINDOWS\System32\IMM32.DLL
0x00007ffb1bac0000 - 0x00007ffb1bacc000 	C:\Users\kille\AppData\Local\Temp\freerouting\jre\jdk-21.0.10+7-jre\bin\vcruntime140_1.dll
0x00007ffaf24b0000 - 0x00007ffaf253d000 	C:\Users\kille\AppData\Local\Temp\freerouting\jre\jdk-21.0.10+7-jre\bin\msvcp140.dll
0x00007ffac0b10000 - 0x00007ffac18b1000 	C:\Users\kille\AppData\Local\Temp\freerouting\jre\jdk-21.0.10+7-jre\bin\server\jvm.dll
0x00007ffb221f0000 - 0x00007ffb222a1000 	C:\WINDOWS\System32\ADVAPI32.dll
0x00007ffb216d0000 - 0x00007ffb2176f000 	C:\WINDOWS\System32\sechost.dll
0x00007ffb20eb0000 - 0x00007ffb20fd0000 	C:\WINDOWS\System32\RPCRT4.dll
0x00007ffb1ff50000 - 0x00007ffb1ff77000 	C:\WINDOWS\System32\bcrypt.dll
0x00007ffb21590000 - 0x00007ffb215fb000 	C:\WINDOWS\System32\WS2_32.dll
0x00007ffb1f4f0000 - 0x00007ffb1f53b000 	C:\WINDOWS\SYSTEM32\POWRPROF.dll
0x00007ffb17fa0000 - 0x00007ffb17faa000 	C:\WINDOWS\SYSTEM32\VERSION.dll
0x00007ffb10030000 - 0x00007ffb10057000 	C:\WINDOWS\SYSTEM32\WINMM.dll
0x00007ffb1f4d0000 - 0x00007ffb1f4e2000 	C:\WINDOWS\SYSTEM32\UMPDC.dll
0x00007ffb1dcf0000 - 0x00007ffb1dd02000 	C:\WINDOWS\SYSTEM32\kernel.appcore.dll
0x00007ffb1afe0000 - 0x00007ffb1afea000 	C:\Users\kille\AppData\Local\Temp\freerouting\jre\jdk-21.0.10+7-jre\bin\jimage.dll
0x00007ffb0e8a0000 - 0x00007ffb0eaa1000 	C:\WINDOWS\SYSTEM32\DBGHELP.DLL
0x00007ffaedca0000 - 0x00007ffaedcd4000 	C:\WINDOWS\SYSTEM32\dbgcore.DLL
0x00007ffb20720000 - 0x00007ffb207a2000 	C:\WINDOWS\System32\bcryptPrimitives.dll
0x00007ffb18b30000 - 0x00007ffb18b50000 	C:\Users\kille\AppData\Local\Temp\freerouting\jre\jdk-21.0.10+7-jre\bin\java.dll
0x00007ffb21a80000 - 0x00007ffb221f0000 	C:\WINDOWS\System32\SHELL32.dll
0x00007ffb1def0000 - 0x00007ffb1e695000 	C:\WINDOWS\SYSTEM32\windows.storage.dll
0x00007ffb223c0000 - 0x00007ffb22714000 	C:\WINDOWS\System32\combase.dll
0x00007ffb1f850000 - 0x00007ffb1f87b000 	C:\WINDOWS\SYSTEM32\Wldp.dll
0x00007ffb21600000 - 0x00007ffb216cd000 	C:\WINDOWS\System32\OLEAUT32.dll
0x00007ffb22720000 - 0x00007ffb227cd000 	C:\WINDOWS\System32\SHCORE.dll
0x00007ffb21000000 - 0x00007ffb2105b000 	C:\WINDOWS\System32\shlwapi.dll
0x00007ffb1fdd0000 - 0x00007ffb1fdf4000 	C:\WINDOWS\SYSTEM32\profapi.dll
0x00007ffaf1eb0000 - 0x00007ffaf1f87000 	C:\Users\kille\AppData\Local\Temp\freerouting\jre\jdk-21.0.10+7-jre\bin\jsvml.dll
0x00007ffb18bd0000 - 0x00007ffb18be0000 	C:\Users\kille\AppData\Local\Temp\freerouting\jre\jdk-21.0.10+7-jre\bin\net.dll
0x00007ffb19c90000 - 0x00007ffb19d9a000 	C:\WINDOWS\SYSTEM32\WINHTTP.dll
0x00007ffb1f5d0000 - 0x00007ffb1f63a000 	C:\WINDOWS\system32\mswsock.dll
0x00007ffb00040000 - 0x00007ffb00056000 	C:\Users\kille\AppData\Local\Temp\freerouting\jre\jdk-21.0.10+7-jre\bin\nio.dll
0x00007ffafffb0000 - 0x00007ffafffc8000 	C:\Users\kille\AppData\Local\Temp\freerouting\jre\jdk-21.0.10+7-jre\bin\zip.dll
0x00007ffb18b20000 - 0x00007ffb18b2a000 	C:\Users\kille\AppData\Local\Temp\freerouting\jre\jdk-21.0.10+7-jre\bin\management.dll
0x00007ffb17a70000 - 0x00007ffb17a7c000 	C:\Users\kille\AppData\Local\Temp\freerouting\jre\jdk-21.0.10+7-jre\bin\management_ext.dll
0x00007ffb22350000 - 0x00007ffb22358000 	C:\WINDOWS\System32\PSAPI.DLL
0x00007ffab89b0000 - 0x00007ffab89c7000 	C:\WINDOWS\system32\napinsp.dll
0x00007ffab89d0000 - 0x00007ffab89eb000 	C:\WINDOWS\system32\pnrpnsp.dll
0x00007ffaebee0000 - 0x00007ffaebefd000 	C:\WINDOWS\system32\wshbth.dll
0x00007ffb1cd70000 - 0x00007ffb1cd8d000 	C:\WINDOWS\system32\NLAapi.dll
0x00007ffb1f260000 - 0x00007ffb1f29b000 	C:\WINDOWS\SYSTEM32\IPHLPAPI.DLL
0x00007ffb1f2a0000 - 0x00007ffb1f36a000 	C:\WINDOWS\SYSTEM32\DNSAPI.dll
0x00007ffb21240000 - 0x00007ffb21248000 	C:\WINDOWS\System32\NSI.dll
0x00007ffab89f0000 - 0x00007ffab8a02000 	C:\WINDOWS\System32\winrnr.dll
0x00007ffb05e20000 - 0x00007ffb05e2a000 	C:\Windows\System32\rasadhlp.dll
0x00007ffb06b60000 - 0x00007ffb06be0000 	C:\WINDOWS\System32\fwpuclnt.dll
0x00007ffaf1d20000 - 0x00007ffaf1eaf000 	C:\Users\kille\AppData\Local\Temp\freerouting\jre\jdk-21.0.10+7-jre\bin\awt.dll
0x00007ffb1d170000 - 0x00007ffb1d204000 	C:\WINDOWS\SYSTEM32\apphelp.dll
0x00007ffb1d800000 - 0x00007ffb1d89e000 	C:\WINDOWS\system32\uxtheme.dll
0x00007ffb21380000 - 0x00007ffb21495000 	C:\WINDOWS\System32\MSCTF.dll
0x00007ffb21250000 - 0x00007ffb2137b000 	C:\WINDOWS\System32\ole32.dll
0x00007ffb1db10000 - 0x00007ffb1db3e000 	C:\WINDOWS\system32\DWMAPI.DLL
0x00007ffb1f800000 - 0x00007ffb1f818000 	C:\WINDOWS\SYSTEM32\CRYPTSP.dll
0x00007ffb1eea0000 - 0x00007ffb1eed8000 	C:\WINDOWS\system32\rsaenh.dll
0x00007ffb1fd50000 - 0x00007ffb1fd7e000 	C:\WINDOWS\SYSTEM32\USERENV.dll
0x00007ffb1f760000 - 0x00007ffb1f76c000 	C:\WINDOWS\SYSTEM32\CRYPTBASE.dll
0x00007ffaecd10000 - 0x00007ffaece38000 	C:\WINDOWS\system32\opengl32.dll
0x00007ffaed3b0000 - 0x00007ffaed3dc000 	C:\WINDOWS\SYSTEM32\GLU32.dll
0x00007ffad5780000 - 0x00007ffad5951000 	C:\WINDOWS\system32\d3d9.dll
0x00007ffb15c00000 - 0x00007ffb15cc4000 	C:\WINDOWS\System32\DriverStore\FileRepository\nv_dispi.inf_amd64_d471cab2f241c3c2\nvldumdx.dll
0x00007ffb1fa60000 - 0x00007ffb1fa72000 	C:\WINDOWS\SYSTEM32\msasn1.dll
0x00007ffb17f60000 - 0x00007ffb17f91000 	C:\WINDOWS\SYSTEM32\cryptnet.dll
0x00007ffb20470000 - 0x00007ffb205cd000 	C:\WINDOWS\System32\CRYPT32.dll
0x00007ffb17d20000 - 0x00007ffb17e67000 	C:\WINDOWS\SYSTEM32\drvstore.dll
0x00007ffb1fc30000 - 0x00007ffb1fc63000 	C:\WINDOWS\SYSTEM32\devobj.dll
0x00007ffb20380000 - 0x00007ffb203ce000 	C:\WINDOWS\System32\cfgmgr32.dll
0x00007ffb207b0000 - 0x00007ffb20823000 	C:\WINDOWS\System32\wintrust.dll
0x00007ffb21920000 - 0x00007ffb2193d000 	C:\WINDOWS\System32\imagehlp.dll
0x00007ffb11de0000 - 0x00007ffb15b74000 	C:\WINDOWS\System32\DriverStore\FileRepository\nv_dispi.inf_amd64_d471cab2f241c3c2\nvgpucomp64.dll
0x00007ffb10060000 - 0x00007ffb1013e000 	C:\WINDOWS\System32\DriverStore\FileRepository\nv_dispi.inf_amd64_d471cab2f241c3c2\NvMemMapStoragex.dll
0x00007ffa75100000 - 0x00007ffa77c05000 	C:\WINDOWS\System32\DriverStore\FileRepository\nv_dispi.inf_amd64_d471cab2f241c3c2\nvd3dumx.dll
0x00007ffaf1750000 - 0x00007ffaf18ff000 	C:\WINDOWS\System32\DriverStore\FileRepository\igdlh64.inf_amd64_e6797382daf01d86\igdumdim64.dll
0x00007ffa532d0000 - 0x00007ffa56373000 	C:\WINDOWS\System32\DriverStore\FileRepository\igdlh64.inf_amd64_e6797382daf01d86\igd9dxva64.dll
0x00007ffb20830000 - 0x00007ffb20ca0000 	C:\WINDOWS\System32\SETUPAPI.dll
0x00007ffb05980000 - 0x00007ffb05d89000 	C:\WINDOWS\System32\DriverStore\FileRepository\igdlh64.inf_amd64_e6797382daf01d86\igdgmm64.dll
0x00007ffade6f0000 - 0x00007ffade837000 	C:\WINDOWS\system32\nvspcap64.dll
0x00007ffb1f0f0000 - 0x00007ffb1f123000 	C:\WINDOWS\SYSTEM32\ntmarta.dll
0x00007ffb1e6b0000 - 0x00007ffb1e6d3000 	C:\WINDOWS\SYSTEM32\gpapi.dll
0x00007ffad7300000 - 0x00007ffad74b7000 	C:\WINDOWS\System32\DriverStore\FileRepository\nv_dispi.inf_amd64_d471cab2f241c3c2\nvppex.dll
0x00007ffb16430000 - 0x00007ffb1646b000 	C:\WINDOWS\SYSTEM32\dxcore.dll
0x00007ffb17840000 - 0x00007ffb1784e000 	C:\Users\kille\AppData\Local\Temp\freerouting\jre\jdk-21.0.10+7-jre\bin\sunmscapi.dll
0x00007ffb1f920000 - 0x00007ffb1f947000 	C:\WINDOWS\SYSTEM32\ncrypt.dll
0x00007ffb1f8a0000 - 0x00007ffb1f8db000 	C:\WINDOWS\SYSTEM32\NTASN1.dll
0x00007ffb177a0000 - 0x00007ffb177a9000 	C:\Users\kille\AppData\Local\Temp\freerouting\jre\jdk-21.0.10+7-jre\bin\extnet.dll
0x00007ffaf1c90000 - 0x00007ffaf1d17000 	C:\Users\kille\AppData\Local\Temp\freerouting\jre\jdk-21.0.10+7-jre\bin\freetype.dll
0x00007ffaef6f0000 - 0x00007ffaef7e2000 	C:\Users\kille\AppData\Local\Temp\freerouting\jre\jdk-21.0.10+7-jre\bin\fontmanager.dll
0x00007ffafcac0000 - 0x00007ffafcac7000 	C:\WINDOWS\system32\wshunix.dll
0x00007ffb160a0000 - 0x00007ffb16199000 	C:\WINDOWS\SYSTEM32\textinputframework.dll
0x00007ffb1c8d0000 - 0x00007ffb1cc2b000 	C:\WINDOWS\System32\CoreUIComponents.dll
0x00007ffb1cc30000 - 0x00007ffb1cd22000 	C:\WINDOWS\System32\CoreMessaging.dll
0x00007ffb1b6f0000 - 0x00007ffb1b847000 	C:\WINDOWS\SYSTEM32\wintypes.dll
0x00007ffb05db0000 - 0x00007ffb05e16000 	C:\WINDOWS\system32\Oleacc.dll
0x00007ffb219d0000 - 0x00007ffb21a79000 	C:\WINDOWS\System32\clbcatq.dll
0x00007ffb1d5f0000 - 0x00007ffb1d7a6000 	C:\WINDOWS\SYSTEM32\WindowsCodecs.dll
0x00007ffaeb140000 - 0x00007ffaeb17e000 	C:\WINDOWS\system32\dataexchange.dll
0x00007ffb1b850000 - 0x00007ffb1bab4000 	C:\WINDOWS\system32\d3d11.dll
0x00007ffb1c1f0000 - 0x00007ffb1c3d4000 	C:\WINDOWS\system32\dcomp.dll
0x00007ffb1e6e0000 - 0x00007ffb1e7d6000 	C:\WINDOWS\system32\dxgi.dll
0x00007ffb1a160000 - 0x00007ffb1a363000 	C:\WINDOWS\system32\twinapi.appcore.dll

JVMTI agents: none

dbghelp: loaded successfully - version: 4.0.5 - missing functions: none
symbol engine: initialized successfully - sym options: 0x614 - pdb path: .;C:\Users\kille\AppData\Local\Temp\freerouting\jre\jdk-21.0.10+7-jre\bin;C:\WINDOWS\SYSTEM32;C:\WINDOWS\WinSxS\amd64_microsoft.windows.common-controls_6595b64144ccf1df_6.0.19041.6456_none_60b8a6cb71f64256;C:\Users\kille\AppData\Local\Temp\freerouting\jre\jdk-21.0.10+7-jre\bin\server;C:\WINDOWS\System32\DriverStore\FileRepository\nv_dispi.inf_amd64_d471cab2f241c3c2;C:\WINDOWS\System32\DriverStore\FileRepository\igdlh64.inf_amd64_e6797382daf01d86

VM Arguments:
java_command: C:\Users\kille\Documents\KiCad\9.0\3rdparty\plugins\app_freerouting_kicad-plugin\jar/freerouting-2.1.0.jar -de G:\Mi unidad\Universidad\TFG\PCB\Proyecto\PCB_BatteryCharger\freerouting.dsn -do G:\Mi unidad\Universidad\TFG\PCB\Proyecto\PCB_BatteryCharger\freerouting.ses -host KiCad
java_class_path (initial): C:\Users\kille\Documents\KiCad\9.0\3rdparty\plugins\app_freerouting_kicad-plugin\jar/freerouting-2.1.0.jar
Launcher Type: SUN_STANDARD

[Global flags]
     intx CICompilerCount                          = 3                                         {product} {ergonomic}
     uint ConcGCThreads                            = 1                                         {product} {ergonomic}
     uint G1ConcRefinementThreads                  = 4                                         {product} {ergonomic}
   size_t G1HeapRegionSize                         = 2097152                                   {product} {ergonomic}
    uintx GCDrainStackTargetSize                   = 64                                        {product} {ergonomic}
   size_t InitialHeapSize                          = 266338304                                 {product} {ergonomic}
   size_t MarkStackSize                            = 4194304                                   {product} {ergonomic}
   size_t MaxHeapSize                              = 4261412864                                {product} {ergonomic}
   size_t MaxNewSize                               = 2556428288                                {product} {ergonomic}
   size_t MinHeapDeltaBytes                        = 2097152                                   {product} {ergonomic}
   size_t MinHeapSize                              = 8388608                                   {product} {ergonomic}
    uintx NonNMethodCodeHeapSize                   = 5832780                                {pd product} {ergonomic}
    uintx NonProfiledCodeHeapSize                  = 122912730                              {pd product} {ergonomic}
    uintx ProfiledCodeHeapSize                     = 122912730                              {pd product} {ergonomic}
    uintx ReservedCodeCacheSize                    = 251658240                              {pd product} {ergonomic}
     bool SegmentedCodeCache                       = true                                      {product} {ergonomic}
   size_t SoftMaxHeapSize                          = 4261412864                             {manageable} {ergonomic}
     bool UseCompressedOops                        = true                           {product lp64_product} {ergonomic}
     bool UseG1GC                                  = true                                      {product} {ergonomic}
     bool UseLargePagesIndividualAllocation        = false                                  {pd product} {ergonomic}

Logging:
Log output configuration:
 #0: stdout all=warning uptime,level,tags foldmultilines=false
 #1: stderr all=off uptime,level,tags foldmultilines=false

Release file:
IMPLEMENTOR="Eclipse Adoptium" 
IMPLEMENTOR_VERSION="Temurin-21.0.10+7" 
JAVA_RUNTIME_VERSION="21.0.10+7-LTS" 
JAVA_VERSION="21.0.10" 
JAVA_VERSION_DATE="2026-01-20" 
LIBC="default" 
MODULES="java.base java.compiler java.datatransfer java.xml java.prefs java.desktop java.instrument java.logging java.management java.security.sasl java.naming java.rmi java.management.rmi java.net.http java.scripting java.security.jgss java.transaction.xa java.sql java.sql.rowset java.xml.crypto java.se java.smartcardio jdk.accessibility jdk.internal.jvmstat jdk.attach jdk.charsets jdk.internal.opt jdk.zipfs jdk.compiler jdk.crypto.ec jdk.crypto.cryptoki jdk.crypto.mscapi jdk.dynalink jdk.internal.ed jdk.editpad jdk.hotspot.agent jdk.httpserver jdk.incubator.vector jdk.internal.le jdk.internal.vm.ci jdk.internal.vm.compiler jdk.internal.vm.compiler.management jdk.jartool jdk.javadoc jdk.jcmd jdk.management jdk.management.agent jdk.jconsole jdk.jdeps jdk.jdwp.agent jdk.jdi jdk.jfr jdk.jlink jdk.jpackage jdk.jshell jdk.jsobject jdk.jstatd jdk.localedata jdk.management.jfr jdk.naming.dns jdk.naming.rmi jdk.net jdk.nio.mapmode jdk.random jdk.sctp jdk.security.auth jdk.security.jgss jdk.unsupported jdk.unsupported.desktop jdk.xml.dom" 
OS_ARCH="x86_64" 
OS_NAME="Windows" 
SOURCE=".:git:a633eafe0fcc" 
BUILD_SOURCE="git:458965074606f027bd5afce2cfd5c1055dea0438"
BUILD_SOURCE_REPO="https://github.com/adoptium/temurin-build.git"
SOURCE_REPO="https://github.com/adoptium/jdk21u.git"
FULL_VERSION="21.0.10+7-LTS"
SEMANTIC_VERSION="21.0.10+7"
BUILD_INFO="OS: Windows Server 2022 Version: 10.0"
JVM_VARIANT="Hotspot"
JVM_VERSION="21.0.10+7-LTS"
IMAGE_TYPE="JRE"

Environment Variables:
PATH=C:\Users\kille\Documents\KiCad\9.0\3rdparty\Python311\Scripts\;C:\Program Files\Eclipse Adoptium\jdk-25.0.2.10-hotspot\bin;D:\Program Files\Eclipse Adoptium\jre-21.0.6.7-hotspot\bin;C:\Program Files\Common Files\Oracle\Java\javapath;c:\windows\system32;c:\windows;c:\windows\system32\wbem;c:\windows\system32\windowspowershell\v1.0\;c:\windows\system32\openssh\;d:\program files (x86)\touch portal\plugins\adb\platform-tools;c:\windows\system32;c:\windows;c:\windows\system32\wbem;c:\windows\system32\windowspowershell\v1.0\;c:\windows\system32\openssh\;C:\Program Files (x86)\NVIDIA Corporation\PhysX\Common;D:\Program Files\MATLAB\R2021b\bin;D:\Program Files\AutoFirma\AutoFirma;C:\Program Files\NVIDIA Corporation\NVIDIA app\NvDLISR;C:\Program Files (x86)\STMicroelectronics\STM32 ST-LINK Utility\ST-LINK Utility;D:\Program Files\PuTTY\;D:\Program Files\Git\cmd;C:\Users\kille\AppData\Local\Microsoft\WindowsApps;C:\Users\kille\AppData\Roaming\Dashlane\6.2044.0.40862\bin\Firefox_Extension\{442718d9-475e-452a-b3e1-fb1ee16b8e9f}\components;C:\Users\kille\AppData\Roaming\Dashlane\6.2044.0.40862\ucrt;C:\Users\kille\AppData\Roaming\Dashlane\6.2044.0.40862\bin\Qt;C:\Users\kille\AppData\Roaming\Dashlane\6.2044.0.40862\bin\Ssl;C:\Program Files\Java\jdk1.8.0_281\bin;D:\Universidad_programas\Quartus\modelsim_ase\win32aloem;C:\Users\kille\spicetify-cli;C:\Users\kille\AppData\Local\GitHubDesktop\bin;D:\Program Files\Microsoft VS Code\bin;C:\Program Files (x86)\Digilent\AdeptUtilities
USERNAME=kille
OS=Windows_NT
PROCESSOR_IDENTIFIER=Intel64 Family 6 Model 158 Stepping 9, GenuineIntel
TMP=C:\Users\kille\AppData\Local\Temp
TEMP=C:\Users\kille\AppData\Local\Temp




Periodic native trim disabled

---------------  S Y S T E M  ---------------

OS:
 Windows 10 , 64 bit Build 19041 (10.0.19041.5915)
OS uptime: 6 days 1:15 hours
Hyper-V role detected

CPU: total 4 (initial active 4) (4 cores per cpu, 1 threads per core) family 6 model 158 stepping 9 microcode 0xb4, cx8, cmov, fxsr, mmx, 3dnowpref, sse, sse2, sse3, ssse3, sse4.1, sse4.2, popcnt, lzcnt, tsc, tscinvbit, avx, avx2, aes, erms, clmul, bmi1, bmi2, adx, fma, vzeroupper, clflush, clflushopt, hv, rdtscp, f16c
Processor Information for the first 4 processors :
  Max Mhz: 3001, Current Mhz: 3001, Mhz Limit: 3001

Memory: 4k page, system-wide physical 16252M (5295M free)
TotalPageFile size 20348M (AvailPageFile size 46M)
current process WorkingSet (physical memory assigned to process): 484M, peak: 484M
current process commit charge ("private bytes"): 544M, peak: 616M

vm_info: OpenJDK 64-Bit Server VM (21.0.10+7-LTS) for windows-amd64 JRE (21.0.10+7-LTS), built on 2026-01-20T00:00:00Z by "admin" with MS VC++ 17.12 (VS2022)

END.
