#
# There is insufficient memory for the Java Runtime Environment to continue.
# Native memory allocation (mmap) failed to map 85983232 bytes. Error detail: G1 virtual space
# Possible reasons:
#   The system is out of physical RAM or swap space
#   This process is running with CompressedOops enabled, and the Java Heap may be blocking the growth of the native heap
# Possible solutions:
#   Reduce memory load on the system
#   Increase physical memory or swap space
#   Check if swap backing store is full
#   Decrease Java heap size (-Xmx/-Xms)
#   Decrease number of Java threads
#   Decrease Java thread stack sizes (-Xss)
#   Set larger code cache with -XX:ReservedCodeCacheSize=
#   JVM is running with Zero Based Compressed Oops mode in which the Java heap is
#     placed in the first 32GB address space. The Java Heap base address is the
#     maximum limit for the native heap growth. Please use -XX:HeapBaseMinAddress
#     to set the Java Heap base and to place the Java Heap above 32GB virtual address.
# This output file may be truncated or incomplete.
#
#  Out of Memory Error (os_windows.cpp:3554), pid=7892, tid=15896
#
# JRE version: OpenJDK Runtime Environment Temurin-25.0.2+10 (25.0.2+10) (build 25.0.2+10-LTS)
# Java VM: OpenJDK 64-Bit Server VM Temurin-25.0.2+10 (25.0.2+10-LTS, mixed mode, sharing, tiered, compressed oops, compressed class ptrs, g1 gc, windows-amd64)
# No core dump will be written. Minidumps are not enabled by default on client versions of Windows
#

---------------  S U M M A R Y ------------

Command Line: C:\Users\kille\Documents\KiCad\9.0\3rdparty\plugins\app_freerouting_kicad-plugin\jar/freerouting-2.1.0.jar -de G:\Mi unidad\Universidad\TFG\PCB\Proyecto\PCB_BatteryCharger\freerouting.dsn -do G:\Mi unidad\Universidad\TFG\PCB\Proyecto\PCB_BatteryCharger\freerouting.ses -host KiCad

Host: Intel(R) Core(TM) i5-7400 CPU @ 3.00GHz, 4 cores, 15G,  Windows 10 , 64 bit Build 19041 (10.0.19041.5915)
Time: Fri Mar 20 05:50:45 2026 Hora est嫕dar romance elapsed time: 9.676986 seconds (0d 0h 0m 9s)

---------------  T H R E A D  ---------------

Current thread (0x0000014458e75e40):  VMThread "VM Thread"          [id=15896, stack(0x0000000af9700000,0x0000000af9800000) (1024K)]

Stack: [0x0000000af9700000,0x0000000af9800000]
Native frames: (J=compiled Java code, j=interpreted, Vv=VM code, C=native code)
V  [jvm.dll+0x7a8bc9]  (no source info available)
V  [jvm.dll+0x77310d]  (no source info available)
V  [jvm.dll+0x9f55f3]  (no source info available)
V  [jvm.dll+0x9f7be1]  (no source info available)
V  [jvm.dll+0x9f82f3]  (no source info available)
V  [jvm.dll+0x2fce26]  (no source info available)
V  [jvm.dll+0x7a4df5]  (no source info available)
V  [jvm.dll+0x798257]  (no source info available)
V  [jvm.dll+0x3f5248]  (no source info available)
V  [jvm.dll+0x3fd1b6]  (no source info available)
V  [jvm.dll+0x3e991e]  (no source info available)
V  [jvm.dll+0x3e9bd8]  (no source info available)
V  [jvm.dll+0x3c0c05]  (no source info available)
V  [jvm.dll+0x3c0c9a]  (no source info available)
V  [jvm.dll+0x40df96]  (no source info available)
V  [jvm.dll+0x40c8a8]  (no source info available)
V  [jvm.dll+0x3c0337]  (no source info available)
V  [jvm.dll+0x40bc8f]  (no source info available)
V  [jvm.dll+0x9fe542]  (no source info available)
V  [jvm.dll+0x9ff861]  (no source info available)
V  [jvm.dll+0x9ffdd8]  (no source info available)
V  [jvm.dll+0xa00073]  (no source info available)
V  [jvm.dll+0x996b0d]  (no source info available)
V  [jvm.dll+0x7a71a5]  (no source info available)
C  [ucrtbase.dll+0x21bb2]  (no source info available)
C  [KERNEL32.DLL+0x17374]  (no source info available)
C  [ntdll.dll+0x4cc91]  (no source info available)

VM_Operation (0x0000000afa2ff510): G1CollectForAllocation, mode: safepoint, requested by thread 0x000001445ea1ac80


---------------  P R O C E S S  ---------------

Threads class SMR info:
_java_thread_list=0x0000014467484090, length=19, elements={
0x0000014437cc3010, 0x0000014458e87a60, 0x0000014458e89780, 0x0000014458e8d320,
0x000001443a07afa0, 0x000001443a078890, 0x0000014458e99060, 0x0000014458e9b590,
0x0000014458e9bda0, 0x0000014458e978f0, 0x0000014458e94a10, 0x0000014458e980c0,
0x000001445dc151e0, 0x000001445ea20a40, 0x000001445ea1ac80, 0x000001445ea1faa0,
0x000001445ea1c3f0, 0x000001445ea21210, 0x000001445dc16180
}

Java Threads: ( => current thread )
  0x0000014437cc3010 JavaThread "main"                              [_thread_blocked, id=15256, stack(0x0000000af9000000,0x0000000af9100000) (1024K)]
  0x0000014458e87a60 JavaThread "Reference Handler"          daemon [_thread_blocked, id=14084, stack(0x0000000af9800000,0x0000000af9900000) (1024K)]
  0x0000014458e89780 JavaThread "Finalizer"                  daemon [_thread_blocked, id=15384, stack(0x0000000af9900000,0x0000000af9a00000) (1024K)]
  0x0000014458e8d320 JavaThread "Signal Dispatcher"          daemon [_thread_blocked, id=8172, stack(0x0000000af9a00000,0x0000000af9b00000) (1024K)]
  0x000001443a07afa0 JavaThread "Attach Listener"            daemon [_thread_blocked, id=8348, stack(0x0000000af9b00000,0x0000000af9c00000) (1024K)]
  0x000001443a078890 JavaThread "Service Thread"             daemon [_thread_blocked, id=14128, stack(0x0000000af9c00000,0x0000000af9d00000) (1024K)]
  0x0000014458e99060 JavaThread "Monitor Deflation Thread"   daemon [_thread_blocked, id=11760, stack(0x0000000af9d00000,0x0000000af9e00000) (1024K)]
  0x0000014458e9b590 JavaThread "C2 CompilerThread0"         daemon [_thread_blocked, id=18072, stack(0x0000000af9e00000,0x0000000af9f00000) (1024K)]
  0x0000014458e9bda0 JavaThread "C1 CompilerThread0"         daemon [_thread_blocked, id=11780, stack(0x0000000af9f00000,0x0000000afa000000) (1024K)]
  0x0000014458e978f0 JavaThread "Notification Thread"        daemon [_thread_blocked, id=13316, stack(0x0000000afa000000,0x0000000afa100000) (1024K)]
  0x0000014458e94a10 JavaThread "Common-Cleaner"             daemon [_thread_blocked, id=18180, stack(0x0000000afa100000,0x0000000afa200000) (1024K)]
  0x0000014458e980c0 JavaThread "Java2D Disposer"            daemon [_thread_blocked, id=16824, stack(0x0000000afa300000,0x0000000afa400000) (1024K)]
  0x000001445dc151e0 JavaThread "AWT-Windows"                daemon [_thread_blocked, id=10568, stack(0x0000000afa500000,0x0000000afa600000) (1024K)]
  0x000001445ea20a40 JavaThread "ForkJoinPool.commonPool-worker-1" daemon [_thread_blocked, id=14864, stack(0x0000000afb000000,0x0000000afb100000) (1024K)]
  0x000001445ea1ac80 JavaThread "Thread-4"                          [_thread_blocked, id=12600, stack(0x0000000afa200000,0x0000000afa300000) (1024K)]
  0x000001445ea1faa0 JavaThread "AWT-Shutdown"                      [_thread_blocked, id=12640, stack(0x0000000afac00000,0x0000000afad00000) (1024K)]
  0x000001445ea1c3f0 JavaThread "AWT-EventQueue-0"                  [_thread_blocked, id=7756, stack(0x0000000afad00000,0x0000000afae00000) (1024K)]
  0x000001445ea21210 JavaThread "D3D Screen Updater"         daemon [_thread_blocked, id=14480, stack(0x0000000afae00000,0x0000000afaf00000) (1024K)]
  0x000001445dc16180 JavaThread "TimerQueue"                 daemon [_thread_blocked, id=4308, stack(0x0000000afb100000,0x0000000afb200000) (1024K)]
Total: 19

Other Threads:
=>0x0000014458e75e40 VMThread "VM Thread"                           [id=15896, stack(0x0000000af9700000,0x0000000af9800000) (1024K)]
  0x0000014458e66a60 WatcherThread "VM Periodic Task Thread"        [id=9060, stack(0x0000000af9600000,0x0000000af9700000) (1024K)]
  0x000001443a01ecd0 WorkerThread "GC Thread#0"                     [id=16472, stack(0x0000000af9100000,0x0000000af9200000) (1024K)]
  0x000001445dd83440 WorkerThread "GC Thread#1"                     [id=10412, stack(0x0000000afa600000,0x0000000afa700000) (1024K)]
  0x000001445dd83870 WorkerThread "GC Thread#2"                     [id=13512, stack(0x0000000afa700000,0x0000000afa800000) (1024K)]
  0x000001445dd83ca0 WorkerThread "GC Thread#3"                     [id=18208, stack(0x0000000afa800000,0x0000000afa900000) (1024K)]
  0x000001443a037c20 ConcurrentGCThread "G1 Main Marker"            [id=16300, stack(0x0000000af9200000,0x0000000af9300000) (1024K)]
  0x000001443a038f60 WorkerThread "G1 Conc#0"                       [id=18160, stack(0x0000000af9300000,0x0000000af9400000) (1024K)]
  0x000001443a06df30 ConcurrentGCThread "G1 Refine#0"               [id=2680, stack(0x0000000af9400000,0x0000000af9500000) (1024K)]
  0x000001443a06eb40 ConcurrentGCThread "G1 Service"                [id=11556, stack(0x0000000af9500000,0x0000000af9600000) (1024K)]
Total: 10

Threads with active compile tasks:
Total: 0

VM state: at safepoint (normal execution)

VM Mutex/Monitor currently owned by a thread:  ([mutex/lock_event])
[0x00007ffac17c63c8] Threads_lock - owner thread: 0x0000014458e75e40
[0x00007ffac17c6548] Heap_lock - owner thread: 0x000001445ea1ac80

Heap address: 0x0000000702000000, size: 4064 MB, Compressed Oops mode: Zero based, Oop shift amount: 3

CDS archive(s) mapped at: [0x0000000098000000-0x0000000098dd0000-0x0000000098dd0000), size 14483456, SharedBaseAddress: 0x0000000098000000, ArchiveRelocationMode: 1.
Compressed class space mapped at: 0x0000000099000000-0x00000000d9000000, reserved size: 1073741824
UseCompressedClassPointers 1, UseCompactObjectHeaders 0
Narrow klass pointer bits 32, Max shift 3
Narrow klass base: 0x0000000098000000, Narrow klass shift: 0
Encoding Range: [0x0000000098000000 - 0x0000000198000000), (4294967296 bytes)
Klass Range:    [0x0000000098010000 - 0x00000000d9000000), (1090453504 bytes)
Klass ID Range:  [65536 - 1090519033) (1090453497)
Protection zone: [0x0000000098000000 - 0x0000000098010000), (65536 bytes)

GC Precious Log:
 CardTable entry size: 512
 Card Set container configuration: InlinePtr #cards 4 size 8 Array Of Cards #cards 16 size 48 Howl #buckets 8 coarsen threshold 3686 Howl Bitmap #cards 512 size 80 coarsen threshold 460 Card regions per heap region 1 cards per card region 4096
 CPUs: 4 total, 4 available
 Memory: 16252M
 Large Page Support: Disabled
 NUMA Support: Disabled
 Compressed Oops: Enabled (Zero based)
 Heap Region Size: 2M
 Heap Min Capacity: 8M
 Heap Initial Capacity: 254M
 Heap Max Capacity: 4064M
 Pre-touch: Disabled
 Parallel Workers: 4
 Concurrent Workers: 1
 Concurrent Refinement Workers: 4
 Periodic GC: Disabled

Heap:
 garbage-first heap   total reserved 4161536K, committed 415744K, used 29949K [0x0000000702000000, 0x0000000800000000)
  region size 2048K, 3 young (6144K), 3 survivors (6144K)

Heap Regions: E=young(eden), S=young(survivor), O=old, HS=humongous(starts), HC=humongous(continues), CS=collection set, F=free, TAMS=top-at-mark-start, PB=parsable bottom
|   0|0x0000000702000000, 0x0000000702200000, 0x0000000702200000|100%|HS|  |TAMS 0x0000000702000000| PB 0x0000000702000000| Complete |  0
|   1|0x0000000702200000, 0x0000000702400000, 0x0000000702400000|100%|HC|  |TAMS 0x0000000702200000| PB 0x0000000702200000| Complete |  0
|   2|0x0000000702400000, 0x0000000702600000, 0x0000000702600000|100%| O|  |TAMS 0x0000000702400000| PB 0x0000000702400000| Untracked |  0
|   3|0x0000000702600000, 0x0000000702800000, 0x0000000702800000|100%| O|  |TAMS 0x0000000702600000| PB 0x0000000702600000| Untracked |  0
|   4|0x0000000702800000, 0x0000000702a00000, 0x0000000702a00000|100%| O|  |TAMS 0x0000000702800000| PB 0x0000000702800000| Untracked |  0
|   5|0x0000000702a00000, 0x0000000702c00000, 0x0000000702c00000|100%| O|  |TAMS 0x0000000702a00000| PB 0x0000000702a00000| Untracked |  0
|   6|0x0000000702c00000, 0x0000000702e00000, 0x0000000702e00000|100%| O|  |TAMS 0x0000000702c00000| PB 0x0000000702c00000| Untracked |  0
|   7|0x0000000702e00000, 0x0000000702f7f650, 0x0000000703000000| 74%| O|  |TAMS 0x0000000702e00000| PB 0x0000000702e00000| Untracked |  0
|   8|0x0000000703000000, 0x0000000703200000, 0x0000000703200000|100%| O|  |TAMS 0x0000000703000000| PB 0x0000000703000000| Untracked |  0
|   9|0x0000000703200000, 0x0000000703400000, 0x0000000703400000|100%| O|  |TAMS 0x0000000703200000| PB 0x0000000703200000| Untracked |  0
|  10|0x0000000703400000, 0x00000007035e7a08, 0x0000000703600000| 95%| O|  |TAMS 0x0000000703400000| PB 0x0000000703400000| Untracked |  0
|  11|0x0000000703600000, 0x0000000703600000, 0x0000000703800000|  0%| F|  |TAMS 0x0000000703600000| PB 0x0000000703600000| Untracked |  0
|  12|0x0000000703800000, 0x0000000703800000, 0x0000000703a00000|  0%| F|  |TAMS 0x0000000703800000| PB 0x0000000703800000| Untracked |  0
|  13|0x0000000703a00000, 0x0000000703a00000, 0x0000000703c00000|  0%| F|  |TAMS 0x0000000703a00000| PB 0x0000000703a00000| Untracked |  0
|  14|0x0000000703c00000, 0x0000000703c00000, 0x0000000703e00000|  0%| F|  |TAMS 0x0000000703c00000| PB 0x0000000703c00000| Untracked |  0
|  15|0x0000000703e00000, 0x0000000703e00000, 0x0000000704000000|  0%| F|  |TAMS 0x0000000703e00000| PB 0x0000000703e00000| Untracked |  0
|  16|0x0000000704000000, 0x0000000704000000, 0x0000000704200000|  0%| F|  |TAMS 0x0000000704000000| PB 0x0000000704000000| Untracked |  0
|  17|0x0000000704200000, 0x0000000704200000, 0x0000000704400000|  0%| F|  |TAMS 0x0000000704200000| PB 0x0000000704200000| Untracked |  0
|  18|0x0000000704400000, 0x0000000704400000, 0x0000000704600000|  0%| F|  |TAMS 0x0000000704400000| PB 0x0000000704400000| Untracked |  0
|  19|0x0000000704600000, 0x0000000704600000, 0x0000000704800000|  0%| F|  |TAMS 0x0000000704600000| PB 0x0000000704600000| Untracked |  0
|  20|0x0000000704800000, 0x0000000704800000, 0x0000000704a00000|  0%| F|  |TAMS 0x0000000704800000| PB 0x0000000704800000| Untracked |  0
|  21|0x0000000704a00000, 0x0000000704a00000, 0x0000000704c00000|  0%| F|  |TAMS 0x0000000704a00000| PB 0x0000000704a00000| Untracked |  0
|  22|0x0000000704c00000, 0x0000000704c00000, 0x0000000704e00000|  0%| F|  |TAMS 0x0000000704c00000| PB 0x0000000704c00000| Untracked |  0
|  23|0x0000000704e00000, 0x0000000704e00000, 0x0000000705000000|  0%| F|  |TAMS 0x0000000704e00000| PB 0x0000000704e00000| Untracked |  0
|  24|0x0000000705000000, 0x0000000705000000, 0x0000000705200000|  0%| F|  |TAMS 0x0000000705000000| PB 0x0000000705000000| Untracked |  0
|  25|0x0000000705200000, 0x0000000705200000, 0x0000000705400000|  0%| F|  |TAMS 0x0000000705200000| PB 0x0000000705200000| Untracked |  0
|  26|0x0000000705400000, 0x0000000705400000, 0x0000000705600000|  0%| F|  |TAMS 0x0000000705400000| PB 0x0000000705400000| Untracked |  0
|  27|0x0000000705600000, 0x0000000705600000, 0x0000000705800000|  0%| F|  |TAMS 0x0000000705600000| PB 0x0000000705600000| Untracked |  0
|  28|0x0000000705800000, 0x0000000705800000, 0x0000000705a00000|  0%| F|  |TAMS 0x0000000705800000| PB 0x0000000705800000| Untracked |  0
|  29|0x0000000705a00000, 0x0000000705a00000, 0x0000000705c00000|  0%| F|  |TAMS 0x0000000705a00000| PB 0x0000000705a00000| Untracked |  0
|  30|0x0000000705c00000, 0x0000000705c00000, 0x0000000705e00000|  0%| F|  |TAMS 0x0000000705c00000| PB 0x0000000705c00000| Untracked |  0
|  31|0x0000000705e00000, 0x0000000705e00000, 0x0000000706000000|  0%| F|  |TAMS 0x0000000705e00000| PB 0x0000000705e00000| Untracked |  0
|  32|0x0000000706000000, 0x0000000706000000, 0x0000000706200000|  0%| F|  |TAMS 0x0000000706000000| PB 0x0000000706000000| Untracked |  0
|  33|0x0000000706200000, 0x0000000706200000, 0x0000000706400000|  0%| F|  |TAMS 0x0000000706200000| PB 0x0000000706200000| Untracked |  0
|  34|0x0000000706400000, 0x0000000706400000, 0x0000000706600000|  0%| F|  |TAMS 0x0000000706400000| PB 0x0000000706400000| Untracked |  0
|  35|0x0000000706600000, 0x0000000706600000, 0x0000000706800000|  0%| F|  |TAMS 0x0000000706600000| PB 0x0000000706600000| Untracked |  0
|  36|0x0000000706800000, 0x0000000706800000, 0x0000000706a00000|  0%| F|  |TAMS 0x0000000706800000| PB 0x0000000706800000| Untracked |  0
|  37|0x0000000706a00000, 0x0000000706a00000, 0x0000000706c00000|  0%| F|  |TAMS 0x0000000706a00000| PB 0x0000000706a00000| Untracked |  0
|  38|0x0000000706c00000, 0x0000000706c00000, 0x0000000706e00000|  0%| F|  |TAMS 0x0000000706c00000| PB 0x0000000706c00000| Untracked |  0
|  39|0x0000000706e00000, 0x0000000706e00000, 0x0000000707000000|  0%| F|  |TAMS 0x0000000706e00000| PB 0x0000000706e00000| Untracked |  0
|  40|0x0000000707000000, 0x0000000707000000, 0x0000000707200000|  0%| F|  |TAMS 0x0000000707000000| PB 0x0000000707000000| Untracked |  0
|  41|0x0000000707200000, 0x0000000707200000, 0x0000000707400000|  0%| F|  |TAMS 0x0000000707200000| PB 0x0000000707200000| Untracked |  0
|  42|0x0000000707400000, 0x0000000707400000, 0x0000000707600000|  0%| F|  |TAMS 0x0000000707400000| PB 0x0000000707400000| Untracked |  0
|  43|0x0000000707600000, 0x0000000707600000, 0x0000000707800000|  0%| F|  |TAMS 0x0000000707600000| PB 0x0000000707600000| Untracked |  0
|  44|0x0000000707800000, 0x0000000707800000, 0x0000000707a00000|  0%| F|  |TAMS 0x0000000707800000| PB 0x0000000707800000| Untracked |  0
|  45|0x0000000707a00000, 0x0000000707a00000, 0x0000000707c00000|  0%| F|  |TAMS 0x0000000707a00000| PB 0x0000000707a00000| Untracked |  0
|  46|0x0000000707c00000, 0x0000000707c00000, 0x0000000707e00000|  0%| F|  |TAMS 0x0000000707c00000| PB 0x0000000707c00000| Untracked |  0
|  47|0x0000000707e00000, 0x0000000707e00000, 0x0000000708000000|  0%| F|  |TAMS 0x0000000707e00000| PB 0x0000000707e00000| Untracked |  0
|  48|0x0000000708000000, 0x0000000708000000, 0x0000000708200000|  0%| F|  |TAMS 0x0000000708000000| PB 0x0000000708000000| Untracked |  0
|  49|0x0000000708200000, 0x0000000708200000, 0x0000000708400000|  0%| F|  |TAMS 0x0000000708200000| PB 0x0000000708200000| Untracked |  0
|  50|0x0000000708400000, 0x0000000708400000, 0x0000000708600000|  0%| F|  |TAMS 0x0000000708400000| PB 0x0000000708400000| Untracked |  0
|  51|0x0000000708600000, 0x0000000708600000, 0x0000000708800000|  0%| F|  |TAMS 0x0000000708600000| PB 0x0000000708600000| Untracked |  0
|  52|0x0000000708800000, 0x0000000708800000, 0x0000000708a00000|  0%| F|  |TAMS 0x0000000708800000| PB 0x0000000708800000| Untracked |  0
|  53|0x0000000708a00000, 0x0000000708a00000, 0x0000000708c00000|  0%| F|  |TAMS 0x0000000708a00000| PB 0x0000000708a00000| Untracked |  0
|  54|0x0000000708c00000, 0x0000000708c00000, 0x0000000708e00000|  0%| F|  |TAMS 0x0000000708c00000| PB 0x0000000708c00000| Untracked |  0
|  55|0x0000000708e00000, 0x0000000708e00000, 0x0000000709000000|  0%| F|  |TAMS 0x0000000708e00000| PB 0x0000000708e00000| Untracked |  0
|  56|0x0000000709000000, 0x0000000709000000, 0x0000000709200000|  0%| F|  |TAMS 0x0000000709000000| PB 0x0000000709000000| Untracked |  0
|  57|0x0000000709200000, 0x0000000709200000, 0x0000000709400000|  0%| F|  |TAMS 0x0000000709200000| PB 0x0000000709200000| Untracked |  0
|  58|0x0000000709400000, 0x0000000709400000, 0x0000000709600000|  0%| F|  |TAMS 0x0000000709400000| PB 0x0000000709400000| Untracked |  0
|  59|0x0000000709600000, 0x0000000709600000, 0x0000000709800000|  0%| F|  |TAMS 0x0000000709600000| PB 0x0000000709600000| Untracked |  0
|  60|0x0000000709800000, 0x0000000709800000, 0x0000000709a00000|  0%| F|  |TAMS 0x0000000709800000| PB 0x0000000709800000| Untracked |  0
|  61|0x0000000709a00000, 0x0000000709a00000, 0x0000000709c00000|  0%| F|  |TAMS 0x0000000709a00000| PB 0x0000000709a00000| Untracked |  0
|  62|0x0000000709c00000, 0x0000000709c00000, 0x0000000709e00000|  0%| F|  |TAMS 0x0000000709c00000| PB 0x0000000709c00000| Untracked |  0
|  63|0x0000000709e00000, 0x0000000709e00000, 0x000000070a000000|  0%| F|  |TAMS 0x0000000709e00000| PB 0x0000000709e00000| Untracked |  0
|  64|0x000000070a000000, 0x000000070a000000, 0x000000070a200000|  0%| F|  |TAMS 0x000000070a000000| PB 0x000000070a000000| Untracked |  0
|  65|0x000000070a200000, 0x000000070a200000, 0x000000070a400000|  0%| F|  |TAMS 0x000000070a200000| PB 0x000000070a200000| Untracked |  0
|  66|0x000000070a400000, 0x000000070a400000, 0x000000070a600000|  0%| F|  |TAMS 0x000000070a400000| PB 0x000000070a400000| Untracked |  0
|  67|0x000000070a600000, 0x000000070a600000, 0x000000070a800000|  0%| F|  |TAMS 0x000000070a600000| PB 0x000000070a600000| Untracked |  0
|  68|0x000000070a800000, 0x000000070a800000, 0x000000070aa00000|  0%| F|  |TAMS 0x000000070a800000| PB 0x000000070a800000| Untracked |  0
|  69|0x000000070aa00000, 0x000000070aa00000, 0x000000070ac00000|  0%| F|  |TAMS 0x000000070aa00000| PB 0x000000070aa00000| Untracked |  0
|  70|0x000000070ac00000, 0x000000070ac00000, 0x000000070ae00000|  0%| F|  |TAMS 0x000000070ac00000| PB 0x000000070ac00000| Untracked |  0
|  71|0x000000070ae00000, 0x000000070ae00000, 0x000000070b000000|  0%| F|  |TAMS 0x000000070ae00000| PB 0x000000070ae00000| Untracked |  0
|  72|0x000000070b000000, 0x000000070b000000, 0x000000070b200000|  0%| F|  |TAMS 0x000000070b000000| PB 0x000000070b000000| Untracked |  0
|  73|0x000000070b200000, 0x000000070b200000, 0x000000070b400000|  0%| F|  |TAMS 0x000000070b200000| PB 0x000000070b200000| Untracked |  0
|  74|0x000000070b400000, 0x000000070b400000, 0x000000070b600000|  0%| F|  |TAMS 0x000000070b400000| PB 0x000000070b400000| Untracked |  0
|  75|0x000000070b600000, 0x000000070b600000, 0x000000070b800000|  0%| F|  |TAMS 0x000000070b600000| PB 0x000000070b600000| Untracked |  0
|  76|0x000000070b800000, 0x000000070b800000, 0x000000070ba00000|  0%| F|  |TAMS 0x000000070b800000| PB 0x000000070b800000| Untracked |  0
|  77|0x000000070ba00000, 0x000000070ba00000, 0x000000070bc00000|  0%| F|  |TAMS 0x000000070ba00000| PB 0x000000070ba00000| Untracked |  0
|  78|0x000000070bc00000, 0x000000070bdd8638, 0x000000070be00000| 92%| S|CS|TAMS 0x000000070bc00000| PB 0x000000070bc00000| Complete |  0
|  79|0x000000070be00000, 0x000000070c000000, 0x000000070c000000|100%| S|CS|TAMS 0x000000070be00000| PB 0x000000070be00000| Complete |  0
|  80|0x000000070c000000, 0x000000070c200000, 0x000000070c200000|100%| S|CS|TAMS 0x000000070c000000| PB 0x000000070c000000| Complete |  0
|  81|0x000000070c200000, 0x000000070c200000, 0x000000070c400000|  0%| F|  |TAMS 0x000000070c200000| PB 0x000000070c200000| Untracked |  0
|  82|0x000000070c400000, 0x000000070c400000, 0x000000070c600000|  0%| F|  |TAMS 0x000000070c400000| PB 0x000000070c400000| Untracked |  0
|  83|0x000000070c600000, 0x000000070c600000, 0x000000070c800000|  0%| F|  |TAMS 0x000000070c600000| PB 0x000000070c600000| Untracked |  0
|  84|0x000000070c800000, 0x000000070c800000, 0x000000070ca00000|  0%| F|  |TAMS 0x000000070c800000| PB 0x000000070c800000| Untracked |  0
|  85|0x000000070ca00000, 0x000000070ca00000, 0x000000070cc00000|  0%| F|  |TAMS 0x000000070ca00000| PB 0x000000070ca00000| Untracked |  0
|  86|0x000000070cc00000, 0x000000070cc00000, 0x000000070ce00000|  0%| F|  |TAMS 0x000000070cc00000| PB 0x000000070cc00000| Untracked |  0
|  87|0x000000070ce00000, 0x000000070ce00000, 0x000000070d000000|  0%| F|  |TAMS 0x000000070ce00000| PB 0x000000070ce00000| Untracked |  0
|  88|0x000000070d000000, 0x000000070d000000, 0x000000070d200000|  0%| F|  |TAMS 0x000000070d000000| PB 0x000000070d000000| Untracked |  0
|  89|0x000000070d200000, 0x000000070d200000, 0x000000070d400000|  0%| F|  |TAMS 0x000000070d200000| PB 0x000000070d200000| Untracked |  0
|  90|0x000000070d400000, 0x000000070d400000, 0x000000070d600000|  0%| F|  |TAMS 0x000000070d400000| PB 0x000000070d400000| Untracked |  0
|  91|0x000000070d600000, 0x000000070d600000, 0x000000070d800000|  0%| F|  |TAMS 0x000000070d600000| PB 0x000000070d600000| Untracked |  0
|  92|0x000000070d800000, 0x000000070d800000, 0x000000070da00000|  0%| F|  |TAMS 0x000000070d800000| PB 0x000000070d800000| Untracked |  0
|  93|0x000000070da00000, 0x000000070da00000, 0x000000070dc00000|  0%| F|  |TAMS 0x000000070da00000| PB 0x000000070da00000| Untracked |  0
|  94|0x000000070dc00000, 0x000000070dc00000, 0x000000070de00000|  0%| F|  |TAMS 0x000000070dc00000| PB 0x000000070dc00000| Untracked |  0
|  95|0x000000070de00000, 0x000000070de00000, 0x000000070e000000|  0%| F|  |TAMS 0x000000070de00000| PB 0x000000070de00000| Untracked |  0
|  96|0x000000070e000000, 0x000000070e000000, 0x000000070e200000|  0%| F|  |TAMS 0x000000070e000000| PB 0x000000070e000000| Untracked |  0
|  97|0x000000070e200000, 0x000000070e200000, 0x000000070e400000|  0%| F|  |TAMS 0x000000070e200000| PB 0x000000070e200000| Untracked |  0
|  98|0x000000070e400000, 0x000000070e400000, 0x000000070e600000|  0%| F|  |TAMS 0x000000070e400000| PB 0x000000070e400000| Untracked |  0
|  99|0x000000070e600000, 0x000000070e600000, 0x000000070e800000|  0%| F|  |TAMS 0x000000070e600000| PB 0x000000070e600000| Untracked |  0
| 100|0x000000070e800000, 0x000000070e800000, 0x000000070ea00000|  0%| F|  |TAMS 0x000000070e800000| PB 0x000000070e800000| Untracked |  0
| 101|0x000000070ea00000, 0x000000070ea00000, 0x000000070ec00000|  0%| F|  |TAMS 0x000000070ea00000| PB 0x000000070ea00000| Untracked |  0
| 102|0x000000070ec00000, 0x000000070ec00000, 0x000000070ee00000|  0%| F|  |TAMS 0x000000070ec00000| PB 0x000000070ec00000| Untracked |  0
| 103|0x000000070ee00000, 0x000000070ee00000, 0x000000070f000000|  0%| F|  |TAMS 0x000000070ee00000| PB 0x000000070ee00000| Untracked |  0
| 104|0x000000070f000000, 0x000000070f000000, 0x000000070f200000|  0%| F|  |TAMS 0x000000070f000000| PB 0x000000070f000000| Untracked |  0
| 105|0x000000070f200000, 0x000000070f200000, 0x000000070f400000|  0%| F|  |TAMS 0x000000070f200000| PB 0x000000070f200000| Untracked |  0
| 106|0x000000070f400000, 0x000000070f400000, 0x000000070f600000|  0%| F|  |TAMS 0x000000070f400000| PB 0x000000070f400000| Untracked |  0
| 107|0x000000070f600000, 0x000000070f600000, 0x000000070f800000|  0%| F|  |TAMS 0x000000070f600000| PB 0x000000070f600000| Untracked |  0
| 108|0x000000070f800000, 0x000000070f800000, 0x000000070fa00000|  0%| F|  |TAMS 0x000000070f800000| PB 0x000000070f800000| Untracked |  0
| 109|0x000000070fa00000, 0x000000070fa00000, 0x000000070fc00000|  0%| F|  |TAMS 0x000000070fa00000| PB 0x000000070fa00000| Untracked |  0
| 110|0x000000070fc00000, 0x000000070fc00000, 0x000000070fe00000|  0%| F|  |TAMS 0x000000070fc00000| PB 0x000000070fc00000| Untracked |  0
| 111|0x000000070fe00000, 0x000000070fe00000, 0x0000000710000000|  0%| F|  |TAMS 0x000000070fe00000| PB 0x000000070fe00000| Untracked |  0
| 112|0x0000000710000000, 0x0000000710000000, 0x0000000710200000|  0%| F|  |TAMS 0x0000000710000000| PB 0x0000000710000000| Untracked |  0
| 113|0x0000000710200000, 0x0000000710200000, 0x0000000710400000|  0%| F|  |TAMS 0x0000000710200000| PB 0x0000000710200000| Untracked |  0
| 114|0x0000000710400000, 0x0000000710400000, 0x0000000710600000|  0%| F|  |TAMS 0x0000000710400000| PB 0x0000000710400000| Untracked |  0
| 115|0x0000000710600000, 0x0000000710600000, 0x0000000710800000|  0%| F|  |TAMS 0x0000000710600000| PB 0x0000000710600000| Untracked |  0
| 116|0x0000000710800000, 0x0000000710800000, 0x0000000710a00000|  0%| F|  |TAMS 0x0000000710800000| PB 0x0000000710800000| Untracked |  0
| 117|0x0000000710a00000, 0x0000000710a00000, 0x0000000710c00000|  0%| F|  |TAMS 0x0000000710a00000| PB 0x0000000710a00000| Untracked |  0
| 118|0x0000000710c00000, 0x0000000710c00000, 0x0000000710e00000|  0%| F|  |TAMS 0x0000000710c00000| PB 0x0000000710c00000| Untracked |  0
| 119|0x0000000710e00000, 0x0000000710e00000, 0x0000000711000000|  0%| F|  |TAMS 0x0000000710e00000| PB 0x0000000710e00000| Untracked |  0
| 120|0x0000000711000000, 0x0000000711000000, 0x0000000711200000|  0%| F|  |TAMS 0x0000000711000000| PB 0x0000000711000000| Untracked |  0
| 121|0x0000000711200000, 0x0000000711200000, 0x0000000711400000|  0%| F|  |TAMS 0x0000000711200000| PB 0x0000000711200000| Untracked |  0
| 122|0x0000000711400000, 0x0000000711400000, 0x0000000711600000|  0%| F|  |TAMS 0x0000000711400000| PB 0x0000000711400000| Untracked |  0
| 123|0x0000000711600000, 0x0000000711600000, 0x0000000711800000|  0%| F|  |TAMS 0x0000000711600000| PB 0x0000000711600000| Untracked |  0
| 124|0x0000000711800000, 0x0000000711800000, 0x0000000711a00000|  0%| F|  |TAMS 0x0000000711800000| PB 0x0000000711800000| Untracked |  0
| 125|0x0000000711a00000, 0x0000000711a00000, 0x0000000711c00000|  0%| F|  |TAMS 0x0000000711a00000| PB 0x0000000711a00000| Untracked |  0
| 126|0x0000000711c00000, 0x0000000711c00000, 0x0000000711e00000|  0%| F|  |TAMS 0x0000000711c00000| PB 0x0000000711c00000| Untracked |  0
| 127|0x0000000711e00000, 0x0000000711e00000, 0x0000000712000000|  0%| F|  |TAMS 0x0000000711e00000| PB 0x0000000711e00000| Untracked |  0
| 128|0x0000000712000000, 0x0000000712000000, 0x0000000712200000|  0%| F|  |TAMS 0x0000000712000000| PB 0x0000000712000000| Untracked |  0
| 129|0x0000000712200000, 0x0000000712200000, 0x0000000712400000|  0%| F|  |TAMS 0x0000000712200000| PB 0x0000000712200000| Untracked |  0
| 130|0x0000000712400000, 0x0000000712400000, 0x0000000712600000|  0%| F|  |TAMS 0x0000000712400000| PB 0x0000000712400000| Untracked |  0
| 131|0x0000000712600000, 0x0000000712600000, 0x0000000712800000|  0%| F|  |TAMS 0x0000000712600000| PB 0x0000000712600000| Untracked |  0
| 132|0x0000000712800000, 0x0000000712800000, 0x0000000712a00000|  0%| F|  |TAMS 0x0000000712800000| PB 0x0000000712800000| Untracked |  0
| 133|0x0000000712a00000, 0x0000000712a00000, 0x0000000712c00000|  0%| F|  |TAMS 0x0000000712a00000| PB 0x0000000712a00000| Untracked |  0
| 134|0x0000000712c00000, 0x0000000712c00000, 0x0000000712e00000|  0%| F|  |TAMS 0x0000000712c00000| PB 0x0000000712c00000| Untracked |  0
| 135|0x0000000712e00000, 0x0000000712e00000, 0x0000000713000000|  0%| F|  |TAMS 0x0000000712e00000| PB 0x0000000712e00000| Untracked |  0
| 136|0x0000000713000000, 0x0000000713000000, 0x0000000713200000|  0%| F|  |TAMS 0x0000000713000000| PB 0x0000000713000000| Untracked |  0
| 137|0x0000000713200000, 0x0000000713200000, 0x0000000713400000|  0%| F|  |TAMS 0x0000000713200000| PB 0x0000000713200000| Untracked |  0
| 138|0x0000000713400000, 0x0000000713400000, 0x0000000713600000|  0%| F|  |TAMS 0x0000000713400000| PB 0x0000000713400000| Untracked |  0
| 139|0x0000000713600000, 0x0000000713600000, 0x0000000713800000|  0%| F|  |TAMS 0x0000000713600000| PB 0x0000000713600000| Untracked |  0
| 140|0x0000000713800000, 0x0000000713800000, 0x0000000713a00000|  0%| F|  |TAMS 0x0000000713800000| PB 0x0000000713800000| Untracked |  0
| 141|0x0000000713a00000, 0x0000000713a00000, 0x0000000713c00000|  0%| F|  |TAMS 0x0000000713a00000| PB 0x0000000713a00000| Untracked |  0
| 142|0x0000000713c00000, 0x0000000713c00000, 0x0000000713e00000|  0%| F|  |TAMS 0x0000000713c00000| PB 0x0000000713c00000| Untracked |  0
| 143|0x0000000713e00000, 0x0000000713e00000, 0x0000000714000000|  0%| F|  |TAMS 0x0000000713e00000| PB 0x0000000713e00000| Untracked |  0
| 144|0x0000000714000000, 0x0000000714000000, 0x0000000714200000|  0%| F|  |TAMS 0x0000000714000000| PB 0x0000000714000000| Untracked |  0
| 145|0x0000000714200000, 0x0000000714200000, 0x0000000714400000|  0%| F|  |TAMS 0x0000000714200000| PB 0x0000000714200000| Untracked |  0
| 146|0x0000000714400000, 0x0000000714400000, 0x0000000714600000|  0%| F|  |TAMS 0x0000000714400000| PB 0x0000000714400000| Untracked |  0
| 147|0x0000000714600000, 0x0000000714600000, 0x0000000714800000|  0%| F|  |TAMS 0x0000000714600000| PB 0x0000000714600000| Untracked |  0
| 148|0x0000000714800000, 0x0000000714800000, 0x0000000714a00000|  0%| F|  |TAMS 0x0000000714800000| PB 0x0000000714800000| Untracked |  0
| 149|0x0000000714a00000, 0x0000000714a00000, 0x0000000714c00000|  0%| F|  |TAMS 0x0000000714a00000| PB 0x0000000714a00000| Untracked |  0
| 150|0x0000000714c00000, 0x0000000714c00000, 0x0000000714e00000|  0%| F|  |TAMS 0x0000000714c00000| PB 0x0000000714c00000| Untracked |  0
| 151|0x0000000714e00000, 0x0000000714e00000, 0x0000000715000000|  0%| F|  |TAMS 0x0000000714e00000| PB 0x0000000714e00000| Untracked |  0
| 152|0x0000000715000000, 0x0000000715000000, 0x0000000715200000|  0%| F|  |TAMS 0x0000000715000000| PB 0x0000000715000000| Untracked |  0
| 153|0x0000000715200000, 0x0000000715200000, 0x0000000715400000|  0%| F|  |TAMS 0x0000000715200000| PB 0x0000000715200000| Untracked |  0
| 154|0x0000000715400000, 0x0000000715400000, 0x0000000715600000|  0%| F|  |TAMS 0x0000000715400000| PB 0x0000000715400000| Untracked |  0
| 155|0x0000000715600000, 0x0000000715600000, 0x0000000715800000|  0%| F|  |TAMS 0x0000000715600000| PB 0x0000000715600000| Untracked |  0
| 156|0x0000000715800000, 0x0000000715800000, 0x0000000715a00000|  0%| F|  |TAMS 0x0000000715800000| PB 0x0000000715800000| Untracked |  0
| 157|0x0000000715a00000, 0x0000000715a00000, 0x0000000715c00000|  0%| F|  |TAMS 0x0000000715a00000| PB 0x0000000715a00000| Untracked |  0
| 158|0x0000000715c00000, 0x0000000715c00000, 0x0000000715e00000|  0%| F|  |TAMS 0x0000000715c00000| PB 0x0000000715c00000| Untracked |  0
| 159|0x0000000715e00000, 0x0000000715e00000, 0x0000000716000000|  0%| F|  |TAMS 0x0000000715e00000| PB 0x0000000715e00000| Untracked |  0
| 160|0x0000000716000000, 0x0000000716000000, 0x0000000716200000|  0%| F|  |TAMS 0x0000000716000000| PB 0x0000000716000000| Untracked |  0
| 161|0x0000000716200000, 0x0000000716200000, 0x0000000716400000|  0%| F|  |TAMS 0x0000000716200000| PB 0x0000000716200000| Untracked |  0
| 162|0x0000000716400000, 0x0000000716400000, 0x0000000716600000|  0%| F|  |TAMS 0x0000000716400000| PB 0x0000000716400000| Untracked |  0
| 163|0x0000000716600000, 0x0000000716600000, 0x0000000716800000|  0%| F|  |TAMS 0x0000000716600000| PB 0x0000000716600000| Untracked |  0
| 164|0x0000000716800000, 0x0000000716800000, 0x0000000716a00000|  0%| F|  |TAMS 0x0000000716800000| PB 0x0000000716800000| Untracked |  0
| 165|0x0000000716a00000, 0x0000000716a00000, 0x0000000716c00000|  0%| F|  |TAMS 0x0000000716a00000| PB 0x0000000716a00000| Untracked |  0
| 166|0x0000000716c00000, 0x0000000716c00000, 0x0000000716e00000|  0%| F|  |TAMS 0x0000000716c00000| PB 0x0000000716c00000| Untracked |  0
| 167|0x0000000716e00000, 0x0000000716e00000, 0x0000000717000000|  0%| F|  |TAMS 0x0000000716e00000| PB 0x0000000716e00000| Untracked |  0
| 168|0x0000000717000000, 0x0000000717000000, 0x0000000717200000|  0%| F|  |TAMS 0x0000000717000000| PB 0x0000000717000000| Untracked |  0
| 169|0x0000000717200000, 0x0000000717200000, 0x0000000717400000|  0%| F|  |TAMS 0x0000000717200000| PB 0x0000000717200000| Untracked |  0
| 170|0x0000000717400000, 0x0000000717400000, 0x0000000717600000|  0%| F|  |TAMS 0x0000000717400000| PB 0x0000000717400000| Untracked |  0
| 171|0x0000000717600000, 0x0000000717600000, 0x0000000717800000|  0%| F|  |TAMS 0x0000000717600000| PB 0x0000000717600000| Untracked |  0
| 172|0x0000000717800000, 0x0000000717800000, 0x0000000717a00000|  0%| F|  |TAMS 0x0000000717800000| PB 0x0000000717800000| Untracked |  0
| 173|0x0000000717a00000, 0x0000000717a00000, 0x0000000717c00000|  0%| F|  |TAMS 0x0000000717a00000| PB 0x0000000717a00000| Untracked |  0
| 174|0x0000000717c00000, 0x0000000717c00000, 0x0000000717e00000|  0%| F|  |TAMS 0x0000000717c00000| PB 0x0000000717c00000| Untracked |  0
| 175|0x0000000717e00000, 0x0000000717e00000, 0x0000000718000000|  0%| F|  |TAMS 0x0000000717e00000| PB 0x0000000717e00000| Untracked |  0
| 176|0x0000000718000000, 0x0000000718000000, 0x0000000718200000|  0%| F|  |TAMS 0x0000000718000000| PB 0x0000000718000000| Untracked |  0
| 177|0x0000000718200000, 0x0000000718200000, 0x0000000718400000|  0%| F|  |TAMS 0x0000000718200000| PB 0x0000000718200000| Untracked |  0
| 178|0x0000000718400000, 0x0000000718400000, 0x0000000718600000|  0%| F|  |TAMS 0x0000000718400000| PB 0x0000000718400000| Untracked |  0
| 179|0x0000000718600000, 0x0000000718600000, 0x0000000718800000|  0%| F|  |TAMS 0x0000000718600000| PB 0x0000000718600000| Untracked |  0
| 180|0x0000000718800000, 0x0000000718800000, 0x0000000718a00000|  0%| F|  |TAMS 0x0000000718800000| PB 0x0000000718800000| Untracked |  0
| 181|0x0000000718a00000, 0x0000000718a00000, 0x0000000718c00000|  0%| F|  |TAMS 0x0000000718a00000| PB 0x0000000718a00000| Untracked |  0
| 182|0x0000000718c00000, 0x0000000718c00000, 0x0000000718e00000|  0%| F|  |TAMS 0x0000000718c00000| PB 0x0000000718c00000| Untracked |  0
| 183|0x0000000718e00000, 0x0000000718e00000, 0x0000000719000000|  0%| F|  |TAMS 0x0000000718e00000| PB 0x0000000718e00000| Untracked |  0
| 184|0x0000000719000000, 0x0000000719000000, 0x0000000719200000|  0%| F|  |TAMS 0x0000000719000000| PB 0x0000000719000000| Untracked |  0
| 185|0x0000000719200000, 0x0000000719200000, 0x0000000719400000|  0%| F|  |TAMS 0x0000000719200000| PB 0x0000000719200000| Untracked |  0
| 186|0x0000000719400000, 0x0000000719400000, 0x0000000719600000|  0%| F|  |TAMS 0x0000000719400000| PB 0x0000000719400000| Untracked |  0
| 187|0x0000000719600000, 0x0000000719600000, 0x0000000719800000|  0%| F|  |TAMS 0x0000000719600000| PB 0x0000000719600000| Untracked |  0
| 188|0x0000000719800000, 0x0000000719800000, 0x0000000719a00000|  0%| F|  |TAMS 0x0000000719800000| PB 0x0000000719800000| Untracked |  0
| 189|0x0000000719a00000, 0x0000000719a00000, 0x0000000719c00000|  0%| F|  |TAMS 0x0000000719a00000| PB 0x0000000719a00000| Untracked |  0
| 190|0x0000000719c00000, 0x0000000719c00000, 0x0000000719e00000|  0%| F|  |TAMS 0x0000000719c00000| PB 0x0000000719c00000| Untracked |  0
| 191|0x0000000719e00000, 0x0000000719e00000, 0x000000071a000000|  0%| F|  |TAMS 0x0000000719e00000| PB 0x0000000719e00000| Untracked |  0
| 192|0x000000071a000000, 0x000000071a000000, 0x000000071a200000|  0%| F|  |TAMS 0x000000071a000000| PB 0x000000071a000000| Untracked |  0
| 193|0x000000071a200000, 0x000000071a200000, 0x000000071a400000|  0%| F|  |TAMS 0x000000071a200000| PB 0x000000071a200000| Untracked |  0
| 194|0x000000071a400000, 0x000000071a400000, 0x000000071a600000|  0%| F|  |TAMS 0x000000071a400000| PB 0x000000071a400000| Untracked |  0
| 195|0x000000071a600000, 0x000000071a600000, 0x000000071a800000|  0%| F|  |TAMS 0x000000071a600000| PB 0x000000071a600000| Untracked |  0
| 196|0x000000071a800000, 0x000000071a800000, 0x000000071aa00000|  0%| F|  |TAMS 0x000000071a800000| PB 0x000000071a800000| Untracked |  0
| 197|0x000000071aa00000, 0x000000071aa00000, 0x000000071ac00000|  0%| F|  |TAMS 0x000000071aa00000| PB 0x000000071aa00000| Untracked |  0
| 198|0x000000071ac00000, 0x000000071ac00000, 0x000000071ae00000|  0%| F|  |TAMS 0x000000071ac00000| PB 0x000000071ac00000| Untracked |  0
| 199|0x000000071ae00000, 0x000000071ae00000, 0x000000071b000000|  0%| F|  |TAMS 0x000000071ae00000| PB 0x000000071ae00000| Untracked |  0
| 200|0x000000071b000000, 0x000000071b000000, 0x000000071b200000|  0%| F|  |TAMS 0x000000071b000000| PB 0x000000071b000000| Untracked |  0
|2030|0x00000007ffc00000, 0x00000007ffe00000, 0x00000007ffe00000|100%| O|  |TAMS 0x00000007ffc00000| PB 0x00000007ffc00000| Untracked |  0
|2031|0x00000007ffe00000, 0x00000007ffe00000, 0x0000000800000000|  0%| F|  |TAMS 0x00000007ffe00000| PB 0x00000007ffe00000| Untracked |  0

Card table byte_map: [0x00000144522a0000,0x0000014452a90000] _byte_map_base: 0x000001444ea90000

Marking Bits: (CMBitMap*) 0x000001443a01f460
 Bits: [0x0000014452a90000, 0x0000014456a10000)

Polling page: 0x0000014439780000

Metaspace:
Metaspace        used 38712K, committed 39232K, reserved 1114112K
 class space     used 4973K, committed 5184K, reserved 1048576K

Usage:
  Non-class:     32.95 MB used.
      Class:      4.86 MB used.
       Both:     37.80 MB used.

Virtual space:
  Non-class space:       64.00 MB reserved,      33.25 MB ( 52%) committed,  1 nodes.
      Class space:        1.00 GB reserved,       5.06 MB ( <1%) committed,  1 nodes.
             Both:        1.06 GB reserved,      38.31 MB (  4%) committed. 

Chunk freelists:
   Non-Class:  14.66 MB
       Class:  10.84 MB
        Both:  25.49 MB

MaxMetaspaceSize: unlimited
CompressedClassSpaceSize: 1.00 GB
Initial GC threshold: 21.00 MB
Current GC threshold: 59.19 MB
CDS: on
 - commit_granule_bytes: 65536.
 - commit_granule_words: 8192.
 - virtual_space_node_default_size: 8388608.
 - enlarge_chunks_in_place: 1.
UseCompressedClassPointers 1, UseCompactObjectHeaders 0
Narrow klass pointer bits 32, Max shift 3
Narrow klass base: 0x0000000098000000, Narrow klass shift: 0
Encoding Range: [0x0000000098000000 - 0x0000000198000000), (4294967296 bytes)
Klass Range:    [0x0000000098010000 - 0x00000000d9000000), (1090453504 bytes)
Klass ID Range:  [65536 - 1090519033) (1090453497)
Protection zone: [0x0000000098000000 - 0x0000000098010000), (65536 bytes)


Internal statistics:

num_allocs_failed_limit: 8.
num_arena_births: 696.
num_arena_deaths: 0.
num_vsnodes_births: 2.
num_vsnodes_deaths: 0.
num_space_committed: 613.
num_space_uncommitted: 0.
num_chunks_returned_to_freelist: 8.
num_chunks_taken_from_freelist: 1313.
num_chunk_merges: 0.
num_chunk_splits: 876.
num_chunks_enlarged: 618.
num_inconsistent_stats: 0.

CodeHeap 'non-profiled nmethods': size=120064Kb used=2087Kb max_used=2087Kb free=117976Kb
 bounds [0x000001444a570000, 0x000001444a7e0000, 0x0000014451ab0000]
CodeHeap 'profiled nmethods': size=120000Kb used=9319Kb max_used=9319Kb free=110680Kb
 bounds [0x0000014442ab0000, 0x00000144433d0000, 0x0000014449fe0000]
CodeHeap 'non-nmethods': size=5696Kb used=1855Kb max_used=1899Kb free=3840Kb
 bounds [0x0000014449fe0000, 0x000001444a250000, 0x000001444a570000]
CodeCache: size=245760Kb, used=13261Kb, max_used=13305Kb, free=232496Kb
 total_blobs=6783, nmethods=5802, adapters=868, full_count=0
Compilation: enabled, stopped_count=0, restarted_count=0

Compilation events (20 events):
Event: 9.563 Thread 0x0000014458e9bda0 6121       3       java.awt.Window::getBackground (5 bytes)
Event: 9.563 Thread 0x0000014458e9bda0 nmethod 6121 0x00000144433c7c08 code [0x00000144433c7d00, 0x00000144433c7ff8]
Event: 9.598 Thread 0x0000014458e9bda0 6122       1       sun.java2d.d3d.D3DSurfaceData::getDefaultScaleX (5 bytes)
Event: 9.598 Thread 0x0000014458e9bda0 nmethod 6122 0x000001444a779188 code [0x000001444a779280, 0x000001444a779348]
Event: 9.598 Thread 0x0000014458e9bda0 6123       1       sun.java2d.d3d.D3DSurfaceData::getDefaultScaleY (5 bytes)
Event: 9.598 Thread 0x0000014458e9bda0 nmethod 6123 0x000001444a779488 code [0x000001444a779580, 0x000001444a779648]
Event: 9.598 Thread 0x0000014458e9bda0 6124   !   3       sun.swing.CachedPainter::getCache (70 bytes)
Event: 9.599 Thread 0x0000014458e9bda0 nmethod 6124 0x00000144433c8008 code [0x00000144433c8100, 0x00000144433c8f08]
Event: 9.599 Thread 0x0000014458e9bda0 6125       1       sun.awt.image.SunVolatileImage::getWidth (5 bytes)
Event: 9.599 Thread 0x0000014458e9bda0 nmethod 6125 0x000001444a779788 code [0x000001444a779880, 0x000001444a779948]
Event: 9.633 Thread 0x0000014458e9bda0 6126       1       sun.awt.image.SunVolatileImage::getHeight (5 bytes)
Event: 9.633 Thread 0x0000014458e9bda0 nmethod 6126 0x000001444a779a88 code [0x000001444a779b80, 0x000001444a779c48]
Event: 9.633 Thread 0x0000014458e9bda0 6127       3       sun.swing.CachedPainter$PainterMultiResolutionCachedImage::getWidth (5 bytes)
Event: 9.633 Thread 0x0000014458e9bda0 nmethod 6127 0x00000144433c8f88 code [0x00000144433c9080, 0x00000144433c9188]
Event: 9.633 Thread 0x0000014458e9bda0 6130       3       sun.java2d.StateTrackableDelegate$1::isCurrent (17 bytes)
Event: 9.633 Thread 0x0000014458e9bda0 nmethod 6130 0x00000144433c9288 code [0x00000144433c9380, 0x00000144433c94e8]
Event: 9.633 Thread 0x0000014458e9bda0 6128       3       sun.swing.CachedPainter$PainterMultiResolutionCachedImage::getHeight (5 bytes)
Event: 9.634 Thread 0x0000014458e9bda0 nmethod 6128 0x00000144433c9588 code [0x00000144433c9680, 0x00000144433c9788]
Event: 9.634 Thread 0x0000014458e9bda0 6129       3       sun.swing.CachedPainter::getGraphicsConfiguration (11 bytes)
Event: 9.634 Thread 0x0000014458e9bda0 nmethod 6129 0x00000144433c9888 code [0x00000144433c9980, 0x00000144433c9c60]

GC Heap Usage History (20 events):
Event: 8.411 {heap After GC invocations=39 (full 0):
 garbage-first heap   total reserved 4161536K, committed 346112K, used 29591K [0x0000000702000000, 0x0000000800000000)
  region size 2048K, 5 young (10240K), 5 survivors (10240K)
}
Event: 8.557 {heap Before GC invocations=39 (full 0):
 garbage-first heap   total reserved 4161536K, committed 346112K, used 226199K [0x0000000702000000, 0x0000000800000000)
  region size 2048K, 101 young (206848K), 5 survivors (10240K)
}
Event: 8.559 {heap After GC invocations=40 (full 0):
 garbage-first heap   total reserved 4161536K, committed 346112K, used 27956K [0x0000000702000000, 0x0000000800000000)
  region size 2048K, 5 young (10240K), 5 survivors (10240K)
}
Event: 8.650 {heap Before GC invocations=40 (full 0):
 garbage-first heap   total reserved 4161536K, committed 346112K, used 224564K [0x0000000702000000, 0x0000000800000000)
  region size 2048K, 101 young (206848K), 5 survivors (10240K)
}
Event: 8.652 {heap After GC invocations=41 (full 0):
 garbage-first heap   total reserved 4161536K, committed 346112K, used 29701K [0x0000000702000000, 0x0000000800000000)
  region size 2048K, 5 young (10240K), 5 survivors (10240K)
}
Event: 8.743 {heap Before GC invocations=41 (full 0):
 garbage-first heap   total reserved 4161536K, committed 346112K, used 226309K [0x0000000702000000, 0x0000000800000000)
  region size 2048K, 101 young (206848K), 5 survivors (10240K)
}
Event: 8.745 {heap After GC invocations=42 (full 0):
 garbage-first heap   total reserved 4161536K, committed 346112K, used 29960K [0x0000000702000000, 0x0000000800000000)
  region size 2048K, 4 young (8192K), 4 survivors (8192K)
}
Event: 8.853 {heap Before GC invocations=42 (full 0):
 garbage-first heap   total reserved 4161536K, committed 346112K, used 228616K [0x0000000702000000, 0x0000000800000000)
  region size 2048K, 101 young (206848K), 4 survivors (8192K)
}
Event: 8.855 {heap After GC invocations=43 (full 0):
 garbage-first heap   total reserved 4161536K, committed 415744K, used 28771K [0x0000000702000000, 0x0000000800000000)
  region size 2048K, 4 young (8192K), 4 survivors (8192K)
}
Event: 9.028 {heap Before GC invocations=43 (full 0):
 garbage-first heap   total reserved 4161536K, committed 415744K, used 268387K [0x0000000702000000, 0x0000000800000000)
  region size 2048K, 121 young (247808K), 4 survivors (8192K)
}
Event: 9.030 {heap After GC invocations=44 (full 0):
 garbage-first heap   total reserved 4161536K, committed 415744K, used 29152K [0x0000000702000000, 0x0000000800000000)
  region size 2048K, 4 young (8192K), 4 survivors (8192K)
}
Event: 9.205 {heap Before GC invocations=44 (full 0):
 garbage-first heap   total reserved 4161536K, committed 415744K, used 268768K [0x0000000702000000, 0x0000000800000000)
  region size 2048K, 121 young (247808K), 4 survivors (8192K)
}
Event: 9.207 {heap After GC invocations=45 (full 0):
 garbage-first heap   total reserved 4161536K, committed 415744K, used 29988K [0x0000000702000000, 0x0000000800000000)
  region size 2048K, 4 young (8192K), 4 survivors (8192K)
}
Event: 9.315 {heap Before GC invocations=45 (full 0):
 garbage-first heap   total reserved 4161536K, committed 415744K, used 269604K [0x0000000702000000, 0x0000000800000000)
  region size 2048K, 121 young (247808K), 4 survivors (8192K)
}
Event: 9.318 {heap After GC invocations=46 (full 0):
 garbage-first heap   total reserved 4161536K, committed 415744K, used 30317K [0x0000000702000000, 0x0000000800000000)
  region size 2048K, 4 young (8192K), 4 survivors (8192K)
}
Event: 9.428 {heap Before GC invocations=46 (full 0):
 garbage-first heap   total reserved 4161536K, committed 415744K, used 269933K [0x0000000702000000, 0x0000000800000000)
  region size 2048K, 121 young (247808K), 4 survivors (8192K)
}
Event: 9.430 {heap After GC invocations=47 (full 0):
 garbage-first heap   total reserved 4161536K, committed 415744K, used 30206K [0x0000000702000000, 0x0000000800000000)
  region size 2048K, 4 young (8192K), 4 survivors (8192K)
}
Event: 9.540 {heap Before GC invocations=47 (full 0):
 garbage-first heap   total reserved 4161536K, committed 415744K, used 269822K [0x0000000702000000, 0x0000000800000000)
  region size 2048K, 121 young (247808K), 4 survivors (8192K)
}
Event: 9.543 {heap After GC invocations=48 (full 0):
 garbage-first heap   total reserved 4161536K, committed 415744K, used 30397K [0x0000000702000000, 0x0000000800000000)
  region size 2048K, 4 young (8192K), 4 survivors (8192K)
}
Event: 9.650 {heap Before GC invocations=48 (full 0):
 garbage-first heap   total reserved 4161536K, committed 415744K, used 270013K [0x0000000702000000, 0x0000000800000000)
  region size 2048K, 121 young (247808K), 4 survivors (8192K)
}

Metaspace Usage History (20 events):
Event: 8.411 {metaspace After GC invocations=39 (full 0):
 Metaspace       used 37087K, committed 37632K, reserved 1114112K
  class space    used 4758K, committed 4992K, reserved 1048576K
}
Event: 8.557 {metaspace Before GC invocations=39 (full 0):
 Metaspace       used 37314K, committed 37952K, reserved 1114112K
  class space    used 4808K, committed 5056K, reserved 1048576K
}
Event: 8.559 {metaspace After GC invocations=40 (full 0):
 Metaspace       used 37314K, committed 37952K, reserved 1114112K
  class space    used 4808K, committed 5056K, reserved 1048576K
}
Event: 8.650 {metaspace Before GC invocations=40 (full 0):
 Metaspace       used 37363K, committed 37952K, reserved 1114112K
  class space    used 4827K, committed 5056K, reserved 1048576K
}
Event: 8.652 {metaspace After GC invocations=41 (full 0):
 Metaspace       used 37363K, committed 37952K, reserved 1114112K
  class space    used 4827K, committed 5056K, reserved 1048576K
}
Event: 8.743 {metaspace Before GC invocations=41 (full 0):
 Metaspace       used 37400K, committed 37952K, reserved 1114112K
  class space    used 4839K, committed 5056K, reserved 1048576K
}
Event: 8.745 {metaspace After GC invocations=42 (full 0):
 Metaspace       used 37400K, committed 37952K, reserved 1114112K
  class space    used 4839K, committed 5056K, reserved 1048576K
}
Event: 8.853 {metaspace Before GC invocations=42 (full 0):
 Metaspace       used 37523K, committed 38144K, reserved 1114112K
  class space    used 4863K, committed 5120K, reserved 1048576K
}
Event: 8.855 {metaspace After GC invocations=43 (full 0):
 Metaspace       used 37523K, committed 38144K, reserved 1114112K
  class space    used 4863K, committed 5120K, reserved 1048576K
}
Event: 9.028 {metaspace Before GC invocations=43 (full 0):
 Metaspace       used 38266K, committed 38912K, reserved 1114112K
  class space    used 4924K, committed 5184K, reserved 1048576K
}
Event: 9.030 {metaspace After GC invocations=44 (full 0):
 Metaspace       used 38266K, committed 38912K, reserved 1114112K
  class space    used 4924K, committed 5184K, reserved 1048576K
}
Event: 9.205 {metaspace Before GC invocations=44 (full 0):
 Metaspace       used 38682K, committed 39232K, reserved 1114112K
  class space    used 4970K, committed 5184K, reserved 1048576K
}
Event: 9.207 {metaspace After GC invocations=45 (full 0):
 Metaspace       used 38682K, committed 39232K, reserved 1114112K
  class space    used 4970K, committed 5184K, reserved 1048576K
}
Event: 9.315 {metaspace Before GC invocations=45 (full 0):
 Metaspace       used 38705K, committed 39232K, reserved 1114112K
  class space    used 4973K, committed 5184K, reserved 1048576K
}
Event: 9.318 {metaspace After GC invocations=46 (full 0):
 Metaspace       used 38705K, committed 39232K, reserved 1114112K
  class space    used 4973K, committed 5184K, reserved 1048576K
}
Event: 9.428 {metaspace Before GC invocations=46 (full 0):
 Metaspace       used 38706K, committed 39232K, reserved 1114112K
  class space    used 4973K, committed 5184K, reserved 1048576K
}
Event: 9.430 {metaspace After GC invocations=47 (full 0):
 Metaspace       used 38706K, committed 39232K, reserved 1114112K
  class space    used 4973K, committed 5184K, reserved 1048576K
}
Event: 9.540 {metaspace Before GC invocations=47 (full 0):
 Metaspace       used 38709K, committed 39232K, reserved 1114112K
  class space    used 4973K, committed 5184K, reserved 1048576K
}
Event: 9.543 {metaspace After GC invocations=48 (full 0):
 Metaspace       used 38709K, committed 39232K, reserved 1114112K
  class space    used 4973K, committed 5184K, reserved 1048576K
}
Event: 9.650 {metaspace Before GC invocations=48 (full 0):
 Metaspace       used 38712K, committed 39232K, reserved 1114112K
  class space    used 4973K, committed 5184K, reserved 1048576K
}

Dll operation events (14 events):
Event: 0.007 Loaded shared library C:\Program Files\Eclipse Adoptium\jdk-25.0.2.10-hotspot\bin\java.dll
Event: 0.033 Loaded shared library C:\Program Files\Eclipse Adoptium\jdk-25.0.2.10-hotspot\bin\net.dll
Event: 0.035 Loaded shared library C:\Program Files\Eclipse Adoptium\jdk-25.0.2.10-hotspot\bin\nio.dll
Event: 0.059 Loaded shared library C:\Program Files\Eclipse Adoptium\jdk-25.0.2.10-hotspot\bin\zip.dll
Event: 0.079 Loaded shared library C:\Program Files\Eclipse Adoptium\jdk-25.0.2.10-hotspot\bin\jimage.dll
Event: 0.271 Loaded shared library C:\Program Files\Eclipse Adoptium\jdk-25.0.2.10-hotspot\bin\management.dll
Event: 0.272 Loaded shared library C:\Program Files\Eclipse Adoptium\jdk-25.0.2.10-hotspot\bin\management_ext.dll
Event: 0.594 Loaded shared library C:\Program Files\Eclipse Adoptium\jdk-25.0.2.10-hotspot\bin\awt.dll
Event: 1.114 Loaded shared library C:\Program Files\Eclipse Adoptium\jdk-25.0.2.10-hotspot\bin\sunmscapi.dll
Event: 1.126 Loaded shared library C:\Program Files\Eclipse Adoptium\jdk-25.0.2.10-hotspot\bin\extnet.dll
Event: 2.033 Loaded shared library C:\Program Files\Eclipse Adoptium\jdk-25.0.2.10-hotspot\bin\freetype.dll
Event: 2.034 Loaded shared library C:\Program Files\Eclipse Adoptium\jdk-25.0.2.10-hotspot\bin\fontmanager.dll
Event: 6.783 Loaded shared library C:\Windows\System32\ucrtbase.dll
Event: 6.784 Loaded shared library C:\Program Files\Eclipse Adoptium\jdk-25.0.2.10-hotspot\bin\syslookup.dll

Deoptimization events (20 events):
Event: 9.073 Thread 0x000001445ea1c3f0 Uncommon trap: trap_request=0xffffff45 fr.pc=0x000001444a763a88 relative=0x00000000000003e8
Event: 9.073 Thread 0x000001445ea1c3f0 Uncommon trap: reason=unstable_if action=reinterpret pc=0x000001444a763a88 method=sun.java2d.marlin.FloatMath.ceil_int(D)I @ 7 c2
Event: 9.073 Thread 0x000001445ea1c3f0 DEOPT PACKING pc=0x000001444a763a88 sp=0x0000000afadfced0
Event: 9.073 Thread 0x000001445ea1c3f0 DEOPT UNPACKING pc=0x000001444a0ffc02 sp=0x0000000afadfcd30 mode 2
Event: 9.073 Thread 0x000001445ea1c3f0 Uncommon trap: trap_request=0xffffff45 fr.pc=0x000001444a762a84 relative=0x0000000000000084
Event: 9.073 Thread 0x000001445ea1c3f0 Uncommon trap: reason=unstable_if action=reinterpret pc=0x000001444a762a84 method=sun.java2d.marlin.FloatMath.ceil_int(D)I @ 7 c2
Event: 9.073 Thread 0x000001445ea1c3f0 DEOPT PACKING pc=0x000001444a762a84 sp=0x0000000afadfcd90
Event: 9.073 Thread 0x000001445ea1c3f0 DEOPT UNPACKING pc=0x000001444a0ffc02 sp=0x0000000afadfcd28 mode 2
Event: 9.121 Thread 0x0000014437cc3010 Uncommon trap: trap_request=0xffffffd6 fr.pc=0x000001444a75f084 relative=0x0000000000000204
Event: 9.121 Thread 0x0000014437cc3010 Uncommon trap: reason=array_check action=maybe_recompile pc=0x000001444a75f084 method=java.util.Arrays.fill([Ljava/lang/Object;Ljava/lang/Object;)V @ 13 c2
Event: 9.121 Thread 0x0000014437cc3010 DEOPT PACKING pc=0x000001444a75f084 sp=0x0000000af90fd5c0
Event: 9.121 Thread 0x0000014437cc3010 DEOPT UNPACKING pc=0x000001444a0ffc02 sp=0x0000000af90fd550 mode 2
Event: 9.121 Thread 0x0000014437cc3010 Uncommon trap: trap_request=0xffffffd6 fr.pc=0x000001444a75f084 relative=0x0000000000000204
Event: 9.121 Thread 0x0000014437cc3010 Uncommon trap: reason=array_check action=maybe_recompile pc=0x000001444a75f084 method=java.util.Arrays.fill([Ljava/lang/Object;Ljava/lang/Object;)V @ 13 c2
Event: 9.121 Thread 0x0000014437cc3010 DEOPT PACKING pc=0x000001444a75f084 sp=0x0000000af90fd5c0
Event: 9.121 Thread 0x0000014437cc3010 DEOPT UNPACKING pc=0x000001444a0ffc02 sp=0x0000000af90fd550 mode 2
Event: 9.125 Thread 0x0000014437cc3010 Uncommon trap: trap_request=0xffffffd6 fr.pc=0x000001444a75f084 relative=0x0000000000000204
Event: 9.125 Thread 0x0000014437cc3010 Uncommon trap: reason=array_check action=maybe_recompile pc=0x000001444a75f084 method=java.util.Arrays.fill([Ljava/lang/Object;Ljava/lang/Object;)V @ 13 c2
Event: 9.125 Thread 0x0000014437cc3010 DEOPT PACKING pc=0x000001444a75f084 sp=0x0000000af90fc470
Event: 9.125 Thread 0x0000014437cc3010 DEOPT UNPACKING pc=0x000001444a0ffc02 sp=0x0000000af90fc400 mode 2

Classes loaded (20 events):
Event: 9.169 Loading class java/awt/WaitDispatchSupport$4
Event: 9.169 Loading class java/awt/WaitDispatchSupport$4 done
Event: 9.169 Loading class java/awt/WaitDispatchSupport$1
Event: 9.169 Loading class java/awt/WaitDispatchSupport$1 done
Event: 9.169 Loading class java/awt/WaitDispatchSupport$2
Event: 9.169 Loading class java/awt/WaitDispatchSupport$2 done
Event: 9.188 Loading class com/sun/java/swing/plaf/windows/AnimationController$AnimationState
Event: 9.188 Loading class com/sun/java/swing/plaf/windows/AnimationController$AnimationState done
Event: 9.191 Loading class com/sun/java/swing/plaf/windows/AnimationController$1
Event: 9.191 Loading class com/sun/java/swing/plaf/windows/AnimationController$1 done
Event: 9.221 Loading class java/util/WeakHashMap$KeyIterator
Event: 9.221 Loading class java/util/WeakHashMap$HashIterator
Event: 9.222 Loading class java/util/WeakHashMap$HashIterator done
Event: 9.222 Loading class java/util/WeakHashMap$KeyIterator done
Event: 9.222 Loading class java/util/EnumMap$KeySet
Event: 9.222 Loading class java/util/EnumMap$KeySet done
Event: 9.222 Loading class java/util/EnumMap$KeyIterator
Event: 9.222 Loading class java/util/EnumMap$EnumMapIterator
Event: 9.222 Loading class java/util/EnumMap$EnumMapIterator done
Event: 9.222 Loading class java/util/EnumMap$KeyIterator done

Classes unloaded (0 events):
No events

Classes redefined (0 events):
No events

Internal exceptions (20 events):
Event: 6.863 Thread 0x0000014437cc3010 Exception <a 'java/lang/NoSuchMethodError'{0x0000000708809688}: 'int java.lang.invoke.DelegatingMethodHandle$Holder.delegate(java.lang.Object, java.lang.Object, int, long)'> (0x0000000708809688) 
thrown [s\src\hotspot\share\interpreter\linkResolver.cpp, line 804]
Event: 6.864 Thread 0x0000014437cc3010 Exception <a 'java/lang/NoSuchMethodError'{0x000000070891b3d0}: 'long java.lang.invoke.DirectMethodHandle$Holder.invokeSpecial(java.lang.Object, java.lang.Object, long, long)'> (0x000000070891b3d0) 
thrown [s\src\hotspot\share\interpreter\linkResolver.cpp, line 804]
Event: 6.868 Thread 0x0000014437cc3010 Exception <a 'java/lang/NoSuchMethodError'{0x0000000708314458}: 'void java.lang.invoke.DirectMethodHandle$Holder.invokeSpecial(java.lang.Object, java.lang.Object, float, java.lang.Object, java.lang.Object, java.lang.Object, int, int, int, int, int, float, float, int, int, java.lang.Object, java.lang.Object)'> (0x0000000708314458) 
thrown [s\src\hotspot\share\interpreter\linkResolver.cpp, line 804]
Event: 6.869 Thread 0x0000014437cc3010 Exception <a 'java/lang/NoSuchMethodError'{0x0000000707d11090}: 'int java.lang.invoke.DirectMethodHandle$Holder.invokeSpecial(java.lang.Object, java.lang.Object, int, java.lang.Object)'> (0x0000000707d11090) 
thrown [s\src\hotspot\share\interpreter\linkResolver.cpp, line 804]
Event: 6.870 Thread 0x0000014437cc3010 Exception <a 'java/lang/NoSuchMethodError'{0x0000000707b00000}: 'java.lang.Object java.lang.invoke.Invokers$Holder.invokeExact_MT(java.lang.Object, long, java.lang.Object)'> (0x0000000707b00000) 
thrown [s\src\hotspot\share\interpreter\linkResolver.cpp, line 804]
Event: 6.871 Thread 0x0000014437cc3010 Exception <a 'java/lang/NoSuchMethodError'{0x00000007079094b0}: 'void java.lang.invoke.DelegatingMethodHandle$Holder.reinvoke_L(java.lang.Object, java.lang.Object, java.lang.Object, long, long)'> (0x00000007079094b0) 
thrown [s\src\hotspot\share\interpreter\linkResolver.cpp, line 804]
Event: 6.874 Thread 0x0000014437cc3010 Exception <a 'java/lang/NoSuchMethodError'{0x00000007070013c8}: 'int java.lang.invoke.Invokers$Holder.invokeExact_MT(java.lang.Object, java.lang.Object, java.lang.Object, int, java.lang.Object, java.lang.Object)'> (0x00000007070013c8) 
thrown [s\src\hotspot\share\interpreter\linkResolver.cpp, line 804]
Event: 6.876 Thread 0x0000014437cc3010 Exception <a 'java/lang/NoSuchMethodError'{0x0000000706e0a7b8}: 'int java.lang.invoke.DelegatingMethodHandle$Holder.reinvoke_L(java.lang.Object, java.lang.Object, java.lang.Object, long)'> (0x0000000706e0a7b8) 
thrown [s\src\hotspot\share\interpreter\linkResolver.cpp, line 804]
Event: 6.882 Thread 0x0000014437cc3010 Exception <a 'java/lang/NoSuchMethodError'{0x00000007ffe09ab0}: 'java.lang.Object java.lang.invoke.DirectMethodHandle$Holder.invokeStatic(java.lang.Object, java.lang.Object, java.lang.Object, java.lang.Object, java.lang.Object, long)'> (0x00000007ffe09ab0) 
thrown [s\src\hotspot\share\interpreter\linkResolver.cpp, line 804]
Event: 7.066 Thread 0x0000014437cc3010 Exception <a 'java/lang/NoSuchMethodError'{0x000000070ea04660}: 'double java.lang.invoke.DirectMethodHandle$Holder.invokeStatic(java.lang.Object, java.lang.Object)'> (0x000000070ea04660) 
thrown [s\src\hotspot\share\interpreter\linkResolver.cpp, line 804]
Event: 7.068 Thread 0x0000014437cc3010 Exception <a 'java/lang/NoSuchMethodError'{0x000000070ea1af00}: 'void java.lang.invoke.DirectMethodHandle$Holder.invokeStatic(java.lang.Object, java.lang.Object, double)'> (0x000000070ea1af00) 
thrown [s\src\hotspot\share\interpreter\linkResolver.cpp, line 804]
Event: 7.069 Thread 0x0000014437cc3010 Exception <a 'java/lang/NoSuchMethodError'{0x000000070ea3dcc8}: 'int java.lang.invoke.DirectMethodHandle$Holder.invokeInterface(java.lang.Object, java.lang.Object)'> (0x000000070ea3dcc8) 
thrown [s\src\hotspot\share\interpreter\linkResolver.cpp, line 804]
Event: 8.502 Thread 0x000001445ea1c3f0 Exception <a 'java/lang/NoSuchMethodError'{0x000000070f917160}: 'java.lang.Object java.lang.invoke.DirectMethodHandle$Holder.invokeSpecial(java.lang.Object, java.lang.Object, java.lang.Object, java.lang.Object, java.lang.Object, long)'> (0x000000070f917160) 
thrown [s\src\hotspot\share\interpreter\linkResolver.cpp, line 804]
Event: 8.502 Thread 0x000001445ea1c3f0 Exception <a 'java/lang/NoSuchMethodError'{0x000000070f91ffe8}: 'java.lang.Object java.lang.invoke.DelegatingMethodHandle$Holder.reinvoke_L(java.lang.Object, java.lang.Object, java.lang.Object, java.lang.Object, long)'> (0x000000070f91ffe8) 
thrown [s\src\hotspot\share\interpreter\linkResolver.cpp, line 804]
Event: 8.503 Thread 0x000001445ea1c3f0 Exception <a 'java/lang/NoSuchMethodError'{0x000000070f61da90}: 'java.lang.Object java.lang.invoke.Invokers$Holder.linkToTargetMethod(java.lang.Object, java.lang.Object, long, java.lang.Object)'> (0x000000070f61da90) 
thrown [s\src\hotspot\share\interpreter\linkResolver.cpp, line 804]
Event: 8.868 Thread 0x0000014437cc3010 Exception <a 'java/io/FileNotFoundException'{0x000000071b100628}> (0x000000071b100628) 
thrown [s\src\hotspot\share\prims\jni.cpp, line 516]
Event: 8.963 Thread 0x0000014437cc3010 Exception <a 'java/lang/NoSuchMethodError'{0x0000000712b01fa8}: 'long java.lang.invoke.DelegatingMethodHandle$Holder.reinvoke_L(java.lang.Object, java.lang.Object)'> (0x0000000712b01fa8) 
thrown [s\src\hotspot\share\interpreter\linkResolver.cpp, line 804]
Event: 8.963 Thread 0x0000014437cc3010 Exception <a 'java/lang/NoSuchMethodError'{0x0000000712811a00}: 'void java.lang.invoke.DelegatingMethodHandle$Holder.reinvoke_L(java.lang.Object, java.lang.Object, long)'> (0x0000000712811a00) 
thrown [s\src\hotspot\share\interpreter\linkResolver.cpp, line 804]
Event: 8.964 Thread 0x0000014437cc3010 Exception <a 'java/lang/NoSuchMethodError'{0x0000000712821f98}: 'long java.lang.invoke.Invokers$Holder.invokeExact_MT(java.lang.Object, java.lang.Object, java.lang.Object)'> (0x0000000712821f98) 
thrown [s\src\hotspot\share\interpreter\linkResolver.cpp, line 804]
Event: 9.121 Thread 0x0000014437cc3010 Exception <a 'java/io/FileNotFoundException'{0x0000000716700468}> (0x0000000716700468) 
thrown [s\src\hotspot\share\prims\jni.cpp, line 516]

VM Operations (20 events):
Event: 8.745 Executing safepoint VM operation: G1CollectForAllocation (G1 Evacuation Pause) done
Event: 8.852 Executing safepoint VM operation: G1CollectForAllocation (G1 Evacuation Pause)
Event: 8.855 Executing safepoint VM operation: G1CollectForAllocation (G1 Evacuation Pause) done
Event: 8.917 Executing non-safepoint VM operation: HandshakeAllThreads (Deoptimize)
Event: 8.917 Executing non-safepoint VM operation: HandshakeAllThreads (Deoptimize) done
Event: 8.969 Executing non-safepoint VM operation: HandshakeAllThreads (Deoptimize)
Event: 8.971 Executing non-safepoint VM operation: HandshakeAllThreads (Deoptimize) done
Event: 9.026 Executing safepoint VM operation: G1CollectForAllocation (G1 Evacuation Pause)
Event: 9.030 Executing safepoint VM operation: G1CollectForAllocation (G1 Evacuation Pause) done
Event: 9.124 Executing non-safepoint VM operation: HandshakeAllThreads (Deoptimize)
Event: 9.124 Executing non-safepoint VM operation: HandshakeAllThreads (Deoptimize) done
Event: 9.205 Executing safepoint VM operation: G1CollectForAllocation (G1 Evacuation Pause)
Event: 9.207 Executing safepoint VM operation: G1CollectForAllocation (G1 Evacuation Pause) done
Event: 9.315 Executing safepoint VM operation: G1CollectForAllocation (G1 Evacuation Pause)
Event: 9.318 Executing safepoint VM operation: G1CollectForAllocation (G1 Evacuation Pause) done
Event: 9.428 Executing safepoint VM operation: G1CollectForAllocation (G1 Evacuation Pause)
Event: 9.430 Executing safepoint VM operation: G1CollectForAllocation (G1 Evacuation Pause) done
Event: 9.540 Executing safepoint VM operation: G1CollectForAllocation (G1 Evacuation Pause)
Event: 9.543 Executing safepoint VM operation: G1CollectForAllocation (G1 Evacuation Pause) done
Event: 9.650 Executing safepoint VM operation: G1CollectForAllocation (G1 Evacuation Pause)

Memory protections (0 events):
No events

Nmethod flushes (20 events):
Event: 7.751 Thread 0x0000014458e75e40 flushing  nmethod 0x0000014442d6be08
Event: 7.751 Thread 0x0000014458e75e40 flushing  nmethod 0x0000014442d71f88
Event: 7.751 Thread 0x0000014458e75e40 flushing  nmethod 0x0000014442dbe688
Event: 7.751 Thread 0x0000014458e75e40 flushing  nmethod 0x0000014442dc0888
Event: 7.751 Thread 0x0000014458e75e40 flushing  nmethod 0x0000014442dc1e08
Event: 7.751 Thread 0x0000014458e75e40 flushing  nmethod 0x0000014442dd3708
Event: 7.751 Thread 0x0000014458e75e40 flushing  nmethod 0x0000014442dd3a08
Event: 7.751 Thread 0x0000014458e75e40 flushing  nmethod 0x0000014442dd3d08
Event: 7.751 Thread 0x0000014458e75e40 flushing  nmethod 0x0000014442dd4008
Event: 7.751 Thread 0x0000014458e75e40 flushing  nmethod 0x0000014442dd4388
Event: 7.751 Thread 0x0000014458e75e40 flushing  nmethod 0x0000014442dd4888
Event: 7.751 Thread 0x0000014458e75e40 flushing  nmethod 0x0000014442dd4d08
Event: 7.751 Thread 0x0000014458e75e40 flushing  nmethod 0x0000014442dd7688
Event: 7.751 Thread 0x0000014458e75e40 flushing  nmethod 0x0000014442dd8c08
Event: 7.751 Thread 0x0000014458e75e40 flushing  nmethod 0x0000014442dd8f08
Event: 7.751 Thread 0x0000014458e75e40 flushing  nmethod 0x0000014442ddd488
Event: 7.751 Thread 0x0000014458e75e40 flushing  nmethod 0x0000014442de9908
Event: 7.751 Thread 0x0000014458e75e40 flushing  nmethod 0x0000014442df1308
Event: 7.751 Thread 0x0000014458e75e40 flushing  nmethod 0x0000014442df1708
Event: 7.751 Thread 0x0000014458e75e40 flushing  nmethod 0x0000014442e22e08

Events (20 events):
Event: 8.537 Thread 0x00000144678cd790 Thread exited: 0x00000144678cd790
Event: 8.687 Thread 0x000001445ea1bc20 Thread exited: 0x000001445ea1bc20
Event: 8.790 Thread 0x0000014437cc3010 Thread added: 0x00000144678ce730
Event: 8.795 Thread 0x0000014437cc3010 Thread added: 0x00000144678cef00
Event: 8.811 Thread 0x00000144678ce730 Thread added: 0x00000144678c9910
Event: 8.816 Thread 0x00000144678cef00 Thread added: 0x00000144678ca0e0
Event: 8.856 Thread 0x00000144678c9910 Thread exited: 0x00000144678c9910
Event: 8.856 Thread 0x00000144678ca0e0 Thread exited: 0x00000144678ca0e0
Event: 8.858 Thread 0x000001445ea1c3f0 Thread added: 0x00000144678c8970
Event: 8.867 Thread 0x00000144678ce730 Thread exited: 0x00000144678ce730
Event: 8.878 Thread 0x00000144678cef00 Thread exited: 0x00000144678cef00
Event: 8.894 Thread 0x00000144678c8970 Thread added: 0x00000144678ccfc0
Event: 8.903 Thread 0x00000144678ccfc0 Thread exited: 0x00000144678ccfc0
Event: 8.956 Thread 0x00000144678c8970 Thread exited: 0x00000144678c8970
Event: 8.965 Thread 0x0000014437cc3010 Thread added: 0x00000144678cb850
Event: 8.989 Thread 0x00000144678cb850 Thread added: 0x00000144678ccfc0
Event: 9.025 Thread 0x0000014458e9bda0 Thread added: 0x000001445e6d4be0
Event: 9.034 Thread 0x00000144678ccfc0 Thread exited: 0x00000144678ccfc0
Event: 9.053 Thread 0x00000144678cb850 Thread exited: 0x00000144678cb850
Event: 9.290 Thread 0x000001445e6d4be0 Thread exited: 0x000001445e6d4be0


Dynamic libraries:
0x00007ff610c90000 - 0x00007ff610c9e000 	C:\Program Files\Eclipse Adoptium\jdk-25.0.2.10-hotspot\bin\java.exe
0x00007ffb22810000 - 0x00007ffb22a08000 	C:\WINDOWS\SYSTEM32\ntdll.dll
0x00007ffb21170000 - 0x00007ffb21232000 	C:\WINDOWS\System32\KERNEL32.DLL
0x00007ffb20080000 - 0x00007ffb20376000 	C:\WINDOWS\System32\KERNELBASE.dll
0x00007ffb1ff80000 - 0x00007ffb20080000 	C:\WINDOWS\System32\ucrtbase.dll
0x00007ffb1b620000 - 0x00007ffb1b636000 	C:\Program Files\Eclipse Adoptium\jdk-25.0.2.10-hotspot\bin\jli.dll
0x00007ffb18e40000 - 0x00007ffb18e5e000 	C:\Program Files\Eclipse Adoptium\jdk-25.0.2.10-hotspot\bin\VCRUNTIME140.dll
0x00007ffb21770000 - 0x00007ffb21911000 	C:\WINDOWS\System32\USER32.dll
0x00007ffb205d0000 - 0x00007ffb205f2000 	C:\WINDOWS\System32\win32u.dll
0x00007ffb064a0000 - 0x00007ffb0673b000 	C:\WINDOWS\WinSxS\amd64_microsoft.windows.common-controls_6595b64144ccf1df_6.0.19041.6456_none_60b8a6cb71f64256\COMCTL32.dll
0x00007ffb20fd0000 - 0x00007ffb20ffb000 	C:\WINDOWS\System32\GDI32.dll
0x00007ffb222b0000 - 0x00007ffb2234e000 	C:\WINDOWS\System32\msvcrt.dll
0x00007ffb20600000 - 0x00007ffb20719000 	C:\WINDOWS\System32\gdi32full.dll
0x00007ffb203d0000 - 0x00007ffb2046d000 	C:\WINDOWS\System32\msvcp_win.dll
0x00007ffb21060000 - 0x00007ffb2108f000 	C:\WINDOWS\System32\IMM32.DLL
0x00007ffb1cfe0000 - 0x00007ffb1cfec000 	C:\Program Files\Eclipse Adoptium\jdk-25.0.2.10-hotspot\bin\vcruntime140_1.dll
0x00007ffaf2590000 - 0x00007ffaf261d000 	C:\Program Files\Eclipse Adoptium\jdk-25.0.2.10-hotspot\bin\msvcp140.dll
0x00007ffac0990000 - 0x00007ffac18b6000 	C:\Program Files\Eclipse Adoptium\jdk-25.0.2.10-hotspot\bin\server\jvm.dll
0x00007ffb221f0000 - 0x00007ffb222a1000 	C:\WINDOWS\System32\ADVAPI32.dll
0x00007ffb216d0000 - 0x00007ffb2176f000 	C:\WINDOWS\System32\sechost.dll
0x00007ffb20eb0000 - 0x00007ffb20fd0000 	C:\WINDOWS\System32\RPCRT4.dll
0x00007ffb1ff50000 - 0x00007ffb1ff77000 	C:\WINDOWS\System32\bcrypt.dll
0x00007ffb21590000 - 0x00007ffb215fb000 	C:\WINDOWS\System32\WS2_32.dll
0x00007ffb1f4f0000 - 0x00007ffb1f53b000 	C:\WINDOWS\SYSTEM32\POWRPROF.dll
0x00007ffb17fa0000 - 0x00007ffb17faa000 	C:\WINDOWS\SYSTEM32\VERSION.dll
0x00007ffb10030000 - 0x00007ffb10057000 	C:\WINDOWS\SYSTEM32\WINMM.dll
0x00007ffb1f4d0000 - 0x00007ffb1f4e2000 	C:\WINDOWS\SYSTEM32\UMPDC.dll
0x00007ffb1dcf0000 - 0x00007ffb1dd02000 	C:\WINDOWS\SYSTEM32\kernel.appcore.dll
0x00007ffb1bac0000 - 0x00007ffb1baca000 	C:\Program Files\Eclipse Adoptium\jdk-25.0.2.10-hotspot\bin\jimage.dll
0x00007ffb0e8a0000 - 0x00007ffb0eaa1000 	C:\WINDOWS\SYSTEM32\DBGHELP.DLL
0x00007ffaedca0000 - 0x00007ffaedcd4000 	C:\WINDOWS\SYSTEM32\dbgcore.DLL
0x00007ffb20720000 - 0x00007ffb207a2000 	C:\WINDOWS\System32\bcryptPrimitives.dll
0x00007ffb18c10000 - 0x00007ffb18c2e000 	C:\Program Files\Eclipse Adoptium\jdk-25.0.2.10-hotspot\bin\java.dll
0x00007ffb21250000 - 0x00007ffb2137b000 	C:\WINDOWS\System32\ole32.dll
0x00007ffb223c0000 - 0x00007ffb22714000 	C:\WINDOWS\System32\combase.dll
0x00007ffb21a80000 - 0x00007ffb221f0000 	C:\WINDOWS\System32\SHELL32.dll
0x00007ffb1def0000 - 0x00007ffb1e695000 	C:\WINDOWS\SYSTEM32\windows.storage.dll
0x00007ffb1f850000 - 0x00007ffb1f87b000 	C:\WINDOWS\SYSTEM32\Wldp.dll
0x00007ffb21600000 - 0x00007ffb216cd000 	C:\WINDOWS\System32\OLEAUT32.dll
0x00007ffb22720000 - 0x00007ffb227cd000 	C:\WINDOWS\System32\SHCORE.dll
0x00007ffb21000000 - 0x00007ffb2105b000 	C:\WINDOWS\System32\shlwapi.dll
0x00007ffb1fdd0000 - 0x00007ffb1fdf4000 	C:\WINDOWS\SYSTEM32\profapi.dll
0x00007ffb18bf0000 - 0x00007ffb18c01000 	C:\Program Files\Eclipse Adoptium\jdk-25.0.2.10-hotspot\bin\net.dll
0x00007ffb1f5d0000 - 0x00007ffb1f63a000 	C:\WINDOWS\system32\mswsock.dll
0x00007ffb18bd0000 - 0x00007ffb18be6000 	C:\Program Files\Eclipse Adoptium\jdk-25.0.2.10-hotspot\bin\nio.dll
0x00007ffb18b30000 - 0x00007ffb18b47000 	C:\Program Files\Eclipse Adoptium\jdk-25.0.2.10-hotspot\bin\zip.dll
0x00007ffb1afe0000 - 0x00007ffb1afea000 	C:\Program Files\Eclipse Adoptium\jdk-25.0.2.10-hotspot\bin\management.dll
0x00007ffb18b20000 - 0x00007ffb18b2c000 	C:\Program Files\Eclipse Adoptium\jdk-25.0.2.10-hotspot\bin\management_ext.dll
0x00007ffb22350000 - 0x00007ffb22358000 	C:\WINDOWS\System32\PSAPI.DLL
0x00007ffab89b0000 - 0x00007ffab89c7000 	C:\WINDOWS\system32\napinsp.dll
0x00007ffab89d0000 - 0x00007ffab89eb000 	C:\WINDOWS\system32\pnrpnsp.dll
0x00007ffaebee0000 - 0x00007ffaebefd000 	C:\WINDOWS\system32\wshbth.dll
0x00007ffb1cd70000 - 0x00007ffb1cd8d000 	C:\WINDOWS\system32\NLAapi.dll
0x00007ffb1f260000 - 0x00007ffb1f29b000 	C:\WINDOWS\SYSTEM32\IPHLPAPI.DLL
0x00007ffb1f2a0000 - 0x00007ffb1f36a000 	C:\WINDOWS\SYSTEM32\DNSAPI.dll
0x00007ffb21240000 - 0x00007ffb21248000 	C:\WINDOWS\System32\NSI.dll
0x00007ffab89f0000 - 0x00007ffab8a02000 	C:\WINDOWS\System32\winrnr.dll
0x00007ffb05e20000 - 0x00007ffb05e2a000 	C:\Windows\System32\rasadhlp.dll
0x00007ffb06b60000 - 0x00007ffb06be0000 	C:\WINDOWS\System32\fwpuclnt.dll
0x00007ffaf2410000 - 0x00007ffaf2590000 	C:\Program Files\Eclipse Adoptium\jdk-25.0.2.10-hotspot\bin\awt.dll
0x00007ffb1d170000 - 0x00007ffb1d204000 	C:\WINDOWS\SYSTEM32\apphelp.dll
0x00007ffb1d800000 - 0x00007ffb1d89e000 	C:\WINDOWS\system32\uxtheme.dll
0x00007ffb21380000 - 0x00007ffb21495000 	C:\WINDOWS\System32\MSCTF.dll
0x00007ffb1db10000 - 0x00007ffb1db3e000 	C:\WINDOWS\system32\DWMAPI.DLL
0x00007ffb1f800000 - 0x00007ffb1f818000 	C:\WINDOWS\SYSTEM32\CRYPTSP.dll
0x00007ffb1eea0000 - 0x00007ffb1eed8000 	C:\WINDOWS\system32\rsaenh.dll
0x00007ffb1fd50000 - 0x00007ffb1fd7e000 	C:\WINDOWS\SYSTEM32\USERENV.dll
0x00007ffb1f760000 - 0x00007ffb1f76c000 	C:\WINDOWS\SYSTEM32\CRYPTBASE.dll
0x00007ffaecd10000 - 0x00007ffaece38000 	C:\WINDOWS\system32\opengl32.dll
0x00007ffaed3b0000 - 0x00007ffaed3dc000 	C:\WINDOWS\SYSTEM32\GLU32.dll
0x00007ffad5780000 - 0x00007ffad5951000 	C:\WINDOWS\system32\d3d9.dll
0x00007ffb15c00000 - 0x00007ffb15cc4000 	C:\WINDOWS\System32\DriverStore\FileRepository\nv_dispi.inf_amd64_d471cab2f241c3c2\nvldumdx.dll
0x00007ffb1fa60000 - 0x00007ffb1fa72000 	C:\WINDOWS\SYSTEM32\msasn1.dll
0x00007ffb17f60000 - 0x00007ffb17f91000 	C:\WINDOWS\SYSTEM32\cryptnet.dll
0x00007ffb20470000 - 0x00007ffb205cd000 	C:\WINDOWS\System32\CRYPT32.dll
0x00007ffb17d20000 - 0x00007ffb17e67000 	C:\WINDOWS\SYSTEM32\drvstore.dll
0x00007ffb1fc30000 - 0x00007ffb1fc63000 	C:\WINDOWS\SYSTEM32\devobj.dll
0x00007ffb20380000 - 0x00007ffb203ce000 	C:\WINDOWS\System32\cfgmgr32.dll
0x00007ffb207b0000 - 0x00007ffb20823000 	C:\WINDOWS\System32\wintrust.dll
0x00007ffb21920000 - 0x00007ffb2193d000 	C:\WINDOWS\System32\imagehlp.dll
0x00007ffb11de0000 - 0x00007ffb15b74000 	C:\WINDOWS\System32\DriverStore\FileRepository\nv_dispi.inf_amd64_d471cab2f241c3c2\nvgpucomp64.dll
0x00007ffb10060000 - 0x00007ffb1013e000 	C:\WINDOWS\System32\DriverStore\FileRepository\nv_dispi.inf_amd64_d471cab2f241c3c2\NvMemMapStoragex.dll
0x00007ffa75100000 - 0x00007ffa77c05000 	C:\WINDOWS\System32\DriverStore\FileRepository\nv_dispi.inf_amd64_d471cab2f241c3c2\nvd3dumx.dll
0x00007ffaf1f00000 - 0x00007ffaf20af000 	C:\WINDOWS\System32\DriverStore\FileRepository\igdlh64.inf_amd64_e6797382daf01d86\igdumdim64.dll
0x00007ffa532d0000 - 0x00007ffa56373000 	C:\WINDOWS\System32\DriverStore\FileRepository\igdlh64.inf_amd64_e6797382daf01d86\igd9dxva64.dll
0x00007ffb20830000 - 0x00007ffb20ca0000 	C:\WINDOWS\System32\SETUPAPI.dll
0x00007ffb05980000 - 0x00007ffb05d89000 	C:\WINDOWS\System32\DriverStore\FileRepository\igdlh64.inf_amd64_e6797382daf01d86\igdgmm64.dll
0x00007ffade6f0000 - 0x00007ffade837000 	C:\WINDOWS\system32\nvspcap64.dll
0x00007ffb1f0f0000 - 0x00007ffb1f123000 	C:\WINDOWS\SYSTEM32\ntmarta.dll
0x00007ffb1e6b0000 - 0x00007ffb1e6d3000 	C:\WINDOWS\SYSTEM32\gpapi.dll
0x00007ffad7300000 - 0x00007ffad74b7000 	C:\WINDOWS\System32\DriverStore\FileRepository\nv_dispi.inf_amd64_d471cab2f241c3c2\nvppex.dll
0x00007ffb16430000 - 0x00007ffb1646b000 	C:\WINDOWS\SYSTEM32\dxcore.dll
0x00007ffb17d10000 - 0x00007ffb17d1e000 	C:\Program Files\Eclipse Adoptium\jdk-25.0.2.10-hotspot\bin\sunmscapi.dll
0x00007ffb1f920000 - 0x00007ffb1f947000 	C:\WINDOWS\SYSTEM32\ncrypt.dll
0x00007ffb1f8a0000 - 0x00007ffb1f8db000 	C:\WINDOWS\SYSTEM32\NTASN1.dll
0x00007ffb17d00000 - 0x00007ffb17d09000 	C:\Program Files\Eclipse Adoptium\jdk-25.0.2.10-hotspot\bin\extnet.dll
0x00007ffaf2380000 - 0x00007ffaf2407000 	C:\Program Files\Eclipse Adoptium\jdk-25.0.2.10-hotspot\bin\freetype.dll
0x00007ffaf1e10000 - 0x00007ffaf1eff000 	C:\Program Files\Eclipse Adoptium\jdk-25.0.2.10-hotspot\bin\fontmanager.dll
0x00007ffafcac0000 - 0x00007ffafcac7000 	C:\WINDOWS\system32\wshunix.dll
0x00007ffb160a0000 - 0x00007ffb16199000 	C:\WINDOWS\SYSTEM32\textinputframework.dll
0x00007ffb1c8d0000 - 0x00007ffb1cc2b000 	C:\WINDOWS\System32\CoreUIComponents.dll
0x00007ffb1cc30000 - 0x00007ffb1cd22000 	C:\WINDOWS\System32\CoreMessaging.dll
0x00007ffb1b6f0000 - 0x00007ffb1b847000 	C:\WINDOWS\SYSTEM32\wintypes.dll
0x00007ffb05db0000 - 0x00007ffb05e16000 	C:\WINDOWS\system32\Oleacc.dll
0x00007ffb17cf0000 - 0x00007ffb17cf9000 	C:\Program Files\Eclipse Adoptium\jdk-25.0.2.10-hotspot\bin\syslookup.dll
0x00007ffb219d0000 - 0x00007ffb21a79000 	C:\WINDOWS\System32\clbcatq.dll
0x00007ffb1d5f0000 - 0x00007ffb1d7a6000 	C:\WINDOWS\SYSTEM32\WindowsCodecs.dll
0x00007ffaeb140000 - 0x00007ffaeb17e000 	C:\WINDOWS\system32\dataexchange.dll
0x00007ffb1b850000 - 0x00007ffb1bab4000 	C:\WINDOWS\system32\d3d11.dll
0x00007ffb1c1f0000 - 0x00007ffb1c3d4000 	C:\WINDOWS\system32\dcomp.dll
0x00007ffb1e6e0000 - 0x00007ffb1e7d6000 	C:\WINDOWS\system32\dxgi.dll
0x00007ffb1a160000 - 0x00007ffb1a363000 	C:\WINDOWS\system32\twinapi.appcore.dll
0x00007ffb017e0000 - 0x00007ffb01890000 	C:\WINDOWS\WinSxS\amd64_microsoft.windows.common-controls_6595b64144ccf1df_5.82.19041.6280_none_792d7c952443c49a\comctl32.dll

JVMTI agents: none

dbghelp: loaded successfully - version: 4.0.5 - missing functions: none
symbol engine: initialized successfully - sym options: 0x614 - pdb path: .;C:\Program Files\Eclipse Adoptium\jdk-25.0.2.10-hotspot\bin;C:\WINDOWS\SYSTEM32;C:\WINDOWS\WinSxS\amd64_microsoft.windows.common-controls_6595b64144ccf1df_6.0.19041.6456_none_60b8a6cb71f64256;C:\Program Files\Eclipse Adoptium\jdk-25.0.2.10-hotspot\bin\server;C:\WINDOWS\System32\DriverStore\FileRepository\nv_dispi.inf_amd64_d471cab2f241c3c2;C:\WINDOWS\System32\DriverStore\FileRepository\igdlh64.inf_amd64_e6797382daf01d86;C:\WINDOWS\WinSxS\amd64_microsoft.windows.common-controls_6595b64144ccf1df_5.82.19041.6280_none_792d7c952443c49a

VM Arguments:
java_command: C:\Users\kille\Documents\KiCad\9.0\3rdparty\plugins\app_freerouting_kicad-plugin\jar/freerouting-2.1.0.jar -de G:\Mi unidad\Universidad\TFG\PCB\Proyecto\PCB_BatteryCharger\freerouting.dsn -do G:\Mi unidad\Universidad\TFG\PCB\Proyecto\PCB_BatteryCharger\freerouting.ses -host KiCad
java_class_path (initial): C:\Users\kille\Documents\KiCad\9.0\3rdparty\plugins\app_freerouting_kicad-plugin\jar/freerouting-2.1.0.jar
Launcher Type: SUN_STANDARD

[Global flags]
     intx CICompilerCount                          = 3                                         {product} {ergonomic}
     uint ConcGCThreads                            = 1                                         {product} {ergonomic}
     uint G1ConcRefinementThreads                  = 4                                         {product} {ergonomic}
   size_t G1HeapRegionSize                         = 2097152                                   {product} {ergonomic}
   size_t InitialHeapSize                          = 266338304                                 {product} {ergonomic}
   size_t MarkStackSize                            = 4194304                                   {product} {ergonomic}
   size_t MarkStackSizeMax                         = 536870912                                 {product} {ergonomic}
   size_t MaxHeapSize                              = 4261412864                                {product} {ergonomic}
   size_t MaxNewSize                               = 2556428288                                {product} {ergonomic}
   size_t MinHeapDeltaBytes                        = 2097152                                   {product} {ergonomic}
   size_t MinHeapSize                              = 8388608                                   {product} {ergonomic}
    uintx NonNMethodCodeHeapSize                   = 5832704                                {pd product} {ergonomic}
    uintx NonProfiledCodeHeapSize                  = 122945536                              {pd product} {ergonomic}
    uintx ProfiledCodeHeapSize                     = 122880000                              {pd product} {ergonomic}
    uintx ReservedCodeCacheSize                    = 251658240                              {pd product} {ergonomic}
     bool SegmentedCodeCache                       = true                                      {product} {ergonomic}
   size_t SoftMaxHeapSize                          = 4261412864                             {manageable} {ergonomic}
     bool UseCompressedOops                        = true                           {product lp64_product} {ergonomic}
     bool UseG1GC                                  = true                                      {product} {ergonomic}
     bool UseLargePagesIndividualAllocation        = false                                  {pd product} {ergonomic}

Logging:
Log output configuration:
 #0: stdout all=warning uptime,level,tags foldmultilines=false
 #1: stderr all=off uptime,level,tags foldmultilines=false

Release file:
IMPLEMENTOR="Eclipse Adoptium" 
IMPLEMENTOR_VERSION="Temurin-25.0.2+10" 
JAVA_RUNTIME_VERSION="25.0.2+10-LTS" 
JAVA_VERSION="25.0.2" 
JAVA_VERSION_DATE="2026-01-20" 
LIBC="default" 
MODULES="java.base java.compiler java.datatransfer java.xml java.prefs java.desktop java.instrument java.logging java.management java.security.sasl java.naming java.rmi java.management.rmi java.net.http java.scripting java.security.jgss java.transaction.xa java.sql java.sql.rowset java.xml.crypto java.se java.smartcardio jdk.accessibility jdk.internal.jvmstat jdk.attach jdk.charsets jdk.internal.opt jdk.zipfs jdk.compiler jdk.crypto.cryptoki jdk.crypto.ec jdk.crypto.mscapi jdk.dynalink jdk.internal.ed jdk.editpad jdk.internal.vm.ci jdk.graal.compiler jdk.graal.compiler.management jdk.hotspot.agent jdk.httpserver jdk.incubator.vector jdk.internal.le jdk.internal.md jdk.jartool jdk.javadoc jdk.jcmd jdk.management jdk.management.agent jdk.jconsole jdk.jdeps jdk.jdwp.agent jdk.jdi jdk.jfr jdk.jlink jdk.jpackage jdk.jshell jdk.jsobject jdk.jstatd jdk.localedata jdk.management.jfr jdk.naming.dns jdk.naming.rmi jdk.net jdk.nio.mapmode jdk.sctp jdk.security.auth jdk.security.jgss jdk.unsupported jdk.unsupported.desktop jdk.xml.dom" 
OS_ARCH="x86_64" 
OS_NAME="Windows" 
SOURCE=".:git:9e3c947043a4" 
BUILD_SOURCE="git:458965074606f027bd5afce2cfd5c1055dea0438"
BUILD_SOURCE_REPO="https://github.com/adoptium/temurin-build.git"
SOURCE_REPO="https://github.com/adoptium/jdk25u.git"
FULL_VERSION="25.0.2+10-LTS"
SEMANTIC_VERSION="25.0.2+10"
BUILD_INFO="OS: Windows Server 2022 Version: 10.0"
JVM_VARIANT="Hotspot"
JVM_VERSION="25.0.2+10-LTS"
IMAGE_TYPE="JDK"

Environment Variables:
PATH=C:\Users\kille\Documents\KiCad\9.0\3rdparty\Python311\Scripts\;C:\Program Files\Eclipse Adoptium\jdk-25.0.2.10-hotspot\bin;D:\Program Files\Eclipse Adoptium\jre-21.0.6.7-hotspot\bin;C:\Program Files\Common Files\Oracle\Java\javapath;c:\windows\system32;c:\windows;c:\windows\system32\wbem;c:\windows\system32\windowspowershell\v1.0\;c:\windows\system32\openssh\;d:\program files (x86)\touch portal\plugins\adb\platform-tools;c:\windows\system32;c:\windows;c:\windows\system32\wbem;c:\windows\system32\windowspowershell\v1.0\;c:\windows\system32\openssh\;C:\Program Files (x86)\NVIDIA Corporation\PhysX\Common;D:\Program Files\MATLAB\R2021b\bin;D:\Program Files\AutoFirma\AutoFirma;C:\Program Files\NVIDIA Corporation\NVIDIA app\NvDLISR;C:\Program Files (x86)\STMicroelectronics\STM32 ST-LINK Utility\ST-LINK Utility;D:\Program Files\PuTTY\;D:\Program Files\Git\cmd;C:\Users\kille\AppData\Local\Microsoft\WindowsApps;C:\Users\kille\AppData\Roaming\Dashlane\6.2044.0.40862\bin\Firefox_Extension\{442718d9-475e-452a-b3e1-fb1ee16b8e9f}\components;C:\Users\kille\AppData\Roaming\Dashlane\6.2044.0.40862\ucrt;C:\Users\kille\AppData\Roaming\Dashlane\6.2044.0.40862\bin\Qt;C:\Users\kille\AppData\Roaming\Dashlane\6.2044.0.40862\bin\Ssl;C:\Program Files\Java\jdk1.8.0_281\bin;D:\Universidad_programas\Quartus\modelsim_ase\win32aloem;C:\Users\kille\spicetify-cli;C:\Users\kille\AppData\Local\GitHubDesktop\bin;D:\Program Files\Microsoft VS Code\bin;C:\Program Files (x86)\Digilent\AdeptUtilities
USERNAME=kille
OS=Windows_NT
PROCESSOR_IDENTIFIER=Intel64 Family 6 Model 158 Stepping 9, GenuineIntel
TMP=C:\Users\kille\AppData\Local\Temp
TEMP=C:\Users\kille\AppData\Local\Temp




Compilation memory statistics disabled.

Periodic native trim disabled

---------------  S Y S T E M  ---------------

OS:
 Windows 10 , 64 bit Build 19041 (10.0.19041.5915)
OS uptime: 6 days 1:08 hours
Hyper-V role detected

CPU: total 4 (initial active 4) (4 cores per cpu, 1 threads per core) family 6 model 158 stepping 9 microcode 0xb4, cx8, cmov, fxsr, mmx, 3dnowpref, sse, sse2, sse3, ssse3, sse4.1, sse4.2, popcnt, lzcnt, tsc, tscinvbit, avx, avx2, aes, erms, clmul, bmi1, bmi2, adx, fma, vzeroupper, clflush, clflushopt, hv, rdtscp, f16c
Processor Information for the first 4 processors :
  Max Mhz: 3001, Current Mhz: 3001, Mhz Limit: 3001

Memory: 4k page, system-wide physical 16252M (5404M free)
TotalPageFile size 20348M (AvailPageFile size 15M)
current process WorkingSet (physical memory assigned to process): 571M, peak: 574M
current process commit charge ("private bytes"): 646M, peak: 727M

vm_info: OpenJDK 64-Bit Server VM (25.0.2+10-LTS) for windows-amd64 JRE (25.0.2+10-LTS), built on 2026-01-20T00:00:00Z with MS VC++ 17.12 (VS2022)

END.
