#
# There is insufficient memory for the Java Runtime Environment to continue.
# Native memory allocation (malloc) failed to allocate 4769880 bytes. Error detail: Chunk::new
# Possible reasons:
#   The system is out of physical RAM or swap space
#   This process is running with CompressedOops enabled, and the Java Heap may be blocking the growth of the native heap
# Possible solutions:
#   Reduce memory load on the system
#   Increase physical memory or swap space
#   Check if swap backing store is full
#   Decrease Java heap size (-Xmx/-Xms)
#   Decrease number of Java threads
#   Decrease Java thread stack sizes (-Xss)
#   Set larger code cache with -XX:ReservedCodeCacheSize=
#   JVM is running with Zero Based Compressed Oops mode in which the Java heap is
#     placed in the first 32GB address space. The Java Heap base address is the
#     maximum limit for the native heap growth. Please use -XX:HeapBaseMinAddress
#     to set the Java Heap base and to place the Java Heap above 32GB virtual address.
# This output file may be truncated or incomplete.
#
#  Out of Memory Error (arena.cpp:186), pid=7744, tid=2112
#
# JRE version: OpenJDK Runtime Environment Temurin-25.0.2+10 (25.0.2+10) (build 25.0.2+10-LTS)
# Java VM: OpenJDK 64-Bit Server VM Temurin-25.0.2+10 (25.0.2+10-LTS, mixed mode, sharing, tiered, compressed oops, compressed class ptrs, g1 gc, windows-amd64)
# No core dump will be written. Minidumps are not enabled by default on client versions of Windows
#

---------------  S U M M A R Y ------------

Command Line: C:\Users\kille\Documents\KiCad\9.0\3rdparty\plugins\app_freerouting_kicad-plugin\jar/freerouting-2.1.0.jar -de G:\Mi unidad\Universidad\TFG\PCB\Proyecto\PCB_BatteryCharger\freerouting.dsn -do G:\Mi unidad\Universidad\TFG\PCB\Proyecto\PCB_BatteryCharger\freerouting.ses -host KiCad

Host: Intel(R) Core(TM) i5-7400 CPU @ 3.00GHz, 4 cores, 15G,  Windows 10 , 64 bit Build 19041 (10.0.19041.5915)
Time: Fri Mar 20 05:42:26 2026 Hora est·ndar romance elapsed time: 8.922475 seconds (0d 0h 0m 8s)

---------------  T H R E A D  ---------------

Current thread (0x0000024082482c30):  JavaThread "C2 CompilerThread0" daemon [_thread_in_native, id=2112, stack(0x000000e78be00000,0x000000e78bf00000) (1024K)]


Current CompileTask:
C2:8925 5656       4       java.security.Provider::getService (153 bytes)

Stack: [0x000000e78be00000,0x000000e78bf00000]
Native frames: (J=compiled Java code, j=interpreted, Vv=VM code, C=native code)
