#
# There is insufficient memory for the Java Runtime Environment to continue.
# Native memory allocation (mmap) failed to map 266338304 bytes. Error detail: G1 virtual space
# Possible reasons:
#   The system is out of physical RAM or swap space
#   This process is running with CompressedOops enabled, and the Java Heap may be blocking the growth of the native heap
# Possible solutions:
#   Reduce memory load on the system
#   Increase physical memory or swap space
#   Check if swap backing store is full
#   Decrease Java heap size (-Xmx/-Xms)
#   Decrease number of Java threads
#   Decrease Java thread stack sizes (-Xss)
#   Set larger code cache with -XX:ReservedCodeCacheSize=
#   JVM is running with Zero Based Compressed Oops mode in which the Java heap is
#     placed in the first 32GB address space. The Java Heap base address is the
#     maximum limit for the native heap growth. Please use -XX:HeapBaseMinAddress
#     to set the Java Heap base and to place the Java Heap above 32GB virtual address.
# This output file may be truncated or incomplete.
#
#  Out of Memory Error (os_windows.cpp:3554), pid=3292, tid=9048
#
# JRE version:  (25.0.2+10) (build )
# Java VM: OpenJDK 64-Bit Server VM (25.0.2+10-LTS, mixed mode, sharing, tiered, compressed oops, compressed class ptrs, g1 gc, windows-amd64)
# No core dump will be written. Minidumps are not enabled by default on client versions of Windows
#

---------------  S U M M A R Y ------------

Command Line: 

Host: Intel(R) Core(TM) i5-7400 CPU @ 3.00GHz, 4 cores, 15G,  Windows 10 , 64 bit Build 19041 (10.0.19041.5915)
Time: Fri Mar 20 05:57:40 2026 Hora estándar romance elapsed time: 0.021686 seconds (0d 0h 0m 0s)

---------------  T H R E A D  ---------------

Current thread (0x000002aef90cf470):  JavaThread "Unknown thread" [_thread_in_vm, id=9048, stack(0x000000b248200000,0x000000b248300000) (1024K)]

Stack: [0x000000b248200000,0x000000b248300000]
Native frames: (J=compiled Java code, j=interpreted, Vv=VM code, C=native code)
V  [jvm.dll+0x7a8bc9]  (no source info available)
V  [jvm.dll+0x77310d]  (no source info available)
V  [jvm.dll+0x9f55f3]  (no source info available)
V  [jvm.dll+0x9f7be1]  (no source info available)
V  [jvm.dll+0x9f82f3]  (no source info available)
V  [jvm.dll+0x2fce26]  (no source info available)
V  [jvm.dll+0x7a4df5]  (no source info available)
V  [jvm.dll+0x798257]  (no source info available)
V  [jvm.dll+0x3f5248]  (no source info available)
V  [jvm.dll+0x3fd1b6]  (no source info available)
V  [jvm.dll+0x3e991e]  (no source info available)
V  [jvm.dll+0x3e9bd8]  (no source info available)
V  [jvm.dll+0x3c0c05]  (no source info available)
V  [jvm.dll+0x3c188e]  (no source info available)
V  [jvm.dll+0x9bc474]  (no source info available)
V  [jvm.dll+0x459e72]  (no source info available)
V  [jvm.dll+0x9a02a2]  (no source info available)
V  [jvm.dll+0x4fa5c1]  (no source info available)
V  [jvm.dll+0x4fbeb1]  (no source info available)
C  [jli.dll+0x53fa]  (no source info available)
C  [ucrtbase.dll+0x21bb2]  (no source info available)
C  [KERNEL32.DLL+0x17374]  (no source info available)
C  [ntdll.dll+0x4cc91]  (no source info available)

Lock stack of current Java thread (top to bottom):


---------------  P R O C E S S  ---------------

Threads class SMR info:
_java_thread_list=0x00007ffa77a8e008, length=0, elements={
}

Java Threads: ( => current thread )
Total: 0

Other Threads:
  0x000002aefb41c810 WorkerThread "GC Thread#0"                     [id=972, stack(0x000000b248300000,0x000000b248400000) (1024K)]
  0x000002aefb4355e0 ConcurrentGCThread "G1 Main Marker"            [id=11588, stack(0x000000b248400000,0x000000b248500000) (1024K)]
  0x000002aefb437310 WorkerThread "G1 Conc#0"                       [id=7812, stack(0x000000b248500000,0x000000b248600000) (1024K)]

[error occurred during error reporting (printing all threads), id 0xc0000005, EXCEPTION_ACCESS_VIOLATION (0xc0000005) at pc=0x00007ffa770b591a]
VM state: not at safepoint (not fully initialized)

VM Mutex/Monitor currently owned by a thread:  ([mutex/lock_event])
[0x00007ffa77b16548] Heap_lock - owner thread: 0x000002aef90cf470

Heap address: 0x0000000702000000, size: 4064 MB, Compressed Oops mode: Zero based, Oop shift amount: 3

CDS archive(s) mapped at: [0x0000000000000000-0x0000000000000000-0x0000000000000000), size 0, SharedBaseAddress: 0x0000000800000000, ArchiveRelocationMode: 1.
UseCompressedClassPointers 1, UseCompactObjectHeaders 0
Narrow klass pointer bits 32, Max shift 3
Narrow klass base: 0xffffffffffffffff, Narrow klass shift: -1
Encoding Range: [0xffffffffffffffff - 0x000000007fffffff), (2147483648 bytes)
Klass Range:    [0x0000000000000000 - 0x0000000000000000), (0 bytes)
Klass ID Range:  [4294967295 - 0) (1)
No protection zone.

GC Precious Log:
 CardTable entry size: 512
 Card Set container configuration: InlinePtr #cards 4 size 8 Array Of Cards #cards 16 size 48 Howl #buckets 8 coarsen threshold 3686 Howl Bitmap #cards 512 size 80 coarsen threshold 460 Card regions per heap region 1 cards per card region 4096

Heap:
 garbage-first heap   total reserved 4161536K, committed 0K, used 0K [0x0000000702000000, 0x0000000800000000)
  region size 2048K, 0 young (0K), 0 survivors (0K)

Heap Regions: E=young(eden), S=young(survivor), O=old, HS=humongous(starts), HC=humongous(continues), CS=collection set, F=free, TAMS=top-at-mark-start, PB=parsable bottom

Card table byte_map: [0x000002aefbc70000,0x000002aefc460000] _byte_map_base: 0x000002aef8460000

Marking Bits: (CMBitMap*) 0x000002aefb41cfa0
 Bits: [0x000002ae97a30000, 0x000002ae9b9b0000)

GC Heap Usage History (0 events):
No events

Metaspace Usage History (0 events):
No events

Dll operation events (1 events):
Event: 0.007 Loaded shared library C:\Program Files\Eclipse Adoptium\jdk-25.0.2.10-hotspot\bin\java.dll

Deoptimization events (0 events):
No events

Classes loaded (0 events):
No events

Classes unloaded (0 events):
No events

Classes redefined (0 events):
No events

Internal exceptions (0 events):
No events

VM Operations (0 events):
No events

Memory protections (0 events):
No events

Nmethod flushes (0 events):
No events

Events (0 events):
No events


Dynamic libraries:
0x00007ff610c90000 - 0x00007ff610c9e000 	C:\Program Files\Eclipse Adoptium\jdk-25.0.2.10-hotspot\bin\java.exe
0x00007ffb22810000 - 0x00007ffb22a08000 	C:\WINDOWS\SYSTEM32\ntdll.dll
0x00007ffb21170000 - 0x00007ffb21232000 	C:\WINDOWS\System32\KERNEL32.DLL
0x00007ffb20080000 - 0x00007ffb20376000 	C:\WINDOWS\System32\KERNELBASE.dll
0x00007ffb1ff80000 - 0x00007ffb20080000 	C:\WINDOWS\System32\ucrtbase.dll
0x00007ffb18e40000 - 0x00007ffb18e56000 	C:\Program Files\Eclipse Adoptium\jdk-25.0.2.10-hotspot\bin\jli.dll
0x00007ffb00040000 - 0x00007ffb0005e000 	C:\Program Files\Eclipse Adoptium\jdk-25.0.2.10-hotspot\bin\VCRUNTIME140.dll
0x00007ffb21770000 - 0x00007ffb21911000 	C:\WINDOWS\System32\USER32.dll
0x00007ffb205d0000 - 0x00007ffb205f2000 	C:\WINDOWS\System32\win32u.dll
0x00007ffb064a0000 - 0x00007ffb0673b000 	C:\WINDOWS\WinSxS\amd64_microsoft.windows.common-controls_6595b64144ccf1df_6.0.19041.6456_none_60b8a6cb71f64256\COMCTL32.dll
0x00007ffb20fd0000 - 0x00007ffb20ffb000 	C:\WINDOWS\System32\GDI32.dll
0x00007ffb222b0000 - 0x00007ffb2234e000 	C:\WINDOWS\System32\msvcrt.dll
0x00007ffb20600000 - 0x00007ffb20719000 	C:\WINDOWS\System32\gdi32full.dll
0x00007ffb203d0000 - 0x00007ffb2046d000 	C:\WINDOWS\System32\msvcp_win.dll
0x00007ffb21060000 - 0x00007ffb2108f000 	C:\WINDOWS\System32\IMM32.DLL
0x00007ffb1bac0000 - 0x00007ffb1bacc000 	C:\Program Files\Eclipse Adoptium\jdk-25.0.2.10-hotspot\bin\vcruntime140_1.dll
0x00007ffaf1dc0000 - 0x00007ffaf1e4d000 	C:\Program Files\Eclipse Adoptium\jdk-25.0.2.10-hotspot\bin\msvcp140.dll
0x00007ffa76ce0000 - 0x00007ffa77c06000 	C:\Program Files\Eclipse Adoptium\jdk-25.0.2.10-hotspot\bin\server\jvm.dll
0x00007ffb221f0000 - 0x00007ffb222a1000 	C:\WINDOWS\System32\ADVAPI32.dll
0x00007ffb216d0000 - 0x00007ffb2176f000 	C:\WINDOWS\System32\sechost.dll
0x00007ffb20eb0000 - 0x00007ffb20fd0000 	C:\WINDOWS\System32\RPCRT4.dll
0x00007ffb1ff50000 - 0x00007ffb1ff77000 	C:\WINDOWS\System32\bcrypt.dll
0x00007ffb21590000 - 0x00007ffb215fb000 	C:\WINDOWS\System32\WS2_32.dll
0x00007ffb1f4f0000 - 0x00007ffb1f53b000 	C:\WINDOWS\SYSTEM32\POWRPROF.dll
0x00007ffb10030000 - 0x00007ffb10057000 	C:\WINDOWS\SYSTEM32\WINMM.dll
0x00007ffb17fa0000 - 0x00007ffb17faa000 	C:\WINDOWS\SYSTEM32\VERSION.dll
0x00007ffb1f4d0000 - 0x00007ffb1f4e2000 	C:\WINDOWS\SYSTEM32\UMPDC.dll
0x00007ffb1dcf0000 - 0x00007ffb1dd02000 	C:\WINDOWS\SYSTEM32\kernel.appcore.dll
0x00007ffb1afe0000 - 0x00007ffb1afea000 	C:\Program Files\Eclipse Adoptium\jdk-25.0.2.10-hotspot\bin\jimage.dll
0x00007ffb0e8a0000 - 0x00007ffb0eaa1000 	C:\WINDOWS\SYSTEM32\DBGHELP.DLL
0x00007ffaedca0000 - 0x00007ffaedcd4000 	C:\WINDOWS\SYSTEM32\dbgcore.DLL
0x00007ffb20720000 - 0x00007ffb207a2000 	C:\WINDOWS\System32\bcryptPrimitives.dll
0x00007ffafb8b0000 - 0x00007ffafb8ce000 	C:\Program Files\Eclipse Adoptium\jdk-25.0.2.10-hotspot\bin\java.dll
0x00007ffb21250000 - 0x00007ffb2137b000 	C:\WINDOWS\System32\ole32.dll
0x00007ffb223c0000 - 0x00007ffb22714000 	C:\WINDOWS\System32\combase.dll
0x00007ffb21a80000 - 0x00007ffb221f0000 	C:\WINDOWS\System32\SHELL32.dll

JVMTI agents: none

dbghelp: loaded successfully - version: 4.0.5 - missing functions: none
symbol engine: initialized successfully - sym options: 0x614 - pdb path: .;C:\Program Files\Eclipse Adoptium\jdk-25.0.2.10-hotspot\bin;C:\WINDOWS\SYSTEM32;C:\WINDOWS\WinSxS\amd64_microsoft.windows.common-controls_6595b64144ccf1df_6.0.19041.6456_none_60b8a6cb71f64256;C:\Program Files\Eclipse Adoptium\jdk-25.0.2.10-hotspot\bin\server

VM Arguments:
java_command: <unknown>
java_class_path (initial): <not set>
Launcher Type: SUN_STANDARD

[Global flags]
     intx CICompilerCount                          = 3                                         {product} {ergonomic}
     uint ConcGCThreads                            = 1                                         {product} {ergonomic}
     uint G1ConcRefinementThreads                  = 4                                         {product} {ergonomic}
   size_t G1HeapRegionSize                         = 2097152                                   {product} {ergonomic}
   size_t InitialHeapSize                          = 266338304                                 {product} {ergonomic}
   size_t MarkStackSize                            = 4194304                                   {product} {ergonomic}
   size_t MarkStackSizeMax                         = 536870912                                 {product} {ergonomic}
   size_t MaxHeapSize                              = 4261412864                                {product} {ergonomic}
   size_t MinHeapDeltaBytes                        = 2097152                                   {product} {ergonomic}
   size_t MinHeapSize                              = 8388608                                   {product} {ergonomic}
    uintx NonNMethodCodeHeapSize                   = 5832704                                {pd product} {ergonomic}
    uintx NonProfiledCodeHeapSize                  = 122945536                              {pd product} {ergonomic}
    uintx ProfiledCodeHeapSize                     = 122880000                              {pd product} {ergonomic}
    uintx ReservedCodeCacheSize                    = 251658240                              {pd product} {ergonomic}
     bool SegmentedCodeCache                       = true                                      {product} {ergonomic}
   size_t SoftMaxHeapSize                          = 4261412864                             {manageable} {ergonomic}
     bool UseCompressedOops                        = true                           {product lp64_product} {ergonomic}
     bool UseG1GC                                  = true                                      {product} {ergonomic}
     bool UseLargePagesIndividualAllocation        = false                                  {pd product} {ergonomic}

Logging:
Log output configuration:
 #0: stdout all=warning uptime,level,tags foldmultilines=false
 #1: stderr all=off uptime,level,tags foldmultilines=false

Release file:
<release file has not been read>
Environment Variables:
PATH=C:\Users\kille\Documents\KiCad\9.0\3rdparty\Python311\Scripts\;C:\Program Files\Eclipse Adoptium\jdk-25.0.2.10-hotspot\bin;D:\Program Files\Eclipse Adoptium\jre-21.0.6.7-hotspot\bin;C:\Program Files\Common Files\Oracle\Java\javapath;c:\windows\system32;c:\windows;c:\windows\system32\wbem;c:\windows\system32\windowspowershell\v1.0\;c:\windows\system32\openssh\;d:\program files (x86)\touch portal\plugins\adb\platform-tools;c:\windows\system32;c:\windows;c:\windows\system32\wbem;c:\windows\system32\windowspowershell\v1.0\;c:\windows\system32\openssh\;C:\Program Files (x86)\NVIDIA Corporation\PhysX\Common;D:\Program Files\MATLAB\R2021b\bin;D:\Program Files\AutoFirma\AutoFirma;C:\Program Files\NVIDIA Corporation\NVIDIA app\NvDLISR;C:\Program Files (x86)\STMicroelectronics\STM32 ST-LINK Utility\ST-LINK Utility;D:\Program Files\PuTTY\;D:\Program Files\Git\cmd;C:\Users\kille\AppData\Local\Microsoft\WindowsApps;C:\Users\kille\AppData\Roaming\Dashlane\6.2044.0.40862\bin\Firefox_Extension\{442718d9-475e-452a-b3e1-fb1ee16b8e9f}\components;C:\Users\kille\AppData\Roaming\Dashlane\6.2044.0.40862\ucrt;C:\Users\kille\AppData\Roaming\Dashlane\6.2044.0.40862\bin\Qt;C:\Users\kille\AppData\Roaming\Dashlane\6.2044.0.40862\bin\Ssl;C:\Program Files\Java\jdk1.8.0_281\bin;D:\Universidad_programas\Quartus\modelsim_ase\win32aloem;C:\Users\kille\spicetify-cli;C:\Users\kille\AppData\Local\GitHubDesktop\bin;D:\Program Files\Microsoft VS Code\bin;C:\Program Files (x86)\Digilent\AdeptUtilities
USERNAME=kille
OS=Windows_NT
PROCESSOR_IDENTIFIER=Intel64 Family 6 Model 158 Stepping 9, GenuineIntel
TMP=C:\Users\kille\AppData\Local\Temp
TEMP=C:\Users\kille\AppData\Local\Temp




Compilation memory statistics disabled.

Periodic native trim disabled

---------------  S Y S T E M  ---------------

OS:
 Windows 10 , 64 bit Build 19041 (10.0.19041.5915)
OS uptime: 6 days 1:15 hours
Hyper-V role detected

CPU: total 4 (initial active 4) (4 cores per cpu, 1 threads per core) family 6 model 158 stepping 9 microcode 0xb4, cx8, cmov, fxsr, mmx, 3dnowpref, sse, sse2, sse3, ssse3, sse4.1, sse4.2, popcnt, lzcnt, tsc, tscinvbit, avx, avx2, aes, erms, clmul, bmi1, bmi2, adx, fma, vzeroupper, clflush, clflushopt, hv, rdtscp, f16c
Processor Information for the first 4 processors :
  Max Mhz: 3001, Current Mhz: 3001, Mhz Limit: 3001

Memory: 4k page, system-wide physical 16252M (5645M free)
TotalPageFile size 20348M (AvailPageFile size 240M)
current process WorkingSet (physical memory assigned to process): 11M, peak: 11M
current process commit charge ("private bytes"): 52M, peak: 306M

vm_info: OpenJDK 64-Bit Server VM (25.0.2+10-LTS) for windows-amd64 JRE (25.0.2+10-LTS), built on 2026-01-20T00:00:00Z with MS VC++ 17.12 (VS2022)

END.
