#
# There is insufficient memory for the Java Runtime Environment to continue.
# Native memory allocation (mmap) failed to map 60817408 bytes. Error detail: G1 virtual space
# Possible reasons:
#   The system is out of physical RAM or swap space
#   This process is running with CompressedOops enabled, and the Java Heap may be blocking the growth of the native heap
# Possible solutions:
#   Reduce memory load on the system
#   Increase physical memory or swap space
#   Check if swap backing store is full
#   Decrease Java heap size (-Xmx/-Xms)
#   Decrease number of Java threads
#   Decrease Java thread stack sizes (-Xss)
#   Set larger code cache with -XX:ReservedCodeCacheSize=
#   JVM is running with Zero Based Compressed Oops mode in which the Java heap is
#     placed in the first 32GB address space. The Java Heap base address is the
#     maximum limit for the native heap growth. Please use -XX:HeapBaseMinAddress
#     to set the Java Heap base and to place the Java Heap above 32GB virtual address.
# This output file may be truncated or incomplete.
#
#  Out of Memory Error (os_windows.cpp:3554), pid=12312, tid=6624
#
# JRE version: OpenJDK Runtime Environment Temurin-25.0.2+10 (25.0.2+10) (build 25.0.2+10-LTS)
# Java VM: OpenJDK 64-Bit Server VM Temurin-25.0.2+10 (25.0.2+10-LTS, mixed mode, sharing, tiered, compressed oops, compressed class ptrs, g1 gc, windows-amd64)
# No core dump will be written. Minidumps are not enabled by default on client versions of Windows
#

---------------  S U M M A R Y ------------

Command Line: C:\Users\kille\Documents\KiCad\9.0\3rdparty\plugins\app_freerouting_kicad-plugin\jar/freerouting-2.1.0.jar -de G:\Mi unidad\Universidad\TFG\PCB\Proyecto\PCB_BatteryCharger\freerouting.dsn -do G:\Mi unidad\Universidad\TFG\PCB\Proyecto\PCB_BatteryCharger\freerouting.ses -host KiCad

Host: Intel(R) Core(TM) i5-7400 CPU @ 3.00GHz, 4 cores, 15G,  Windows 10 , 64 bit Build 19041 (10.0.19041.5915)
Time: Fri Mar 20 05:41:28 2026 Hora estándar romance elapsed time: 9.286120 seconds (0d 0h 0m 9s)

---------------  T H R E A D  ---------------

Current thread (0x00000267ff164170):  VMThread "VM Thread"          [id=6624, stack(0x000000ef43200000,0x000000ef43300000) (1024K)]

Stack: [0x000000ef43200000,0x000000ef43300000]
Native frames: (J=compiled Java code, j=interpreted, Vv=VM code, C=native code)
V  [jvm.dll+0x7a8bc9]  (no source info available)
V  [jvm.dll+0x77310d]  (no source info available)
V  [jvm.dll+0x9f55f3]  (no source info available)
V  [jvm.dll+0x9f7be1]  (no source info available)
V  [jvm.dll+0x9f82f3]  (no source info available)
V  [jvm.dll+0x2fce26]  (no source info available)
V  [jvm.dll+0x7a4df5]  (no source info available)
V  [jvm.dll+0x798257]  (no source info available)
V  [jvm.dll+0x3f5248]  (no source info available)
V  [jvm.dll+0x3fd1b6]  (no source info available)
V  [jvm.dll+0x3e991e]  (no source info available)
V  [jvm.dll+0x3e9bd8]  (no source info available)
V  [jvm.dll+0x3c0c05]  (no source info available)
V  [jvm.dll+0x3c0c9a]  (no source info available)
V  [jvm.dll+0x40df96]  (no source info available)
V  [jvm.dll+0x40c8a8]  (no source info available)
V  [jvm.dll+0x3c0337]  (no source info available)
V  [jvm.dll+0x40bc8f]  (no source info available)
V  [jvm.dll+0x9fe542]  (no source info available)
V  [jvm.dll+0x9ff861]  (no source info available)
V  [jvm.dll+0x9ffdd8]  (no source info available)
V  [jvm.dll+0xa00073]  (no source info available)
V  [jvm.dll+0x996b0d]  (no source info available)
V  [jvm.dll+0x7a71a5]  (no source info available)
C  [ucrtbase.dll+0x21bb2]  (no source info available)
C  [KERNEL32.DLL+0x17374]  (no source info available)
C  [ntdll.dll+0x4cc91]  (no source info available)

VM_Operation (0x000000ef43ffee20): G1CollectForAllocation, mode: safepoint, requested by thread 0x00000267845b91f0


---------------  P R O C E S S  ---------------

Threads class SMR info:
_java_thread_list=0x0000026784bbc1c0, length=20, elements={
0x00000267ddf5f180, 0x00000267ff176cb0, 0x00000267ff1779c0, 0x00000267ff17a050,
0x00000267ff17ffd0, 0x00000267ff17dd00, 0x00000267ff17e4c0, 0x00000267ff17f3b0,
0x00000267ff1a3d20, 0x00000267ff2380b0, 0x00000267ff238870, 0x00000267ffe4dbf0,
0x00000267ffe4eb70, 0x00000267845bc8a0, 0x00000267845b91f0, 0x00000267845bd070,
0x00000267845bd840, 0x00000267845b99c0, 0x000002678e2c6af0, 0x000002678489ce30
}

Java Threads: ( => current thread )
  0x00000267ddf5f180 JavaThread "main"                              [_thread_blocked, id=12496, stack(0x000000ef42b00000,0x000000ef42c00000) (1024K)]
  0x00000267ff176cb0 JavaThread "Reference Handler"          daemon [_thread_blocked, id=10888, stack(0x000000ef43300000,0x000000ef43400000) (1024K)]
  0x00000267ff1779c0 JavaThread "Finalizer"                  daemon [_thread_blocked, id=2852, stack(0x000000ef43400000,0x000000ef43500000) (1024K)]
  0x00000267ff17a050 JavaThread "Signal Dispatcher"          daemon [_thread_blocked, id=344, stack(0x000000ef43500000,0x000000ef43600000) (1024K)]
  0x00000267ff17ffd0 JavaThread "Attach Listener"            daemon [_thread_blocked, id=1836, stack(0x000000ef43600000,0x000000ef43700000) (1024K)]
  0x00000267ff17dd00 JavaThread "Service Thread"             daemon [_thread_blocked, id=11112, stack(0x000000ef43700000,0x000000ef43800000) (1024K)]
  0x00000267ff17e4c0 JavaThread "Monitor Deflation Thread"   daemon [_thread_blocked, id=10328, stack(0x000000ef43800000,0x000000ef43900000) (1024K)]
  0x00000267ff17f3b0 JavaThread "C2 CompilerThread0"         daemon [_thread_blocked, id=2776, stack(0x000000ef43900000,0x000000ef43a00000) (1024K)]
  0x00000267ff1a3d20 JavaThread "C1 CompilerThread0"         daemon [_thread_blocked, id=17964, stack(0x000000ef43a00000,0x000000ef43b00000) (1024K)]
  0x00000267ff2380b0 JavaThread "Notification Thread"        daemon [_thread_blocked, id=12720, stack(0x000000ef43b00000,0x000000ef43c00000) (1024K)]
  0x00000267ff238870 JavaThread "Common-Cleaner"             daemon [_thread_blocked, id=14572, stack(0x000000ef43c00000,0x000000ef43d00000) (1024K)]
  0x00000267ffe4dbf0 JavaThread "Java2D Disposer"            daemon [_thread_blocked, id=1080, stack(0x000000ef43e00000,0x000000ef43f00000) (1024K)]
  0x00000267ffe4eb70 JavaThread "AWT-Windows"                daemon [_thread_blocked, id=10744, stack(0x000000ef44000000,0x000000ef44100000) (1024K)]
  0x00000267845bc8a0 JavaThread "ForkJoinPool.commonPool-worker-1" daemon [_thread_blocked, id=15712, stack(0x000000ef43d00000,0x000000ef43e00000) (1024K)]
  0x00000267845b91f0 JavaThread "Thread-4"                          [_thread_blocked, id=12824, stack(0x000000ef43f00000,0x000000ef44000000) (1024K)]
  0x00000267845bd070 JavaThread "AWT-Shutdown"                      [_thread_blocked, id=16364, stack(0x000000ef44700000,0x000000ef44800000) (1024K)]
  0x00000267845bd840 JavaThread "AWT-EventQueue-0"                  [_thread_blocked, id=8776, stack(0x000000ef44800000,0x000000ef44900000) (1024K)]
  0x00000267845b99c0 JavaThread "D3D Screen Updater"         daemon [_thread_blocked, id=9360, stack(0x000000ef44900000,0x000000ef44a00000) (1024K)]
  0x000002678e2c6af0 JavaThread "TimerQueue"                 daemon [_thread_blocked, id=8500, stack(0x000000ef44d00000,0x000000ef44e00000) (1024K)]
  0x000002678489ce30 JavaThread "Thread-7"                          [_thread_blocked, id=17680, stack(0x000000ef44600000,0x000000ef44700000) (1024K)]
Total: 20

Other Threads:
=>0x00000267ff164170 VMThread "VM Thread"                           [id=6624, stack(0x000000ef43200000,0x000000ef43300000) (1024K)]
  0x00000267de28ea80 WatcherThread "VM Periodic Task Thread"        [id=4520, stack(0x000000ef43100000,0x000000ef43200000) (1024K)]
  0x00000267de22c160 WorkerThread "GC Thread#0"                     [id=5540, stack(0x000000ef42c00000,0x000000ef42d00000) (1024K)]
  0x00000267ffe7ca00 WorkerThread "GC Thread#1"                     [id=13672, stack(0x000000ef44100000,0x000000ef44200000) (1024K)]
  0x00000267ffd96790 WorkerThread "GC Thread#2"                     [id=15760, stack(0x000000ef44200000,0x000000ef44300000) (1024K)]
  0x00000267ffd96bc0 WorkerThread "GC Thread#3"                     [id=3780, stack(0x000000ef44300000,0x000000ef44400000) (1024K)]
  0x00000267de2450b0 ConcurrentGCThread "G1 Main Marker"            [id=5316, stack(0x000000ef42d00000,0x000000ef42e00000) (1024K)]
  0x00000267de2463f0 WorkerThread "G1 Conc#0"                       [id=15772, stack(0x000000ef42e00000,0x000000ef42f00000) (1024K)]
  0x00000267de27c500 ConcurrentGCThread "G1 Refine#0"               [id=14932, stack(0x000000ef42f00000,0x000000ef43000000) (1024K)]
  0x00000267de27d110 ConcurrentGCThread "G1 Service"                [id=16528, stack(0x000000ef43000000,0x000000ef43100000) (1024K)]
Total: 10

Threads with active compile tasks:
C2 CompilerThread0  9476 5478       4       java.io.WinNTFileSystem::normalize (148 bytes)
Total: 1

VM state: at safepoint (normal execution)

VM Mutex/Monitor currently owned by a thread:  ([mutex/lock_event])
[0x00007ffac17c63c8] Threads_lock - owner thread: 0x00000267ff164170
[0x00007ffac17c6548] Heap_lock - owner thread: 0x00000267845b91f0

Heap address: 0x0000000702000000, size: 4064 MB, Compressed Oops mode: Zero based, Oop shift amount: 3

CDS archive(s) mapped at: [0x000000008a000000-0x000000008add0000-0x000000008add0000), size 14483456, SharedBaseAddress: 0x000000008a000000, ArchiveRelocationMode: 1.
Compressed class space mapped at: 0x000000008b000000-0x00000000cb000000, reserved size: 1073741824
UseCompressedClassPointers 1, UseCompactObjectHeaders 0
Narrow klass pointer bits 32, Max shift 3
Narrow klass base: 0x000000008a000000, Narrow klass shift: 0
Encoding Range: [0x000000008a000000 - 0x000000018a000000), (4294967296 bytes)
Klass Range:    [0x000000008a010000 - 0x00000000cb000000), (1090453504 bytes)
Klass ID Range:  [65536 - 1090519033) (1090453497)
Protection zone: [0x000000008a000000 - 0x000000008a010000), (65536 bytes)

GC Precious Log:
 CardTable entry size: 512
 Card Set container configuration: InlinePtr #cards 4 size 8 Array Of Cards #cards 16 size 48 Howl #buckets 8 coarsen threshold 3686 Howl Bitmap #cards 512 size 80 coarsen threshold 460 Card regions per heap region 1 cards per card region 4096
 CPUs: 4 total, 4 available
 Memory: 16252M
 Large Page Support: Disabled
 NUMA Support: Disabled
 Compressed Oops: Enabled (Zero based)
 Heap Region Size: 2M
 Heap Min Capacity: 8M
 Heap Initial Capacity: 254M
 Heap Max Capacity: 4064M
 Pre-touch: Disabled
 Parallel Workers: 4
 Concurrent Workers: 1
 Concurrent Refinement Workers: 4
 Periodic GC: Disabled

Heap:
 garbage-first heap   total reserved 4161536K, committed 356352K, used 28768K [0x0000000702000000, 0x0000000800000000)
  region size 2048K, 5 young (10240K), 5 survivors (10240K)

Heap Regions: E=young(eden), S=young(survivor), O=old, HS=humongous(starts), HC=humongous(continues), CS=collection set, F=free, TAMS=top-at-mark-start, PB=parsable bottom
|   0|0x0000000702000000, 0x0000000702200000, 0x0000000702200000|100%|HS|  |TAMS 0x0000000702000000| PB 0x0000000702000000| Complete |  0
|   1|0x0000000702200000, 0x0000000702400000, 0x0000000702400000|100%|HC|  |TAMS 0x0000000702200000| PB 0x0000000702200000| Complete |  0
|   2|0x0000000702400000, 0x0000000702600000, 0x0000000702600000|100%| O|  |TAMS 0x0000000702400000| PB 0x0000000702400000| Untracked |  0
|   3|0x0000000702600000, 0x0000000702800000, 0x0000000702800000|100%| O|  |TAMS 0x0000000702600000| PB 0x0000000702600000| Untracked |  0
|   4|0x0000000702800000, 0x0000000702a00000, 0x0000000702a00000|100%| O|  |TAMS 0x0000000702800000| PB 0x0000000702800000| Untracked |  0
|   5|0x0000000702a00000, 0x0000000702b92650, 0x0000000702c00000| 78%| O|  |TAMS 0x0000000702a00000| PB 0x0000000702a00000| Untracked |  0
|   6|0x0000000702c00000, 0x0000000702e00000, 0x0000000702e00000|100%| O|  |TAMS 0x0000000702c00000| PB 0x0000000702c00000| Untracked |  0
|   7|0x0000000702e00000, 0x0000000702f85d10, 0x0000000703000000| 76%| O|  |TAMS 0x0000000702e00000| PB 0x0000000702e00000| Untracked |  0
|   8|0x0000000703000000, 0x0000000703200000, 0x0000000703200000|100%| O|  |TAMS 0x0000000703000000| PB 0x0000000703000000| Untracked |  0
|   9|0x0000000703200000, 0x0000000703200000, 0x0000000703400000|  0%| F|  |TAMS 0x0000000703200000| PB 0x0000000703200000| Untracked |  0
|  10|0x0000000703400000, 0x0000000703400000, 0x0000000703600000|  0%| F|  |TAMS 0x0000000703400000| PB 0x0000000703400000| Untracked |  0
|  11|0x0000000703600000, 0x0000000703600000, 0x0000000703800000|  0%| F|  |TAMS 0x0000000703600000| PB 0x0000000703600000| Untracked |  0
|  12|0x0000000703800000, 0x0000000703800000, 0x0000000703a00000|  0%| F|  |TAMS 0x0000000703800000| PB 0x0000000703800000| Untracked |  0
|  13|0x0000000703a00000, 0x0000000703a00000, 0x0000000703c00000|  0%| F|  |TAMS 0x0000000703a00000| PB 0x0000000703a00000| Untracked |  0
|  14|0x0000000703c00000, 0x0000000703c00000, 0x0000000703e00000|  0%| F|  |TAMS 0x0000000703c00000| PB 0x0000000703c00000| Untracked |  0
|  15|0x0000000703e00000, 0x0000000703e00000, 0x0000000704000000|  0%| F|  |TAMS 0x0000000703e00000| PB 0x0000000703e00000| Untracked |  0
|  16|0x0000000704000000, 0x0000000704000000, 0x0000000704200000|  0%| F|  |TAMS 0x0000000704000000| PB 0x0000000704000000| Untracked |  0
|  17|0x0000000704200000, 0x0000000704200000, 0x0000000704400000|  0%| F|  |TAMS 0x0000000704200000| PB 0x0000000704200000| Untracked |  0
|  18|0x0000000704400000, 0x0000000704400000, 0x0000000704600000|  0%| F|  |TAMS 0x0000000704400000| PB 0x0000000704400000| Untracked |  0
|  19|0x0000000704600000, 0x0000000704600000, 0x0000000704800000|  0%| F|  |TAMS 0x0000000704600000| PB 0x0000000704600000| Untracked |  0
|  20|0x0000000704800000, 0x0000000704800000, 0x0000000704a00000|  0%| F|  |TAMS 0x0000000704800000| PB 0x0000000704800000| Untracked |  0
|  21|0x0000000704a00000, 0x0000000704a00000, 0x0000000704c00000|  0%| F|  |TAMS 0x0000000704a00000| PB 0x0000000704a00000| Untracked |  0
|  22|0x0000000704c00000, 0x0000000704c00000, 0x0000000704e00000|  0%| F|  |TAMS 0x0000000704c00000| PB 0x0000000704c00000| Untracked |  0
|  23|0x0000000704e00000, 0x0000000704e00000, 0x0000000705000000|  0%| F|  |TAMS 0x0000000704e00000| PB 0x0000000704e00000| Untracked |  0
|  24|0x0000000705000000, 0x0000000705000000, 0x0000000705200000|  0%| F|  |TAMS 0x0000000705000000| PB 0x0000000705000000| Untracked |  0
|  25|0x0000000705200000, 0x0000000705200000, 0x0000000705400000|  0%| F|  |TAMS 0x0000000705200000| PB 0x0000000705200000| Untracked |  0
|  26|0x0000000705400000, 0x0000000705400000, 0x0000000705600000|  0%| F|  |TAMS 0x0000000705400000| PB 0x0000000705400000| Untracked |  0
|  27|0x0000000705600000, 0x0000000705600000, 0x0000000705800000|  0%| F|  |TAMS 0x0000000705600000| PB 0x0000000705600000| Untracked |  0
|  28|0x0000000705800000, 0x0000000705800000, 0x0000000705a00000|  0%| F|  |TAMS 0x0000000705800000| PB 0x0000000705800000| Untracked |  0
|  29|0x0000000705a00000, 0x0000000705a00000, 0x0000000705c00000|  0%| F|  |TAMS 0x0000000705a00000| PB 0x0000000705a00000| Untracked |  0
|  30|0x0000000705c00000, 0x0000000705c00000, 0x0000000705e00000|  0%| F|  |TAMS 0x0000000705c00000| PB 0x0000000705c00000| Untracked |  0
|  31|0x0000000705e00000, 0x0000000705e00000, 0x0000000706000000|  0%| F|  |TAMS 0x0000000705e00000| PB 0x0000000705e00000| Untracked |  0
|  32|0x0000000706000000, 0x0000000706000000, 0x0000000706200000|  0%| F|  |TAMS 0x0000000706000000| PB 0x0000000706000000| Untracked |  0
|  33|0x0000000706200000, 0x0000000706200000, 0x0000000706400000|  0%| F|  |TAMS 0x0000000706200000| PB 0x0000000706200000| Untracked |  0
|  34|0x0000000706400000, 0x0000000706400000, 0x0000000706600000|  0%| F|  |TAMS 0x0000000706400000| PB 0x0000000706400000| Untracked |  0
|  35|0x0000000706600000, 0x0000000706600000, 0x0000000706800000|  0%| F|  |TAMS 0x0000000706600000| PB 0x0000000706600000| Untracked |  0
|  36|0x0000000706800000, 0x0000000706800000, 0x0000000706a00000|  0%| F|  |TAMS 0x0000000706800000| PB 0x0000000706800000| Untracked |  0
|  37|0x0000000706a00000, 0x0000000706a00000, 0x0000000706c00000|  0%| F|  |TAMS 0x0000000706a00000| PB 0x0000000706a00000| Untracked |  0
|  38|0x0000000706c00000, 0x0000000706c00000, 0x0000000706e00000|  0%| F|  |TAMS 0x0000000706c00000| PB 0x0000000706c00000| Untracked |  0
|  39|0x0000000706e00000, 0x0000000706e00000, 0x0000000707000000|  0%| F|  |TAMS 0x0000000706e00000| PB 0x0000000706e00000| Untracked |  0
|  40|0x0000000707000000, 0x0000000707000000, 0x0000000707200000|  0%| F|  |TAMS 0x0000000707000000| PB 0x0000000707000000| Untracked |  0
|  41|0x0000000707200000, 0x0000000707200000, 0x0000000707400000|  0%| F|  |TAMS 0x0000000707200000| PB 0x0000000707200000| Untracked |  0
|  42|0x0000000707400000, 0x0000000707400000, 0x0000000707600000|  0%| F|  |TAMS 0x0000000707400000| PB 0x0000000707400000| Untracked |  0
|  43|0x0000000707600000, 0x0000000707600000, 0x0000000707800000|  0%| F|  |TAMS 0x0000000707600000| PB 0x0000000707600000| Untracked |  0
|  44|0x0000000707800000, 0x0000000707800000, 0x0000000707a00000|  0%| F|  |TAMS 0x0000000707800000| PB 0x0000000707800000| Untracked |  0
|  45|0x0000000707a00000, 0x0000000707a00000, 0x0000000707c00000|  0%| F|  |TAMS 0x0000000707a00000| PB 0x0000000707a00000| Untracked |  0
|  46|0x0000000707c00000, 0x0000000707c00000, 0x0000000707e00000|  0%| F|  |TAMS 0x0000000707c00000| PB 0x0000000707c00000| Untracked |  0
|  47|0x0000000707e00000, 0x0000000707e00000, 0x0000000708000000|  0%| F|  |TAMS 0x0000000707e00000| PB 0x0000000707e00000| Untracked |  0
|  48|0x0000000708000000, 0x0000000708000000, 0x0000000708200000|  0%| F|  |TAMS 0x0000000708000000| PB 0x0000000708000000| Untracked |  0
|  49|0x0000000708200000, 0x0000000708200000, 0x0000000708400000|  0%| F|  |TAMS 0x0000000708200000| PB 0x0000000708200000| Untracked |  0
|  50|0x0000000708400000, 0x0000000708400000, 0x0000000708600000|  0%| F|  |TAMS 0x0000000708400000| PB 0x0000000708400000| Untracked |  0
|  51|0x0000000708600000, 0x0000000708600000, 0x0000000708800000|  0%| F|  |TAMS 0x0000000708600000| PB 0x0000000708600000| Untracked |  0
|  52|0x0000000708800000, 0x0000000708800000, 0x0000000708a00000|  0%| F|  |TAMS 0x0000000708800000| PB 0x0000000708800000| Untracked |  0
|  53|0x0000000708a00000, 0x0000000708a00000, 0x0000000708c00000|  0%| F|  |TAMS 0x0000000708a00000| PB 0x0000000708a00000| Untracked |  0
|  54|0x0000000708c00000, 0x0000000708c00000, 0x0000000708e00000|  0%| F|  |TAMS 0x0000000708c00000| PB 0x0000000708c00000| Untracked |  0
|  55|0x0000000708e00000, 0x0000000708e00000, 0x0000000709000000|  0%| F|  |TAMS 0x0000000708e00000| PB 0x0000000708e00000| Untracked |  0
|  56|0x0000000709000000, 0x0000000709000000, 0x0000000709200000|  0%| F|  |TAMS 0x0000000709000000| PB 0x0000000709000000| Untracked |  0
|  57|0x0000000709200000, 0x0000000709200000, 0x0000000709400000|  0%| F|  |TAMS 0x0000000709200000| PB 0x0000000709200000| Untracked |  0
|  58|0x0000000709400000, 0x0000000709400000, 0x0000000709600000|  0%| F|  |TAMS 0x0000000709400000| PB 0x0000000709400000| Untracked |  0
|  59|0x0000000709600000, 0x0000000709600000, 0x0000000709800000|  0%| F|  |TAMS 0x0000000709600000| PB 0x0000000709600000| Untracked |  0
|  60|0x0000000709800000, 0x0000000709800000, 0x0000000709a00000|  0%| F|  |TAMS 0x0000000709800000| PB 0x0000000709800000| Untracked |  0
|  61|0x0000000709a00000, 0x0000000709a00000, 0x0000000709c00000|  0%| F|  |TAMS 0x0000000709a00000| PB 0x0000000709a00000| Untracked |  0
|  62|0x0000000709c00000, 0x0000000709c00000, 0x0000000709e00000|  0%| F|  |TAMS 0x0000000709c00000| PB 0x0000000709c00000| Untracked |  0
|  63|0x0000000709e00000, 0x0000000709f00040, 0x000000070a000000| 50%| S|CS|TAMS 0x0000000709e00000| PB 0x0000000709e00000| Complete |  0
|  64|0x000000070a000000, 0x000000070a200000, 0x000000070a200000|100%| S|CS|TAMS 0x000000070a000000| PB 0x000000070a000000| Complete |  0
|  65|0x000000070a200000, 0x000000070a400000, 0x000000070a400000|100%| S|CS|TAMS 0x000000070a200000| PB 0x000000070a200000| Complete |  0
|  66|0x000000070a400000, 0x000000070a400000, 0x000000070a600000|  0%| F|  |TAMS 0x000000070a400000| PB 0x000000070a400000| Untracked |  0
|  67|0x000000070a600000, 0x000000070a600000, 0x000000070a800000|  0%| F|  |TAMS 0x000000070a600000| PB 0x000000070a600000| Untracked |  0
|  68|0x000000070a800000, 0x000000070a800000, 0x000000070aa00000|  0%| F|  |TAMS 0x000000070a800000| PB 0x000000070a800000| Untracked |  0
|  69|0x000000070aa00000, 0x000000070aa00000, 0x000000070ac00000|  0%| F|  |TAMS 0x000000070aa00000| PB 0x000000070aa00000| Untracked |  0
|  70|0x000000070ac00000, 0x000000070ae00000, 0x000000070ae00000|100%| S|CS|TAMS 0x000000070ac00000| PB 0x000000070ac00000| Complete |  0
|  71|0x000000070ae00000, 0x000000070b000000, 0x000000070b000000|100%| S|CS|TAMS 0x000000070ae00000| PB 0x000000070ae00000| Complete |  0
|  72|0x000000070b000000, 0x000000070b000000, 0x000000070b200000|  0%| F|  |TAMS 0x000000070b000000| PB 0x000000070b000000| Untracked |  0
|  73|0x000000070b200000, 0x000000070b200000, 0x000000070b400000|  0%| F|  |TAMS 0x000000070b200000| PB 0x000000070b200000| Untracked |  0
|  74|0x000000070b400000, 0x000000070b400000, 0x000000070b600000|  0%| F|  |TAMS 0x000000070b400000| PB 0x000000070b400000| Untracked |  0
|  75|0x000000070b600000, 0x000000070b600000, 0x000000070b800000|  0%| F|  |TAMS 0x000000070b600000| PB 0x000000070b600000| Untracked |  0
|  76|0x000000070b800000, 0x000000070b800000, 0x000000070ba00000|  0%| F|  |TAMS 0x000000070b800000| PB 0x000000070b800000| Untracked |  0
|  77|0x000000070ba00000, 0x000000070ba00000, 0x000000070bc00000|  0%| F|  |TAMS 0x000000070ba00000| PB 0x000000070ba00000| Untracked |  0
|  78|0x000000070bc00000, 0x000000070bc00000, 0x000000070be00000|  0%| F|  |TAMS 0x000000070bc00000| PB 0x000000070bc00000| Untracked |  0
|  79|0x000000070be00000, 0x000000070be00000, 0x000000070c000000|  0%| F|  |TAMS 0x000000070be00000| PB 0x000000070be00000| Untracked |  0
|  80|0x000000070c000000, 0x000000070c000000, 0x000000070c200000|  0%| F|  |TAMS 0x000000070c000000| PB 0x000000070c000000| Untracked |  0
|  81|0x000000070c200000, 0x000000070c200000, 0x000000070c400000|  0%| F|  |TAMS 0x000000070c200000| PB 0x000000070c200000| Untracked |  0
|  82|0x000000070c400000, 0x000000070c400000, 0x000000070c600000|  0%| F|  |TAMS 0x000000070c400000| PB 0x000000070c400000| Untracked |  0
|  83|0x000000070c600000, 0x000000070c600000, 0x000000070c800000|  0%| F|  |TAMS 0x000000070c600000| PB 0x000000070c600000| Untracked |  0
|  84|0x000000070c800000, 0x000000070c800000, 0x000000070ca00000|  0%| F|  |TAMS 0x000000070c800000| PB 0x000000070c800000| Untracked |  0
|  85|0x000000070ca00000, 0x000000070ca00000, 0x000000070cc00000|  0%| F|  |TAMS 0x000000070ca00000| PB 0x000000070ca00000| Untracked |  0
|  86|0x000000070cc00000, 0x000000070cc00000, 0x000000070ce00000|  0%| F|  |TAMS 0x000000070cc00000| PB 0x000000070cc00000| Untracked |  0
|  87|0x000000070ce00000, 0x000000070ce00000, 0x000000070d000000|  0%| F|  |TAMS 0x000000070ce00000| PB 0x000000070ce00000| Untracked |  0
|  88|0x000000070d000000, 0x000000070d000000, 0x000000070d200000|  0%| F|  |TAMS 0x000000070d000000| PB 0x000000070d000000| Untracked |  0
|  89|0x000000070d200000, 0x000000070d200000, 0x000000070d400000|  0%| F|  |TAMS 0x000000070d200000| PB 0x000000070d200000| Untracked |  0
|  90|0x000000070d400000, 0x000000070d400000, 0x000000070d600000|  0%| F|  |TAMS 0x000000070d400000| PB 0x000000070d400000| Untracked |  0
|  91|0x000000070d600000, 0x000000070d600000, 0x000000070d800000|  0%| F|  |TAMS 0x000000070d600000| PB 0x000000070d600000| Untracked |  0
|  92|0x000000070d800000, 0x000000070d800000, 0x000000070da00000|  0%| F|  |TAMS 0x000000070d800000| PB 0x000000070d800000| Untracked |  0
|  93|0x000000070da00000, 0x000000070da00000, 0x000000070dc00000|  0%| F|  |TAMS 0x000000070da00000| PB 0x000000070da00000| Untracked |  0
|  94|0x000000070dc00000, 0x000000070dc00000, 0x000000070de00000|  0%| F|  |TAMS 0x000000070dc00000| PB 0x000000070dc00000| Untracked |  0
|  95|0x000000070de00000, 0x000000070de00000, 0x000000070e000000|  0%| F|  |TAMS 0x000000070de00000| PB 0x000000070de00000| Untracked |  0
|  96|0x000000070e000000, 0x000000070e000000, 0x000000070e200000|  0%| F|  |TAMS 0x000000070e000000| PB 0x000000070e000000| Untracked |  0
|  97|0x000000070e200000, 0x000000070e200000, 0x000000070e400000|  0%| F|  |TAMS 0x000000070e200000| PB 0x000000070e200000| Untracked |  0
|  98|0x000000070e400000, 0x000000070e400000, 0x000000070e600000|  0%| F|  |TAMS 0x000000070e400000| PB 0x000000070e400000| Untracked |  0
|  99|0x000000070e600000, 0x000000070e600000, 0x000000070e800000|  0%| F|  |TAMS 0x000000070e600000| PB 0x000000070e600000| Untracked |  0
| 100|0x000000070e800000, 0x000000070e800000, 0x000000070ea00000|  0%| F|  |TAMS 0x000000070e800000| PB 0x000000070e800000| Untracked |  0
| 101|0x000000070ea00000, 0x000000070ea00000, 0x000000070ec00000|  0%| F|  |TAMS 0x000000070ea00000| PB 0x000000070ea00000| Untracked |  0
| 102|0x000000070ec00000, 0x000000070ec00000, 0x000000070ee00000|  0%| F|  |TAMS 0x000000070ec00000| PB 0x000000070ec00000| Untracked |  0
| 103|0x000000070ee00000, 0x000000070ee00000, 0x000000070f000000|  0%| F|  |TAMS 0x000000070ee00000| PB 0x000000070ee00000| Untracked |  0
| 104|0x000000070f000000, 0x000000070f000000, 0x000000070f200000|  0%| F|  |TAMS 0x000000070f000000| PB 0x000000070f000000| Untracked |  0
| 105|0x000000070f200000, 0x000000070f200000, 0x000000070f400000|  0%| F|  |TAMS 0x000000070f200000| PB 0x000000070f200000| Untracked |  0
| 106|0x000000070f400000, 0x000000070f400000, 0x000000070f600000|  0%| F|  |TAMS 0x000000070f400000| PB 0x000000070f400000| Untracked |  0
| 107|0x000000070f600000, 0x000000070f600000, 0x000000070f800000|  0%| F|  |TAMS 0x000000070f600000| PB 0x000000070f600000| Untracked |  0
| 108|0x000000070f800000, 0x000000070f800000, 0x000000070fa00000|  0%| F|  |TAMS 0x000000070f800000| PB 0x000000070f800000| Untracked |  0
| 109|0x000000070fa00000, 0x000000070fa00000, 0x000000070fc00000|  0%| F|  |TAMS 0x000000070fa00000| PB 0x000000070fa00000| Untracked |  0
| 110|0x000000070fc00000, 0x000000070fc00000, 0x000000070fe00000|  0%| F|  |TAMS 0x000000070fc00000| PB 0x000000070fc00000| Untracked |  0
| 111|0x000000070fe00000, 0x000000070fe00000, 0x0000000710000000|  0%| F|  |TAMS 0x000000070fe00000| PB 0x000000070fe00000| Untracked |  0
| 112|0x0000000710000000, 0x0000000710000000, 0x0000000710200000|  0%| F|  |TAMS 0x0000000710000000| PB 0x0000000710000000| Untracked |  0
| 113|0x0000000710200000, 0x0000000710200000, 0x0000000710400000|  0%| F|  |TAMS 0x0000000710200000| PB 0x0000000710200000| Untracked |  0
| 114|0x0000000710400000, 0x0000000710400000, 0x0000000710600000|  0%| F|  |TAMS 0x0000000710400000| PB 0x0000000710400000| Untracked |  0
| 115|0x0000000710600000, 0x0000000710600000, 0x0000000710800000|  0%| F|  |TAMS 0x0000000710600000| PB 0x0000000710600000| Untracked |  0
| 116|0x0000000710800000, 0x0000000710800000, 0x0000000710a00000|  0%| F|  |TAMS 0x0000000710800000| PB 0x0000000710800000| Untracked |  0
| 117|0x0000000710a00000, 0x0000000710a00000, 0x0000000710c00000|  0%| F|  |TAMS 0x0000000710a00000| PB 0x0000000710a00000| Untracked |  0
| 118|0x0000000710c00000, 0x0000000710c00000, 0x0000000710e00000|  0%| F|  |TAMS 0x0000000710c00000| PB 0x0000000710c00000| Untracked |  0
| 119|0x0000000710e00000, 0x0000000710e00000, 0x0000000711000000|  0%| F|  |TAMS 0x0000000710e00000| PB 0x0000000710e00000| Untracked |  0
| 120|0x0000000711000000, 0x0000000711000000, 0x0000000711200000|  0%| F|  |TAMS 0x0000000711000000| PB 0x0000000711000000| Untracked |  0
| 121|0x0000000711200000, 0x0000000711200000, 0x0000000711400000|  0%| F|  |TAMS 0x0000000711200000| PB 0x0000000711200000| Untracked |  0
| 122|0x0000000711400000, 0x0000000711400000, 0x0000000711600000|  0%| F|  |TAMS 0x0000000711400000| PB 0x0000000711400000| Untracked |  0
| 123|0x0000000711600000, 0x0000000711600000, 0x0000000711800000|  0%| F|  |TAMS 0x0000000711600000| PB 0x0000000711600000| Untracked |  0
| 124|0x0000000711800000, 0x0000000711800000, 0x0000000711a00000|  0%| F|  |TAMS 0x0000000711800000| PB 0x0000000711800000| Untracked |  0
| 125|0x0000000711a00000, 0x0000000711a00000, 0x0000000711c00000|  0%| F|  |TAMS 0x0000000711a00000| PB 0x0000000711a00000| Untracked |  0
| 126|0x0000000711c00000, 0x0000000711c00000, 0x0000000711e00000|  0%| F|  |TAMS 0x0000000711c00000| PB 0x0000000711c00000| Untracked |  0
| 127|0x0000000711e00000, 0x0000000711e00000, 0x0000000712000000|  0%| F|  |TAMS 0x0000000711e00000| PB 0x0000000711e00000| Untracked |  0
| 128|0x0000000712000000, 0x0000000712000000, 0x0000000712200000|  0%| F|  |TAMS 0x0000000712000000| PB 0x0000000712000000| Untracked |  0
| 129|0x0000000712200000, 0x0000000712200000, 0x0000000712400000|  0%| F|  |TAMS 0x0000000712200000| PB 0x0000000712200000| Untracked |  0
| 130|0x0000000712400000, 0x0000000712400000, 0x0000000712600000|  0%| F|  |TAMS 0x0000000712400000| PB 0x0000000712400000| Untracked |  0
| 131|0x0000000712600000, 0x0000000712600000, 0x0000000712800000|  0%| F|  |TAMS 0x0000000712600000| PB 0x0000000712600000| Untracked |  0
| 132|0x0000000712800000, 0x0000000712800000, 0x0000000712a00000|  0%| F|  |TAMS 0x0000000712800000| PB 0x0000000712800000| Untracked |  0
| 133|0x0000000712a00000, 0x0000000712a00000, 0x0000000712c00000|  0%| F|  |TAMS 0x0000000712a00000| PB 0x0000000712a00000| Untracked |  0
| 134|0x0000000712c00000, 0x0000000712c00000, 0x0000000712e00000|  0%| F|  |TAMS 0x0000000712c00000| PB 0x0000000712c00000| Untracked |  0
| 135|0x0000000712e00000, 0x0000000712e00000, 0x0000000713000000|  0%| F|  |TAMS 0x0000000712e00000| PB 0x0000000712e00000| Untracked |  0
| 136|0x0000000713000000, 0x0000000713000000, 0x0000000713200000|  0%| F|  |TAMS 0x0000000713000000| PB 0x0000000713000000| Untracked |  0
| 137|0x0000000713200000, 0x0000000713200000, 0x0000000713400000|  0%| F|  |TAMS 0x0000000713200000| PB 0x0000000713200000| Untracked |  0
| 138|0x0000000713400000, 0x0000000713400000, 0x0000000713600000|  0%| F|  |TAMS 0x0000000713400000| PB 0x0000000713400000| Untracked |  0
| 139|0x0000000713600000, 0x0000000713600000, 0x0000000713800000|  0%| F|  |TAMS 0x0000000713600000| PB 0x0000000713600000| Untracked |  0
| 140|0x0000000713800000, 0x0000000713800000, 0x0000000713a00000|  0%| F|  |TAMS 0x0000000713800000| PB 0x0000000713800000| Untracked |  0
| 141|0x0000000713a00000, 0x0000000713a00000, 0x0000000713c00000|  0%| F|  |TAMS 0x0000000713a00000| PB 0x0000000713a00000| Untracked |  0
| 142|0x0000000713c00000, 0x0000000713c00000, 0x0000000713e00000|  0%| F|  |TAMS 0x0000000713c00000| PB 0x0000000713c00000| Untracked |  0
| 143|0x0000000713e00000, 0x0000000713e00000, 0x0000000714000000|  0%| F|  |TAMS 0x0000000713e00000| PB 0x0000000713e00000| Untracked |  0
| 144|0x0000000714000000, 0x0000000714000000, 0x0000000714200000|  0%| F|  |TAMS 0x0000000714000000| PB 0x0000000714000000| Untracked |  0
| 145|0x0000000714200000, 0x0000000714200000, 0x0000000714400000|  0%| F|  |TAMS 0x0000000714200000| PB 0x0000000714200000| Untracked |  0
| 146|0x0000000714400000, 0x0000000714400000, 0x0000000714600000|  0%| F|  |TAMS 0x0000000714400000| PB 0x0000000714400000| Untracked |  0
| 147|0x0000000714600000, 0x0000000714600000, 0x0000000714800000|  0%| F|  |TAMS 0x0000000714600000| PB 0x0000000714600000| Untracked |  0
| 148|0x0000000714800000, 0x0000000714800000, 0x0000000714a00000|  0%| F|  |TAMS 0x0000000714800000| PB 0x0000000714800000| Untracked |  0
| 149|0x0000000714a00000, 0x0000000714a00000, 0x0000000714c00000|  0%| F|  |TAMS 0x0000000714a00000| PB 0x0000000714a00000| Untracked |  0
| 150|0x0000000714c00000, 0x0000000714c00000, 0x0000000714e00000|  0%| F|  |TAMS 0x0000000714c00000| PB 0x0000000714c00000| Untracked |  0
| 151|0x0000000714e00000, 0x0000000714e00000, 0x0000000715000000|  0%| F|  |TAMS 0x0000000714e00000| PB 0x0000000714e00000| Untracked |  0
| 152|0x0000000715000000, 0x0000000715000000, 0x0000000715200000|  0%| F|  |TAMS 0x0000000715000000| PB 0x0000000715000000| Untracked |  0
| 153|0x0000000715200000, 0x0000000715200000, 0x0000000715400000|  0%| F|  |TAMS 0x0000000715200000| PB 0x0000000715200000| Untracked |  0
| 154|0x0000000715400000, 0x0000000715400000, 0x0000000715600000|  0%| F|  |TAMS 0x0000000715400000| PB 0x0000000715400000| Untracked |  0
| 155|0x0000000715600000, 0x0000000715600000, 0x0000000715800000|  0%| F|  |TAMS 0x0000000715600000| PB 0x0000000715600000| Untracked |  0
| 156|0x0000000715800000, 0x0000000715800000, 0x0000000715a00000|  0%| F|  |TAMS 0x0000000715800000| PB 0x0000000715800000| Untracked |  0
| 157|0x0000000715a00000, 0x0000000715a00000, 0x0000000715c00000|  0%| F|  |TAMS 0x0000000715a00000| PB 0x0000000715a00000| Untracked |  0
| 158|0x0000000715c00000, 0x0000000715c00000, 0x0000000715e00000|  0%| F|  |TAMS 0x0000000715c00000| PB 0x0000000715c00000| Untracked |  0
| 159|0x0000000715e00000, 0x0000000715e00000, 0x0000000716000000|  0%| F|  |TAMS 0x0000000715e00000| PB 0x0000000715e00000| Untracked |  0
| 160|0x0000000716000000, 0x0000000716000000, 0x0000000716200000|  0%| F|  |TAMS 0x0000000716000000| PB 0x0000000716000000| Untracked |  0
| 161|0x0000000716200000, 0x0000000716200000, 0x0000000716400000|  0%| F|  |TAMS 0x0000000716200000| PB 0x0000000716200000| Untracked |  0
| 162|0x0000000716400000, 0x0000000716400000, 0x0000000716600000|  0%| F|  |TAMS 0x0000000716400000| PB 0x0000000716400000| Untracked |  0
| 163|0x0000000716600000, 0x0000000716600000, 0x0000000716800000|  0%| F|  |TAMS 0x0000000716600000| PB 0x0000000716600000| Untracked |  0
| 164|0x0000000716800000, 0x0000000716800000, 0x0000000716a00000|  0%| F|  |TAMS 0x0000000716800000| PB 0x0000000716800000| Untracked |  0
| 165|0x0000000716a00000, 0x0000000716a00000, 0x0000000716c00000|  0%| F|  |TAMS 0x0000000716a00000| PB 0x0000000716a00000| Untracked |  0
| 166|0x0000000716c00000, 0x0000000716c00000, 0x0000000716e00000|  0%| F|  |TAMS 0x0000000716c00000| PB 0x0000000716c00000| Untracked |  0
| 167|0x0000000716e00000, 0x0000000716e00000, 0x0000000717000000|  0%| F|  |TAMS 0x0000000716e00000| PB 0x0000000716e00000| Untracked |  0
| 168|0x0000000717000000, 0x0000000717000000, 0x0000000717200000|  0%| F|  |TAMS 0x0000000717000000| PB 0x0000000717000000| Untracked |  0
| 169|0x0000000717200000, 0x0000000717200000, 0x0000000717400000|  0%| F|  |TAMS 0x0000000717200000| PB 0x0000000717200000| Untracked |  0
| 170|0x0000000717400000, 0x0000000717400000, 0x0000000717600000|  0%| F|  |TAMS 0x0000000717400000| PB 0x0000000717400000| Untracked |  0
| 171|0x0000000717600000, 0x0000000717600000, 0x0000000717800000|  0%| F|  |TAMS 0x0000000717600000| PB 0x0000000717600000| Untracked |  0
|2030|0x00000007ffc00000, 0x00000007ffe00000, 0x00000007ffe00000|100%| O|  |TAMS 0x00000007ffc00000| PB 0x00000007ffc00000| Untracked |  0
|2031|0x00000007ffe00000, 0x00000007ffe00000, 0x0000000800000000|  0%| F|  |TAMS 0x00000007ffe00000| PB 0x00000007ffe00000| Untracked |  0

Card table byte_map: [0x00000267f83e0000,0x00000267f8bd0000] _byte_map_base: 0x00000267f4bd0000

Marking Bits: (CMBitMap*) 0x00000267de22c8f0
 Bits: [0x00000267f8bd0000, 0x00000267fcb50000)

Polling page: 0x00000267e85a0000

Metaspace:
Metaspace        used 37402K, committed 38016K, reserved 1114112K
 class space     used 4820K, committed 5056K, reserved 1048576K

Usage:
  Non-class:     31.82 MB used.
      Class:      4.71 MB used.
       Both:     36.53 MB used.

Virtual space:
  Non-class space:       64.00 MB reserved,      32.19 MB ( 50%) committed,  1 nodes.
      Class space:        1.00 GB reserved,       4.94 MB ( <1%) committed,  1 nodes.
             Both:        1.06 GB reserved,      37.12 MB (  3%) committed. 

Chunk freelists:
   Non-Class:  15.79 MB
       Class:  10.89 MB
        Both:  26.68 MB

MaxMetaspaceSize: unlimited
CompressedClassSpaceSize: 1.00 GB
Initial GC threshold: 21.00 MB
Current GC threshold: 59.00 MB
CDS: on
 - commit_granule_bytes: 65536.
 - commit_granule_words: 8192.
 - virtual_space_node_default_size: 8388608.
 - enlarge_chunks_in_place: 1.
UseCompressedClassPointers 1, UseCompactObjectHeaders 0
Narrow klass pointer bits 32, Max shift 3
Narrow klass base: 0x000000008a000000, Narrow klass shift: 0
Encoding Range: [0x000000008a000000 - 0x000000018a000000), (4294967296 bytes)
Klass Range:    [0x000000008a010000 - 0x00000000cb000000), (1090453504 bytes)
Klass ID Range:  [65536 - 1090519033) (1090453497)
Protection zone: [0x000000008a000000 - 0x000000008a010000), (65536 bytes)


Internal statistics:

num_allocs_failed_limit: 6.
num_arena_births: 682.
num_arena_deaths: 0.
num_vsnodes_births: 2.
num_vsnodes_deaths: 0.
num_space_committed: 594.
num_space_uncommitted: 0.
num_chunks_returned_to_freelist: 6.
num_chunks_taken_from_freelist: 1285.
num_chunk_merges: 0.
num_chunk_splits: 860.
num_chunks_enlarged: 611.
num_inconsistent_stats: 0.

CodeHeap 'non-profiled nmethods': size=120064Kb used=1886Kb max_used=1886Kb free=118177Kb
 bounds [0x00000267f0080000, 0x00000267f02f0000, 0x00000267f75c0000]
CodeHeap 'profiled nmethods': size=120000Kb used=8177Kb max_used=8177Kb free=111822Kb
 bounds [0x00000267e85c0000, 0x00000267e8dc0000, 0x00000267efaf0000]
CodeHeap 'non-nmethods': size=5696Kb used=1824Kb max_used=1871Kb free=3871Kb
 bounds [0x00000267efaf0000, 0x00000267efd60000, 0x00000267f0080000]
CodeCache: size=245760Kb, used=11887Kb, max_used=11934Kb, free=233870Kb
 total_blobs=6094, nmethods=5144, adapters=838, full_count=0
Compilation: enabled, stopped_count=0, restarted_count=0

Compilation events (20 events):
Event: 9.022 Thread 0x00000267ff1a3d20 5469       3       java.security.MessageDigest::digest (49 bytes)
Event: 9.022 Thread 0x00000267ff1a3d20 nmethod 5469 0x00000267e8db7708 code [0x00000267e8db7800, 0x00000267e8db7ca8]
Event: 9.023 Thread 0x00000267ff1a3d20 5471       3       sun.net.www.MessageHeader::grow (92 bytes)
Event: 9.023 Thread 0x00000267ff1a3d20 nmethod 5471 0x00000267e8db7d08 code [0x00000267e8db7e00, 0x00000267e8db8360]
Event: 9.023 Thread 0x00000267ff1a3d20 5472       3       sun.nio.cs.StreamEncoder::writeBytes (93 bytes)
Event: 9.023 Thread 0x00000267ff1a3d20 nmethod 5472 0x00000267e8db8388 code [0x00000267e8db8480, 0x00000267e8db8f10]
Event: 9.023 Thread 0x00000267ff1a3d20 5470       3       java.security.MessageDigest$Delegate::engineDigest (11 bytes)
Event: 9.023 Thread 0x00000267ff1a3d20 nmethod 5470 0x00000267e8db8f88 code [0x00000267e8db9080, 0x00000267e8db9250]
Event: 9.033 Thread 0x00000267ff17f3b0 nmethod 5466% 0x00000267f0256188 code [0x00000267f0256280, 0x00000267f0256b00]
Event: 9.033 Thread 0x00000267ff17f3b0 5473       4       jdk.internal.classfile.impl.AttributeHolder::withAttribute (124 bytes)
Event: 9.035 Thread 0x00000267ff1a3d20 5474   !   3       java.util.ResourceBundle::loadBundle (161 bytes)
Event: 9.036 Thread 0x00000267ff1a3d20 nmethod 5474 0x00000267e8db9288 code [0x00000267e8db9380, 0x00000267e8dbaf38]
Event: 9.036 Thread 0x00000267ff1a3d20 5476       3       java.lang.Exception::<init> (7 bytes)
Event: 9.036 Thread 0x00000267ff1a3d20 nmethod 5476 0x00000267e8dbaf88 code [0x00000267e8dbb080, 0x00000267e8dbb1b0]
Event: 9.036 Thread 0x00000267ff1a3d20 5475       3       java.util.ResourceBundle::putBundleInCache (118 bytes)
Event: 9.036 Thread 0x00000267ff1a3d20 nmethod 5475 0x00000267e8dbb288 code [0x00000267e8dbb380, 0x00000267e8dbc178]
Event: 9.045 Thread 0x00000267ff17f3b0 nmethod 5473 0x00000267f0256b88 code [0x00000267f0256c80, 0x00000267f02579b0]
Event: 9.054 Thread 0x00000267ff1a3d20 5477       3       sun.nio.fs.WindowsPath::isAbsolute (26 bytes)
Event: 9.054 Thread 0x00000267ff1a3d20 nmethod 5477 0x00000267e8dbc208 code [0x00000267e8dbc300, 0x00000267e8dbc4a0]
Event: 9.067 Thread 0x00000267ff17f3b0 5478       4       java.io.WinNTFileSystem::normalize (148 bytes)

GC Heap Usage History (20 events):
Event: 8.028 {heap After GC invocations=33 (full 0):
 garbage-first heap   total reserved 4161536K, committed 147456K, used 20464K [0x0000000702000000, 0x0000000800000000)
  region size 2048K, 2 young (4096K), 2 survivors (4096K)
}
Event: 8.062 {heap Before GC invocations=33 (full 0):
 garbage-first heap   total reserved 4161536K, committed 147456K, used 104432K [0x0000000702000000, 0x0000000800000000)
  region size 2048K, 43 young (88064K), 2 survivors (4096K)
}
Event: 8.064 {heap After GC invocations=34 (full 0):
 garbage-first heap   total reserved 4161536K, committed 147456K, used 20321K [0x0000000702000000, 0x0000000800000000)
  region size 2048K, 2 young (4096K), 2 survivors (4096K)
}
Event: 8.097 {heap Before GC invocations=34 (full 0):
 garbage-first heap   total reserved 4161536K, committed 147456K, used 104289K [0x0000000702000000, 0x0000000800000000)
  region size 2048K, 43 young (88064K), 2 survivors (4096K)
}
Event: 8.099 {heap After GC invocations=35 (full 0):
 garbage-first heap   total reserved 4161536K, committed 276480K, used 20431K [0x0000000702000000, 0x0000000800000000)
  region size 2048K, 2 young (4096K), 2 survivors (4096K)
}
Event: 8.245 {heap Before GC invocations=35 (full 0):
 garbage-first heap   total reserved 4161536K, committed 276480K, used 182223K [0x0000000702000000, 0x0000000800000000)
  region size 2048K, 81 young (165888K), 2 survivors (4096K)
}
Event: 8.247 {heap After GC invocations=36 (full 0):
 garbage-first heap   total reserved 4161536K, committed 276480K, used 23763K [0x0000000702000000, 0x0000000800000000)
  region size 2048K, 2 young (4096K), 2 survivors (4096K)
}
Event: 8.340 {heap Before GC invocations=36 (full 0):
 garbage-first heap   total reserved 4161536K, committed 276480K, used 185555K [0x0000000702000000, 0x0000000800000000)
  region size 2048K, 81 young (165888K), 2 survivors (4096K)
}
Event: 8.342 {heap After GC invocations=37 (full 0):
 garbage-first heap   total reserved 4161536K, committed 276480K, used 22510K [0x0000000702000000, 0x0000000800000000)
  region size 2048K, 2 young (4096K), 2 survivors (4096K)
}
Event: 8.418 {heap Before GC invocations=37 (full 0):
 garbage-first heap   total reserved 4161536K, committed 276480K, used 184302K [0x0000000702000000, 0x0000000800000000)
  region size 2048K, 81 young (165888K), 2 survivors (4096K)
}
Event: 8.420 {heap After GC invocations=38 (full 0):
 garbage-first heap   total reserved 4161536K, committed 276480K, used 22815K [0x0000000702000000, 0x0000000800000000)
  region size 2048K, 3 young (6144K), 3 survivors (6144K)
}
Event: 8.479 {heap Before GC invocations=38 (full 0):
 garbage-first heap   total reserved 4161536K, committed 276480K, used 182559K [0x0000000702000000, 0x0000000800000000)
  region size 2048K, 81 young (165888K), 3 survivors (6144K)
}
Event: 8.481 {heap After GC invocations=39 (full 0):
 garbage-first heap   total reserved 4161536K, committed 346112K, used 26664K [0x0000000702000000, 0x0000000800000000)
  region size 2048K, 3 young (6144K), 3 survivors (6144K)
}
Event: 8.610 {heap Before GC invocations=39 (full 0):
 garbage-first heap   total reserved 4161536K, committed 346112K, used 227368K [0x0000000702000000, 0x0000000800000000)
  region size 2048K, 101 young (206848K), 3 survivors (6144K)
}
Event: 8.612 {heap After GC invocations=40 (full 0):
 garbage-first heap   total reserved 4161536K, committed 346112K, used 26274K [0x0000000702000000, 0x0000000800000000)
  region size 2048K, 4 young (8192K), 4 survivors (8192K)
}
Event: 8.750 {heap Before GC invocations=40 (full 0):
 garbage-first heap   total reserved 4161536K, committed 346112K, used 224930K [0x0000000702000000, 0x0000000800000000)
  region size 2048K, 101 young (206848K), 4 survivors (8192K)
}
Event: 8.752 {heap After GC invocations=41 (full 0):
 garbage-first heap   total reserved 4161536K, committed 346112K, used 27148K [0x0000000702000000, 0x0000000800000000)
  region size 2048K, 4 young (8192K), 4 survivors (8192K)
}
Event: 8.947 {heap Before GC invocations=41 (full 0):
 garbage-first heap   total reserved 4161536K, committed 346112K, used 225804K [0x0000000702000000, 0x0000000800000000)
  region size 2048K, 101 young (206848K), 4 survivors (8192K)
}
Event: 8.950 {heap After GC invocations=42 (full 0):
 garbage-first heap   total reserved 4161536K, committed 346112K, used 27931K [0x0000000702000000, 0x0000000800000000)
  region size 2048K, 5 young (10240K), 5 survivors (10240K)
}
Event: 9.067 {heap Before GC invocations=42 (full 0):
 garbage-first heap   total reserved 4161536K, committed 346112K, used 224539K [0x0000000702000000, 0x0000000800000000)
  region size 2048K, 101 young (206848K), 5 survivors (10240K)
}

Metaspace Usage History (20 events):
Event: 8.028 {metaspace After GC invocations=33 (full 0):
 Metaspace       used 35703K, committed 36224K, reserved 1114112K
  class space    used 4393K, committed 4608K, reserved 1048576K
}
Event: 8.062 {metaspace Before GC invocations=33 (full 0):
 Metaspace       used 35703K, committed 36224K, reserved 1114112K
  class space    used 4393K, committed 4608K, reserved 1048576K
}
Event: 8.064 {metaspace After GC invocations=34 (full 0):
 Metaspace       used 35703K, committed 36224K, reserved 1114112K
  class space    used 4393K, committed 4608K, reserved 1048576K
}
Event: 8.097 {metaspace Before GC invocations=34 (full 0):
 Metaspace       used 35703K, committed 36224K, reserved 1114112K
  class space    used 4393K, committed 4608K, reserved 1048576K
}
Event: 8.099 {metaspace After GC invocations=35 (full 0):
 Metaspace       used 35703K, committed 36224K, reserved 1114112K
  class space    used 4393K, committed 4608K, reserved 1048576K
}
Event: 8.245 {metaspace Before GC invocations=35 (full 0):
 Metaspace       used 36323K, committed 36928K, reserved 1114112K
  class space    used 4531K, committed 4800K, reserved 1048576K
}
Event: 8.247 {metaspace After GC invocations=36 (full 0):
 Metaspace       used 36323K, committed 36928K, reserved 1114112K
  class space    used 4531K, committed 4800K, reserved 1048576K
}
Event: 8.340 {metaspace Before GC invocations=36 (full 0):
 Metaspace       used 36637K, committed 37248K, reserved 1114112K
  class space    used 4599K, committed 4864K, reserved 1048576K
}
Event: 8.342 {metaspace After GC invocations=37 (full 0):
 Metaspace       used 36637K, committed 37248K, reserved 1114112K
  class space    used 4599K, committed 4864K, reserved 1048576K
}
Event: 8.418 {metaspace Before GC invocations=37 (full 0):
 Metaspace       used 36753K, committed 37312K, reserved 1114112K
  class space    used 4637K, committed 4864K, reserved 1048576K
}
Event: 8.420 {metaspace After GC invocations=38 (full 0):
 Metaspace       used 36753K, committed 37312K, reserved 1114112K
  class space    used 4637K, committed 4864K, reserved 1048576K
}
Event: 8.479 {metaspace Before GC invocations=38 (full 0):
 Metaspace       used 36801K, committed 37376K, reserved 1114112K
  class space    used 4651K, committed 4928K, reserved 1048576K
}
Event: 8.481 {metaspace After GC invocations=39 (full 0):
 Metaspace       used 36801K, committed 37376K, reserved 1114112K
  class space    used 4651K, committed 4928K, reserved 1048576K
}
Event: 8.610 {metaspace Before GC invocations=39 (full 0):
 Metaspace       used 36965K, committed 37568K, reserved 1114112K
  class space    used 4691K, committed 4928K, reserved 1048576K
}
Event: 8.612 {metaspace After GC invocations=40 (full 0):
 Metaspace       used 36965K, committed 37568K, reserved 1114112K
  class space    used 4691K, committed 4928K, reserved 1048576K
}
Event: 8.750 {metaspace Before GC invocations=40 (full 0):
 Metaspace       used 37097K, committed 37696K, reserved 1114112K
  class space    used 4736K, committed 4992K, reserved 1048576K
}
Event: 8.752 {metaspace After GC invocations=41 (full 0):
 Metaspace       used 37097K, committed 37696K, reserved 1114112K
  class space    used 4736K, committed 4992K, reserved 1048576K
}
Event: 8.947 {metaspace Before GC invocations=41 (full 0):
 Metaspace       used 37263K, committed 37888K, reserved 1114112K
  class space    used 4783K, committed 5056K, reserved 1048576K
}
Event: 8.950 {metaspace After GC invocations=42 (full 0):
 Metaspace       used 37263K, committed 37888K, reserved 1114112K
  class space    used 4783K, committed 5056K, reserved 1048576K
}
Event: 9.067 {metaspace Before GC invocations=42 (full 0):
 Metaspace       used 37402K, committed 38016K, reserved 1114112K
  class space    used 4820K, committed 5056K, reserved 1048576K
}

Dll operation events (14 events):
Event: 0.008 Loaded shared library C:\Program Files\Eclipse Adoptium\jdk-25.0.2.10-hotspot\bin\java.dll
Event: 0.038 Loaded shared library C:\Program Files\Eclipse Adoptium\jdk-25.0.2.10-hotspot\bin\net.dll
Event: 0.040 Loaded shared library C:\Program Files\Eclipse Adoptium\jdk-25.0.2.10-hotspot\bin\nio.dll
Event: 0.065 Loaded shared library C:\Program Files\Eclipse Adoptium\jdk-25.0.2.10-hotspot\bin\zip.dll
Event: 0.085 Loaded shared library C:\Program Files\Eclipse Adoptium\jdk-25.0.2.10-hotspot\bin\jimage.dll
Event: 0.271 Loaded shared library C:\Program Files\Eclipse Adoptium\jdk-25.0.2.10-hotspot\bin\management.dll
Event: 0.272 Loaded shared library C:\Program Files\Eclipse Adoptium\jdk-25.0.2.10-hotspot\bin\management_ext.dll
Event: 0.581 Loaded shared library C:\Program Files\Eclipse Adoptium\jdk-25.0.2.10-hotspot\bin\awt.dll
Event: 1.120 Loaded shared library C:\Program Files\Eclipse Adoptium\jdk-25.0.2.10-hotspot\bin\sunmscapi.dll
Event: 1.186 Loaded shared library C:\Program Files\Eclipse Adoptium\jdk-25.0.2.10-hotspot\bin\extnet.dll
Event: 2.035 Loaded shared library C:\Program Files\Eclipse Adoptium\jdk-25.0.2.10-hotspot\bin\freetype.dll
Event: 2.036 Loaded shared library C:\Program Files\Eclipse Adoptium\jdk-25.0.2.10-hotspot\bin\fontmanager.dll
Event: 7.002 Loaded shared library C:\Windows\System32\ucrtbase.dll
Event: 7.003 Loaded shared library C:\Program Files\Eclipse Adoptium\jdk-25.0.2.10-hotspot\bin\syslookup.dll

Deoptimization events (20 events):
Event: 8.979 Thread 0x00000267845bd840 DEOPT PACKING pc=0x00000267f01f6ddc sp=0x000000ef448fd510
Event: 8.979 Thread 0x00000267845bd840 DEOPT UNPACKING pc=0x00000267efc0db02 sp=0x000000ef448fd4d0 mode 2
Event: 8.988 Thread 0x00000267845bd840 Uncommon trap: trap_request=0xffffff45 fr.pc=0x00000267f022aabc relative=0x0000000000000ebc
Event: 8.988 Thread 0x00000267845bd840 Uncommon trap: reason=unstable_if action=reinterpret pc=0x00000267f022aabc method=sun.awt.SunToolkit.isInstanceOf(Ljava/lang/Class;Ljava/lang/String;)Z @ 14 c2
Event: 8.988 Thread 0x00000267845bd840 DEOPT PACKING pc=0x00000267f022aabc sp=0x000000ef448fe550
Event: 8.988 Thread 0x00000267845bd840 DEOPT UNPACKING pc=0x00000267efc0db02 sp=0x000000ef448fe478 mode 2
Event: 8.989 Thread 0x00000267845bd840 Uncommon trap: trap_request=0xffffffde fr.pc=0x00000267f00ac400 relative=0x0000000000000680
Event: 8.989 Thread 0x00000267845bd840 Uncommon trap: reason=class_check action=maybe_recompile pc=0x00000267f00ac400 method=javax.swing.RepaintManager.addDirtyRegion0(Ljava/awt/Container;IIII)V @ 91 c2
Event: 8.989 Thread 0x00000267845bd840 DEOPT PACKING pc=0x00000267f00ac400 sp=0x000000ef448feba0
Event: 8.989 Thread 0x00000267845bd840 DEOPT UNPACKING pc=0x00000267efc0db02 sp=0x000000ef448feb78 mode 2
Event: 8.996 Thread 0x00000267845bd840 Uncommon trap: trap_request=0xffffffde fr.pc=0x00000267f023dec0 relative=0x00000000000017c0
Event: 8.996 Thread 0x00000267845bd840 Uncommon trap: reason=class_check action=maybe_recompile pc=0x00000267f023dec0 method=javax.swing.RepaintManager.addDirtyRegion0(Ljava/awt/Container;IIII)V @ 91 c2
Event: 8.996 Thread 0x00000267845bd840 DEOPT PACKING pc=0x00000267f023dec0 sp=0x000000ef448fe530
Event: 8.996 Thread 0x00000267845bd840 DEOPT UNPACKING pc=0x00000267efc0db02 sp=0x000000ef448fe3e8 mode 2
Event: 9.009 Thread 0x000002678489ce30 Uncommon trap: trap_request=0xffffffde fr.pc=0x00000267f0180bc8 relative=0x00000000000004c8
Event: 9.009 Thread 0x000002678489ce30 Uncommon trap: reason=class_check action=maybe_recompile pc=0x00000267f0180bc8 method=java.util.Collections.sort(Ljava/util/List;)V @ 2 c2
Event: 9.009 Thread 0x000002678489ce30 DEOPT PACKING pc=0x00000267f0180bc8 sp=0x000000ef446fedd0
Event: 9.009 Thread 0x000002678489ce30 DEOPT UNPACKING pc=0x00000267efc0db02 sp=0x000000ef446fed88 mode 2
Event: 9.067 Thread 0x00000267ddf5f180 DEOPT PACKING pc=0x00000267e8a3fe14 sp=0x000000ef42bfeb20
Event: 9.067 Thread 0x00000267ddf5f180 DEOPT UNPACKING pc=0x00000267efb41702 sp=0x000000ef42bfe008 mode 0

Classes loaded (20 events):
Event: 8.233 Loading class com/sun/java/swing/plaf/windows/WindowsBorders$DashedBorder
Event: 8.233 Loading class com/sun/java/swing/plaf/windows/WindowsBorders$DashedBorder done
Event: 8.264 Loading class com/sun/java/swing/plaf/windows/WindowsGraphicsUtils
Event: 8.264 Loading class com/sun/java/swing/plaf/windows/WindowsGraphicsUtils done
Event: 8.266 Loading class javax/swing/event/AncestorEvent
Event: 8.266 Loading class javax/swing/event/AncestorEvent done
Event: 8.595 Loading class javax/swing/DefaultCellEditor$3
Event: 8.596 Loading class javax/swing/DefaultCellEditor$3 done
Event: 8.974 Loading class com/sun/java/swing/plaf/windows/AnimationController
Event: 8.975 Loading class com/sun/java/swing/plaf/windows/AnimationController done
Event: 8.975 Loading class com/sun/java/swing/plaf/windows/AnimationController$PartUIClientPropertyKey
Event: 8.975 Loading class com/sun/java/swing/plaf/windows/AnimationController$PartUIClientPropertyKey done
Event: 8.975 Loading class sun/swing/ImageCache$Entry
Event: 8.975 Loading class sun/swing/ImageCache$Entry done
Event: 8.975 Loading class sun/awt/image/MultiResolutionToolkitImage
Event: 8.976 Loading class sun/awt/image/MultiResolutionToolkitImage done
Event: 8.977 Loading class com/sun/java/swing/plaf/windows/WindowsButtonUI$1
Event: 8.978 Loading class com/sun/java/swing/plaf/windows/WindowsButtonUI$1 done
Event: 8.988 Loading class javax/swing/JToggleButton$1
Event: 8.989 Loading class javax/swing/JToggleButton$1 done

Classes unloaded (0 events):
No events

Classes redefined (0 events):
No events

Internal exceptions (20 events):
Event: 7.087 Thread 0x00000267ddf5f180 Exception <a 'java/lang/NoSuchMethodError'{0x000000070ec0e1a8}: 'int java.lang.invoke.DirectMethodHandle$Holder.invokeSpecial(java.lang.Object, java.lang.Object, java.lang.Object, int, java.lang.Object)'> (0x000000070ec0e1a8) 
thrown [s\src\hotspot\share\interpreter\linkResolver.cpp, line 804]
Event: 7.088 Thread 0x00000267ddf5f180 Exception <a 'java/lang/NoSuchMethodError'{0x000000070ea05818}: 'int java.lang.invoke.DelegatingMethodHandle$Holder.reinvoke_L(java.lang.Object, java.lang.Object, int, java.lang.Object)'> (0x000000070ea05818) 
thrown [s\src\hotspot\share\interpreter\linkResolver.cpp, line 804]
Event: 7.089 Thread 0x00000267ddf5f180 Exception <a 'java/lang/NoSuchMethodError'{0x000000070e80dd40}: 'int java.lang.invoke.DelegatingMethodHandle$Holder.reinvoke_L(java.lang.Object, java.lang.Object, int, long)'> (0x000000070e80dd40) 
thrown [s\src\hotspot\share\interpreter\linkResolver.cpp, line 804]
Event: 7.090 Thread 0x00000267ddf5f180 Exception <a 'java/lang/NoSuchMethodError'{0x000000070e91e578}: 'int java.lang.invoke.DirectMethodHandle$Holder.invokeSpecial(java.lang.Object, java.lang.Object, int, long)'> (0x000000070e91e578) 
thrown [s\src\hotspot\share\interpreter\linkResolver.cpp, line 804]
Event: 7.090 Thread 0x00000267ddf5f180 Exception <a 'java/lang/NoSuchMethodError'{0x000000070e926cf0}: 'int java.lang.invoke.Invokers$Holder.exactInvoker(java.lang.Object, java.lang.Object, int, long)'> (0x000000070e926cf0) 
thrown [s\src\hotspot\share\interpreter\linkResolver.cpp, line 804]
Event: 7.090 Thread 0x00000267ddf5f180 Exception <a 'java/lang/NoSuchMethodError'{0x000000070e92f700}: 'int java.lang.invoke.DelegatingMethodHandle$Holder.delegate(java.lang.Object, java.lang.Object, int, long)'> (0x000000070e92f700) 
thrown [s\src\hotspot\share\interpreter\linkResolver.cpp, line 804]
Event: 7.091 Thread 0x00000267ddf5f180 Exception <a 'java/lang/NoSuchMethodError'{0x000000070e60e018}: 'long java.lang.invoke.DirectMethodHandle$Holder.invokeSpecial(java.lang.Object, java.lang.Object, long, long)'> (0x000000070e60e018) 
thrown [s\src\hotspot\share\interpreter\linkResolver.cpp, line 804]
Event: 7.094 Thread 0x00000267ddf5f180 Exception <a 'java/lang/NoSuchMethodError'{0x000000070e001098}: 'void java.lang.invoke.DirectMethodHandle$Holder.invokeSpecial(java.lang.Object, java.lang.Object, float, java.lang.Object, java.lang.Object, java.lang.Object, int, int, int, int, int, float, float, int, int, java.lang.Object, java.lang.Object)'> (0x000000070e001098) 
thrown [s\src\hotspot\share\interpreter\linkResolver.cpp, line 804]
Event: 7.096 Thread 0x00000267ddf5f180 Exception <a 'java/lang/NoSuchMethodError'{0x000000070de04e88}: 'int java.lang.invoke.DirectMethodHandle$Holder.invokeSpecial(java.lang.Object, java.lang.Object, int, java.lang.Object)'> (0x000000070de04e88) 
thrown [s\src\hotspot\share\interpreter\linkResolver.cpp, line 804]
Event: 7.096 Thread 0x00000267ddf5f180 Exception <a 'java/lang/NoSuchMethodError'{0x000000070de10f40}: 'java.lang.Object java.lang.invoke.Invokers$Holder.invokeExact_MT(java.lang.Object, long, java.lang.Object)'> (0x000000070de10f40) 
thrown [s\src\hotspot\share\interpreter\linkResolver.cpp, line 804]
Event: 7.097 Thread 0x00000267ddf5f180 Exception <a 'java/lang/NoSuchMethodError'{0x000000070dc0ce60}: 'void java.lang.invoke.DelegatingMethodHandle$Holder.reinvoke_L(java.lang.Object, java.lang.Object, java.lang.Object, long, long)'> (0x000000070dc0ce60) 
thrown [s\src\hotspot\share\interpreter\linkResolver.cpp, line 804]
Event: 7.099 Thread 0x00000267ddf5f180 Exception <a 'java/lang/NoSuchMethodError'{0x000000070db145a0}: 'int java.lang.invoke.Invokers$Holder.invokeExact_MT(java.lang.Object, java.lang.Object, java.lang.Object, int, java.lang.Object, java.lang.Object)'> (0x000000070db145a0) 
thrown [s\src\hotspot\share\interpreter\linkResolver.cpp, line 804]
Event: 7.101 Thread 0x00000267ddf5f180 Exception <a 'java/lang/NoSuchMethodError'{0x000000070d91fce8}: 'int java.lang.invoke.DelegatingMethodHandle$Holder.reinvoke_L(java.lang.Object, java.lang.Object, java.lang.Object, long)'> (0x000000070d91fce8) 
thrown [s\src\hotspot\share\interpreter\linkResolver.cpp, line 804]
Event: 7.102 Thread 0x00000267ddf5f180 Exception <a 'java/lang/NoSuchMethodError'{0x000000070d71d170}: 'java.lang.Object java.lang.invoke.DirectMethodHandle$Holder.invokeStatic(java.lang.Object, java.lang.Object, java.lang.Object, java.lang.Object, java.lang.Object, long)'> (0x000000070d71d170) 
thrown [s\src\hotspot\share\interpreter\linkResolver.cpp, line 804]
Event: 7.269 Thread 0x00000267ddf5f180 Exception <a 'java/lang/NoSuchMethodError'{0x000000070cb15590}: 'double java.lang.invoke.DirectMethodHandle$Holder.invokeStatic(java.lang.Object, java.lang.Object)'> (0x000000070cb15590) 
thrown [s\src\hotspot\share\interpreter\linkResolver.cpp, line 804]
Event: 7.270 Thread 0x00000267ddf5f180 Exception <a 'java/lang/NoSuchMethodError'{0x000000070cb2be30}: 'void java.lang.invoke.DirectMethodHandle$Holder.invokeStatic(java.lang.Object, java.lang.Object, double)'> (0x000000070cb2be30) 
thrown [s\src\hotspot\share\interpreter\linkResolver.cpp, line 804]
Event: 7.272 Thread 0x00000267ddf5f180 Exception <a 'java/lang/NoSuchMethodError'{0x000000070c004dd0}: 'int java.lang.invoke.DirectMethodHandle$Holder.invokeInterface(java.lang.Object, java.lang.Object)'> (0x000000070c004dd0) 
thrown [s\src\hotspot\share\interpreter\linkResolver.cpp, line 804]
Event: 8.676 Thread 0x00000267845bd840 Exception <a 'java/lang/NoSuchMethodError'{0x000000070fa1cbd8}: 'java.lang.Object java.lang.invoke.DirectMethodHandle$Holder.invokeSpecial(java.lang.Object, java.lang.Object, java.lang.Object, java.lang.Object, java.lang.Object, long)'> (0x000000070fa1cbd8) 
thrown [s\src\hotspot\share\interpreter\linkResolver.cpp, line 804]
Event: 8.676 Thread 0x00000267845bd840 Exception <a 'java/lang/NoSuchMethodError'{0x000000070fa25a98}: 'java.lang.Object java.lang.invoke.DelegatingMethodHandle$Holder.reinvoke_L(java.lang.Object, java.lang.Object, java.lang.Object, java.lang.Object, long)'> (0x000000070fa25a98) 
thrown [s\src\hotspot\share\interpreter\linkResolver.cpp, line 804]
Event: 8.677 Thread 0x00000267845bd840 Exception <a 'java/lang/NoSuchMethodError'{0x000000070fa372f0}: 'java.lang.Object java.lang.invoke.Invokers$Holder.linkToTargetMethod(java.lang.Object, java.lang.Object, long, java.lang.Object)'> (0x000000070fa372f0) 
thrown [s\src\hotspot\share\interpreter\linkResolver.cpp, line 804]

VM Operations (20 events):
Event: 8.028 Executing safepoint VM operation: G1CollectForAllocation (G1 Evacuation Pause) done
Event: 8.062 Executing safepoint VM operation: G1CollectForAllocation (G1 Evacuation Pause)
Event: 8.065 Executing safepoint VM operation: G1CollectForAllocation (G1 Evacuation Pause) done
Event: 8.097 Executing safepoint VM operation: G1CollectForAllocation (G1 Evacuation Pause)
Event: 8.099 Executing safepoint VM operation: G1CollectForAllocation (G1 Evacuation Pause) done
Event: 8.245 Executing safepoint VM operation: G1CollectForAllocation (G1 Evacuation Pause)
Event: 8.247 Executing safepoint VM operation: G1CollectForAllocation (G1 Evacuation Pause) done
Event: 8.340 Executing safepoint VM operation: G1CollectForAllocation (G1 Evacuation Pause)
Event: 8.342 Executing safepoint VM operation: G1CollectForAllocation (G1 Evacuation Pause) done
Event: 8.418 Executing safepoint VM operation: G1CollectForAllocation (G1 Evacuation Pause)
Event: 8.420 Executing safepoint VM operation: G1CollectForAllocation (G1 Evacuation Pause) done
Event: 8.479 Executing safepoint VM operation: G1CollectForAllocation (G1 Evacuation Pause)
Event: 8.481 Executing safepoint VM operation: G1CollectForAllocation (G1 Evacuation Pause) done
Event: 8.610 Executing safepoint VM operation: G1CollectForAllocation (G1 Evacuation Pause)
Event: 8.612 Executing safepoint VM operation: G1CollectForAllocation (G1 Evacuation Pause) done
Event: 8.750 Executing safepoint VM operation: G1CollectForAllocation (G1 Evacuation Pause)
Event: 8.752 Executing safepoint VM operation: G1CollectForAllocation (G1 Evacuation Pause) done
Event: 8.947 Executing safepoint VM operation: G1CollectForAllocation (G1 Evacuation Pause)
Event: 8.950 Executing safepoint VM operation: G1CollectForAllocation (G1 Evacuation Pause) done
Event: 9.067 Executing safepoint VM operation: G1CollectForAllocation (G1 Evacuation Pause)

Memory protections (0 events):
No events

Nmethod flushes (20 events):
Event: 7.885 Thread 0x00000267ff164170 flushing  nmethod 0x00000267e87f5688
Event: 7.885 Thread 0x00000267ff164170 flushing  nmethod 0x00000267e8803208
Event: 7.885 Thread 0x00000267ff164170 flushing  nmethod 0x00000267e8803c08
Event: 7.885 Thread 0x00000267ff164170 flushing  nmethod 0x00000267e881be88
Event: 7.885 Thread 0x00000267ff164170 flushing  nmethod 0x00000267e881dd08
Event: 7.885 Thread 0x00000267ff164170 flushing  nmethod 0x00000267e8841e08
Event: 7.885 Thread 0x00000267ff164170 flushing  nmethod 0x00000267e8845388
Event: 7.885 Thread 0x00000267ff164170 flushing  nmethod 0x00000267e8888608
Event: 7.885 Thread 0x00000267ff164170 flushing  nmethod 0x00000267e8888a08
Event: 7.885 Thread 0x00000267ff164170 flushing  nmethod 0x00000267e8888d08
Event: 7.885 Thread 0x00000267ff164170 flushing  nmethod 0x00000267e888d808
Event: 7.885 Thread 0x00000267ff164170 flushing  nmethod 0x00000267e88d5188
Event: 7.885 Thread 0x00000267ff164170 flushing  nmethod 0x00000267e88f8108
Event: 7.885 Thread 0x00000267ff164170 flushing  nmethod 0x00000267e890e788
Event: 7.885 Thread 0x00000267ff164170 flushing  nmethod 0x00000267e8939a08
Event: 7.885 Thread 0x00000267ff164170 flushing  nmethod 0x00000267e8939d88
Event: 7.885 Thread 0x00000267ff164170 flushing  nmethod 0x00000267e893a288
Event: 7.885 Thread 0x00000267ff164170 flushing  nmethod 0x00000267e893af88
Event: 7.885 Thread 0x00000267ff164170 flushing  nmethod 0x00000267e893b708
Event: 7.885 Thread 0x00000267ff164170 flushing  nmethod 0x00000267e893d408

Events (20 events):
Event: 2.495 Thread 0x00000267845bc0d0 Thread exited: 0x00000267845bc0d0
Event: 2.898 Thread 0x0000026784146ac0 Thread exited: 0x0000026784146ac0
Event: 6.481 Thread 0x00000267ddf5f180 Thread added: 0x00000267845b91f0
Event: 6.492 Thread 0x00000267ff17f3b0 Thread added: 0x000002678414ab40
Event: 6.530 Thread 0x00000267ffe4eb70 Thread added: 0x00000267845bd070
Event: 6.548 Thread 0x00000267ffe4eb70 Thread added: 0x00000267845bd840
Event: 6.682 Thread 0x00000267845bd840 Thread added: 0x00000267845b99c0
Event: 7.287 Thread 0x00000267ddf5f180 Thread added: 0x00000267ff181f80
Event: 7.328 Thread 0x00000267ddf5f180 Thread added: 0x000002678e2c5b50
Event: 7.338 Thread 0x00000267ff181f80 Thread added: 0x000002678e2c5380
Event: 7.371 Thread 0x000002678e2c5380 Thread exited: 0x000002678e2c5380
Event: 7.392 Thread 0x000002678e2c5b50 Thread added: 0x000002678e2c8260
Event: 7.404 Thread 0x000002678e2c8260 Thread exited: 0x000002678e2c8260
Event: 7.602 Thread 0x00000267ddf5f180 Thread added: 0x000002678e2c6af0
Event: 7.958 Thread 0x00000267ff181f80 Thread exited: 0x00000267ff181f80
Event: 7.959 Thread 0x000002678e2c5b50 Thread exited: 0x000002678e2c5b50
Event: 8.550 Thread 0x000002678414ab40 Thread exited: 0x000002678414ab40
Event: 8.989 Thread 0x00000267845bd840 Thread added: 0x000002678489ce30
Event: 9.022 Thread 0x000002678489ce30 Thread added: 0x00000267848987e0
Event: 9.034 Thread 0x00000267848987e0 Thread exited: 0x00000267848987e0


Dynamic libraries:
0x00007ff610c90000 - 0x00007ff610c9e000 	C:\Program Files\Eclipse Adoptium\jdk-25.0.2.10-hotspot\bin\java.exe
0x00007ffb22810000 - 0x00007ffb22a08000 	C:\WINDOWS\SYSTEM32\ntdll.dll
0x00007ffb21170000 - 0x00007ffb21232000 	C:\WINDOWS\System32\KERNEL32.DLL
0x00007ffb20080000 - 0x00007ffb20376000 	C:\WINDOWS\System32\KERNELBASE.dll
0x00007ffb1ff80000 - 0x00007ffb20080000 	C:\WINDOWS\System32\ucrtbase.dll
0x00007ffb18e40000 - 0x00007ffb18e5e000 	C:\Program Files\Eclipse Adoptium\jdk-25.0.2.10-hotspot\bin\VCRUNTIME140.dll
0x00007ffb1b620000 - 0x00007ffb1b636000 	C:\Program Files\Eclipse Adoptium\jdk-25.0.2.10-hotspot\bin\jli.dll
0x00007ffb21770000 - 0x00007ffb21911000 	C:\WINDOWS\System32\USER32.dll
0x00007ffb205d0000 - 0x00007ffb205f2000 	C:\WINDOWS\System32\win32u.dll
0x00007ffb064a0000 - 0x00007ffb0673b000 	C:\WINDOWS\WinSxS\amd64_microsoft.windows.common-controls_6595b64144ccf1df_6.0.19041.6456_none_60b8a6cb71f64256\COMCTL32.dll
0x00007ffb20fd0000 - 0x00007ffb20ffb000 	C:\WINDOWS\System32\GDI32.dll
0x00007ffb222b0000 - 0x00007ffb2234e000 	C:\WINDOWS\System32\msvcrt.dll
0x00007ffb20600000 - 0x00007ffb20719000 	C:\WINDOWS\System32\gdi32full.dll
0x00007ffb203d0000 - 0x00007ffb2046d000 	C:\WINDOWS\System32\msvcp_win.dll
0x00007ffb21060000 - 0x00007ffb2108f000 	C:\WINDOWS\System32\IMM32.DLL
0x00007ffb1cfe0000 - 0x00007ffb1cfec000 	C:\Program Files\Eclipse Adoptium\jdk-25.0.2.10-hotspot\bin\vcruntime140_1.dll
0x00007ffaf26e0000 - 0x00007ffaf276d000 	C:\Program Files\Eclipse Adoptium\jdk-25.0.2.10-hotspot\bin\msvcp140.dll
0x00007ffac0990000 - 0x00007ffac18b6000 	C:\Program Files\Eclipse Adoptium\jdk-25.0.2.10-hotspot\bin\server\jvm.dll
0x00007ffb221f0000 - 0x00007ffb222a1000 	C:\WINDOWS\System32\ADVAPI32.dll
0x00007ffb216d0000 - 0x00007ffb2176f000 	C:\WINDOWS\System32\sechost.dll
0x00007ffb20eb0000 - 0x00007ffb20fd0000 	C:\WINDOWS\System32\RPCRT4.dll
0x00007ffb1ff50000 - 0x00007ffb1ff77000 	C:\WINDOWS\System32\bcrypt.dll
0x00007ffb21590000 - 0x00007ffb215fb000 	C:\WINDOWS\System32\WS2_32.dll
0x00007ffb1f4f0000 - 0x00007ffb1f53b000 	C:\WINDOWS\SYSTEM32\POWRPROF.dll
0x00007ffb10030000 - 0x00007ffb10057000 	C:\WINDOWS\SYSTEM32\WINMM.dll
0x00007ffb17fa0000 - 0x00007ffb17faa000 	C:\WINDOWS\SYSTEM32\VERSION.dll
0x00007ffb1f4d0000 - 0x00007ffb1f4e2000 	C:\WINDOWS\SYSTEM32\UMPDC.dll
0x00007ffb1dcf0000 - 0x00007ffb1dd02000 	C:\WINDOWS\SYSTEM32\kernel.appcore.dll
0x00007ffb1bac0000 - 0x00007ffb1baca000 	C:\Program Files\Eclipse Adoptium\jdk-25.0.2.10-hotspot\bin\jimage.dll
0x00007ffb0e8a0000 - 0x00007ffb0eaa1000 	C:\WINDOWS\SYSTEM32\DBGHELP.DLL
0x00007ffaedca0000 - 0x00007ffaedcd4000 	C:\WINDOWS\SYSTEM32\dbgcore.DLL
0x00007ffb20720000 - 0x00007ffb207a2000 	C:\WINDOWS\System32\bcryptPrimitives.dll
0x00007ffb18c10000 - 0x00007ffb18c2e000 	C:\Program Files\Eclipse Adoptium\jdk-25.0.2.10-hotspot\bin\java.dll
0x00007ffb21250000 - 0x00007ffb2137b000 	C:\WINDOWS\System32\ole32.dll
0x00007ffb223c0000 - 0x00007ffb22714000 	C:\WINDOWS\System32\combase.dll
0x00007ffb21a80000 - 0x00007ffb221f0000 	C:\WINDOWS\System32\SHELL32.dll
0x00007ffb1def0000 - 0x00007ffb1e695000 	C:\WINDOWS\SYSTEM32\windows.storage.dll
0x00007ffb1f850000 - 0x00007ffb1f87b000 	C:\WINDOWS\SYSTEM32\Wldp.dll
0x00007ffb21600000 - 0x00007ffb216cd000 	C:\WINDOWS\System32\OLEAUT32.dll
0x00007ffb22720000 - 0x00007ffb227cd000 	C:\WINDOWS\System32\SHCORE.dll
0x00007ffb21000000 - 0x00007ffb2105b000 	C:\WINDOWS\System32\shlwapi.dll
0x00007ffb1fdd0000 - 0x00007ffb1fdf4000 	C:\WINDOWS\SYSTEM32\profapi.dll
0x00007ffb18bf0000 - 0x00007ffb18c01000 	C:\Program Files\Eclipse Adoptium\jdk-25.0.2.10-hotspot\bin\net.dll
0x00007ffb1f5d0000 - 0x00007ffb1f63a000 	C:\WINDOWS\system32\mswsock.dll
0x00007ffb18bd0000 - 0x00007ffb18be6000 	C:\Program Files\Eclipse Adoptium\jdk-25.0.2.10-hotspot\bin\nio.dll
0x00007ffb18b30000 - 0x00007ffb18b47000 	C:\Program Files\Eclipse Adoptium\jdk-25.0.2.10-hotspot\bin\zip.dll
0x00007ffb1afe0000 - 0x00007ffb1afea000 	C:\Program Files\Eclipse Adoptium\jdk-25.0.2.10-hotspot\bin\management.dll
0x00007ffb18b20000 - 0x00007ffb18b2c000 	C:\Program Files\Eclipse Adoptium\jdk-25.0.2.10-hotspot\bin\management_ext.dll
0x00007ffb22350000 - 0x00007ffb22358000 	C:\WINDOWS\System32\PSAPI.DLL
0x00007ffab89b0000 - 0x00007ffab89c7000 	C:\WINDOWS\system32\napinsp.dll
0x00007ffab89d0000 - 0x00007ffab89eb000 	C:\WINDOWS\system32\pnrpnsp.dll
0x00007ffaebee0000 - 0x00007ffaebefd000 	C:\WINDOWS\system32\wshbth.dll
0x00007ffb1cd70000 - 0x00007ffb1cd8d000 	C:\WINDOWS\system32\NLAapi.dll
0x00007ffb1f260000 - 0x00007ffb1f29b000 	C:\WINDOWS\SYSTEM32\IPHLPAPI.DLL
0x00007ffb1f2a0000 - 0x00007ffb1f36a000 	C:\WINDOWS\SYSTEM32\DNSAPI.dll
0x00007ffb21240000 - 0x00007ffb21248000 	C:\WINDOWS\System32\NSI.dll
0x00007ffab89f0000 - 0x00007ffab8a02000 	C:\WINDOWS\System32\winrnr.dll
0x00007ffb05e20000 - 0x00007ffb05e2a000 	C:\Windows\System32\rasadhlp.dll
0x00007ffb06b60000 - 0x00007ffb06be0000 	C:\WINDOWS\System32\fwpuclnt.dll
0x00007ffaf2560000 - 0x00007ffaf26e0000 	C:\Program Files\Eclipse Adoptium\jdk-25.0.2.10-hotspot\bin\awt.dll
0x00007ffb1d170000 - 0x00007ffb1d204000 	C:\WINDOWS\SYSTEM32\apphelp.dll
0x00007ffb1d800000 - 0x00007ffb1d89e000 	C:\WINDOWS\system32\uxtheme.dll
0x00007ffb21380000 - 0x00007ffb21495000 	C:\WINDOWS\System32\MSCTF.dll
0x00007ffb1db10000 - 0x00007ffb1db3e000 	C:\WINDOWS\system32\DWMAPI.DLL
0x00007ffb1f800000 - 0x00007ffb1f818000 	C:\WINDOWS\SYSTEM32\CRYPTSP.dll
0x00007ffb1eea0000 - 0x00007ffb1eed8000 	C:\WINDOWS\system32\rsaenh.dll
0x00007ffb1fd50000 - 0x00007ffb1fd7e000 	C:\WINDOWS\SYSTEM32\USERENV.dll
0x00007ffb1f760000 - 0x00007ffb1f76c000 	C:\WINDOWS\SYSTEM32\CRYPTBASE.dll
0x00007ffaecd10000 - 0x00007ffaece38000 	C:\WINDOWS\system32\opengl32.dll
0x00007ffaed3b0000 - 0x00007ffaed3dc000 	C:\WINDOWS\SYSTEM32\GLU32.dll
0x00007ffad5780000 - 0x00007ffad5951000 	C:\WINDOWS\system32\d3d9.dll
0x00007ffb15c00000 - 0x00007ffb15cc4000 	C:\WINDOWS\System32\DriverStore\FileRepository\nv_dispi.inf_amd64_d471cab2f241c3c2\nvldumdx.dll
0x00007ffb1fa60000 - 0x00007ffb1fa72000 	C:\WINDOWS\SYSTEM32\msasn1.dll
0x00007ffb17f60000 - 0x00007ffb17f91000 	C:\WINDOWS\SYSTEM32\cryptnet.dll
0x00007ffb20470000 - 0x00007ffb205cd000 	C:\WINDOWS\System32\CRYPT32.dll
0x00007ffb17d20000 - 0x00007ffb17e67000 	C:\WINDOWS\SYSTEM32\drvstore.dll
0x00007ffb1fc30000 - 0x00007ffb1fc63000 	C:\WINDOWS\SYSTEM32\devobj.dll
0x00007ffb20380000 - 0x00007ffb203ce000 	C:\WINDOWS\System32\cfgmgr32.dll
0x00007ffb207b0000 - 0x00007ffb20823000 	C:\WINDOWS\System32\wintrust.dll
0x00007ffb21920000 - 0x00007ffb2193d000 	C:\WINDOWS\System32\imagehlp.dll
0x00007ffb11de0000 - 0x00007ffb15b74000 	C:\WINDOWS\System32\DriverStore\FileRepository\nv_dispi.inf_amd64_d471cab2f241c3c2\nvgpucomp64.dll
0x00007ffb10060000 - 0x00007ffb1013e000 	C:\WINDOWS\System32\DriverStore\FileRepository\nv_dispi.inf_amd64_d471cab2f241c3c2\NvMemMapStoragex.dll
0x00007ffa75100000 - 0x00007ffa77c05000 	C:\WINDOWS\System32\DriverStore\FileRepository\nv_dispi.inf_amd64_d471cab2f241c3c2\nvd3dumx.dll
0x00007ffaf23b0000 - 0x00007ffaf255f000 	C:\WINDOWS\System32\DriverStore\FileRepository\igdlh64.inf_amd64_e6797382daf01d86\igdumdim64.dll
0x00007ffa532d0000 - 0x00007ffa56373000 	C:\WINDOWS\System32\DriverStore\FileRepository\igdlh64.inf_amd64_e6797382daf01d86\igd9dxva64.dll
0x00007ffb20830000 - 0x00007ffb20ca0000 	C:\WINDOWS\System32\SETUPAPI.dll
0x00007ffb05980000 - 0x00007ffb05d89000 	C:\WINDOWS\System32\DriverStore\FileRepository\igdlh64.inf_amd64_e6797382daf01d86\igdgmm64.dll
0x00007ffade6f0000 - 0x00007ffade837000 	C:\WINDOWS\system32\nvspcap64.dll
0x00007ffb1f0f0000 - 0x00007ffb1f123000 	C:\WINDOWS\SYSTEM32\ntmarta.dll
0x00007ffb1e6b0000 - 0x00007ffb1e6d3000 	C:\WINDOWS\SYSTEM32\gpapi.dll
0x00007ffad7300000 - 0x00007ffad74b7000 	C:\WINDOWS\System32\DriverStore\FileRepository\nv_dispi.inf_amd64_d471cab2f241c3c2\nvppex.dll
0x00007ffb16430000 - 0x00007ffb1646b000 	C:\WINDOWS\SYSTEM32\dxcore.dll
0x00007ffb17d10000 - 0x00007ffb17d1e000 	C:\Program Files\Eclipse Adoptium\jdk-25.0.2.10-hotspot\bin\sunmscapi.dll
0x00007ffb1f920000 - 0x00007ffb1f947000 	C:\WINDOWS\SYSTEM32\ncrypt.dll
0x00007ffb1f8a0000 - 0x00007ffb1f8db000 	C:\WINDOWS\SYSTEM32\NTASN1.dll
0x00007ffb17d00000 - 0x00007ffb17d09000 	C:\Program Files\Eclipse Adoptium\jdk-25.0.2.10-hotspot\bin\extnet.dll
0x00007ffaf2020000 - 0x00007ffaf20a7000 	C:\Program Files\Eclipse Adoptium\jdk-25.0.2.10-hotspot\bin\freetype.dll
0x00007ffaf1f30000 - 0x00007ffaf201f000 	C:\Program Files\Eclipse Adoptium\jdk-25.0.2.10-hotspot\bin\fontmanager.dll
0x00007ffafcac0000 - 0x00007ffafcac7000 	C:\WINDOWS\system32\wshunix.dll
0x00007ffb160a0000 - 0x00007ffb16199000 	C:\WINDOWS\SYSTEM32\textinputframework.dll
0x00007ffb1c8d0000 - 0x00007ffb1cc2b000 	C:\WINDOWS\System32\CoreUIComponents.dll
0x00007ffb1cc30000 - 0x00007ffb1cd22000 	C:\WINDOWS\System32\CoreMessaging.dll
0x00007ffb1b6f0000 - 0x00007ffb1b847000 	C:\WINDOWS\SYSTEM32\wintypes.dll
0x00007ffb05db0000 - 0x00007ffb05e16000 	C:\WINDOWS\system32\Oleacc.dll
0x00007ffb17cf0000 - 0x00007ffb17cf9000 	C:\Program Files\Eclipse Adoptium\jdk-25.0.2.10-hotspot\bin\syslookup.dll
0x00007ffb219d0000 - 0x00007ffb21a79000 	C:\WINDOWS\System32\clbcatq.dll
0x00007ffb1d5f0000 - 0x00007ffb1d7a6000 	C:\WINDOWS\SYSTEM32\WindowsCodecs.dll
0x00007ffaeb140000 - 0x00007ffaeb17e000 	C:\WINDOWS\system32\dataexchange.dll
0x00007ffb1c1f0000 - 0x00007ffb1c3d4000 	C:\WINDOWS\system32\dcomp.dll
0x00007ffb1b850000 - 0x00007ffb1bab4000 	C:\WINDOWS\system32\d3d11.dll
0x00007ffb1e6e0000 - 0x00007ffb1e7d6000 	C:\WINDOWS\system32\dxgi.dll
0x00007ffb1a160000 - 0x00007ffb1a363000 	C:\WINDOWS\system32\twinapi.appcore.dll

JVMTI agents: none

dbghelp: loaded successfully - version: 4.0.5 - missing functions: none
symbol engine: initialized successfully - sym options: 0x614 - pdb path: .;C:\Program Files\Eclipse Adoptium\jdk-25.0.2.10-hotspot\bin;C:\WINDOWS\SYSTEM32;C:\WINDOWS\WinSxS\amd64_microsoft.windows.common-controls_6595b64144ccf1df_6.0.19041.6456_none_60b8a6cb71f64256;C:\Program Files\Eclipse Adoptium\jdk-25.0.2.10-hotspot\bin\server;C:\WINDOWS\System32\DriverStore\FileRepository\nv_dispi.inf_amd64_d471cab2f241c3c2;C:\WINDOWS\System32\DriverStore\FileRepository\igdlh64.inf_amd64_e6797382daf01d86

VM Arguments:
java_command: C:\Users\kille\Documents\KiCad\9.0\3rdparty\plugins\app_freerouting_kicad-plugin\jar/freerouting-2.1.0.jar -de G:\Mi unidad\Universidad\TFG\PCB\Proyecto\PCB_BatteryCharger\freerouting.dsn -do G:\Mi unidad\Universidad\TFG\PCB\Proyecto\PCB_BatteryCharger\freerouting.ses -host KiCad
java_class_path (initial): C:\Users\kille\Documents\KiCad\9.0\3rdparty\plugins\app_freerouting_kicad-plugin\jar/freerouting-2.1.0.jar
Launcher Type: SUN_STANDARD

[Global flags]
     intx CICompilerCount                          = 3                                         {product} {ergonomic}
     uint ConcGCThreads                            = 1                                         {product} {ergonomic}
     uint G1ConcRefinementThreads                  = 4                                         {product} {ergonomic}
   size_t G1HeapRegionSize                         = 2097152                                   {product} {ergonomic}
   size_t InitialHeapSize                          = 266338304                                 {product} {ergonomic}
   size_t MarkStackSize                            = 4194304                                   {product} {ergonomic}
   size_t MarkStackSizeMax                         = 536870912                                 {product} {ergonomic}
   size_t MaxHeapSize                              = 4261412864                                {product} {ergonomic}
   size_t MaxNewSize                               = 2556428288                                {product} {ergonomic}
   size_t MinHeapDeltaBytes                        = 2097152                                   {product} {ergonomic}
   size_t MinHeapSize                              = 8388608                                   {product} {ergonomic}
    uintx NonNMethodCodeHeapSize                   = 5832704                                {pd product} {ergonomic}
    uintx NonProfiledCodeHeapSize                  = 122945536                              {pd product} {ergonomic}
    uintx ProfiledCodeHeapSize                     = 122880000                              {pd product} {ergonomic}
    uintx ReservedCodeCacheSize                    = 251658240                              {pd product} {ergonomic}
     bool SegmentedCodeCache                       = true                                      {product} {ergonomic}
   size_t SoftMaxHeapSize                          = 4261412864                             {manageable} {ergonomic}
     bool UseCompressedOops                        = true                           {product lp64_product} {ergonomic}
     bool UseG1GC                                  = true                                      {product} {ergonomic}
     bool UseLargePagesIndividualAllocation        = false                                  {pd product} {ergonomic}

Logging:
Log output configuration:
 #0: stdout all=warning uptime,level,tags foldmultilines=false
 #1: stderr all=off uptime,level,tags foldmultilines=false

Release file:
IMPLEMENTOR="Eclipse Adoptium" 
IMPLEMENTOR_VERSION="Temurin-25.0.2+10" 
JAVA_RUNTIME_VERSION="25.0.2+10-LTS" 
JAVA_VERSION="25.0.2" 
JAVA_VERSION_DATE="2026-01-20" 
LIBC="default" 
MODULES="java.base java.compiler java.datatransfer java.xml java.prefs java.desktop java.instrument java.logging java.management java.security.sasl java.naming java.rmi java.management.rmi java.net.http java.scripting java.security.jgss java.transaction.xa java.sql java.sql.rowset java.xml.crypto java.se java.smartcardio jdk.accessibility jdk.internal.jvmstat jdk.attach jdk.charsets jdk.internal.opt jdk.zipfs jdk.compiler jdk.crypto.cryptoki jdk.crypto.ec jdk.crypto.mscapi jdk.dynalink jdk.internal.ed jdk.editpad jdk.internal.vm.ci jdk.graal.compiler jdk.graal.compiler.management jdk.hotspot.agent jdk.httpserver jdk.incubator.vector jdk.internal.le jdk.internal.md jdk.jartool jdk.javadoc jdk.jcmd jdk.management jdk.management.agent jdk.jconsole jdk.jdeps jdk.jdwp.agent jdk.jdi jdk.jfr jdk.jlink jdk.jpackage jdk.jshell jdk.jsobject jdk.jstatd jdk.localedata jdk.management.jfr jdk.naming.dns jdk.naming.rmi jdk.net jdk.nio.mapmode jdk.sctp jdk.security.auth jdk.security.jgss jdk.unsupported jdk.unsupported.desktop jdk.xml.dom" 
OS_ARCH="x86_64" 
OS_NAME="Windows" 
SOURCE=".:git:9e3c947043a4" 
BUILD_SOURCE="git:458965074606f027bd5afce2cfd5c1055dea0438"
BUILD_SOURCE_REPO="https://github.com/adoptium/temurin-build.git"
SOURCE_REPO="https://github.com/adoptium/jdk25u.git"
FULL_VERSION="25.0.2+10-LTS"
SEMANTIC_VERSION="25.0.2+10"
BUILD_INFO="OS: Windows Server 2022 Version: 10.0"
JVM_VARIANT="Hotspot"
JVM_VERSION="25.0.2+10-LTS"
IMAGE_TYPE="JDK"

Environment Variables:
PATH=C:\Users\kille\Documents\KiCad\9.0\3rdparty\Python311\Scripts\;C:\Program Files\Eclipse Adoptium\jdk-25.0.2.10-hotspot\bin;D:\Program Files\Eclipse Adoptium\jre-21.0.6.7-hotspot\bin;C:\Program Files\Common Files\Oracle\Java\javapath;c:\windows\system32;c:\windows;c:\windows\system32\wbem;c:\windows\system32\windowspowershell\v1.0\;c:\windows\system32\openssh\;d:\program files (x86)\touch portal\plugins\adb\platform-tools;c:\windows\system32;c:\windows;c:\windows\system32\wbem;c:\windows\system32\windowspowershell\v1.0\;c:\windows\system32\openssh\;C:\Program Files (x86)\NVIDIA Corporation\PhysX\Common;D:\Program Files\MATLAB\R2021b\bin;D:\Program Files\AutoFirma\AutoFirma;C:\Program Files\NVIDIA Corporation\NVIDIA app\NvDLISR;C:\Program Files (x86)\STMicroelectronics\STM32 ST-LINK Utility\ST-LINK Utility;D:\Program Files\PuTTY\;D:\Program Files\Git\cmd;C:\Users\kille\AppData\Local\Microsoft\WindowsApps;C:\Users\kille\AppData\Roaming\Dashlane\6.2044.0.40862\bin\Firefox_Extension\{442718d9-475e-452a-b3e1-fb1ee16b8e9f}\components;C:\Users\kille\AppData\Roaming\Dashlane\6.2044.0.40862\ucrt;C:\Users\kille\AppData\Roaming\Dashlane\6.2044.0.40862\bin\Qt;C:\Users\kille\AppData\Roaming\Dashlane\6.2044.0.40862\bin\Ssl;C:\Program Files\Java\jdk1.8.0_281\bin;D:\Universidad_programas\Quartus\modelsim_ase\win32aloem;C:\Users\kille\spicetify-cli;C:\Users\kille\AppData\Local\GitHubDesktop\bin;D:\Program Files\Microsoft VS Code\bin;C:\Program Files (x86)\Digilent\AdeptUtilities
USERNAME=kille
OS=Windows_NT
PROCESSOR_IDENTIFIER=Intel64 Family 6 Model 158 Stepping 9, GenuineIntel
TMP=C:\Users\kille\AppData\Local\Temp
TEMP=C:\Users\kille\AppData\Local\Temp




Compilation memory statistics disabled.

Periodic native trim disabled

---------------  S Y S T E M  ---------------

OS:
 Windows 10 , 64 bit Build 19041 (10.0.19041.5915)
OS uptime: 6 days 0:59 hours
Hyper-V role detected

CPU: total 4 (initial active 4) (4 cores per cpu, 1 threads per core) family 6 model 158 stepping 9 microcode 0xb4, cx8, cmov, fxsr, mmx, 3dnowpref, sse, sse2, sse3, ssse3, sse4.1, sse4.2, popcnt, lzcnt, tsc, tscinvbit, avx, avx2, aes, erms, clmul, bmi1, bmi2, adx, fma, vzeroupper, clflush, clflushopt, hv, rdtscp, f16c
Processor Information for the first 4 processors :
  Max Mhz: 3001, Current Mhz: 3001, Mhz Limit: 3001

Memory: 4k page, system-wide physical 16252M (5351M free)
TotalPageFile size 20348M (AvailPageFile size 9M)
current process WorkingSet (physical memory assigned to process): 493M, peak: 493M
current process commit charge ("private bytes"): 554M, peak: 612M

vm_info: OpenJDK 64-Bit Server VM (25.0.2+10-LTS) for windows-amd64 JRE (25.0.2+10-LTS), built on 2026-01-20T00:00:00Z with MS VC++ 17.12 (VS2022)

END.
