2026-05-22 13:59:57,512 [INFO] Activator:176 - 


2026-05-22 13:59:57,514 [INFO] Activator:177 - !SESSION log4j initialized
2026-05-22 14:00:00,295 [INFO] LogOutputStream:77 - [STDOUT_REDIRECT] 
2026-05-22 14:00:02,725 [INFO] ApplicationProperties:184 - Using Application install path: C:\ST\STM32CubeIDE_1.19.0\STM32CubeIDE\plugins\com.st.stm32cube.common.mx_6.15.0.202507011659
2026-05-22 14:00:02,755 [INFO] DbMcusXml:78 - Set database path to: C:\ST\STM32CubeIDE_1.19.0\STM32CubeIDE\plugins\com.st.stm32cube.common.mx_6.15.0.202507011659\\db\/mcu/
2026-05-22 14:00:02,755 [INFO] ApiDb:274 - Set plugin database path to: C:\ST\STM32CubeIDE_1.19.0\STM32CubeIDE\plugins\com.st.stm32cube.common.mx_6.15.0.202507011659\\db\/plugins/boardmanager/
2026-05-22 14:00:02,755 [WARN] ApiDb:259 - Overriding images path with different value:  => C:\ST\STM32CubeIDE_1.19.0\STM32CubeIDE\plugins\com.st.stm32cube.common.mx_6.15.0.202507011659\\db\/plugins/mcufinder/images/
2026-05-22 14:00:02,768 [INFO] ApiDb:250 - Set database path to: C:\Users\kille\.stmcufinder\plugins\mcufinder//mcu/
2026-05-22 14:00:02,771 [INFO] DbMcusAds:125 - Set database path to: C:\Users\kille\.stmcufinder\plugins\mcufinder//mcu/
2026-05-22 14:00:02,775 [INFO] CrossReferenceDbSqlite:203 - Set database path to: C:\Users\kille\.stmcufinder\plugins\mcufinder//mcu/cs/
2026-05-22 14:00:02,925 [INFO] RulesReader:64 - Compatibility file has been processed (317 Rules)
2026-05-22 14:00:03,069 [INFO] DbMcusXml:78 - Set database path to: C:\ST\STM32CubeIDE_1.19.0\STM32CubeIDE\plugins\com.st.stm32cube.common.mx_6.15.0.202507011659\\db\/mcu/
2026-05-22 14:00:03,069 [INFO] ApiDb:274 - Set plugin database path to: C:\ST\STM32CubeIDE_1.19.0\STM32CubeIDE\plugins\com.st.stm32cube.common.mx_6.15.0.202507011659\\db\/plugins/boardmanager/
2026-05-22 14:00:03,069 [INFO] ApiDb:261 - Set plugin images path to: C:\ST\STM32CubeIDE_1.19.0\STM32CubeIDE\plugins\com.st.stm32cube.common.mx_6.15.0.202507011659\\db\/plugins/mcufinder/images/
2026-05-22 14:00:03,069 [WARN] DbFile:41 - Overriding database path with different value: C:\Users\kille\.stmcufinder\plugins\mcufinder/ => C:\Users\kille\.stmcufinder\plugins\mcufinder
2026-05-22 14:00:03,069 [INFO] ApiDb:250 - Set database path to: C:\Users\kille\.stmcufinder\plugins\mcufinder//mcu/
2026-05-22 14:00:03,069 [WARN] DbFile:41 - Overriding database path with different value: C:\Users\kille\.stmcufinder\plugins\mcufinder/ => C:\Users\kille\.stmcufinder\plugins\mcufinder
2026-05-22 14:00:03,069 [INFO] DbMcusAds:125 - Set database path to: C:\Users\kille\.stmcufinder\plugins\mcufinder//mcu/
2026-05-22 14:00:03,069 [WARN] DbFile:41 - Overriding database path with different value: C:\Users\kille\.stmcufinder\plugins\mcufinder/ => C:\Users\kille\.stmcufinder\plugins\mcufinder
2026-05-22 14:00:03,069 [WARN] DbFile:41 - Overriding database path with different value: C:\Users\kille\.stmcufinder\plugins\mcufinder/ => C:\Users\kille\.stmcufinder\plugins\mcufinder
2026-05-22 14:00:03,070 [INFO] CrossReferenceDbSqlite:203 - Set database path to: C:\Users\kille\.stmcufinder\plugins\mcufinder//mcu/cs/
2026-05-22 14:00:03,165 [INFO] MainPanel:274 - HeapMemory: 268435456
2026-05-22 14:00:03,301 [INFO] DbMcusXml:78 - Set database path to: C:\ST\STM32CubeIDE_1.19.0\STM32CubeIDE\plugins\com.st.stm32cube.common.mx_6.15.0.202507011659\\db\/mcu/
2026-05-22 14:00:03,301 [INFO] ApiDb:274 - Set plugin database path to: C:\ST\STM32CubeIDE_1.19.0\STM32CubeIDE\plugins\com.st.stm32cube.common.mx_6.15.0.202507011659\\db\/plugins/boardmanager/
2026-05-22 14:00:03,301 [INFO] ApiDb:261 - Set plugin images path to: C:\ST\STM32CubeIDE_1.19.0\STM32CubeIDE\plugins\com.st.stm32cube.common.mx_6.15.0.202507011659\\db\/plugins/mcufinder/images/
2026-05-22 14:00:03,302 [WARN] DbFile:41 - Overriding database path with different value: C:\Users\kille\.stmcufinder\plugins\mcufinder/ => C:\Users\kille\.stmcufinder\plugins\mcufinder
2026-05-22 14:00:03,302 [INFO] ApiDb:250 - Set database path to: C:\Users\kille\.stmcufinder\plugins\mcufinder//mcu/
2026-05-22 14:00:03,302 [WARN] DbFile:41 - Overriding database path with different value: C:\Users\kille\.stmcufinder\plugins\mcufinder/ => C:\Users\kille\.stmcufinder\plugins\mcufinder
2026-05-22 14:00:03,302 [INFO] DbMcusAds:125 - Set database path to: C:\Users\kille\.stmcufinder\plugins\mcufinder//mcu/
2026-05-22 14:00:03,302 [WARN] DbFile:41 - Overriding database path with different value: C:\Users\kille\.stmcufinder\plugins\mcufinder/ => C:\Users\kille\.stmcufinder\plugins\mcufinder
2026-05-22 14:00:03,302 [WARN] DbFile:41 - Overriding database path with different value: C:\Users\kille\.stmcufinder\plugins\mcufinder/ => C:\Users\kille\.stmcufinder\plugins\mcufinder
2026-05-22 14:00:03,302 [INFO] CrossReferenceDbSqlite:203 - Set database path to: C:\Users\kille\.stmcufinder\plugins\mcufinder//mcu/cs/
2026-05-22 14:00:03,321 [INFO] ApplicationProperties:184 - Using Application install path: C:\ST\STM32CubeIDE_1.19.0\STM32CubeIDE\plugins\com.st.stm32cube.common.mx_6.15.0.202507011659
2026-05-22 14:00:03,323 [INFO] PluginManage:196 - Search for loadable plugins [exclusion list=, ]
2026-05-22 14:00:03,324 [INFO] PluginManage:310 - Check plugin analytics
2026-05-22 14:00:03,553 [INFO] AnalyticsPlugin:253 - Accepted Software Licenses: 
2026-05-22 14:00:03,553 [INFO] AnalyticsPlugin:255 - Accepted CMSIS Pack Licenses: STMicroelectronics.X-CUBE-ALGOBUILD.1.4.0
2026-05-22 14:00:03,553 [INFO] AnalyticsPlugin:257 - Accepted Firmware Licenses: FW.F4.1.28.0
2026-05-22 14:00:03,556 [INFO] PluginManage:359 - Loaded plugin analytics (category:tool,tabindex:-1)
2026-05-22 14:00:03,556 [INFO] PluginManage:310 - Check plugin cadmodel
2026-05-22 14:00:03,564 [INFO] CADModel:105 - Init CAD model plugin
2026-05-22 14:00:03,564 [INFO] PluginManage:359 - Loaded plugin cadmodel (category:power,tabindex:5)
2026-05-22 14:00:03,565 [INFO] PluginManage:310 - Check plugin clock
2026-05-22 14:00:03,575 [INFO] PluginManage:359 - Loaded plugin clock (category:base,tabindex:2)
2026-05-22 14:00:03,576 [INFO] PluginManage:310 - Check plugin ddr
2026-05-22 14:00:03,580 [INFO] PluginManage:359 - Loaded plugin ddr (category:tool,tabindex:6)
2026-05-22 14:00:03,580 [INFO] PluginManage:310 - Check plugin filemanager
2026-05-22 14:00:03,766 [INFO] PluginManage:359 - Loaded plugin filemanager (category:base,tabindex:10)
2026-05-22 14:00:03,766 [INFO] PluginManage:310 - Check plugin ipmanager
2026-05-22 14:00:03,772 [INFO] PluginManage:359 - Loaded plugin ipmanager (category:base,tabindex:5)
2026-05-22 14:00:03,772 [INFO] PluginManage:310 - Check plugin lpbam
2026-05-22 14:00:03,781 [INFO] PluginManage:359 - Loaded plugin lpbam (category:base,tabindex:0)
2026-05-22 14:00:03,781 [INFO] PluginManage:310 - Check plugin memorymap
2026-05-22 14:00:03,797 [INFO] PluginManage:359 - Loaded plugin memorymap (category:base,tabindex:4)
2026-05-22 14:00:03,797 [INFO] PluginManage:310 - Check plugin pinoutandconfiguration
2026-05-22 14:00:03,808 [INFO] PluginManage:359 - Loaded plugin pinoutandconfiguration (category:base,tabindex:1)
2026-05-22 14:00:03,808 [INFO] PluginManage:310 - Check plugin pinoutconfig
2026-05-22 14:00:03,903 [WARN] SupportedApi:132 - Cannot load RTOS API schema: s4s-elt-must-match.1: The content of 'definitions' must match (annotation?, (simpleType | complexType)?, (unique | key | keyref)*)). A problem was found starting at: attribute.
2026-05-22 14:00:04,061 [INFO] PluginManage:359 - Loaded plugin pinoutconfig (category:base,tabindex:0)
2026-05-22 14:00:04,061 [INFO] PluginManage:310 - Check plugin power
2026-05-22 14:00:04,071 [INFO] PluginManage:359 - Loaded plugin power (category:power,tabindex:4)
2026-05-22 14:00:04,071 [INFO] PluginManage:310 - Check plugin projectmanager
2026-05-22 14:00:04,090 [INFO] PluginManage:359 - Loaded plugin projectmanager (category:projectmanager,tabindex:4)
2026-05-22 14:00:04,091 [INFO] PluginManage:310 - Check plugin rif
2026-05-22 14:00:04,106 [INFO] PluginManage:359 - Loaded plugin rif (category:base,tabindex:3)
2026-05-22 14:00:04,106 [INFO] PluginManage:310 - Check plugin thirdparty
2026-05-22 14:00:04,273 [WARN] IntegrityCheckThread:84 - waiting for thirdparty lock release [integrity check]
2026-05-22 14:00:04,273 [INFO] IntegrityCheckThread:86 - entering critical section [integrity check]
2026-05-22 14:00:04,273 [INFO] PluginManage:359 - Loaded plugin thirdparty (category:base,tabindex:-1)
2026-05-22 14:00:04,274 [INFO] ThirdPartyUpdaterWithRetryManager:70 - Updater plugin not ready yet. [1/15]
2026-05-22 14:00:04,274 [INFO] PluginManage:310 - Check plugin tools
2026-05-22 14:00:04,276 [INFO] PluginManage:359 - Loaded plugin tools (category:base,tabindex:7)
2026-05-22 14:00:04,277 [INFO] PluginManage:310 - Check plugin tutovideos
2026-05-22 14:00:04,518 [INFO] PluginManage:359 - Loaded plugin tutovideos (category:base,tabindex:-1)
2026-05-22 14:00:04,519 [INFO] PluginManage:310 - Check plugin updater
2026-05-22 14:00:04,541 [INFO] PluginManage:359 - Loaded plugin updater (category:base,tabindex:12)
2026-05-22 14:00:04,541 [INFO] PluginManage:310 - Check plugin userauth
2026-05-22 14:00:04,549 [INFO] UserAuth:118 - Init User Auth plugin
2026-05-22 14:00:04,550 [INFO] PluginManage:359 - Loaded plugin userauth (category:base,tabindex:14)
2026-05-22 14:00:04,551 [INFO] PluginManage:283 - PluginManage : Loaded plugins [18]
2026-05-22 14:00:04,780 [INFO] PinOutPanel:1589 - setPackage(No Configuration,No Configuration)
2026-05-22 14:00:04,872 [INFO] CADModel:165 - CPN selected for project level
2026-05-22 14:00:04,873 [INFO] CADModel:114 - Register for checkConnection events
2026-05-22 14:00:04,896 [INFO] IPUIPlugin:80 - create IPUIPlugin
2026-05-22 14:00:04,896 [INFO] PluginManager:220 - loadIPPluginJar : add adc
2026-05-22 14:00:04,900 [INFO] IPUIPlugin:80 - create IPUIPlugin
2026-05-22 14:00:04,900 [INFO] PluginManager:220 - loadIPPluginJar : add aes
2026-05-22 14:00:04,903 [INFO] IPUIPlugin:80 - create IPUIPlugin
2026-05-22 14:00:04,903 [INFO] PluginManager:220 - loadIPPluginJar : add can
2026-05-22 14:00:04,905 [INFO] IPUIPlugin:80 - create IPUIPlugin
2026-05-22 14:00:04,906 [INFO] PluginManager:220 - loadIPPluginJar : add comp
2026-05-22 14:00:04,908 [INFO] IPUIPlugin:80 - create IPUIPlugin
2026-05-22 14:00:04,908 [INFO] PluginManager:220 - loadIPPluginJar : add cryp
2026-05-22 14:00:04,913 [INFO] IPUIPlugin:80 - create IPUIPlugin
2026-05-22 14:00:04,913 [INFO] PluginManager:220 - loadIPPluginJar : add ddr_ctrl_phy
2026-05-22 14:00:04,915 [INFO] IPUIPlugin:80 - create IPUIPlugin
2026-05-22 14:00:04,915 [INFO] PluginManager:220 - loadIPPluginJar : add dfsdm
2026-05-22 14:00:04,922 [INFO] IPUIPlugin:80 - create IPUIPlugin
2026-05-22 14:00:04,922 [INFO] PluginManager:220 - loadIPPluginJar : add dma
2026-05-22 14:00:04,926 [INFO] IPUIPlugin:80 - create IPUIPlugin
2026-05-22 14:00:04,926 [INFO] PluginManager:220 - loadIPPluginJar : add dma3
2026-05-22 14:00:04,929 [INFO] IPUIPlugin:80 - create IPUIPlugin
2026-05-22 14:00:04,929 [INFO] PluginManager:220 - loadIPPluginJar : add extmemmanager
2026-05-22 14:00:04,932 [INFO] IPUIPlugin:80 - create IPUIPlugin
2026-05-22 14:00:04,932 [INFO] PluginManager:220 - loadIPPluginJar : add fatfs
2026-05-22 14:00:04,937 [INFO] IPUIPlugin:80 - create IPUIPlugin
2026-05-22 14:00:04,937 [INFO] PluginManager:220 - loadIPPluginJar : add fmc
2026-05-22 14:00:04,944 [INFO] IPUIPlugin:80 - create IPUIPlugin
2026-05-22 14:00:04,944 [INFO] PluginManager:220 - loadIPPluginJar : add freertos
2026-05-22 14:00:04,947 [INFO] IPUIPlugin:80 - create IPUIPlugin
2026-05-22 14:00:04,947 [INFO] PluginManager:220 - loadIPPluginJar : add genericplugin
2026-05-22 14:00:04,951 [INFO] IPUIPlugin:80 - create IPUIPlugin
2026-05-22 14:00:04,951 [INFO] PluginManager:220 - loadIPPluginJar : add gfxmmu
2026-05-22 14:00:04,957 [INFO] IPUIPlugin:80 - create IPUIPlugin
2026-05-22 14:00:04,957 [INFO] PluginManager:220 - loadIPPluginJar : add gic
2026-05-22 14:00:04,963 [INFO] IPUIPlugin:80 - create IPUIPlugin
2026-05-22 14:00:04,963 [INFO] PluginManager:220 - loadIPPluginJar : add gpio
2026-05-22 14:00:04,968 [INFO] IPUIPlugin:80 - create IPUIPlugin
2026-05-22 14:00:04,969 [INFO] PluginManager:220 - loadIPPluginJar : add gtzc
2026-05-22 14:00:04,971 [INFO] IPUIPlugin:80 - create IPUIPlugin
2026-05-22 14:00:04,971 [INFO] PluginManager:220 - loadIPPluginJar : add hash
2026-05-22 14:00:04,974 [INFO] IPUIPlugin:80 - create IPUIPlugin
2026-05-22 14:00:04,974 [INFO] PluginManager:220 - loadIPPluginJar : add i2c
2026-05-22 14:00:04,976 [INFO] IPUIPlugin:80 - create IPUIPlugin
2026-05-22 14:00:04,976 [INFO] PluginManager:220 - loadIPPluginJar : add i2s
2026-05-22 14:00:04,982 [INFO] IPUIPlugin:80 - create IPUIPlugin
2026-05-22 14:00:04,982 [INFO] PluginManager:220 - loadIPPluginJar : add i3c
2026-05-22 14:00:04,988 [INFO] IPUIPlugin:80 - create IPUIPlugin
2026-05-22 14:00:04,989 [INFO] PluginManager:220 - loadIPPluginJar : add ipddr
2026-05-22 14:00:04,995 [INFO] IPUIPlugin:80 - create IPUIPlugin
2026-05-22 14:00:04,996 [INFO] PluginManager:220 - loadIPPluginJar : add linkedlist
2026-05-22 14:00:04,999 [INFO] IPUIPlugin:80 - create IPUIPlugin
2026-05-22 14:00:05,000 [INFO] PluginManager:220 - loadIPPluginJar : add lorawan
2026-05-22 14:00:05,001 [INFO] IPUIPlugin:80 - create IPUIPlugin
2026-05-22 14:00:05,001 [INFO] PluginManager:220 - loadIPPluginJar : add ltdc
2026-05-22 14:00:05,007 [INFO] IPUIPlugin:80 - create IPUIPlugin
2026-05-22 14:00:05,007 [INFO] PluginManager:220 - loadIPPluginJar : add mdma
2026-05-22 14:00:05,011 [INFO] IPUIPlugin:80 - create IPUIPlugin
2026-05-22 14:00:05,011 [INFO] PluginManager:220 - loadIPPluginJar : add nvic
2026-05-22 14:00:05,016 [INFO] IPUIPlugin:80 - create IPUIPlugin
2026-05-22 14:00:05,016 [INFO] PluginManager:220 - loadIPPluginJar : add opamp
2026-05-22 14:00:05,018 [INFO] IPUIPlugin:80 - create IPUIPlugin
2026-05-22 14:00:05,019 [INFO] PluginManager:220 - loadIPPluginJar : add openamp
2026-05-22 14:00:05,023 [INFO] IPUIPlugin:80 - create IPUIPlugin
2026-05-22 14:00:05,023 [INFO] PluginManager:220 - loadIPPluginJar : add pdm2pcm
2026-05-22 14:00:05,029 [INFO] IPUIPlugin:80 - create IPUIPlugin
2026-05-22 14:00:05,032 [INFO] PluginManager:220 - loadIPPluginJar : add plateformsettings
2026-05-22 14:00:05,034 [INFO] IPUIPlugin:80 - create IPUIPlugin
2026-05-22 14:00:05,034 [INFO] PluginManager:220 - loadIPPluginJar : add quadspi
2026-05-22 14:00:05,037 [INFO] IPUIPlugin:80 - create IPUIPlugin
2026-05-22 14:00:05,037 [INFO] PluginManager:220 - loadIPPluginJar : add radio
2026-05-22 14:00:05,041 [INFO] IPUIPlugin:80 - create IPUIPlugin
2026-05-22 14:00:05,041 [INFO] PluginManager:220 - loadIPPluginJar : add resmgrutility
2026-05-22 14:00:05,044 [INFO] IPUIPlugin:80 - create IPUIPlugin
2026-05-22 14:00:05,044 [INFO] PluginManager:220 - loadIPPluginJar : add sai
2026-05-22 14:00:05,047 [INFO] IPUIPlugin:80 - create IPUIPlugin
2026-05-22 14:00:05,047 [INFO] PluginManager:220 - loadIPPluginJar : add spi
2026-05-22 14:00:05,054 [INFO] IPUIPlugin:80 - create IPUIPlugin
2026-05-22 14:00:05,054 [INFO] PluginManager:220 - loadIPPluginJar : add stm32_wpan
2026-05-22 14:00:05,057 [INFO] IPUIPlugin:80 - create IPUIPlugin
2026-05-22 14:00:05,057 [INFO] PluginManager:220 - loadIPPluginJar : add tim
2026-05-22 14:00:05,060 [INFO] IPUIPlugin:80 - create IPUIPlugin
2026-05-22 14:00:05,060 [INFO] PluginManager:220 - loadIPPluginJar : add touchsensing
2026-05-22 14:00:05,063 [INFO] IPUIPlugin:80 - create IPUIPlugin
2026-05-22 14:00:05,063 [INFO] PluginManager:220 - loadIPPluginJar : add tracer_emb
2026-05-22 14:00:05,066 [INFO] IPUIPlugin:80 - create IPUIPlugin
2026-05-22 14:00:05,066 [INFO] PluginManager:220 - loadIPPluginJar : add ts
2026-05-22 14:00:05,068 [INFO] IPUIPlugin:80 - create IPUIPlugin
2026-05-22 14:00:05,068 [INFO] PluginManager:220 - loadIPPluginJar : add tsc
2026-05-22 14:00:05,069 [INFO] IPUIPlugin:80 - create IPUIPlugin
2026-05-22 14:00:05,070 [INFO] PluginManager:220 - loadIPPluginJar : add ucpd
2026-05-22 14:00:05,073 [INFO] IPUIPlugin:80 - create IPUIPlugin
2026-05-22 14:00:05,073 [INFO] PluginManager:220 - loadIPPluginJar : add usart
2026-05-22 14:00:05,075 [INFO] IPUIPlugin:80 - create IPUIPlugin
2026-05-22 14:00:05,075 [INFO] PluginManager:220 - loadIPPluginJar : add usbx
2026-05-22 14:00:05,200 [FATAL] Updater:351 - Updater called before beeing initialized
2026-05-22 14:00:05,239 [INFO] RulesReader:64 - Compatibility file has been processed (317 Rules)
2026-05-22 14:00:05,250 [INFO] RulesReader:64 - Compatibility file has been processed (317 Rules)
2026-05-22 14:00:05,259 [INFO] CADModel:165 - CPN selected for project level
2026-05-22 14:00:05,259 [INFO] CADModel:114 - Register for checkConnection events
2026-05-22 14:00:05,259 [FATAL] Updater:351 - Updater called before beeing initialized
2026-05-22 14:00:05,260 [ERROR] CADModel:125 - Updater not yet initialized, retry later 
2026-05-22 14:00:05,411 [FATAL] Updater:351 - Updater called before beeing initialized
2026-05-22 14:00:05,413 [INFO] CADModel:165 - CPN selected for project level
2026-05-22 14:00:05,413 [INFO] CADModel:114 - Register for checkConnection events
2026-05-22 14:00:05,413 [FATAL] Updater:351 - Updater called before beeing initialized
2026-05-22 14:00:05,413 [ERROR] CADModel:125 - Updater not yet initialized, retry later 
2026-05-22 14:00:05,416 [FATAL] Updater:351 - Updater called before beeing initialized
2026-05-22 14:00:05,512 [FATAL] Updater:351 - Updater called before beeing initialized
2026-05-22 14:00:05,515 [INFO] DbMcusAds:53 - JSON generation date=Mon Apr 27 10:14:29 CEST 2026 (1777277669577)
2026-05-22 14:00:05,515 [FATAL] Updater:351 - Updater called before beeing initialized
2026-05-22 14:00:05,551 [WARN] DetailPanel:346 - Failed to get advertising image, set to default
2026-05-22 14:00:05,634 [FATAL] Updater:351 - Updater called before beeing initialized
2026-05-22 14:00:05,635 [FATAL] Updater:351 - Updater called before beeing initialized
2026-05-22 14:00:05,635 [FATAL] Updater:351 - Updater called before beeing initialized
2026-05-22 14:00:05,635 [WARN] DetailPanel:346 - Failed to get advertising image, set to default
2026-05-22 14:00:05,636 [FATAL] Updater:351 - Updater called before beeing initialized
2026-05-22 14:00:05,677 [ERROR] Updater:1198 - MainUpdater not yet initialized. External WinMGr cannot be set.
2026-05-22 14:00:05,680 [INFO] Updater:1134 - Updater Version found : 6.15.0
2026-05-22 14:00:05,700 [INFO] ApplicationProperties:184 - Using Application install path: C:\ST\STM32CubeIDE_1.19.0\STM32CubeIDE\plugins\com.st.stm32cube.common.mx_6.15.0.202507011659
2026-05-22 14:00:06,021 [INFO] MainUpdater:2872 - connection check result : 10
2026-05-22 14:00:06,022 [INFO] MainUpdater:289 - Updater Check For Update Now.
2026-05-22 14:00:06,022 [INFO] MicroXplorer:498 - Change Database Version : DB.6.0.150
2026-05-22 14:00:06,029 [INFO] McuFinderGlobals:63 - Set McuFinder mode to 2 (CubeIDE integrated)
2026-05-22 14:00:06,031 [INFO] UserAuth:487 - Internet connection configuration mode: 1
2026-05-22 14:00:06,064 [INFO] JxBrowserEngine:152 - Initiate JxBrowser Engine with user profile folder
2026-05-22 14:00:06,211 [INFO] CheckServerUpdateThread:120 - End of CheckServer Thread
2026-05-22 14:00:07,772 [WARN] PackLoader:240 - Cannot read IP mode file for STMicroelectronics.X-CUBE-AZRTOS-H7.3.5.0
2026-05-22 14:00:07,797 [WARN] PackLoader:240 - Cannot read IP mode file for STMicroelectronics.FP-SNS-MOTENVWB1.1.4.0
2026-05-22 14:00:07,803 [WARN] PackLoader:240 - Cannot read IP mode file for STMicroelectronics.FP-ATR-ASTRA1.2.0.2
2026-05-22 14:00:07,822 [WARN] PackLoader:240 - Cannot read IP mode file for STMicroelectronics.X-CUBE-SMBUS.2.1.0
2026-05-22 14:00:07,827 [WARN] PackLoader:240 - Cannot read IP mode file for STMicroelectronics.X-CUBE-ST60.1.0.0
2026-05-22 14:00:07,850 [WARN] PackLoader:240 - Cannot read IP mode file for STMicroelectronics.X-CUBE-AZRTOS-F7.1.1.0
2026-05-22 14:00:07,857 [WARN] PackLoader:240 - Cannot read IP mode file for Cesanta.I-CUBE-Mongoose.7.19.0
2026-05-22 14:00:07,864 [WARN] PackLoader:240 - Cannot read IP mode file for STMicroelectronics.FP-SNS-MOTENV1.5.1.0
2026-05-22 14:00:07,876 [WARN] PackLoader:240 - Cannot read IP mode file for WES.I-CUBE-Cesium.1.4.0
2026-05-22 14:00:07,901 [WARN] PackLoader:240 - Cannot read IP mode file for Infineon.AIROC-Wi-Fi-Bluetooth-STM32.1.7.1
2026-05-22 14:00:07,919 [WARN] PackLoader:240 - Cannot read IP mode file for STMicroelectronics.X-CUBE-AZRTOS-H7.3.4.0
2026-05-22 14:00:07,930 [WARN] PackLoader:240 - Cannot read IP mode file for STMicroelectronics.X-CUBE-DISPLAY.3.0.0
2026-05-22 14:00:07,943 [WARN] PackLoader:240 - Cannot read IP mode file for STMicroelectronics.X-CUBE-GNSS1.7.1.1
2026-05-22 14:00:07,948 [WARN] PackLoader:240 - Cannot read IP mode file for STMicroelectronics.FP-SNS-MOTENVWB1.1.5.0
2026-05-22 14:00:07,955 [WARN] PackLoader:240 - Cannot read IP mode file for STMicroelectronics.X-CUBE-NFC10.1.0.0
2026-05-22 14:00:07,961 [WARN] PackLoader:240 - Cannot read IP mode file for STMicroelectronics.X-CUBE-ST60.1.1.0
2026-05-22 14:00:07,969 [WARN] PackLoader:240 - Cannot read IP mode file for emotas.I-CUBE-CANOPEN.1.3.0
2026-05-22 14:00:07,977 [WARN] PackLoader:240 - Cannot read IP mode file for STMicroelectronics.X-CUBE-GNSS1.7.1.0
2026-05-22 14:00:07,987 [WARN] PackLoader:240 - Cannot read IP mode file for STMicroelectronics.FP-SNS-STBOX1.2.1.0
2026-05-22 14:00:07,997 [WARN] PackLoader:240 - Cannot read IP mode file for STMicroelectronics.FP-SNS-SMARTAG2.1.2.0
2026-05-22 14:00:08,002 [WARN] PackLoader:240 - Cannot read IP mode file for STMicroelectronics.FP-SNS-FLIGHT1.5.1.0
2026-05-22 14:00:08,012 [INFO] LogOutputStream:77 - [STDOUT_REDIRECT] 1 : Invalid condition id : UX_CORESTACK_Condition cause : null
2026-05-22 14:00:08,012 [INFO] LogOutputStream:77 - [STDOUT_REDIRECT] 1 : Invalid condition id : UX_CORESTACK_Condition cause : null
2026-05-22 14:00:08,013 [INFO] LogOutputStream:77 - [STDOUT_REDIRECT] 1 : Invalid condition id : UX_CORESTACK_Condition cause : null
2026-05-22 14:00:08,014 [INFO] LogOutputStream:77 - [STDOUT_REDIRECT] 1 : Invalid condition id : UX_CORESTACK_Condition cause : null
2026-05-22 14:00:08,015 [INFO] LogOutputStream:77 - [STDOUT_REDIRECT] 1 : Invalid condition id : UX_CORESTACK_Condition cause : null
2026-05-22 14:00:08,018 [WARN] PackLoader:240 - Cannot read IP mode file for STMicroelectronics.X-CUBE-AZRTOS-WL.2.0.0
2026-05-22 14:00:08,027 [WARN] PackLoader:240 - Cannot read IP mode file for STMicroelectronics.FP-SNS-MOTENV1.5.0.0
2026-05-22 14:00:08,045 [WARN] PackLoader:240 - Cannot read IP mode file for STMicroelectronics.X-CUBE-AZRTOS-H7RS.1.2.0
2026-05-22 14:00:08,055 [WARN] PackLoader:240 - Cannot read IP mode file for STMicroelectronics.X-CUBE-BLE2.3.3.0
2026-05-22 14:00:08,085 [WARN] PackLoader:240 - Cannot read IP mode file for STMicroelectronics.X-CUBE-NFC9.1.0.0
2026-05-22 14:00:08,093 [WARN] PackLoader:240 - Cannot read IP mode file for wolfSSL.I-CUBE-wolfSSL.5.8.2
2026-05-22 14:00:08,100 [WARN] PackLoader:240 - Cannot read IP mode file for STMicroelectronics.X-CUBE-BLE1.7.1.0
2026-05-22 14:00:08,105 [WARN] PackLoader:240 - Cannot read IP mode file for wolfSSL.I-CUBE-wolfMQTT.1.19.2
2026-05-22 14:00:08,111 [WARN] PackLoader:240 - Cannot read IP mode file for STMicroelectronics.X-CUBE-FREERTOS.1.4.0
2026-05-22 14:00:08,118 [WARN] PackLoader:240 - Cannot read IP mode file for STMicroelectronics.X-CUBE-EEPRMA1.5.2.0
2026-05-22 14:00:08,124 [WARN] PackLoader:240 - Cannot read IP mode file for STMicroelectronics.X-CUBE-ST67W61.1.1.0
2026-05-22 14:00:08,132 [WARN] PackLoader:240 - Cannot read IP mode file for STMicroelectronics.FP-SNS-STAIOTCFT.1.1.0
2026-05-22 14:00:08,175 [WARN] PackLoader:240 - Cannot read IP mode file for STMicroelectronics.X-CUBE-MEMS1.12.0.0
2026-05-22 14:00:08,230 [WARN] PackLoader:240 - Cannot read IP mode file for STMicroelectronics.X-CUBE-AZRTOS-G0.1.1.0
2026-05-22 14:00:08,236 [WARN] PackLoader:240 - Cannot read IP mode file for STMicroelectronics.X-CUBE-SAFEA1.1.2.2
2026-05-22 14:00:08,241 [WARN] PackLoader:240 - Cannot read IP mode file for STMicroelectronics.X-CUBE-NFC4.3.0.0
2026-05-22 14:00:08,248 [WARN] PackLoader:240 - Cannot read IP mode file for EmbeddedOffice.I-CUBE-FS-RTOS.1.0.1
2026-05-22 14:00:08,253 [WARN] PackLoader:240 - Cannot read IP mode file for STMicroelectronics.X-CUBE-WB05N.2.0.0
2026-05-22 14:00:08,258 [WARN] PackLoader:240 - Cannot read IP mode file for wolfSSL.I-CUBE-wolfTPM.3.8.0
2026-05-22 14:00:08,266 [WARN] PackLoader:240 - Cannot read IP mode file for STMicroelectronics.X-CUBE-TCPP.4.2.0
2026-05-22 14:00:08,273 [WARN] PackLoader:240 - Cannot read IP mode file for RealThread.X-CUBE-RT-Thread_Nano.4.1.1
2026-05-22 14:00:08,280 [WARN] PackLoader:240 - Cannot read IP mode file for STMicroelectronics.FP-ATR-SIGFOX1.3.2.0
2026-05-22 14:00:08,285 [WARN] PackLoader:240 - Cannot read IP mode file for STMicroelectronics.X-CUBE-FREERTOS.1.5.0
2026-05-22 14:00:08,294 [WARN] PackLoader:240 - Cannot read IP mode file for ITTIA_DB.I-CUBE-ITTIADB.8.9.0
2026-05-22 14:00:08,298 [WARN] PackLoader:240 - Cannot read IP mode file for STMicroelectronics.X-CUBE-NFC6.3.2.0
2026-05-22 14:00:08,306 [WARN] PackLoader:240 - Cannot read IP mode file for STMicroelectronics.X-CUBE-ST67W61.1.0.0
2026-05-22 14:00:08,310 [WARN] PackLoader:240 - Cannot read IP mode file for STMicroelectronics.X-CUBE-AI.10.2.0
2026-05-22 14:00:08,337 [WARN] PackLoader:240 - Cannot read IP mode file for STMicroelectronics.X-CUBE-MEMS1.12.1.0
2026-05-22 14:00:08,376 [INFO] WebApp:169 - Instantiating new browser for Auth
2026-05-22 14:00:08,486 [WARN] PackLoader:240 - Cannot read IP mode file for SEGGER.I-CUBE-embOS.1.3.1
2026-05-22 14:00:08,523 [WARN] PackLoader:240 - Cannot read IP mode file for STMicroelectronics.X-CUBE-ALGOBUILD.1.4.0
2026-05-22 14:00:08,651 [WARN] PackLoader:240 - Cannot read IP mode file for STMicroelectronics.X-CUBE-MEMS1.11.3.0
2026-05-22 14:00:08,709 [WARN] PackLoader:240 - Cannot read IP mode file for STMicroelectronics.X-CUBE-PM33A1.1.0.0
2026-05-22 14:00:08,719 [WARN] PackLoader:240 - Cannot read IP mode file for STMicroelectronics.X-CUBE-AZRTOS-F4.1.1.0
2026-05-22 14:00:08,723 [WARN] PackLoader:240 - Cannot read IP mode file for STMicroelectronics.X-CUBE-ISPU.2.1.0
2026-05-22 14:00:08,732 [WARN] PackLoader:240 - Cannot read IP mode file for STMicroelectronics.X-CUBE-IPS.3.2.0
2026-05-22 14:00:08,738 [WARN] PackLoader:240 - Cannot read IP mode file for STMicroelectronics.eDS-WB_DPC_TT-BIDIR.2.1.1
2026-05-22 14:00:08,746 [WARN] PackLoader:240 - Cannot read IP mode file for STMicroelectronics.X-CUBE-NFC12.1.0.0
2026-05-22 14:00:08,757 [WARN] PackLoader:240 - Cannot read IP mode file for STMicroelectronics.X-CUBE-AZRTOS-L5.2.0.0
2026-05-22 14:00:08,764 [WARN] PackLoader:240 - Cannot read IP mode file for STMicroelectronics.X-CUBE-NFC6.3.1.0
2026-05-22 14:00:08,770 [WARN] PackLoader:240 - Cannot read IP mode file for STMicroelectronics.eDS-WB_DPC_VIENNA.1.2.0
2026-05-22 14:00:08,775 [WARN] PackLoader:240 - Cannot read IP mode file for STMicroelectronics.eDS-WB_DPC_3PH2L-BIDIR.1.1.1
2026-05-22 14:00:08,779 [ERROR] Engine:466 - C:\Users\kille\.stm32cubemx\thirdparties\pdsc\STMicroelectronics.X-CUBE-ST67W61.1.3.0.pdsc: PDSC version is not supported
2026-05-22 14:00:08,784 [WARN] PackLoader:240 - Cannot read IP mode file for STMicroelectronics.X-CUBE-FREERTOS.1.3.1
2026-05-22 14:00:08,791 [WARN] PackLoader:240 - Cannot read IP mode file for STMicroelectronics.X-CUBE-TOUCHGFX.4.26.0
2026-05-22 14:00:08,795 [WARN] PackLoader:240 - Cannot read IP mode file for STMicroelectronics.X-CUBE-TOUCHGFX.4.26.1
2026-05-22 14:00:08,798 [WARN] PackLoader:240 - Cannot read IP mode file for STMicroelectronics.FP-SNS-STAIOTCFT.1.0.0
2026-05-22 14:00:08,804 [WARN] PackLoader:240 - Cannot read IP mode file for STMicroelectronics.X-CUBE-DPower.1.3.0
2026-05-22 14:00:08,822 [WARN] ConditionMgr:438 - getConditionDescription Invalid condition id : LAN8742 Phy interface Condition cause : null
2026-05-22 14:00:08,822 [WARN] PackLoader:240 - Cannot read IP mode file for STMicroelectronics.X-CUBE-AZRTOS-L4.2.0.0
2026-05-22 14:00:08,823 [WARN] ConditionMgr:1044 - genDependencies : Invalid condition id : LAN8742 Phy interface Condition cause : null
2026-05-22 14:00:08,823 [WARN] ConditionMgr:1044 - genDependencies : Invalid condition id : LAN8742 Phy interface Condition cause : null
2026-05-22 14:00:08,823 [WARN] ConditionMgr:1044 - genDependencies : Invalid condition id : LAN8742 Phy interface Condition cause : null
2026-05-22 14:00:08,830 [WARN] PackLoader:240 - Cannot read IP mode file for STMicroelectronics.X-CUBE-SFXS2LP1.4.0.0
2026-05-22 14:00:08,835 [WARN] PackLoader:240 - Cannot read IP mode file for STMicroelectronics.X-CUBE-WB05N.2.1.0
2026-05-22 14:00:08,841 [WARN] PackLoader:240 - Cannot read IP mode file for STMicroelectronics.X-CUBE-BLEMGR.4.1.0
2026-05-22 14:00:08,850 [WARN] ConditionMgr:438 - getConditionDescription Invalid condition id : UX DEVICE CLASS RTOS Condition cause : null
2026-05-22 14:00:08,850 [WARN] ConditionMgr:438 - getConditionDescription Invalid condition id : UX DEVICE CLASS RTOS Condition cause : null
2026-05-22 14:00:08,851 [WARN] PackLoader:240 - Cannot read IP mode file for STMicroelectronics.X-CUBE-AZRTOS-WB.2.0.0
2026-05-22 14:00:08,852 [WARN] ConditionMgr:1044 - genDependencies : Invalid condition id : UX DEVICE CLASS RTOS Condition cause : null
2026-05-22 14:00:08,852 [WARN] ConditionMgr:1044 - genDependencies : Invalid condition id : UX DEVICE CLASS RTOS Condition cause : null
2026-05-22 14:00:08,852 [WARN] ConditionMgr:1044 - genDependencies : Invalid condition id : UX DEVICE CLASS RTOS Condition cause : null
2026-05-22 14:00:08,852 [WARN] ConditionMgr:1044 - genDependencies : Invalid condition id : UX DEVICE CLASS RTOS Condition cause : null
2026-05-22 14:00:08,852 [WARN] ConditionMgr:1044 - genDependencies : Invalid condition id : UX DEVICE CLASS RTOS Condition cause : null
2026-05-22 14:00:08,858 [WARN] PackLoader:240 - Cannot read IP mode file for STMicroelectronics.X-CUBE-GNSS1.7.0.1
2026-05-22 14:00:08,863 [WARN] ConditionMgr:438 - getConditionDescription Invalid condition id : Cortex-A Device cause : null
2026-05-22 14:00:08,868 [WARN] ConditionMgr:1044 - genDependencies : Invalid condition id : Cortex-A Device cause : null
2026-05-22 14:00:08,869 [WARN] ConditionMgr:1044 - genDependencies : Invalid condition id : Cortex-A Device cause : null
2026-05-22 14:00:08,869 [WARN] ConditionMgr:1044 - genDependencies : Invalid condition id : Cortex-A Device cause : null
2026-05-22 14:00:08,873 [WARN] PackLoader:240 - Cannot read IP mode file for STMicroelectronics.X-CUBE-STSE01.2.0.0
2026-05-22 14:00:08,880 [WARN] PackLoader:240 - Cannot read IP mode file for STMicroelectronics.X-CUBE-SUBG2.5.0.0
2026-05-22 14:00:08,890 [WARN] PackLoader:240 - Cannot read IP mode file for STMicroelectronics.X-CUBE-AZRTOS-H7RS.1.1.0
2026-05-22 14:00:08,899 [WARN] PackLoader:240 - Cannot read IP mode file for STMicroelectronics.X-CUBE-AZRTOS-G4.2.0.0
2026-05-22 14:00:08,904 [WARN] PackLoader:240 - Cannot read IP mode file for wolfSSL.I-CUBE-wolfSSH.1.4.20
2026-05-22 14:00:08,910 [WARN] PackLoader:240 - Cannot read IP mode file for STMicroelectronics.X-CUBE-NFC7.2.0.0
2026-05-22 14:00:08,919 [WARN] PackLoader:240 - Cannot read IP mode file for STMicroelectronics.X-CUBE-IPS.3.1.0
2026-05-22 14:00:08,923 [WARN] PackLoader:240 - Cannot read IP mode file for STMicroelectronics.X-CUBE-ALS.1.0.2
2026-05-22 14:00:08,930 [WARN] PackLoader:240 - Cannot read IP mode file for STMicroelectronics.X-CUBE-STSE01.1.0.0
2026-05-22 14:00:08,938 [WARN] PackLoader:240 - Cannot read IP mode file for STMicroelectronics.X-CUBE-TOF1.3.4.3
2026-05-22 14:00:08,944 [INFO] ThirdParty:978 - Integrity check success = true
2026-05-22 14:00:08,944 [INFO] IntegrityCheckThread:100 - exiting critical section [integrity check]
2026-05-22 14:00:08,945 [INFO] IntegrityCheckThread:103 - End integrity checks thread
2026-05-22 14:00:09,438 [INFO] WebApp:463 - Apply proxy settings
2026-05-22 14:00:09,438 [INFO] WebApp:548 - Chromium requires no authentication
2026-05-22 14:00:09,452 [INFO] WebApp:491 - Direct internet connection detected
2026-05-22 14:00:09,482 [INFO] WebApp:900 - Register for checkConnection events
2026-05-22 14:00:09,482 [INFO] WebApp:463 - Apply proxy settings
2026-05-22 14:00:09,483 [INFO] WebApp:548 - Chromium requires no authentication
2026-05-22 14:00:09,483 [INFO] WebApp:491 - Direct internet connection detected
2026-05-22 14:00:09,651 [INFO] WebApp:225 - Starting web application
2026-05-22 14:00:09,651 [INFO] WebApp:593 - Web application path used C:\ST\STM32CubeIDE_1.19.0\STM32CubeIDE\plugins\com.st.stm32cube.common.mx_6.15.0.202507011659\db\plugins\mcufinder\reactClient1\index.html
2026-05-22 14:00:09,863 [INFO] WebApp:191 - Connection restablished
2026-05-22 14:00:09,992 [INFO] UserAuth:487 - Internet connection configuration mode: 1
2026-05-22 14:09:09,946 [ERROR] LogOutputStream:75 - [STDERR_REDIRECT] 
